[2024-07-12T05:14:50.028+0000] {processor.py:161} INFO - Started process (PID=66) to work on /opt/airflow/dags/etl_dag.py
[2024-07-12T05:14:50.035+0000] {processor.py:830} INFO - Processing file /opt/airflow/dags/etl_dag.py for tasks to queue
[2024-07-12T05:14:50.039+0000] {logging_mixin.py:188} INFO - [2024-07-12T05:14:50.038+0000] {dagbag.py:545} INFO - Filling up the DagBag from /opt/airflow/dags/etl_dag.py
[2024-07-12T05:14:50.108+0000] {processor.py:840} INFO - DAG(s) 'ETL_Pipeline' retrieved from /opt/airflow/dags/etl_dag.py
[2024-07-12T05:14:50.577+0000] {logging_mixin.py:188} INFO - [2024-07-12T05:14:50.576+0000] {dag.py:3096} INFO - Sync 1 DAGs
[2024-07-12T05:14:50.635+0000] {logging_mixin.py:188} INFO - [2024-07-12T05:14:50.634+0000] {dag.py:3954} INFO - Setting next_dagrun for ETL_Pipeline to 2024-11-08 00:00:00+00:00, run_after=2024-11-09 00:00:00+00:00
[2024-07-12T05:14:50.685+0000] {processor.py:183} INFO - Processing /opt/airflow/dags/etl_dag.py took 0.670 seconds
[2024-07-12T05:15:20.859+0000] {processor.py:161} INFO - Started process (PID=73) to work on /opt/airflow/dags/etl_dag.py
[2024-07-12T05:15:20.861+0000] {processor.py:830} INFO - Processing file /opt/airflow/dags/etl_dag.py for tasks to queue
[2024-07-12T05:15:20.863+0000] {logging_mixin.py:188} INFO - [2024-07-12T05:15:20.863+0000] {dagbag.py:545} INFO - Filling up the DagBag from /opt/airflow/dags/etl_dag.py
[2024-07-12T05:15:20.889+0000] {processor.py:840} INFO - DAG(s) 'ETL_Pipeline' retrieved from /opt/airflow/dags/etl_dag.py
[2024-07-12T05:15:20.930+0000] {logging_mixin.py:188} INFO - [2024-07-12T05:15:20.930+0000] {dag.py:3096} INFO - Sync 1 DAGs
[2024-07-12T05:15:20.968+0000] {logging_mixin.py:188} INFO - [2024-07-12T05:15:20.968+0000] {dag.py:3954} INFO - Setting next_dagrun for ETL_Pipeline to 2024-11-08 00:00:00+00:00, run_after=2024-11-09 00:00:00+00:00
[2024-07-12T05:15:21.009+0000] {processor.py:183} INFO - Processing /opt/airflow/dags/etl_dag.py took 0.157 seconds
[2024-07-12T05:15:51.203+0000] {processor.py:161} INFO - Started process (PID=80) to work on /opt/airflow/dags/etl_dag.py
[2024-07-12T05:15:51.204+0000] {processor.py:830} INFO - Processing file /opt/airflow/dags/etl_dag.py for tasks to queue
[2024-07-12T05:15:51.206+0000] {logging_mixin.py:188} INFO - [2024-07-12T05:15:51.205+0000] {dagbag.py:545} INFO - Filling up the DagBag from /opt/airflow/dags/etl_dag.py
[2024-07-12T05:15:51.231+0000] {processor.py:840} INFO - DAG(s) 'ETL_Pipeline' retrieved from /opt/airflow/dags/etl_dag.py
[2024-07-12T05:15:51.262+0000] {logging_mixin.py:188} INFO - [2024-07-12T05:15:51.261+0000] {dag.py:3096} INFO - Sync 1 DAGs
[2024-07-12T05:15:51.288+0000] {logging_mixin.py:188} INFO - [2024-07-12T05:15:51.288+0000] {dag.py:3954} INFO - Setting next_dagrun for ETL_Pipeline to 2024-11-08 00:00:00+00:00, run_after=2024-11-09 00:00:00+00:00
[2024-07-12T05:15:51.313+0000] {processor.py:183} INFO - Processing /opt/airflow/dags/etl_dag.py took 0.118 seconds
[2024-07-12T05:16:21.468+0000] {processor.py:161} INFO - Started process (PID=87) to work on /opt/airflow/dags/etl_dag.py
[2024-07-12T05:16:21.470+0000] {processor.py:830} INFO - Processing file /opt/airflow/dags/etl_dag.py for tasks to queue
[2024-07-12T05:16:21.472+0000] {logging_mixin.py:188} INFO - [2024-07-12T05:16:21.471+0000] {dagbag.py:545} INFO - Filling up the DagBag from /opt/airflow/dags/etl_dag.py
[2024-07-12T05:16:21.496+0000] {processor.py:840} INFO - DAG(s) 'ETL_Pipeline' retrieved from /opt/airflow/dags/etl_dag.py
[2024-07-12T05:16:21.532+0000] {logging_mixin.py:188} INFO - [2024-07-12T05:16:21.532+0000] {dag.py:3096} INFO - Sync 1 DAGs
[2024-07-12T05:16:21.566+0000] {logging_mixin.py:188} INFO - [2024-07-12T05:16:21.565+0000] {dag.py:3954} INFO - Setting next_dagrun for ETL_Pipeline to 2024-11-08 00:00:00+00:00, run_after=2024-11-09 00:00:00+00:00
[2024-07-12T05:16:21.592+0000] {processor.py:183} INFO - Processing /opt/airflow/dags/etl_dag.py took 0.129 seconds
[2024-07-12T05:16:51.743+0000] {processor.py:161} INFO - Started process (PID=94) to work on /opt/airflow/dags/etl_dag.py
[2024-07-12T05:16:51.744+0000] {processor.py:830} INFO - Processing file /opt/airflow/dags/etl_dag.py for tasks to queue
[2024-07-12T05:16:51.746+0000] {logging_mixin.py:188} INFO - [2024-07-12T05:16:51.746+0000] {dagbag.py:545} INFO - Filling up the DagBag from /opt/airflow/dags/etl_dag.py
[2024-07-12T05:16:51.772+0000] {processor.py:840} INFO - DAG(s) 'ETL_Pipeline' retrieved from /opt/airflow/dags/etl_dag.py
[2024-07-12T05:16:51.805+0000] {logging_mixin.py:188} INFO - [2024-07-12T05:16:51.805+0000] {dag.py:3096} INFO - Sync 1 DAGs
[2024-07-12T05:16:51.837+0000] {logging_mixin.py:188} INFO - [2024-07-12T05:16:51.837+0000] {dag.py:3954} INFO - Setting next_dagrun for ETL_Pipeline to 2024-11-08 00:00:00+00:00, run_after=2024-11-09 00:00:00+00:00
[2024-07-12T05:16:51.868+0000] {processor.py:183} INFO - Processing /opt/airflow/dags/etl_dag.py took 0.131 seconds
[2024-07-12T05:17:22.041+0000] {processor.py:161} INFO - Started process (PID=101) to work on /opt/airflow/dags/etl_dag.py
[2024-07-12T05:17:22.042+0000] {processor.py:830} INFO - Processing file /opt/airflow/dags/etl_dag.py for tasks to queue
[2024-07-12T05:17:22.044+0000] {logging_mixin.py:188} INFO - [2024-07-12T05:17:22.044+0000] {dagbag.py:545} INFO - Filling up the DagBag from /opt/airflow/dags/etl_dag.py
[2024-07-12T05:17:22.069+0000] {processor.py:840} INFO - DAG(s) 'ETL_Pipeline' retrieved from /opt/airflow/dags/etl_dag.py
[2024-07-12T05:17:22.106+0000] {logging_mixin.py:188} INFO - [2024-07-12T05:17:22.106+0000] {dag.py:3096} INFO - Sync 1 DAGs
[2024-07-12T05:17:22.134+0000] {logging_mixin.py:188} INFO - [2024-07-12T05:17:22.134+0000] {dag.py:3954} INFO - Setting next_dagrun for ETL_Pipeline to 2024-11-08 00:00:00+00:00, run_after=2024-11-09 00:00:00+00:00
[2024-07-12T05:17:22.163+0000] {processor.py:183} INFO - Processing /opt/airflow/dags/etl_dag.py took 0.128 seconds
[2024-07-12T05:17:46.296+0000] {processor.py:161} INFO - Started process (PID=102) to work on /opt/airflow/dags/etl_dag.py
[2024-07-12T05:17:46.297+0000] {processor.py:830} INFO - Processing file /opt/airflow/dags/etl_dag.py for tasks to queue
[2024-07-12T05:17:46.299+0000] {logging_mixin.py:188} INFO - [2024-07-12T05:17:46.298+0000] {dagbag.py:545} INFO - Filling up the DagBag from /opt/airflow/dags/etl_dag.py
[2024-07-12T05:17:46.326+0000] {processor.py:840} INFO - DAG(s) 'ETL_Pipeline' retrieved from /opt/airflow/dags/etl_dag.py
[2024-07-12T05:17:46.359+0000] {logging_mixin.py:188} INFO - [2024-07-12T05:17:46.359+0000] {dag.py:3096} INFO - Sync 1 DAGs
[2024-07-12T05:17:46.388+0000] {logging_mixin.py:188} INFO - [2024-07-12T05:17:46.388+0000] {dag.py:3954} INFO - Setting next_dagrun for ETL_Pipeline to 2024-11-08 00:00:00+00:00, run_after=2024-11-09 00:00:00+00:00
[2024-07-12T05:17:46.415+0000] {processor.py:183} INFO - Processing /opt/airflow/dags/etl_dag.py took 0.128 seconds
[2024-07-12T05:18:16.506+0000] {processor.py:161} INFO - Started process (PID=109) to work on /opt/airflow/dags/etl_dag.py
[2024-07-12T05:18:16.507+0000] {processor.py:830} INFO - Processing file /opt/airflow/dags/etl_dag.py for tasks to queue
[2024-07-12T05:18:16.510+0000] {logging_mixin.py:188} INFO - [2024-07-12T05:18:16.509+0000] {dagbag.py:545} INFO - Filling up the DagBag from /opt/airflow/dags/etl_dag.py
[2024-07-12T05:18:16.535+0000] {processor.py:840} INFO - DAG(s) 'ETL_Pipeline' retrieved from /opt/airflow/dags/etl_dag.py
[2024-07-12T05:18:16.571+0000] {logging_mixin.py:188} INFO - [2024-07-12T05:18:16.570+0000] {dag.py:3096} INFO - Sync 1 DAGs
[2024-07-12T05:18:16.600+0000] {logging_mixin.py:188} INFO - [2024-07-12T05:18:16.599+0000] {dag.py:3954} INFO - Setting next_dagrun for ETL_Pipeline to 2024-11-08 00:00:00+00:00, run_after=2024-11-09 00:00:00+00:00
[2024-07-12T05:18:16.627+0000] {processor.py:183} INFO - Processing /opt/airflow/dags/etl_dag.py took 0.129 seconds
[2024-07-12T05:18:46.739+0000] {processor.py:161} INFO - Started process (PID=117) to work on /opt/airflow/dags/etl_dag.py
[2024-07-12T05:18:46.740+0000] {processor.py:830} INFO - Processing file /opt/airflow/dags/etl_dag.py for tasks to queue
[2024-07-12T05:18:46.743+0000] {logging_mixin.py:188} INFO - [2024-07-12T05:18:46.742+0000] {dagbag.py:545} INFO - Filling up the DagBag from /opt/airflow/dags/etl_dag.py
[2024-07-12T05:18:46.766+0000] {processor.py:840} INFO - DAG(s) 'ETL_Pipeline' retrieved from /opt/airflow/dags/etl_dag.py
[2024-07-12T05:18:46.794+0000] {logging_mixin.py:188} INFO - [2024-07-12T05:18:46.794+0000] {dag.py:3096} INFO - Sync 1 DAGs
[2024-07-12T05:18:46.820+0000] {logging_mixin.py:188} INFO - [2024-07-12T05:18:46.820+0000] {dag.py:3954} INFO - Setting next_dagrun for ETL_Pipeline to 2024-11-08 00:00:00+00:00, run_after=2024-11-09 00:00:00+00:00
[2024-07-12T05:18:46.845+0000] {processor.py:183} INFO - Processing /opt/airflow/dags/etl_dag.py took 0.111 seconds
[2024-07-12T05:19:16.936+0000] {processor.py:161} INFO - Started process (PID=124) to work on /opt/airflow/dags/etl_dag.py
[2024-07-12T05:19:16.937+0000] {processor.py:830} INFO - Processing file /opt/airflow/dags/etl_dag.py for tasks to queue
[2024-07-12T05:19:16.939+0000] {logging_mixin.py:188} INFO - [2024-07-12T05:19:16.939+0000] {dagbag.py:545} INFO - Filling up the DagBag from /opt/airflow/dags/etl_dag.py
[2024-07-12T05:19:16.961+0000] {processor.py:840} INFO - DAG(s) 'ETL_Pipeline' retrieved from /opt/airflow/dags/etl_dag.py
[2024-07-12T05:19:16.990+0000] {logging_mixin.py:188} INFO - [2024-07-12T05:19:16.990+0000] {dag.py:3096} INFO - Sync 1 DAGs
[2024-07-12T05:19:17.015+0000] {logging_mixin.py:188} INFO - [2024-07-12T05:19:17.015+0000] {dag.py:3954} INFO - Setting next_dagrun for ETL_Pipeline to 2024-11-08 00:00:00+00:00, run_after=2024-11-09 00:00:00+00:00
[2024-07-12T05:19:17.041+0000] {processor.py:183} INFO - Processing /opt/airflow/dags/etl_dag.py took 0.111 seconds
[2024-07-12T05:19:47.164+0000] {processor.py:161} INFO - Started process (PID=131) to work on /opt/airflow/dags/etl_dag.py
[2024-07-12T05:19:47.166+0000] {processor.py:830} INFO - Processing file /opt/airflow/dags/etl_dag.py for tasks to queue
[2024-07-12T05:19:47.169+0000] {logging_mixin.py:188} INFO - [2024-07-12T05:19:47.169+0000] {dagbag.py:545} INFO - Filling up the DagBag from /opt/airflow/dags/etl_dag.py
[2024-07-12T05:19:47.207+0000] {processor.py:840} INFO - DAG(s) 'ETL_Pipeline' retrieved from /opt/airflow/dags/etl_dag.py
[2024-07-12T05:19:47.266+0000] {logging_mixin.py:188} INFO - [2024-07-12T05:19:47.266+0000] {dag.py:3096} INFO - Sync 1 DAGs
[2024-07-12T05:19:47.318+0000] {logging_mixin.py:188} INFO - [2024-07-12T05:19:47.317+0000] {dag.py:3954} INFO - Setting next_dagrun for ETL_Pipeline to 2024-11-08 00:00:00+00:00, run_after=2024-11-09 00:00:00+00:00
[2024-07-12T05:19:47.357+0000] {processor.py:183} INFO - Processing /opt/airflow/dags/etl_dag.py took 0.204 seconds
[2024-07-12T05:20:17.519+0000] {processor.py:161} INFO - Started process (PID=139) to work on /opt/airflow/dags/etl_dag.py
[2024-07-12T05:20:17.521+0000] {processor.py:830} INFO - Processing file /opt/airflow/dags/etl_dag.py for tasks to queue
[2024-07-12T05:20:17.524+0000] {logging_mixin.py:188} INFO - [2024-07-12T05:20:17.524+0000] {dagbag.py:545} INFO - Filling up the DagBag from /opt/airflow/dags/etl_dag.py
[2024-07-12T05:20:17.554+0000] {processor.py:840} INFO - DAG(s) 'ETL_Pipeline' retrieved from /opt/airflow/dags/etl_dag.py
[2024-07-12T05:20:17.601+0000] {logging_mixin.py:188} INFO - [2024-07-12T05:20:17.600+0000] {dag.py:3096} INFO - Sync 1 DAGs
[2024-07-12T05:20:17.636+0000] {logging_mixin.py:188} INFO - [2024-07-12T05:20:17.636+0000] {dag.py:3954} INFO - Setting next_dagrun for ETL_Pipeline to 2024-11-08 00:00:00+00:00, run_after=2024-11-09 00:00:00+00:00
[2024-07-12T05:20:17.666+0000] {processor.py:183} INFO - Processing /opt/airflow/dags/etl_dag.py took 0.164 seconds
[2024-07-12T05:20:47.879+0000] {processor.py:161} INFO - Started process (PID=146) to work on /opt/airflow/dags/etl_dag.py
[2024-07-12T05:20:47.880+0000] {processor.py:830} INFO - Processing file /opt/airflow/dags/etl_dag.py for tasks to queue
[2024-07-12T05:20:47.884+0000] {logging_mixin.py:188} INFO - [2024-07-12T05:20:47.883+0000] {dagbag.py:545} INFO - Filling up the DagBag from /opt/airflow/dags/etl_dag.py
[2024-07-12T05:20:47.940+0000] {processor.py:840} INFO - DAG(s) 'ETL_Pipeline' retrieved from /opt/airflow/dags/etl_dag.py
[2024-07-12T05:20:47.988+0000] {logging_mixin.py:188} INFO - [2024-07-12T05:20:47.988+0000] {dag.py:3096} INFO - Sync 1 DAGs
[2024-07-12T05:20:48.030+0000] {logging_mixin.py:188} INFO - [2024-07-12T05:20:48.029+0000] {dag.py:3954} INFO - Setting next_dagrun for ETL_Pipeline to 2024-11-08 00:00:00+00:00, run_after=2024-11-09 00:00:00+00:00
[2024-07-12T05:20:48.063+0000] {processor.py:183} INFO - Processing /opt/airflow/dags/etl_dag.py took 0.207 seconds
[2024-07-12T05:21:18.242+0000] {processor.py:161} INFO - Started process (PID=153) to work on /opt/airflow/dags/etl_dag.py
[2024-07-12T05:21:18.243+0000] {processor.py:830} INFO - Processing file /opt/airflow/dags/etl_dag.py for tasks to queue
[2024-07-12T05:21:18.246+0000] {logging_mixin.py:188} INFO - [2024-07-12T05:21:18.245+0000] {dagbag.py:545} INFO - Filling up the DagBag from /opt/airflow/dags/etl_dag.py
[2024-07-12T05:21:18.281+0000] {processor.py:840} INFO - DAG(s) 'ETL_Pipeline' retrieved from /opt/airflow/dags/etl_dag.py
[2024-07-12T05:21:18.323+0000] {logging_mixin.py:188} INFO - [2024-07-12T05:21:18.322+0000] {dag.py:3096} INFO - Sync 1 DAGs
[2024-07-12T05:21:18.356+0000] {logging_mixin.py:188} INFO - [2024-07-12T05:21:18.355+0000] {dag.py:3954} INFO - Setting next_dagrun for ETL_Pipeline to 2024-11-08 00:00:00+00:00, run_after=2024-11-09 00:00:00+00:00
[2024-07-12T05:21:18.386+0000] {processor.py:183} INFO - Processing /opt/airflow/dags/etl_dag.py took 0.157 seconds
[2024-07-12T05:21:48.553+0000] {processor.py:161} INFO - Started process (PID=160) to work on /opt/airflow/dags/etl_dag.py
[2024-07-12T05:21:48.554+0000] {processor.py:830} INFO - Processing file /opt/airflow/dags/etl_dag.py for tasks to queue
[2024-07-12T05:21:48.557+0000] {logging_mixin.py:188} INFO - [2024-07-12T05:21:48.556+0000] {dagbag.py:545} INFO - Filling up the DagBag from /opt/airflow/dags/etl_dag.py
[2024-07-12T05:21:48.582+0000] {processor.py:840} INFO - DAG(s) 'ETL_Pipeline' retrieved from /opt/airflow/dags/etl_dag.py
[2024-07-12T05:21:48.616+0000] {logging_mixin.py:188} INFO - [2024-07-12T05:21:48.615+0000] {dag.py:3096} INFO - Sync 1 DAGs
[2024-07-12T05:21:48.645+0000] {logging_mixin.py:188} INFO - [2024-07-12T05:21:48.645+0000] {dag.py:3954} INFO - Setting next_dagrun for ETL_Pipeline to 2024-11-08 00:00:00+00:00, run_after=2024-11-09 00:00:00+00:00
[2024-07-12T05:21:48.677+0000] {processor.py:183} INFO - Processing /opt/airflow/dags/etl_dag.py took 0.131 seconds
[2024-07-12T05:22:18.849+0000] {processor.py:161} INFO - Started process (PID=167) to work on /opt/airflow/dags/etl_dag.py
[2024-07-12T05:22:18.851+0000] {processor.py:830} INFO - Processing file /opt/airflow/dags/etl_dag.py for tasks to queue
[2024-07-12T05:22:18.855+0000] {logging_mixin.py:188} INFO - [2024-07-12T05:22:18.854+0000] {dagbag.py:545} INFO - Filling up the DagBag from /opt/airflow/dags/etl_dag.py
[2024-07-12T05:22:18.894+0000] {processor.py:840} INFO - DAG(s) 'ETL_Pipeline' retrieved from /opt/airflow/dags/etl_dag.py
[2024-07-12T05:22:18.949+0000] {logging_mixin.py:188} INFO - [2024-07-12T05:22:18.949+0000] {dag.py:3096} INFO - Sync 1 DAGs
[2024-07-12T05:22:18.996+0000] {logging_mixin.py:188} INFO - [2024-07-12T05:22:18.996+0000] {dag.py:3954} INFO - Setting next_dagrun for ETL_Pipeline to 2024-11-08 00:00:00+00:00, run_after=2024-11-09 00:00:00+00:00
[2024-07-12T05:22:19.034+0000] {processor.py:183} INFO - Processing /opt/airflow/dags/etl_dag.py took 0.196 seconds
[2024-07-12T05:22:49.217+0000] {processor.py:161} INFO - Started process (PID=180) to work on /opt/airflow/dags/etl_dag.py
[2024-07-12T05:22:49.218+0000] {processor.py:830} INFO - Processing file /opt/airflow/dags/etl_dag.py for tasks to queue
[2024-07-12T05:22:49.221+0000] {logging_mixin.py:188} INFO - [2024-07-12T05:22:49.220+0000] {dagbag.py:545} INFO - Filling up the DagBag from /opt/airflow/dags/etl_dag.py
[2024-07-12T05:22:49.246+0000] {processor.py:840} INFO - DAG(s) 'ETL_Pipeline' retrieved from /opt/airflow/dags/etl_dag.py
[2024-07-12T05:22:49.279+0000] {logging_mixin.py:188} INFO - [2024-07-12T05:22:49.278+0000] {dag.py:3096} INFO - Sync 1 DAGs
[2024-07-12T05:22:49.313+0000] {logging_mixin.py:188} INFO - [2024-07-12T05:22:49.313+0000] {dag.py:3954} INFO - Setting next_dagrun for ETL_Pipeline to 2024-11-08 00:00:00+00:00, run_after=2024-11-09 00:00:00+00:00
[2024-07-12T05:22:49.340+0000] {processor.py:183} INFO - Processing /opt/airflow/dags/etl_dag.py took 0.130 seconds
[2024-07-12T05:23:19.379+0000] {processor.py:161} INFO - Started process (PID=187) to work on /opt/airflow/dags/etl_dag.py
[2024-07-12T05:23:19.381+0000] {processor.py:830} INFO - Processing file /opt/airflow/dags/etl_dag.py for tasks to queue
[2024-07-12T05:23:19.383+0000] {logging_mixin.py:188} INFO - [2024-07-12T05:23:19.382+0000] {dagbag.py:545} INFO - Filling up the DagBag from /opt/airflow/dags/etl_dag.py
[2024-07-12T05:23:19.409+0000] {processor.py:840} INFO - DAG(s) 'ETL_Pipeline' retrieved from /opt/airflow/dags/etl_dag.py
[2024-07-12T05:23:19.447+0000] {logging_mixin.py:188} INFO - [2024-07-12T05:23:19.446+0000] {dag.py:3096} INFO - Sync 1 DAGs
[2024-07-12T05:23:19.476+0000] {logging_mixin.py:188} INFO - [2024-07-12T05:23:19.476+0000] {dag.py:3954} INFO - Setting next_dagrun for ETL_Pipeline to 2024-11-08 00:00:00+00:00, run_after=2024-11-09 00:00:00+00:00
[2024-07-12T05:23:19.503+0000] {processor.py:183} INFO - Processing /opt/airflow/dags/etl_dag.py took 0.133 seconds
[2024-07-12T05:23:49.636+0000] {processor.py:161} INFO - Started process (PID=195) to work on /opt/airflow/dags/etl_dag.py
[2024-07-12T05:23:49.638+0000] {processor.py:830} INFO - Processing file /opt/airflow/dags/etl_dag.py for tasks to queue
[2024-07-12T05:23:49.640+0000] {logging_mixin.py:188} INFO - [2024-07-12T05:23:49.640+0000] {dagbag.py:545} INFO - Filling up the DagBag from /opt/airflow/dags/etl_dag.py
[2024-07-12T05:23:49.663+0000] {processor.py:840} INFO - DAG(s) 'ETL_Pipeline' retrieved from /opt/airflow/dags/etl_dag.py
[2024-07-12T05:23:49.692+0000] {logging_mixin.py:188} INFO - [2024-07-12T05:23:49.692+0000] {dag.py:3096} INFO - Sync 1 DAGs
[2024-07-12T05:23:49.720+0000] {logging_mixin.py:188} INFO - [2024-07-12T05:23:49.719+0000] {dag.py:3954} INFO - Setting next_dagrun for ETL_Pipeline to 2024-11-08 00:00:00+00:00, run_after=2024-11-09 00:00:00+00:00
[2024-07-12T05:23:49.743+0000] {processor.py:183} INFO - Processing /opt/airflow/dags/etl_dag.py took 0.112 seconds
[2024-07-12T05:24:01.729+0000] {processor.py:161} INFO - Started process (PID=196) to work on /opt/airflow/dags/etl_dag.py
[2024-07-12T05:24:01.731+0000] {processor.py:830} INFO - Processing file /opt/airflow/dags/etl_dag.py for tasks to queue
[2024-07-12T05:24:01.733+0000] {logging_mixin.py:188} INFO - [2024-07-12T05:24:01.733+0000] {dagbag.py:545} INFO - Filling up the DagBag from /opt/airflow/dags/etl_dag.py
[2024-07-12T05:24:01.771+0000] {processor.py:840} INFO - DAG(s) 'ETL_Pipeline' retrieved from /opt/airflow/dags/etl_dag.py
[2024-07-12T05:24:01.812+0000] {logging_mixin.py:188} INFO - [2024-07-12T05:24:01.812+0000] {dag.py:3096} INFO - Sync 1 DAGs
[2024-07-12T05:24:01.846+0000] {logging_mixin.py:188} INFO - [2024-07-12T05:24:01.846+0000] {dag.py:3954} INFO - Setting next_dagrun for ETL_Pipeline to 2024-11-08 00:00:00+00:00, run_after=2024-11-09 00:00:00+00:00
[2024-07-12T05:24:01.881+0000] {processor.py:183} INFO - Processing /opt/airflow/dags/etl_dag.py took 0.161 seconds
[2024-07-12T05:24:32.009+0000] {processor.py:161} INFO - Started process (PID=203) to work on /opt/airflow/dags/etl_dag.py
[2024-07-12T05:24:32.011+0000] {processor.py:830} INFO - Processing file /opt/airflow/dags/etl_dag.py for tasks to queue
[2024-07-12T05:24:32.013+0000] {logging_mixin.py:188} INFO - [2024-07-12T05:24:32.012+0000] {dagbag.py:545} INFO - Filling up the DagBag from /opt/airflow/dags/etl_dag.py
[2024-07-12T05:24:32.044+0000] {processor.py:840} INFO - DAG(s) 'ETL_Pipeline' retrieved from /opt/airflow/dags/etl_dag.py
[2024-07-12T05:24:32.083+0000] {logging_mixin.py:188} INFO - [2024-07-12T05:24:32.083+0000] {dag.py:3096} INFO - Sync 1 DAGs
[2024-07-12T05:24:32.117+0000] {logging_mixin.py:188} INFO - [2024-07-12T05:24:32.116+0000] {dag.py:3954} INFO - Setting next_dagrun for ETL_Pipeline to 2024-11-08 00:00:00+00:00, run_after=2024-11-09 00:00:00+00:00
[2024-07-12T05:24:32.143+0000] {processor.py:183} INFO - Processing /opt/airflow/dags/etl_dag.py took 0.140 seconds
[2024-07-12T05:25:02.371+0000] {processor.py:161} INFO - Started process (PID=210) to work on /opt/airflow/dags/etl_dag.py
[2024-07-12T05:25:02.372+0000] {processor.py:830} INFO - Processing file /opt/airflow/dags/etl_dag.py for tasks to queue
[2024-07-12T05:25:02.374+0000] {logging_mixin.py:188} INFO - [2024-07-12T05:25:02.374+0000] {dagbag.py:545} INFO - Filling up the DagBag from /opt/airflow/dags/etl_dag.py
[2024-07-12T05:25:02.398+0000] {processor.py:840} INFO - DAG(s) 'ETL_Pipeline' retrieved from /opt/airflow/dags/etl_dag.py
[2024-07-12T05:25:02.428+0000] {logging_mixin.py:188} INFO - [2024-07-12T05:25:02.428+0000] {dag.py:3096} INFO - Sync 1 DAGs
[2024-07-12T05:25:02.456+0000] {logging_mixin.py:188} INFO - [2024-07-12T05:25:02.456+0000] {dag.py:3954} INFO - Setting next_dagrun for ETL_Pipeline to 2024-11-08 00:00:00+00:00, run_after=2024-11-09 00:00:00+00:00
[2024-07-12T05:25:02.483+0000] {processor.py:183} INFO - Processing /opt/airflow/dags/etl_dag.py took 0.118 seconds
[2024-07-12T05:25:32.543+0000] {processor.py:161} INFO - Started process (PID=217) to work on /opt/airflow/dags/etl_dag.py
[2024-07-12T05:25:32.545+0000] {processor.py:830} INFO - Processing file /opt/airflow/dags/etl_dag.py for tasks to queue
[2024-07-12T05:25:32.547+0000] {logging_mixin.py:188} INFO - [2024-07-12T05:25:32.547+0000] {dagbag.py:545} INFO - Filling up the DagBag from /opt/airflow/dags/etl_dag.py
[2024-07-12T05:25:32.582+0000] {processor.py:840} INFO - DAG(s) 'ETL_Pipeline' retrieved from /opt/airflow/dags/etl_dag.py
[2024-07-12T05:25:32.633+0000] {logging_mixin.py:188} INFO - [2024-07-12T05:25:32.633+0000] {dag.py:3096} INFO - Sync 1 DAGs
[2024-07-12T05:25:32.678+0000] {logging_mixin.py:188} INFO - [2024-07-12T05:25:32.677+0000] {dag.py:3954} INFO - Setting next_dagrun for ETL_Pipeline to 2024-11-08 00:00:00+00:00, run_after=2024-11-09 00:00:00+00:00
[2024-07-12T05:25:32.713+0000] {processor.py:183} INFO - Processing /opt/airflow/dags/etl_dag.py took 0.178 seconds
[2024-07-12T05:26:02.803+0000] {processor.py:161} INFO - Started process (PID=224) to work on /opt/airflow/dags/etl_dag.py
[2024-07-12T05:26:02.804+0000] {processor.py:830} INFO - Processing file /opt/airflow/dags/etl_dag.py for tasks to queue
[2024-07-12T05:26:02.807+0000] {logging_mixin.py:188} INFO - [2024-07-12T05:26:02.806+0000] {dagbag.py:545} INFO - Filling up the DagBag from /opt/airflow/dags/etl_dag.py
[2024-07-12T05:26:02.836+0000] {processor.py:840} INFO - DAG(s) 'ETL_Pipeline' retrieved from /opt/airflow/dags/etl_dag.py
[2024-07-12T05:26:02.876+0000] {logging_mixin.py:188} INFO - [2024-07-12T05:26:02.876+0000] {dag.py:3096} INFO - Sync 1 DAGs
[2024-07-12T05:26:02.908+0000] {logging_mixin.py:188} INFO - [2024-07-12T05:26:02.907+0000] {dag.py:3954} INFO - Setting next_dagrun for ETL_Pipeline to 2024-11-08 00:00:00+00:00, run_after=2024-11-09 00:00:00+00:00
[2024-07-12T05:26:02.939+0000] {processor.py:183} INFO - Processing /opt/airflow/dags/etl_dag.py took 0.144 seconds
[2024-07-12T05:26:33.032+0000] {processor.py:161} INFO - Started process (PID=231) to work on /opt/airflow/dags/etl_dag.py
[2024-07-12T05:26:33.033+0000] {processor.py:830} INFO - Processing file /opt/airflow/dags/etl_dag.py for tasks to queue
[2024-07-12T05:26:33.036+0000] {logging_mixin.py:188} INFO - [2024-07-12T05:26:33.035+0000] {dagbag.py:545} INFO - Filling up the DagBag from /opt/airflow/dags/etl_dag.py
[2024-07-12T05:26:33.062+0000] {processor.py:840} INFO - DAG(s) 'ETL_Pipeline' retrieved from /opt/airflow/dags/etl_dag.py
[2024-07-12T05:26:33.102+0000] {logging_mixin.py:188} INFO - [2024-07-12T05:26:33.101+0000] {dag.py:3096} INFO - Sync 1 DAGs
[2024-07-12T05:26:33.139+0000] {logging_mixin.py:188} INFO - [2024-07-12T05:26:33.138+0000] {dag.py:3954} INFO - Setting next_dagrun for ETL_Pipeline to 2024-11-08 00:00:00+00:00, run_after=2024-11-09 00:00:00+00:00
[2024-07-12T05:26:33.170+0000] {processor.py:183} INFO - Processing /opt/airflow/dags/etl_dag.py took 0.148 seconds
[2024-07-12T05:27:03.308+0000] {processor.py:161} INFO - Started process (PID=238) to work on /opt/airflow/dags/etl_dag.py
[2024-07-12T05:27:03.311+0000] {processor.py:830} INFO - Processing file /opt/airflow/dags/etl_dag.py for tasks to queue
[2024-07-12T05:27:03.316+0000] {logging_mixin.py:188} INFO - [2024-07-12T05:27:03.316+0000] {dagbag.py:545} INFO - Filling up the DagBag from /opt/airflow/dags/etl_dag.py
[2024-07-12T05:27:03.383+0000] {processor.py:840} INFO - DAG(s) 'ETL_Pipeline' retrieved from /opt/airflow/dags/etl_dag.py
[2024-07-12T05:27:03.460+0000] {logging_mixin.py:188} INFO - [2024-07-12T05:27:03.459+0000] {dag.py:3096} INFO - Sync 1 DAGs
[2024-07-12T05:27:03.536+0000] {logging_mixin.py:188} INFO - [2024-07-12T05:27:03.535+0000] {dag.py:3954} INFO - Setting next_dagrun for ETL_Pipeline to 2024-11-08 00:00:00+00:00, run_after=2024-11-09 00:00:00+00:00
[2024-07-12T05:27:03.592+0000] {processor.py:183} INFO - Processing /opt/airflow/dags/etl_dag.py took 0.316 seconds
[2024-07-12T05:27:14.692+0000] {processor.py:161} INFO - Started process (PID=239) to work on /opt/airflow/dags/etl_dag.py
[2024-07-12T05:27:14.693+0000] {processor.py:830} INFO - Processing file /opt/airflow/dags/etl_dag.py for tasks to queue
[2024-07-12T05:27:14.696+0000] {logging_mixin.py:188} INFO - [2024-07-12T05:27:14.695+0000] {dagbag.py:545} INFO - Filling up the DagBag from /opt/airflow/dags/etl_dag.py
[2024-07-12T05:27:14.726+0000] {processor.py:840} INFO - DAG(s) 'ETL_Pipeline' retrieved from /opt/airflow/dags/etl_dag.py
[2024-07-12T05:27:14.756+0000] {logging_mixin.py:188} INFO - [2024-07-12T05:27:14.756+0000] {dag.py:3096} INFO - Sync 1 DAGs
[2024-07-12T05:27:14.782+0000] {logging_mixin.py:188} INFO - [2024-07-12T05:27:14.782+0000] {dag.py:3954} INFO - Setting next_dagrun for ETL_Pipeline to 2024-11-08 00:00:00+00:00, run_after=2024-11-09 00:00:00+00:00
[2024-07-12T05:27:14.810+0000] {processor.py:183} INFO - Processing /opt/airflow/dags/etl_dag.py took 0.124 seconds
[2024-07-12T05:27:44.841+0000] {processor.py:161} INFO - Started process (PID=246) to work on /opt/airflow/dags/etl_dag.py
[2024-07-12T05:27:44.842+0000] {processor.py:830} INFO - Processing file /opt/airflow/dags/etl_dag.py for tasks to queue
[2024-07-12T05:27:44.844+0000] {logging_mixin.py:188} INFO - [2024-07-12T05:27:44.844+0000] {dagbag.py:545} INFO - Filling up the DagBag from /opt/airflow/dags/etl_dag.py
[2024-07-12T05:27:44.867+0000] {processor.py:840} INFO - DAG(s) 'ETL_Pipeline' retrieved from /opt/airflow/dags/etl_dag.py
[2024-07-12T05:27:44.895+0000] {logging_mixin.py:188} INFO - [2024-07-12T05:27:44.895+0000] {dag.py:3096} INFO - Sync 1 DAGs
[2024-07-12T05:27:44.920+0000] {logging_mixin.py:188} INFO - [2024-07-12T05:27:44.920+0000] {dag.py:3954} INFO - Setting next_dagrun for ETL_Pipeline to 2024-11-08 00:00:00+00:00, run_after=2024-11-09 00:00:00+00:00
[2024-07-12T05:27:44.946+0000] {processor.py:183} INFO - Processing /opt/airflow/dags/etl_dag.py took 0.111 seconds
[2024-07-12T05:27:59.040+0000] {processor.py:161} INFO - Started process (PID=253) to work on /opt/airflow/dags/etl_dag.py
[2024-07-12T05:27:59.041+0000] {processor.py:830} INFO - Processing file /opt/airflow/dags/etl_dag.py for tasks to queue
[2024-07-12T05:27:59.044+0000] {logging_mixin.py:188} INFO - [2024-07-12T05:27:59.043+0000] {dagbag.py:545} INFO - Filling up the DagBag from /opt/airflow/dags/etl_dag.py
[2024-07-12T05:27:59.076+0000] {processor.py:840} INFO - DAG(s) 'ETL_Pipeline' retrieved from /opt/airflow/dags/etl_dag.py
[2024-07-12T05:27:59.206+0000] {logging_mixin.py:188} INFO - [2024-07-12T05:27:59.205+0000] {dag.py:3096} INFO - Sync 1 DAGs
[2024-07-12T05:27:59.231+0000] {logging_mixin.py:188} INFO - [2024-07-12T05:27:59.231+0000] {dag.py:3954} INFO - Setting next_dagrun for ETL_Pipeline to 2024-11-08 00:00:00+00:00, run_after=2024-11-09 00:00:00+00:00
[2024-07-12T05:27:59.265+0000] {processor.py:183} INFO - Processing /opt/airflow/dags/etl_dag.py took 0.233 seconds
[2024-07-12T05:28:09.104+0000] {processor.py:161} INFO - Started process (PID=254) to work on /opt/airflow/dags/etl_dag.py
[2024-07-12T05:28:09.105+0000] {processor.py:830} INFO - Processing file /opt/airflow/dags/etl_dag.py for tasks to queue
[2024-07-12T05:28:09.109+0000] {logging_mixin.py:188} INFO - [2024-07-12T05:28:09.108+0000] {dagbag.py:545} INFO - Filling up the DagBag from /opt/airflow/dags/etl_dag.py
[2024-07-12T05:28:09.144+0000] {processor.py:840} INFO - DAG(s) 'ETL_Pipeline' retrieved from /opt/airflow/dags/etl_dag.py
[2024-07-12T05:28:09.162+0000] {logging_mixin.py:188} INFO - [2024-07-12T05:28:09.162+0000] {dag.py:3096} INFO - Sync 1 DAGs
[2024-07-12T05:28:09.191+0000] {logging_mixin.py:188} INFO - [2024-07-12T05:28:09.190+0000] {dag.py:3954} INFO - Setting next_dagrun for ETL_Pipeline to 2024-11-08 00:00:00+00:00, run_after=2024-11-09 00:00:00+00:00
[2024-07-12T05:28:09.226+0000] {processor.py:183} INFO - Processing /opt/airflow/dags/etl_dag.py took 0.130 seconds
[2024-07-12T05:28:39.384+0000] {processor.py:161} INFO - Started process (PID=261) to work on /opt/airflow/dags/etl_dag.py
[2024-07-12T05:28:39.386+0000] {processor.py:830} INFO - Processing file /opt/airflow/dags/etl_dag.py for tasks to queue
[2024-07-12T05:28:39.388+0000] {logging_mixin.py:188} INFO - [2024-07-12T05:28:39.388+0000] {dagbag.py:545} INFO - Filling up the DagBag from /opt/airflow/dags/etl_dag.py
[2024-07-12T05:28:39.413+0000] {processor.py:840} INFO - DAG(s) 'ETL_Pipeline' retrieved from /opt/airflow/dags/etl_dag.py
[2024-07-12T05:28:39.450+0000] {logging_mixin.py:188} INFO - [2024-07-12T05:28:39.449+0000] {dag.py:3096} INFO - Sync 1 DAGs
[2024-07-12T05:28:39.487+0000] {logging_mixin.py:188} INFO - [2024-07-12T05:28:39.487+0000] {dag.py:3954} INFO - Setting next_dagrun for ETL_Pipeline to 2024-11-08 00:00:00+00:00, run_after=2024-11-09 00:00:00+00:00
[2024-07-12T05:28:39.518+0000] {processor.py:183} INFO - Processing /opt/airflow/dags/etl_dag.py took 0.142 seconds
[2024-07-12T05:29:09.661+0000] {processor.py:161} INFO - Started process (PID=268) to work on /opt/airflow/dags/etl_dag.py
[2024-07-12T05:29:09.662+0000] {processor.py:830} INFO - Processing file /opt/airflow/dags/etl_dag.py for tasks to queue
[2024-07-12T05:29:09.664+0000] {logging_mixin.py:188} INFO - [2024-07-12T05:29:09.664+0000] {dagbag.py:545} INFO - Filling up the DagBag from /opt/airflow/dags/etl_dag.py
[2024-07-12T05:29:09.685+0000] {processor.py:840} INFO - DAG(s) 'ETL_Pipeline' retrieved from /opt/airflow/dags/etl_dag.py
[2024-07-12T05:29:09.715+0000] {logging_mixin.py:188} INFO - [2024-07-12T05:29:09.715+0000] {dag.py:3096} INFO - Sync 1 DAGs
[2024-07-12T05:29:09.739+0000] {logging_mixin.py:188} INFO - [2024-07-12T05:29:09.738+0000] {dag.py:3954} INFO - Setting next_dagrun for ETL_Pipeline to 2024-11-08 00:00:00+00:00, run_after=2024-11-09 00:00:00+00:00
[2024-07-12T05:29:09.761+0000] {processor.py:183} INFO - Processing /opt/airflow/dags/etl_dag.py took 0.105 seconds
[2024-07-12T05:29:39.811+0000] {processor.py:161} INFO - Started process (PID=275) to work on /opt/airflow/dags/etl_dag.py
[2024-07-12T05:29:39.812+0000] {processor.py:830} INFO - Processing file /opt/airflow/dags/etl_dag.py for tasks to queue
[2024-07-12T05:29:39.815+0000] {logging_mixin.py:188} INFO - [2024-07-12T05:29:39.814+0000] {dagbag.py:545} INFO - Filling up the DagBag from /opt/airflow/dags/etl_dag.py
[2024-07-12T05:29:39.844+0000] {processor.py:840} INFO - DAG(s) 'ETL_Pipeline' retrieved from /opt/airflow/dags/etl_dag.py
[2024-07-12T05:29:39.885+0000] {logging_mixin.py:188} INFO - [2024-07-12T05:29:39.885+0000] {dag.py:3096} INFO - Sync 1 DAGs
[2024-07-12T05:29:39.915+0000] {logging_mixin.py:188} INFO - [2024-07-12T05:29:39.915+0000] {dag.py:3954} INFO - Setting next_dagrun for ETL_Pipeline to 2024-11-08 00:00:00+00:00, run_after=2024-11-09 00:00:00+00:00
[2024-07-12T05:29:39.943+0000] {processor.py:183} INFO - Processing /opt/airflow/dags/etl_dag.py took 0.139 seconds
[2024-07-12T05:30:10.136+0000] {processor.py:161} INFO - Started process (PID=282) to work on /opt/airflow/dags/etl_dag.py
[2024-07-12T05:30:10.137+0000] {processor.py:830} INFO - Processing file /opt/airflow/dags/etl_dag.py for tasks to queue
[2024-07-12T05:30:10.139+0000] {logging_mixin.py:188} INFO - [2024-07-12T05:30:10.139+0000] {dagbag.py:545} INFO - Filling up the DagBag from /opt/airflow/dags/etl_dag.py
[2024-07-12T05:30:10.173+0000] {processor.py:840} INFO - DAG(s) 'ETL_Pipeline' retrieved from /opt/airflow/dags/etl_dag.py
[2024-07-12T05:30:10.212+0000] {logging_mixin.py:188} INFO - [2024-07-12T05:30:10.211+0000] {dag.py:3096} INFO - Sync 1 DAGs
[2024-07-12T05:30:10.279+0000] {logging_mixin.py:188} INFO - [2024-07-12T05:30:10.279+0000] {dag.py:3954} INFO - Setting next_dagrun for ETL_Pipeline to 2024-11-08 00:00:00+00:00, run_after=2024-11-09 00:00:00+00:00
[2024-07-12T05:30:10.316+0000] {processor.py:183} INFO - Processing /opt/airflow/dags/etl_dag.py took 0.187 seconds
[2024-07-12T05:30:40.376+0000] {processor.py:161} INFO - Started process (PID=290) to work on /opt/airflow/dags/etl_dag.py
[2024-07-12T05:30:40.377+0000] {processor.py:830} INFO - Processing file /opt/airflow/dags/etl_dag.py for tasks to queue
[2024-07-12T05:30:40.379+0000] {logging_mixin.py:188} INFO - [2024-07-12T05:30:40.379+0000] {dagbag.py:545} INFO - Filling up the DagBag from /opt/airflow/dags/etl_dag.py
[2024-07-12T05:30:40.397+0000] {processor.py:840} INFO - DAG(s) 'ETL_Pipeline' retrieved from /opt/airflow/dags/etl_dag.py
[2024-07-12T05:30:40.425+0000] {logging_mixin.py:188} INFO - [2024-07-12T05:30:40.425+0000] {dag.py:3096} INFO - Sync 1 DAGs
[2024-07-12T05:30:40.449+0000] {logging_mixin.py:188} INFO - [2024-07-12T05:30:40.449+0000] {dag.py:3954} INFO - Setting next_dagrun for ETL_Pipeline to 2024-11-08 00:00:00+00:00, run_after=2024-11-09 00:00:00+00:00
[2024-07-12T05:30:40.475+0000] {processor.py:183} INFO - Processing /opt/airflow/dags/etl_dag.py took 0.105 seconds
[2024-07-12T05:31:10.537+0000] {processor.py:161} INFO - Started process (PID=298) to work on /opt/airflow/dags/etl_dag.py
[2024-07-12T05:31:10.538+0000] {processor.py:830} INFO - Processing file /opt/airflow/dags/etl_dag.py for tasks to queue
[2024-07-12T05:31:10.540+0000] {logging_mixin.py:188} INFO - [2024-07-12T05:31:10.540+0000] {dagbag.py:545} INFO - Filling up the DagBag from /opt/airflow/dags/etl_dag.py
[2024-07-12T05:31:10.567+0000] {processor.py:840} INFO - DAG(s) 'ETL_Pipeline' retrieved from /opt/airflow/dags/etl_dag.py
[2024-07-12T05:31:10.603+0000] {logging_mixin.py:188} INFO - [2024-07-12T05:31:10.602+0000] {dag.py:3096} INFO - Sync 1 DAGs
[2024-07-12T05:31:10.633+0000] {logging_mixin.py:188} INFO - [2024-07-12T05:31:10.633+0000] {dag.py:3954} INFO - Setting next_dagrun for ETL_Pipeline to 2024-11-08 00:00:00+00:00, run_after=2024-11-09 00:00:00+00:00
[2024-07-12T05:31:10.660+0000] {processor.py:183} INFO - Processing /opt/airflow/dags/etl_dag.py took 0.131 seconds
[2024-07-12T05:31:40.778+0000] {processor.py:161} INFO - Started process (PID=305) to work on /opt/airflow/dags/etl_dag.py
[2024-07-12T05:31:40.779+0000] {processor.py:830} INFO - Processing file /opt/airflow/dags/etl_dag.py for tasks to queue
[2024-07-12T05:31:40.781+0000] {logging_mixin.py:188} INFO - [2024-07-12T05:31:40.781+0000] {dagbag.py:545} INFO - Filling up the DagBag from /opt/airflow/dags/etl_dag.py
[2024-07-12T05:31:40.805+0000] {processor.py:840} INFO - DAG(s) 'ETL_Pipeline' retrieved from /opt/airflow/dags/etl_dag.py
[2024-07-12T05:31:40.835+0000] {logging_mixin.py:188} INFO - [2024-07-12T05:31:40.835+0000] {dag.py:3096} INFO - Sync 1 DAGs
[2024-07-12T05:31:40.863+0000] {logging_mixin.py:188} INFO - [2024-07-12T05:31:40.863+0000] {dag.py:3954} INFO - Setting next_dagrun for ETL_Pipeline to 2024-11-08 00:00:00+00:00, run_after=2024-11-09 00:00:00+00:00
[2024-07-12T05:31:40.887+0000] {processor.py:183} INFO - Processing /opt/airflow/dags/etl_dag.py took 0.117 seconds
[2024-07-12T05:32:10.963+0000] {processor.py:161} INFO - Started process (PID=312) to work on /opt/airflow/dags/etl_dag.py
[2024-07-12T05:32:10.964+0000] {processor.py:830} INFO - Processing file /opt/airflow/dags/etl_dag.py for tasks to queue
[2024-07-12T05:32:10.967+0000] {logging_mixin.py:188} INFO - [2024-07-12T05:32:10.966+0000] {dagbag.py:545} INFO - Filling up the DagBag from /opt/airflow/dags/etl_dag.py
[2024-07-12T05:32:10.998+0000] {processor.py:840} INFO - DAG(s) 'ETL_Pipeline' retrieved from /opt/airflow/dags/etl_dag.py
[2024-07-12T05:32:11.039+0000] {logging_mixin.py:188} INFO - [2024-07-12T05:32:11.039+0000] {dag.py:3096} INFO - Sync 1 DAGs
[2024-07-12T05:32:11.077+0000] {logging_mixin.py:188} INFO - [2024-07-12T05:32:11.077+0000] {dag.py:3954} INFO - Setting next_dagrun for ETL_Pipeline to 2024-11-08 00:00:00+00:00, run_after=2024-11-09 00:00:00+00:00
[2024-07-12T05:32:11.110+0000] {processor.py:183} INFO - Processing /opt/airflow/dags/etl_dag.py took 0.158 seconds
[2024-07-12T05:32:41.213+0000] {processor.py:161} INFO - Started process (PID=319) to work on /opt/airflow/dags/etl_dag.py
[2024-07-12T05:32:41.214+0000] {processor.py:830} INFO - Processing file /opt/airflow/dags/etl_dag.py for tasks to queue
[2024-07-12T05:32:41.216+0000] {logging_mixin.py:188} INFO - [2024-07-12T05:32:41.216+0000] {dagbag.py:545} INFO - Filling up the DagBag from /opt/airflow/dags/etl_dag.py
[2024-07-12T05:32:41.239+0000] {processor.py:840} INFO - DAG(s) 'ETL_Pipeline' retrieved from /opt/airflow/dags/etl_dag.py
[2024-07-12T05:32:41.267+0000] {logging_mixin.py:188} INFO - [2024-07-12T05:32:41.267+0000] {dag.py:3096} INFO - Sync 1 DAGs
[2024-07-12T05:32:41.291+0000] {logging_mixin.py:188} INFO - [2024-07-12T05:32:41.291+0000] {dag.py:3954} INFO - Setting next_dagrun for ETL_Pipeline to 2024-11-08 00:00:00+00:00, run_after=2024-11-09 00:00:00+00:00
[2024-07-12T05:32:41.323+0000] {processor.py:183} INFO - Processing /opt/airflow/dags/etl_dag.py took 0.116 seconds
[2024-07-12T05:33:11.423+0000] {processor.py:161} INFO - Started process (PID=326) to work on /opt/airflow/dags/etl_dag.py
[2024-07-12T05:33:11.424+0000] {processor.py:830} INFO - Processing file /opt/airflow/dags/etl_dag.py for tasks to queue
[2024-07-12T05:33:11.427+0000] {logging_mixin.py:188} INFO - [2024-07-12T05:33:11.426+0000] {dagbag.py:545} INFO - Filling up the DagBag from /opt/airflow/dags/etl_dag.py
[2024-07-12T05:33:11.463+0000] {processor.py:840} INFO - DAG(s) 'ETL_Pipeline' retrieved from /opt/airflow/dags/etl_dag.py
[2024-07-12T05:33:11.502+0000] {logging_mixin.py:188} INFO - [2024-07-12T05:33:11.502+0000] {dag.py:3096} INFO - Sync 1 DAGs
[2024-07-12T05:33:11.533+0000] {logging_mixin.py:188} INFO - [2024-07-12T05:33:11.533+0000] {dag.py:3954} INFO - Setting next_dagrun for ETL_Pipeline to 2024-11-08 00:00:00+00:00, run_after=2024-11-09 00:00:00+00:00
[2024-07-12T05:33:11.561+0000] {processor.py:183} INFO - Processing /opt/airflow/dags/etl_dag.py took 0.145 seconds
[2024-07-12T05:33:41.636+0000] {processor.py:161} INFO - Started process (PID=334) to work on /opt/airflow/dags/etl_dag.py
[2024-07-12T05:33:41.637+0000] {processor.py:830} INFO - Processing file /opt/airflow/dags/etl_dag.py for tasks to queue
[2024-07-12T05:33:41.639+0000] {logging_mixin.py:188} INFO - [2024-07-12T05:33:41.639+0000] {dagbag.py:545} INFO - Filling up the DagBag from /opt/airflow/dags/etl_dag.py
[2024-07-12T05:33:41.672+0000] {processor.py:840} INFO - DAG(s) 'ETL_Pipeline' retrieved from /opt/airflow/dags/etl_dag.py
[2024-07-12T05:33:41.709+0000] {logging_mixin.py:188} INFO - [2024-07-12T05:33:41.709+0000] {dag.py:3096} INFO - Sync 1 DAGs
[2024-07-12T05:33:41.739+0000] {logging_mixin.py:188} INFO - [2024-07-12T05:33:41.738+0000] {dag.py:3954} INFO - Setting next_dagrun for ETL_Pipeline to 2024-11-08 00:00:00+00:00, run_after=2024-11-09 00:00:00+00:00
[2024-07-12T05:33:41.769+0000] {processor.py:183} INFO - Processing /opt/airflow/dags/etl_dag.py took 0.144 seconds
[2024-07-12T05:34:11.858+0000] {processor.py:161} INFO - Started process (PID=341) to work on /opt/airflow/dags/etl_dag.py
[2024-07-12T05:34:11.859+0000] {processor.py:830} INFO - Processing file /opt/airflow/dags/etl_dag.py for tasks to queue
[2024-07-12T05:34:11.861+0000] {logging_mixin.py:188} INFO - [2024-07-12T05:34:11.861+0000] {dagbag.py:545} INFO - Filling up the DagBag from /opt/airflow/dags/etl_dag.py
[2024-07-12T05:34:11.885+0000] {processor.py:840} INFO - DAG(s) 'ETL_Pipeline' retrieved from /opt/airflow/dags/etl_dag.py
[2024-07-12T05:34:11.913+0000] {logging_mixin.py:188} INFO - [2024-07-12T05:34:11.913+0000] {dag.py:3096} INFO - Sync 1 DAGs
[2024-07-12T05:34:11.939+0000] {logging_mixin.py:188} INFO - [2024-07-12T05:34:11.938+0000] {dag.py:3954} INFO - Setting next_dagrun for ETL_Pipeline to 2024-11-08 00:00:00+00:00, run_after=2024-11-09 00:00:00+00:00
[2024-07-12T05:34:11.962+0000] {processor.py:183} INFO - Processing /opt/airflow/dags/etl_dag.py took 0.110 seconds
[2024-07-12T05:34:42.090+0000] {processor.py:161} INFO - Started process (PID=348) to work on /opt/airflow/dags/etl_dag.py
[2024-07-12T05:34:42.091+0000] {processor.py:830} INFO - Processing file /opt/airflow/dags/etl_dag.py for tasks to queue
[2024-07-12T05:34:42.094+0000] {logging_mixin.py:188} INFO - [2024-07-12T05:34:42.093+0000] {dagbag.py:545} INFO - Filling up the DagBag from /opt/airflow/dags/etl_dag.py
[2024-07-12T05:34:42.116+0000] {processor.py:840} INFO - DAG(s) 'ETL_Pipeline' retrieved from /opt/airflow/dags/etl_dag.py
[2024-07-12T05:34:42.147+0000] {logging_mixin.py:188} INFO - [2024-07-12T05:34:42.146+0000] {dag.py:3096} INFO - Sync 1 DAGs
[2024-07-12T05:34:42.177+0000] {logging_mixin.py:188} INFO - [2024-07-12T05:34:42.176+0000] {dag.py:3954} INFO - Setting next_dagrun for ETL_Pipeline to 2024-11-08 00:00:00+00:00, run_after=2024-11-09 00:00:00+00:00
[2024-07-12T05:34:42.203+0000] {processor.py:183} INFO - Processing /opt/airflow/dags/etl_dag.py took 0.121 seconds
[2024-07-12T05:35:12.408+0000] {processor.py:161} INFO - Started process (PID=356) to work on /opt/airflow/dags/etl_dag.py
[2024-07-12T05:35:12.409+0000] {processor.py:830} INFO - Processing file /opt/airflow/dags/etl_dag.py for tasks to queue
[2024-07-12T05:35:12.411+0000] {logging_mixin.py:188} INFO - [2024-07-12T05:35:12.410+0000] {dagbag.py:545} INFO - Filling up the DagBag from /opt/airflow/dags/etl_dag.py
[2024-07-12T05:35:12.431+0000] {processor.py:840} INFO - DAG(s) 'ETL_Pipeline' retrieved from /opt/airflow/dags/etl_dag.py
[2024-07-12T05:35:12.463+0000] {logging_mixin.py:188} INFO - [2024-07-12T05:35:12.463+0000] {dag.py:3096} INFO - Sync 1 DAGs
[2024-07-12T05:35:12.489+0000] {logging_mixin.py:188} INFO - [2024-07-12T05:35:12.488+0000] {dag.py:3954} INFO - Setting next_dagrun for ETL_Pipeline to 2024-11-08 00:00:00+00:00, run_after=2024-11-09 00:00:00+00:00
[2024-07-12T05:35:12.512+0000] {processor.py:183} INFO - Processing /opt/airflow/dags/etl_dag.py took 0.110 seconds
[2024-07-12T05:35:42.614+0000] {processor.py:161} INFO - Started process (PID=364) to work on /opt/airflow/dags/etl_dag.py
[2024-07-12T05:35:42.616+0000] {processor.py:830} INFO - Processing file /opt/airflow/dags/etl_dag.py for tasks to queue
[2024-07-12T05:35:42.619+0000] {logging_mixin.py:188} INFO - [2024-07-12T05:35:42.618+0000] {dagbag.py:545} INFO - Filling up the DagBag from /opt/airflow/dags/etl_dag.py
[2024-07-12T05:35:42.647+0000] {processor.py:840} INFO - DAG(s) 'ETL_Pipeline' retrieved from /opt/airflow/dags/etl_dag.py
[2024-07-12T05:35:42.684+0000] {logging_mixin.py:188} INFO - [2024-07-12T05:35:42.684+0000] {dag.py:3096} INFO - Sync 1 DAGs
[2024-07-12T05:35:42.716+0000] {logging_mixin.py:188} INFO - [2024-07-12T05:35:42.715+0000] {dag.py:3954} INFO - Setting next_dagrun for ETL_Pipeline to 2024-11-08 00:00:00+00:00, run_after=2024-11-09 00:00:00+00:00
[2024-07-12T05:35:42.746+0000] {processor.py:183} INFO - Processing /opt/airflow/dags/etl_dag.py took 0.140 seconds
[2024-07-12T05:36:12.862+0000] {processor.py:161} INFO - Started process (PID=371) to work on /opt/airflow/dags/etl_dag.py
[2024-07-12T05:36:12.863+0000] {processor.py:830} INFO - Processing file /opt/airflow/dags/etl_dag.py for tasks to queue
[2024-07-12T05:36:12.867+0000] {logging_mixin.py:188} INFO - [2024-07-12T05:36:12.866+0000] {dagbag.py:545} INFO - Filling up the DagBag from /opt/airflow/dags/etl_dag.py
[2024-07-12T05:36:12.902+0000] {processor.py:840} INFO - DAG(s) 'ETL_Pipeline' retrieved from /opt/airflow/dags/etl_dag.py
[2024-07-12T05:36:12.958+0000] {logging_mixin.py:188} INFO - [2024-07-12T05:36:12.958+0000] {dag.py:3096} INFO - Sync 1 DAGs
[2024-07-12T05:36:13.006+0000] {logging_mixin.py:188} INFO - [2024-07-12T05:36:13.006+0000] {dag.py:3954} INFO - Setting next_dagrun for ETL_Pipeline to 2024-11-08 00:00:00+00:00, run_after=2024-11-09 00:00:00+00:00
[2024-07-12T05:36:13.049+0000] {processor.py:183} INFO - Processing /opt/airflow/dags/etl_dag.py took 0.200 seconds
[2024-07-12T05:36:43.224+0000] {processor.py:161} INFO - Started process (PID=378) to work on /opt/airflow/dags/etl_dag.py
[2024-07-12T05:36:43.225+0000] {processor.py:830} INFO - Processing file /opt/airflow/dags/etl_dag.py for tasks to queue
[2024-07-12T05:36:43.228+0000] {logging_mixin.py:188} INFO - [2024-07-12T05:36:43.228+0000] {dagbag.py:545} INFO - Filling up the DagBag from /opt/airflow/dags/etl_dag.py
[2024-07-12T05:36:43.251+0000] {processor.py:840} INFO - DAG(s) 'ETL_Pipeline' retrieved from /opt/airflow/dags/etl_dag.py
[2024-07-12T05:36:43.289+0000] {logging_mixin.py:188} INFO - [2024-07-12T05:36:43.288+0000] {dag.py:3096} INFO - Sync 1 DAGs
[2024-07-12T05:36:43.321+0000] {logging_mixin.py:188} INFO - [2024-07-12T05:36:43.320+0000] {dag.py:3954} INFO - Setting next_dagrun for ETL_Pipeline to 2024-11-08 00:00:00+00:00, run_after=2024-11-09 00:00:00+00:00
[2024-07-12T05:36:43.349+0000] {processor.py:183} INFO - Processing /opt/airflow/dags/etl_dag.py took 0.134 seconds
[2024-07-12T05:37:13.393+0000] {processor.py:161} INFO - Started process (PID=385) to work on /opt/airflow/dags/etl_dag.py
[2024-07-12T05:37:13.395+0000] {processor.py:830} INFO - Processing file /opt/airflow/dags/etl_dag.py for tasks to queue
[2024-07-12T05:37:13.399+0000] {logging_mixin.py:188} INFO - [2024-07-12T05:37:13.398+0000] {dagbag.py:545} INFO - Filling up the DagBag from /opt/airflow/dags/etl_dag.py
[2024-07-12T05:37:13.427+0000] {processor.py:840} INFO - DAG(s) 'ETL_Pipeline' retrieved from /opt/airflow/dags/etl_dag.py
[2024-07-12T05:37:13.468+0000] {logging_mixin.py:188} INFO - [2024-07-12T05:37:13.468+0000] {dag.py:3096} INFO - Sync 1 DAGs
[2024-07-12T05:37:13.502+0000] {logging_mixin.py:188} INFO - [2024-07-12T05:37:13.502+0000] {dag.py:3954} INFO - Setting next_dagrun for ETL_Pipeline to 2024-11-08 00:00:00+00:00, run_after=2024-11-09 00:00:00+00:00
[2024-07-12T05:37:13.532+0000] {processor.py:183} INFO - Processing /opt/airflow/dags/etl_dag.py took 0.149 seconds
[2024-07-12T05:37:43.679+0000] {processor.py:161} INFO - Started process (PID=393) to work on /opt/airflow/dags/etl_dag.py
[2024-07-12T05:37:43.680+0000] {processor.py:830} INFO - Processing file /opt/airflow/dags/etl_dag.py for tasks to queue
[2024-07-12T05:37:43.682+0000] {logging_mixin.py:188} INFO - [2024-07-12T05:37:43.682+0000] {dagbag.py:545} INFO - Filling up the DagBag from /opt/airflow/dags/etl_dag.py
[2024-07-12T05:37:43.703+0000] {processor.py:840} INFO - DAG(s) 'ETL_Pipeline' retrieved from /opt/airflow/dags/etl_dag.py
[2024-07-12T05:37:43.732+0000] {logging_mixin.py:188} INFO - [2024-07-12T05:37:43.732+0000] {dag.py:3096} INFO - Sync 1 DAGs
[2024-07-12T05:37:43.758+0000] {logging_mixin.py:188} INFO - [2024-07-12T05:37:43.757+0000] {dag.py:3954} INFO - Setting next_dagrun for ETL_Pipeline to 2024-11-08 00:00:00+00:00, run_after=2024-11-09 00:00:00+00:00
[2024-07-12T05:37:43.781+0000] {processor.py:183} INFO - Processing /opt/airflow/dags/etl_dag.py took 0.107 seconds
[2024-07-12T05:38:13.848+0000] {processor.py:161} INFO - Started process (PID=400) to work on /opt/airflow/dags/etl_dag.py
[2024-07-12T05:38:13.850+0000] {processor.py:830} INFO - Processing file /opt/airflow/dags/etl_dag.py for tasks to queue
[2024-07-12T05:38:13.852+0000] {logging_mixin.py:188} INFO - [2024-07-12T05:38:13.852+0000] {dagbag.py:545} INFO - Filling up the DagBag from /opt/airflow/dags/etl_dag.py
[2024-07-12T05:38:13.879+0000] {processor.py:840} INFO - DAG(s) 'ETL_Pipeline' retrieved from /opt/airflow/dags/etl_dag.py
[2024-07-12T05:38:13.913+0000] {logging_mixin.py:188} INFO - [2024-07-12T05:38:13.913+0000] {dag.py:3096} INFO - Sync 1 DAGs
[2024-07-12T05:38:13.944+0000] {logging_mixin.py:188} INFO - [2024-07-12T05:38:13.943+0000] {dag.py:3954} INFO - Setting next_dagrun for ETL_Pipeline to 2024-11-08 00:00:00+00:00, run_after=2024-11-09 00:00:00+00:00
[2024-07-12T05:38:13.969+0000] {processor.py:183} INFO - Processing /opt/airflow/dags/etl_dag.py took 0.129 seconds
[2024-07-12T05:38:44.103+0000] {processor.py:161} INFO - Started process (PID=407) to work on /opt/airflow/dags/etl_dag.py
[2024-07-12T05:38:44.104+0000] {processor.py:830} INFO - Processing file /opt/airflow/dags/etl_dag.py for tasks to queue
[2024-07-12T05:38:44.106+0000] {logging_mixin.py:188} INFO - [2024-07-12T05:38:44.105+0000] {dagbag.py:545} INFO - Filling up the DagBag from /opt/airflow/dags/etl_dag.py
[2024-07-12T05:38:44.129+0000] {processor.py:840} INFO - DAG(s) 'ETL_Pipeline' retrieved from /opt/airflow/dags/etl_dag.py
[2024-07-12T05:38:44.170+0000] {logging_mixin.py:188} INFO - [2024-07-12T05:38:44.170+0000] {dag.py:3096} INFO - Sync 1 DAGs
[2024-07-12T05:38:44.196+0000] {logging_mixin.py:188} INFO - [2024-07-12T05:38:44.196+0000] {dag.py:3954} INFO - Setting next_dagrun for ETL_Pipeline to 2024-11-08 00:00:00+00:00, run_after=2024-11-09 00:00:00+00:00
[2024-07-12T05:38:44.224+0000] {processor.py:183} INFO - Processing /opt/airflow/dags/etl_dag.py took 0.127 seconds
[2024-07-12T05:39:14.279+0000] {processor.py:161} INFO - Started process (PID=414) to work on /opt/airflow/dags/etl_dag.py
[2024-07-12T05:39:14.281+0000] {processor.py:830} INFO - Processing file /opt/airflow/dags/etl_dag.py for tasks to queue
[2024-07-12T05:39:14.283+0000] {logging_mixin.py:188} INFO - [2024-07-12T05:39:14.282+0000] {dagbag.py:545} INFO - Filling up the DagBag from /opt/airflow/dags/etl_dag.py
[2024-07-12T05:39:14.307+0000] {processor.py:840} INFO - DAG(s) 'ETL_Pipeline' retrieved from /opt/airflow/dags/etl_dag.py
[2024-07-12T05:39:14.343+0000] {logging_mixin.py:188} INFO - [2024-07-12T05:39:14.342+0000] {dag.py:3096} INFO - Sync 1 DAGs
[2024-07-12T05:39:14.378+0000] {logging_mixin.py:188} INFO - [2024-07-12T05:39:14.378+0000] {dag.py:3954} INFO - Setting next_dagrun for ETL_Pipeline to 2024-11-08 00:00:00+00:00, run_after=2024-11-09 00:00:00+00:00
[2024-07-12T05:39:14.413+0000] {processor.py:183} INFO - Processing /opt/airflow/dags/etl_dag.py took 0.142 seconds
[2024-07-12T05:39:44.565+0000] {processor.py:161} INFO - Started process (PID=421) to work on /opt/airflow/dags/etl_dag.py
[2024-07-12T05:39:44.566+0000] {processor.py:830} INFO - Processing file /opt/airflow/dags/etl_dag.py for tasks to queue
[2024-07-12T05:39:44.570+0000] {logging_mixin.py:188} INFO - [2024-07-12T05:39:44.569+0000] {dagbag.py:545} INFO - Filling up the DagBag from /opt/airflow/dags/etl_dag.py
[2024-07-12T05:39:44.602+0000] {processor.py:840} INFO - DAG(s) 'ETL_Pipeline' retrieved from /opt/airflow/dags/etl_dag.py
[2024-07-12T05:39:44.641+0000] {logging_mixin.py:188} INFO - [2024-07-12T05:39:44.640+0000] {dag.py:3096} INFO - Sync 1 DAGs
[2024-07-12T05:39:44.673+0000] {logging_mixin.py:188} INFO - [2024-07-12T05:39:44.673+0000] {dag.py:3954} INFO - Setting next_dagrun for ETL_Pipeline to 2024-11-08 00:00:00+00:00, run_after=2024-11-09 00:00:00+00:00
[2024-07-12T05:39:44.712+0000] {processor.py:183} INFO - Processing /opt/airflow/dags/etl_dag.py took 0.155 seconds
[2024-07-12T05:40:14.794+0000] {processor.py:161} INFO - Started process (PID=428) to work on /opt/airflow/dags/etl_dag.py
[2024-07-12T05:40:14.795+0000] {processor.py:830} INFO - Processing file /opt/airflow/dags/etl_dag.py for tasks to queue
[2024-07-12T05:40:14.799+0000] {logging_mixin.py:188} INFO - [2024-07-12T05:40:14.798+0000] {dagbag.py:545} INFO - Filling up the DagBag from /opt/airflow/dags/etl_dag.py
[2024-07-12T05:40:14.835+0000] {processor.py:840} INFO - DAG(s) 'ETL_Pipeline' retrieved from /opt/airflow/dags/etl_dag.py
[2024-07-12T05:40:14.877+0000] {logging_mixin.py:188} INFO - [2024-07-12T05:40:14.877+0000] {dag.py:3096} INFO - Sync 1 DAGs
[2024-07-12T05:40:14.922+0000] {logging_mixin.py:188} INFO - [2024-07-12T05:40:14.922+0000] {dag.py:3954} INFO - Setting next_dagrun for ETL_Pipeline to 2024-11-08 00:00:00+00:00, run_after=2024-11-09 00:00:00+00:00
[2024-07-12T05:40:14.966+0000] {processor.py:183} INFO - Processing /opt/airflow/dags/etl_dag.py took 0.183 seconds
[2024-07-12T05:40:45.046+0000] {processor.py:161} INFO - Started process (PID=435) to work on /opt/airflow/dags/etl_dag.py
[2024-07-12T05:40:45.047+0000] {processor.py:830} INFO - Processing file /opt/airflow/dags/etl_dag.py for tasks to queue
[2024-07-12T05:40:45.050+0000] {logging_mixin.py:188} INFO - [2024-07-12T05:40:45.049+0000] {dagbag.py:545} INFO - Filling up the DagBag from /opt/airflow/dags/etl_dag.py
[2024-07-12T05:40:45.072+0000] {processor.py:840} INFO - DAG(s) 'ETL_Pipeline' retrieved from /opt/airflow/dags/etl_dag.py
[2024-07-12T05:40:45.102+0000] {logging_mixin.py:188} INFO - [2024-07-12T05:40:45.102+0000] {dag.py:3096} INFO - Sync 1 DAGs
[2024-07-12T05:40:45.127+0000] {logging_mixin.py:188} INFO - [2024-07-12T05:40:45.127+0000] {dag.py:3954} INFO - Setting next_dagrun for ETL_Pipeline to 2024-11-08 00:00:00+00:00, run_after=2024-11-09 00:00:00+00:00
[2024-07-12T05:40:45.159+0000] {processor.py:183} INFO - Processing /opt/airflow/dags/etl_dag.py took 0.119 seconds
