[2024-07-11T17:57:55.104+0000] {processor.py:161} INFO - Started process (PID=107) to work on /home/airflow/.local/lib/python3.12/site-packages/airflow/example_dags/example_latest_only.py
[2024-07-11T17:57:55.105+0000] {processor.py:830} INFO - Processing file /home/airflow/.local/lib/python3.12/site-packages/airflow/example_dags/example_latest_only.py for tasks to queue
[2024-07-11T17:57:55.108+0000] {logging_mixin.py:188} INFO - [2024-07-11T17:57:55.108+0000] {dagbag.py:545} INFO - Filling up the DagBag from /home/airflow/.local/lib/python3.12/site-packages/airflow/example_dags/example_latest_only.py
[2024-07-11T17:57:55.118+0000] {processor.py:840} INFO - DAG(s) 'latest_only' retrieved from /home/airflow/.local/lib/python3.12/site-packages/airflow/example_dags/example_latest_only.py
[2024-07-11T17:57:55.336+0000] {logging_mixin.py:188} INFO - [2024-07-11T17:57:55.336+0000] {dag.py:3096} INFO - Sync 1 DAGs
[2024-07-11T17:57:55.368+0000] {logging_mixin.py:188} INFO - [2024-07-11T17:57:55.368+0000] {dag.py:3954} INFO - Setting next_dagrun for latest_only to 2024-07-11 12:00:00+00:00, run_after=2024-07-11 16:00:00+00:00
[2024-07-11T17:57:55.401+0000] {processor.py:183} INFO - Processing /home/airflow/.local/lib/python3.12/site-packages/airflow/example_dags/example_latest_only.py took 0.308 seconds
[2024-07-11T17:58:26.259+0000] {processor.py:161} INFO - Started process (PID=165) to work on /home/airflow/.local/lib/python3.12/site-packages/airflow/example_dags/example_latest_only.py
[2024-07-11T17:58:26.262+0000] {processor.py:830} INFO - Processing file /home/airflow/.local/lib/python3.12/site-packages/airflow/example_dags/example_latest_only.py for tasks to queue
[2024-07-11T17:58:26.264+0000] {logging_mixin.py:188} INFO - [2024-07-11T17:58:26.264+0000] {dagbag.py:545} INFO - Filling up the DagBag from /home/airflow/.local/lib/python3.12/site-packages/airflow/example_dags/example_latest_only.py
[2024-07-11T17:58:26.269+0000] {processor.py:840} INFO - DAG(s) 'latest_only' retrieved from /home/airflow/.local/lib/python3.12/site-packages/airflow/example_dags/example_latest_only.py
[2024-07-11T17:58:26.292+0000] {logging_mixin.py:188} INFO - [2024-07-11T17:58:26.291+0000] {dag.py:3096} INFO - Sync 1 DAGs
[2024-07-11T17:58:26.316+0000] {logging_mixin.py:188} INFO - [2024-07-11T17:58:26.316+0000] {dag.py:3954} INFO - Setting next_dagrun for latest_only to 2024-07-11 12:00:00+00:00, run_after=2024-07-11 16:00:00+00:00
[2024-07-11T17:58:26.340+0000] {processor.py:183} INFO - Processing /home/airflow/.local/lib/python3.12/site-packages/airflow/example_dags/example_latest_only.py took 0.086 seconds
[2024-07-11T17:58:56.541+0000] {processor.py:161} INFO - Started process (PID=223) to work on /home/airflow/.local/lib/python3.12/site-packages/airflow/example_dags/example_latest_only.py
[2024-07-11T17:58:56.543+0000] {processor.py:830} INFO - Processing file /home/airflow/.local/lib/python3.12/site-packages/airflow/example_dags/example_latest_only.py for tasks to queue
[2024-07-11T17:58:56.546+0000] {logging_mixin.py:188} INFO - [2024-07-11T17:58:56.546+0000] {dagbag.py:545} INFO - Filling up the DagBag from /home/airflow/.local/lib/python3.12/site-packages/airflow/example_dags/example_latest_only.py
[2024-07-11T17:58:56.553+0000] {processor.py:840} INFO - DAG(s) 'latest_only' retrieved from /home/airflow/.local/lib/python3.12/site-packages/airflow/example_dags/example_latest_only.py
[2024-07-11T17:58:56.587+0000] {logging_mixin.py:188} INFO - [2024-07-11T17:58:56.586+0000] {dag.py:3096} INFO - Sync 1 DAGs
[2024-07-11T17:58:56.626+0000] {logging_mixin.py:188} INFO - [2024-07-11T17:58:56.626+0000] {dag.py:3954} INFO - Setting next_dagrun for latest_only to 2024-07-11 12:00:00+00:00, run_after=2024-07-11 16:00:00+00:00
[2024-07-11T17:58:56.656+0000] {processor.py:183} INFO - Processing /home/airflow/.local/lib/python3.12/site-packages/airflow/example_dags/example_latest_only.py took 0.125 seconds
[2024-07-11T17:59:26.920+0000] {processor.py:161} INFO - Started process (PID=281) to work on /home/airflow/.local/lib/python3.12/site-packages/airflow/example_dags/example_latest_only.py
[2024-07-11T17:59:26.921+0000] {processor.py:830} INFO - Processing file /home/airflow/.local/lib/python3.12/site-packages/airflow/example_dags/example_latest_only.py for tasks to queue
[2024-07-11T17:59:26.923+0000] {logging_mixin.py:188} INFO - [2024-07-11T17:59:26.923+0000] {dagbag.py:545} INFO - Filling up the DagBag from /home/airflow/.local/lib/python3.12/site-packages/airflow/example_dags/example_latest_only.py
[2024-07-11T17:59:26.928+0000] {processor.py:840} INFO - DAG(s) 'latest_only' retrieved from /home/airflow/.local/lib/python3.12/site-packages/airflow/example_dags/example_latest_only.py
[2024-07-11T17:59:26.956+0000] {logging_mixin.py:188} INFO - [2024-07-11T17:59:26.956+0000] {dag.py:3096} INFO - Sync 1 DAGs
[2024-07-11T17:59:26.982+0000] {logging_mixin.py:188} INFO - [2024-07-11T17:59:26.982+0000] {dag.py:3954} INFO - Setting next_dagrun for latest_only to 2024-07-11 12:00:00+00:00, run_after=2024-07-11 16:00:00+00:00
[2024-07-11T17:59:27.008+0000] {processor.py:183} INFO - Processing /home/airflow/.local/lib/python3.12/site-packages/airflow/example_dags/example_latest_only.py took 0.095 seconds
[2024-07-11T17:59:57.552+0000] {processor.py:161} INFO - Started process (PID=339) to work on /home/airflow/.local/lib/python3.12/site-packages/airflow/example_dags/example_latest_only.py
[2024-07-11T17:59:57.553+0000] {processor.py:830} INFO - Processing file /home/airflow/.local/lib/python3.12/site-packages/airflow/example_dags/example_latest_only.py for tasks to queue
[2024-07-11T17:59:57.555+0000] {logging_mixin.py:188} INFO - [2024-07-11T17:59:57.555+0000] {dagbag.py:545} INFO - Filling up the DagBag from /home/airflow/.local/lib/python3.12/site-packages/airflow/example_dags/example_latest_only.py
[2024-07-11T17:59:57.560+0000] {processor.py:840} INFO - DAG(s) 'latest_only' retrieved from /home/airflow/.local/lib/python3.12/site-packages/airflow/example_dags/example_latest_only.py
[2024-07-11T17:59:57.584+0000] {logging_mixin.py:188} INFO - [2024-07-11T17:59:57.583+0000] {dag.py:3096} INFO - Sync 1 DAGs
[2024-07-11T17:59:57.618+0000] {logging_mixin.py:188} INFO - [2024-07-11T17:59:57.617+0000] {dag.py:3954} INFO - Setting next_dagrun for latest_only to 2024-07-11 12:00:00+00:00, run_after=2024-07-11 16:00:00+00:00
[2024-07-11T17:59:57.647+0000] {processor.py:183} INFO - Processing /home/airflow/.local/lib/python3.12/site-packages/airflow/example_dags/example_latest_only.py took 0.101 seconds
[2024-07-11T18:00:27.989+0000] {processor.py:161} INFO - Started process (PID=397) to work on /home/airflow/.local/lib/python3.12/site-packages/airflow/example_dags/example_latest_only.py
[2024-07-11T18:00:27.991+0000] {processor.py:830} INFO - Processing file /home/airflow/.local/lib/python3.12/site-packages/airflow/example_dags/example_latest_only.py for tasks to queue
[2024-07-11T18:00:27.994+0000] {logging_mixin.py:188} INFO - [2024-07-11T18:00:27.994+0000] {dagbag.py:545} INFO - Filling up the DagBag from /home/airflow/.local/lib/python3.12/site-packages/airflow/example_dags/example_latest_only.py
[2024-07-11T18:00:28.003+0000] {processor.py:840} INFO - DAG(s) 'latest_only' retrieved from /home/airflow/.local/lib/python3.12/site-packages/airflow/example_dags/example_latest_only.py
[2024-07-11T18:00:28.043+0000] {logging_mixin.py:188} INFO - [2024-07-11T18:00:28.043+0000] {dag.py:3096} INFO - Sync 1 DAGs
[2024-07-11T18:00:28.089+0000] {logging_mixin.py:188} INFO - [2024-07-11T18:00:28.089+0000] {dag.py:3954} INFO - Setting next_dagrun for latest_only to 2024-07-11 12:00:00+00:00, run_after=2024-07-11 16:00:00+00:00
[2024-07-11T18:00:28.150+0000] {processor.py:183} INFO - Processing /home/airflow/.local/lib/python3.12/site-packages/airflow/example_dags/example_latest_only.py took 0.172 seconds
[2024-07-11T18:00:59.010+0000] {processor.py:161} INFO - Started process (PID=455) to work on /home/airflow/.local/lib/python3.12/site-packages/airflow/example_dags/example_latest_only.py
[2024-07-11T18:00:59.012+0000] {processor.py:830} INFO - Processing file /home/airflow/.local/lib/python3.12/site-packages/airflow/example_dags/example_latest_only.py for tasks to queue
[2024-07-11T18:00:59.014+0000] {logging_mixin.py:188} INFO - [2024-07-11T18:00:59.014+0000] {dagbag.py:545} INFO - Filling up the DagBag from /home/airflow/.local/lib/python3.12/site-packages/airflow/example_dags/example_latest_only.py
[2024-07-11T18:00:59.022+0000] {processor.py:840} INFO - DAG(s) 'latest_only' retrieved from /home/airflow/.local/lib/python3.12/site-packages/airflow/example_dags/example_latest_only.py
[2024-07-11T18:00:59.059+0000] {logging_mixin.py:188} INFO - [2024-07-11T18:00:59.059+0000] {dag.py:3096} INFO - Sync 1 DAGs
[2024-07-11T18:00:59.105+0000] {logging_mixin.py:188} INFO - [2024-07-11T18:00:59.104+0000] {dag.py:3954} INFO - Setting next_dagrun for latest_only to 2024-07-11 12:00:00+00:00, run_after=2024-07-11 16:00:00+00:00
[2024-07-11T18:00:59.148+0000] {processor.py:183} INFO - Processing /home/airflow/.local/lib/python3.12/site-packages/airflow/example_dags/example_latest_only.py took 0.150 seconds
[2024-07-11T18:01:29.288+0000] {processor.py:161} INFO - Started process (PID=513) to work on /home/airflow/.local/lib/python3.12/site-packages/airflow/example_dags/example_latest_only.py
[2024-07-11T18:01:29.290+0000] {processor.py:830} INFO - Processing file /home/airflow/.local/lib/python3.12/site-packages/airflow/example_dags/example_latest_only.py for tasks to queue
[2024-07-11T18:01:29.292+0000] {logging_mixin.py:188} INFO - [2024-07-11T18:01:29.292+0000] {dagbag.py:545} INFO - Filling up the DagBag from /home/airflow/.local/lib/python3.12/site-packages/airflow/example_dags/example_latest_only.py
[2024-07-11T18:01:29.298+0000] {processor.py:840} INFO - DAG(s) 'latest_only' retrieved from /home/airflow/.local/lib/python3.12/site-packages/airflow/example_dags/example_latest_only.py
[2024-07-11T18:01:29.322+0000] {logging_mixin.py:188} INFO - [2024-07-11T18:01:29.322+0000] {dag.py:3096} INFO - Sync 1 DAGs
[2024-07-11T18:01:29.352+0000] {logging_mixin.py:188} INFO - [2024-07-11T18:01:29.351+0000] {dag.py:3954} INFO - Setting next_dagrun for latest_only to 2024-07-11 12:00:00+00:00, run_after=2024-07-11 16:00:00+00:00
[2024-07-11T18:01:29.381+0000] {processor.py:183} INFO - Processing /home/airflow/.local/lib/python3.12/site-packages/airflow/example_dags/example_latest_only.py took 0.100 seconds
[2024-07-11T18:01:59.652+0000] {processor.py:161} INFO - Started process (PID=571) to work on /home/airflow/.local/lib/python3.12/site-packages/airflow/example_dags/example_latest_only.py
[2024-07-11T18:01:59.653+0000] {processor.py:830} INFO - Processing file /home/airflow/.local/lib/python3.12/site-packages/airflow/example_dags/example_latest_only.py for tasks to queue
[2024-07-11T18:01:59.656+0000] {logging_mixin.py:188} INFO - [2024-07-11T18:01:59.655+0000] {dagbag.py:545} INFO - Filling up the DagBag from /home/airflow/.local/lib/python3.12/site-packages/airflow/example_dags/example_latest_only.py
[2024-07-11T18:01:59.661+0000] {processor.py:840} INFO - DAG(s) 'latest_only' retrieved from /home/airflow/.local/lib/python3.12/site-packages/airflow/example_dags/example_latest_only.py
[2024-07-11T18:01:59.686+0000] {logging_mixin.py:188} INFO - [2024-07-11T18:01:59.686+0000] {dag.py:3096} INFO - Sync 1 DAGs
[2024-07-11T18:01:59.719+0000] {logging_mixin.py:188} INFO - [2024-07-11T18:01:59.718+0000] {dag.py:3954} INFO - Setting next_dagrun for latest_only to 2024-07-11 12:00:00+00:00, run_after=2024-07-11 16:00:00+00:00
[2024-07-11T18:01:59.747+0000] {processor.py:183} INFO - Processing /home/airflow/.local/lib/python3.12/site-packages/airflow/example_dags/example_latest_only.py took 0.102 seconds
[2024-07-11T18:02:30.421+0000] {processor.py:161} INFO - Started process (PID=629) to work on /home/airflow/.local/lib/python3.12/site-packages/airflow/example_dags/example_latest_only.py
[2024-07-11T18:02:30.422+0000] {processor.py:830} INFO - Processing file /home/airflow/.local/lib/python3.12/site-packages/airflow/example_dags/example_latest_only.py for tasks to queue
[2024-07-11T18:02:30.425+0000] {logging_mixin.py:188} INFO - [2024-07-11T18:02:30.425+0000] {dagbag.py:545} INFO - Filling up the DagBag from /home/airflow/.local/lib/python3.12/site-packages/airflow/example_dags/example_latest_only.py
[2024-07-11T18:02:30.433+0000] {processor.py:840} INFO - DAG(s) 'latest_only' retrieved from /home/airflow/.local/lib/python3.12/site-packages/airflow/example_dags/example_latest_only.py
[2024-07-11T18:02:30.462+0000] {logging_mixin.py:188} INFO - [2024-07-11T18:02:30.461+0000] {dag.py:3096} INFO - Sync 1 DAGs
[2024-07-11T18:02:30.496+0000] {logging_mixin.py:188} INFO - [2024-07-11T18:02:30.496+0000] {dag.py:3954} INFO - Setting next_dagrun for latest_only to 2024-07-11 12:00:00+00:00, run_after=2024-07-11 16:00:00+00:00
[2024-07-11T18:02:30.525+0000] {processor.py:183} INFO - Processing /home/airflow/.local/lib/python3.12/site-packages/airflow/example_dags/example_latest_only.py took 0.112 seconds
[2024-07-11T18:03:00.628+0000] {processor.py:161} INFO - Started process (PID=687) to work on /home/airflow/.local/lib/python3.12/site-packages/airflow/example_dags/example_latest_only.py
[2024-07-11T18:03:00.629+0000] {processor.py:830} INFO - Processing file /home/airflow/.local/lib/python3.12/site-packages/airflow/example_dags/example_latest_only.py for tasks to queue
[2024-07-11T18:03:00.631+0000] {logging_mixin.py:188} INFO - [2024-07-11T18:03:00.631+0000] {dagbag.py:545} INFO - Filling up the DagBag from /home/airflow/.local/lib/python3.12/site-packages/airflow/example_dags/example_latest_only.py
[2024-07-11T18:03:00.639+0000] {processor.py:840} INFO - DAG(s) 'latest_only' retrieved from /home/airflow/.local/lib/python3.12/site-packages/airflow/example_dags/example_latest_only.py
[2024-07-11T18:03:00.673+0000] {logging_mixin.py:188} INFO - [2024-07-11T18:03:00.673+0000] {dag.py:3096} INFO - Sync 1 DAGs
[2024-07-11T18:03:00.708+0000] {logging_mixin.py:188} INFO - [2024-07-11T18:03:00.708+0000] {dag.py:3954} INFO - Setting next_dagrun for latest_only to 2024-07-11 12:00:00+00:00, run_after=2024-07-11 16:00:00+00:00
[2024-07-11T18:03:00.738+0000] {processor.py:183} INFO - Processing /home/airflow/.local/lib/python3.12/site-packages/airflow/example_dags/example_latest_only.py took 0.120 seconds
[2024-07-11T18:03:31.278+0000] {processor.py:161} INFO - Started process (PID=745) to work on /home/airflow/.local/lib/python3.12/site-packages/airflow/example_dags/example_latest_only.py
[2024-07-11T18:03:31.279+0000] {processor.py:830} INFO - Processing file /home/airflow/.local/lib/python3.12/site-packages/airflow/example_dags/example_latest_only.py for tasks to queue
[2024-07-11T18:03:31.283+0000] {logging_mixin.py:188} INFO - [2024-07-11T18:03:31.282+0000] {dagbag.py:545} INFO - Filling up the DagBag from /home/airflow/.local/lib/python3.12/site-packages/airflow/example_dags/example_latest_only.py
[2024-07-11T18:03:31.290+0000] {processor.py:840} INFO - DAG(s) 'latest_only' retrieved from /home/airflow/.local/lib/python3.12/site-packages/airflow/example_dags/example_latest_only.py
[2024-07-11T18:03:31.324+0000] {logging_mixin.py:188} INFO - [2024-07-11T18:03:31.324+0000] {dag.py:3096} INFO - Sync 1 DAGs
[2024-07-11T18:03:31.364+0000] {logging_mixin.py:188} INFO - [2024-07-11T18:03:31.363+0000] {dag.py:3954} INFO - Setting next_dagrun for latest_only to 2024-07-11 12:00:00+00:00, run_after=2024-07-11 16:00:00+00:00
[2024-07-11T18:03:31.398+0000] {processor.py:183} INFO - Processing /home/airflow/.local/lib/python3.12/site-packages/airflow/example_dags/example_latest_only.py took 0.130 seconds
[2024-07-11T18:04:01.500+0000] {processor.py:161} INFO - Started process (PID=803) to work on /home/airflow/.local/lib/python3.12/site-packages/airflow/example_dags/example_latest_only.py
[2024-07-11T18:04:01.501+0000] {processor.py:830} INFO - Processing file /home/airflow/.local/lib/python3.12/site-packages/airflow/example_dags/example_latest_only.py for tasks to queue
[2024-07-11T18:04:01.504+0000] {logging_mixin.py:188} INFO - [2024-07-11T18:04:01.503+0000] {dagbag.py:545} INFO - Filling up the DagBag from /home/airflow/.local/lib/python3.12/site-packages/airflow/example_dags/example_latest_only.py
[2024-07-11T18:04:01.512+0000] {processor.py:840} INFO - DAG(s) 'latest_only' retrieved from /home/airflow/.local/lib/python3.12/site-packages/airflow/example_dags/example_latest_only.py
[2024-07-11T18:04:01.540+0000] {logging_mixin.py:188} INFO - [2024-07-11T18:04:01.540+0000] {dag.py:3096} INFO - Sync 1 DAGs
[2024-07-11T18:04:01.573+0000] {logging_mixin.py:188} INFO - [2024-07-11T18:04:01.572+0000] {dag.py:3954} INFO - Setting next_dagrun for latest_only to 2024-07-11 12:00:00+00:00, run_after=2024-07-11 16:00:00+00:00
[2024-07-11T18:04:01.601+0000] {processor.py:183} INFO - Processing /home/airflow/.local/lib/python3.12/site-packages/airflow/example_dags/example_latest_only.py took 0.109 seconds
[2024-07-11T18:04:31.770+0000] {processor.py:161} INFO - Started process (PID=861) to work on /home/airflow/.local/lib/python3.12/site-packages/airflow/example_dags/example_latest_only.py
[2024-07-11T18:04:31.772+0000] {processor.py:830} INFO - Processing file /home/airflow/.local/lib/python3.12/site-packages/airflow/example_dags/example_latest_only.py for tasks to queue
[2024-07-11T18:04:31.774+0000] {logging_mixin.py:188} INFO - [2024-07-11T18:04:31.773+0000] {dagbag.py:545} INFO - Filling up the DagBag from /home/airflow/.local/lib/python3.12/site-packages/airflow/example_dags/example_latest_only.py
[2024-07-11T18:04:31.779+0000] {processor.py:840} INFO - DAG(s) 'latest_only' retrieved from /home/airflow/.local/lib/python3.12/site-packages/airflow/example_dags/example_latest_only.py
[2024-07-11T18:04:31.803+0000] {logging_mixin.py:188} INFO - [2024-07-11T18:04:31.803+0000] {dag.py:3096} INFO - Sync 1 DAGs
[2024-07-11T18:04:31.831+0000] {logging_mixin.py:188} INFO - [2024-07-11T18:04:31.831+0000] {dag.py:3954} INFO - Setting next_dagrun for latest_only to 2024-07-11 12:00:00+00:00, run_after=2024-07-11 16:00:00+00:00
[2024-07-11T18:04:31.857+0000] {processor.py:183} INFO - Processing /home/airflow/.local/lib/python3.12/site-packages/airflow/example_dags/example_latest_only.py took 0.094 seconds
[2024-07-11T18:05:02.047+0000] {processor.py:161} INFO - Started process (PID=919) to work on /home/airflow/.local/lib/python3.12/site-packages/airflow/example_dags/example_latest_only.py
[2024-07-11T18:05:02.049+0000] {processor.py:830} INFO - Processing file /home/airflow/.local/lib/python3.12/site-packages/airflow/example_dags/example_latest_only.py for tasks to queue
[2024-07-11T18:05:02.052+0000] {logging_mixin.py:188} INFO - [2024-07-11T18:05:02.051+0000] {dagbag.py:545} INFO - Filling up the DagBag from /home/airflow/.local/lib/python3.12/site-packages/airflow/example_dags/example_latest_only.py
[2024-07-11T18:05:02.060+0000] {processor.py:840} INFO - DAG(s) 'latest_only' retrieved from /home/airflow/.local/lib/python3.12/site-packages/airflow/example_dags/example_latest_only.py
[2024-07-11T18:05:02.094+0000] {logging_mixin.py:188} INFO - [2024-07-11T18:05:02.093+0000] {dag.py:3096} INFO - Sync 1 DAGs
[2024-07-11T18:05:02.140+0000] {logging_mixin.py:188} INFO - [2024-07-11T18:05:02.140+0000] {dag.py:3954} INFO - Setting next_dagrun for latest_only to 2024-07-11 12:00:00+00:00, run_after=2024-07-11 16:00:00+00:00
[2024-07-11T18:05:02.173+0000] {processor.py:183} INFO - Processing /home/airflow/.local/lib/python3.12/site-packages/airflow/example_dags/example_latest_only.py took 0.138 seconds
[2024-07-11T18:05:32.996+0000] {processor.py:161} INFO - Started process (PID=978) to work on /home/airflow/.local/lib/python3.12/site-packages/airflow/example_dags/example_latest_only.py
[2024-07-11T18:05:32.997+0000] {processor.py:830} INFO - Processing file /home/airflow/.local/lib/python3.12/site-packages/airflow/example_dags/example_latest_only.py for tasks to queue
[2024-07-11T18:05:33.000+0000] {logging_mixin.py:188} INFO - [2024-07-11T18:05:32.999+0000] {dagbag.py:545} INFO - Filling up the DagBag from /home/airflow/.local/lib/python3.12/site-packages/airflow/example_dags/example_latest_only.py
[2024-07-11T18:05:33.006+0000] {processor.py:840} INFO - DAG(s) 'latest_only' retrieved from /home/airflow/.local/lib/python3.12/site-packages/airflow/example_dags/example_latest_only.py
[2024-07-11T18:05:33.030+0000] {logging_mixin.py:188} INFO - [2024-07-11T18:05:33.030+0000] {dag.py:3096} INFO - Sync 1 DAGs
[2024-07-11T18:05:33.059+0000] {logging_mixin.py:188} INFO - [2024-07-11T18:05:33.059+0000] {dag.py:3954} INFO - Setting next_dagrun for latest_only to 2024-07-11 12:00:00+00:00, run_after=2024-07-11 16:00:00+00:00
[2024-07-11T18:05:33.088+0000] {processor.py:183} INFO - Processing /home/airflow/.local/lib/python3.12/site-packages/airflow/example_dags/example_latest_only.py took 0.101 seconds
[2024-07-11T18:06:03.656+0000] {processor.py:161} INFO - Started process (PID=1036) to work on /home/airflow/.local/lib/python3.12/site-packages/airflow/example_dags/example_latest_only.py
[2024-07-11T18:06:03.657+0000] {processor.py:830} INFO - Processing file /home/airflow/.local/lib/python3.12/site-packages/airflow/example_dags/example_latest_only.py for tasks to queue
[2024-07-11T18:06:03.659+0000] {logging_mixin.py:188} INFO - [2024-07-11T18:06:03.659+0000] {dagbag.py:545} INFO - Filling up the DagBag from /home/airflow/.local/lib/python3.12/site-packages/airflow/example_dags/example_latest_only.py
[2024-07-11T18:06:03.665+0000] {processor.py:840} INFO - DAG(s) 'latest_only' retrieved from /home/airflow/.local/lib/python3.12/site-packages/airflow/example_dags/example_latest_only.py
[2024-07-11T18:06:03.690+0000] {logging_mixin.py:188} INFO - [2024-07-11T18:06:03.690+0000] {dag.py:3096} INFO - Sync 1 DAGs
[2024-07-11T18:06:03.721+0000] {logging_mixin.py:188} INFO - [2024-07-11T18:06:03.720+0000] {dag.py:3954} INFO - Setting next_dagrun for latest_only to 2024-07-11 12:00:00+00:00, run_after=2024-07-11 16:00:00+00:00
[2024-07-11T18:06:03.749+0000] {processor.py:183} INFO - Processing /home/airflow/.local/lib/python3.12/site-packages/airflow/example_dags/example_latest_only.py took 0.100 seconds
[2024-07-11T18:06:34.792+0000] {processor.py:161} INFO - Started process (PID=1094) to work on /home/airflow/.local/lib/python3.12/site-packages/airflow/example_dags/example_latest_only.py
[2024-07-11T18:06:34.793+0000] {processor.py:830} INFO - Processing file /home/airflow/.local/lib/python3.12/site-packages/airflow/example_dags/example_latest_only.py for tasks to queue
[2024-07-11T18:06:34.796+0000] {logging_mixin.py:188} INFO - [2024-07-11T18:06:34.796+0000] {dagbag.py:545} INFO - Filling up the DagBag from /home/airflow/.local/lib/python3.12/site-packages/airflow/example_dags/example_latest_only.py
[2024-07-11T18:06:34.804+0000] {processor.py:840} INFO - DAG(s) 'latest_only' retrieved from /home/airflow/.local/lib/python3.12/site-packages/airflow/example_dags/example_latest_only.py
[2024-07-11T18:06:34.840+0000] {logging_mixin.py:188} INFO - [2024-07-11T18:06:34.839+0000] {dag.py:3096} INFO - Sync 1 DAGs
[2024-07-11T18:06:34.875+0000] {logging_mixin.py:188} INFO - [2024-07-11T18:06:34.874+0000] {dag.py:3954} INFO - Setting next_dagrun for latest_only to 2024-07-11 12:00:00+00:00, run_after=2024-07-11 16:00:00+00:00
[2024-07-11T18:06:34.907+0000] {processor.py:183} INFO - Processing /home/airflow/.local/lib/python3.12/site-packages/airflow/example_dags/example_latest_only.py took 0.125 seconds
[2024-07-11T18:07:05.771+0000] {processor.py:161} INFO - Started process (PID=1152) to work on /home/airflow/.local/lib/python3.12/site-packages/airflow/example_dags/example_latest_only.py
[2024-07-11T18:07:05.772+0000] {processor.py:830} INFO - Processing file /home/airflow/.local/lib/python3.12/site-packages/airflow/example_dags/example_latest_only.py for tasks to queue
[2024-07-11T18:07:05.775+0000] {logging_mixin.py:188} INFO - [2024-07-11T18:07:05.774+0000] {dagbag.py:545} INFO - Filling up the DagBag from /home/airflow/.local/lib/python3.12/site-packages/airflow/example_dags/example_latest_only.py
[2024-07-11T18:07:05.781+0000] {processor.py:840} INFO - DAG(s) 'latest_only' retrieved from /home/airflow/.local/lib/python3.12/site-packages/airflow/example_dags/example_latest_only.py
[2024-07-11T18:07:05.809+0000] {logging_mixin.py:188} INFO - [2024-07-11T18:07:05.808+0000] {dag.py:3096} INFO - Sync 1 DAGs
[2024-07-11T18:07:05.840+0000] {logging_mixin.py:188} INFO - [2024-07-11T18:07:05.840+0000] {dag.py:3954} INFO - Setting next_dagrun for latest_only to 2024-07-11 12:00:00+00:00, run_after=2024-07-11 16:00:00+00:00
[2024-07-11T18:07:05.869+0000] {processor.py:183} INFO - Processing /home/airflow/.local/lib/python3.12/site-packages/airflow/example_dags/example_latest_only.py took 0.107 seconds
[2024-07-11T18:07:36.513+0000] {processor.py:161} INFO - Started process (PID=1211) to work on /home/airflow/.local/lib/python3.12/site-packages/airflow/example_dags/example_latest_only.py
[2024-07-11T18:07:36.514+0000] {processor.py:830} INFO - Processing file /home/airflow/.local/lib/python3.12/site-packages/airflow/example_dags/example_latest_only.py for tasks to queue
[2024-07-11T18:07:36.517+0000] {logging_mixin.py:188} INFO - [2024-07-11T18:07:36.516+0000] {dagbag.py:545} INFO - Filling up the DagBag from /home/airflow/.local/lib/python3.12/site-packages/airflow/example_dags/example_latest_only.py
[2024-07-11T18:07:36.522+0000] {processor.py:840} INFO - DAG(s) 'latest_only' retrieved from /home/airflow/.local/lib/python3.12/site-packages/airflow/example_dags/example_latest_only.py
[2024-07-11T18:07:36.546+0000] {logging_mixin.py:188} INFO - [2024-07-11T18:07:36.546+0000] {dag.py:3096} INFO - Sync 1 DAGs
[2024-07-11T18:07:36.576+0000] {logging_mixin.py:188} INFO - [2024-07-11T18:07:36.576+0000] {dag.py:3954} INFO - Setting next_dagrun for latest_only to 2024-07-11 12:00:00+00:00, run_after=2024-07-11 16:00:00+00:00
[2024-07-11T18:07:36.604+0000] {processor.py:183} INFO - Processing /home/airflow/.local/lib/python3.12/site-packages/airflow/example_dags/example_latest_only.py took 0.098 seconds
[2024-07-11T18:08:07.127+0000] {processor.py:161} INFO - Started process (PID=1269) to work on /home/airflow/.local/lib/python3.12/site-packages/airflow/example_dags/example_latest_only.py
[2024-07-11T18:08:07.128+0000] {processor.py:830} INFO - Processing file /home/airflow/.local/lib/python3.12/site-packages/airflow/example_dags/example_latest_only.py for tasks to queue
[2024-07-11T18:08:07.130+0000] {logging_mixin.py:188} INFO - [2024-07-11T18:08:07.130+0000] {dagbag.py:545} INFO - Filling up the DagBag from /home/airflow/.local/lib/python3.12/site-packages/airflow/example_dags/example_latest_only.py
[2024-07-11T18:08:07.136+0000] {processor.py:840} INFO - DAG(s) 'latest_only' retrieved from /home/airflow/.local/lib/python3.12/site-packages/airflow/example_dags/example_latest_only.py
[2024-07-11T18:08:07.160+0000] {logging_mixin.py:188} INFO - [2024-07-11T18:08:07.159+0000] {dag.py:3096} INFO - Sync 1 DAGs
[2024-07-11T18:08:07.192+0000] {logging_mixin.py:188} INFO - [2024-07-11T18:08:07.192+0000] {dag.py:3954} INFO - Setting next_dagrun for latest_only to 2024-07-11 12:00:00+00:00, run_after=2024-07-11 16:00:00+00:00
[2024-07-11T18:08:07.225+0000] {processor.py:183} INFO - Processing /home/airflow/.local/lib/python3.12/site-packages/airflow/example_dags/example_latest_only.py took 0.105 seconds
[2024-07-11T18:08:37.804+0000] {processor.py:161} INFO - Started process (PID=1327) to work on /home/airflow/.local/lib/python3.12/site-packages/airflow/example_dags/example_latest_only.py
[2024-07-11T18:08:37.805+0000] {processor.py:830} INFO - Processing file /home/airflow/.local/lib/python3.12/site-packages/airflow/example_dags/example_latest_only.py for tasks to queue
[2024-07-11T18:08:37.807+0000] {logging_mixin.py:188} INFO - [2024-07-11T18:08:37.807+0000] {dagbag.py:545} INFO - Filling up the DagBag from /home/airflow/.local/lib/python3.12/site-packages/airflow/example_dags/example_latest_only.py
[2024-07-11T18:08:37.813+0000] {processor.py:840} INFO - DAG(s) 'latest_only' retrieved from /home/airflow/.local/lib/python3.12/site-packages/airflow/example_dags/example_latest_only.py
[2024-07-11T18:08:37.838+0000] {logging_mixin.py:188} INFO - [2024-07-11T18:08:37.837+0000] {dag.py:3096} INFO - Sync 1 DAGs
[2024-07-11T18:08:37.867+0000] {logging_mixin.py:188} INFO - [2024-07-11T18:08:37.867+0000] {dag.py:3954} INFO - Setting next_dagrun for latest_only to 2024-07-11 12:00:00+00:00, run_after=2024-07-11 16:00:00+00:00
[2024-07-11T18:08:37.895+0000] {processor.py:183} INFO - Processing /home/airflow/.local/lib/python3.12/site-packages/airflow/example_dags/example_latest_only.py took 0.098 seconds
[2024-07-11T18:09:08.448+0000] {processor.py:161} INFO - Started process (PID=1385) to work on /home/airflow/.local/lib/python3.12/site-packages/airflow/example_dags/example_latest_only.py
[2024-07-11T18:09:08.449+0000] {processor.py:830} INFO - Processing file /home/airflow/.local/lib/python3.12/site-packages/airflow/example_dags/example_latest_only.py for tasks to queue
[2024-07-11T18:09:08.452+0000] {logging_mixin.py:188} INFO - [2024-07-11T18:09:08.451+0000] {dagbag.py:545} INFO - Filling up the DagBag from /home/airflow/.local/lib/python3.12/site-packages/airflow/example_dags/example_latest_only.py
[2024-07-11T18:09:08.457+0000] {processor.py:840} INFO - DAG(s) 'latest_only' retrieved from /home/airflow/.local/lib/python3.12/site-packages/airflow/example_dags/example_latest_only.py
[2024-07-11T18:09:08.481+0000] {logging_mixin.py:188} INFO - [2024-07-11T18:09:08.480+0000] {dag.py:3096} INFO - Sync 1 DAGs
[2024-07-11T18:09:08.510+0000] {logging_mixin.py:188} INFO - [2024-07-11T18:09:08.510+0000] {dag.py:3954} INFO - Setting next_dagrun for latest_only to 2024-07-11 12:00:00+00:00, run_after=2024-07-11 16:00:00+00:00
[2024-07-11T18:09:08.539+0000] {processor.py:183} INFO - Processing /home/airflow/.local/lib/python3.12/site-packages/airflow/example_dags/example_latest_only.py took 0.098 seconds
