[2024-07-11T17:57:46.137+0000] {processor.py:161} INFO - Started process (PID=69) to work on /home/airflow/.local/lib/python3.12/site-packages/airflow/example_dags/example_time_delta_sensor_async.py
[2024-07-11T17:57:46.139+0000] {processor.py:830} INFO - Processing file /home/airflow/.local/lib/python3.12/site-packages/airflow/example_dags/example_time_delta_sensor_async.py for tasks to queue
[2024-07-11T17:57:46.143+0000] {logging_mixin.py:188} INFO - [2024-07-11T17:57:46.142+0000] {dagbag.py:545} INFO - Filling up the DagBag from /home/airflow/.local/lib/python3.12/site-packages/airflow/example_dags/example_time_delta_sensor_async.py
[2024-07-11T17:57:46.162+0000] {processor.py:840} INFO - DAG(s) 'example_time_delta_sensor_async' retrieved from /home/airflow/.local/lib/python3.12/site-packages/airflow/example_dags/example_time_delta_sensor_async.py
[2024-07-11T17:57:46.412+0000] {logging_mixin.py:188} INFO - [2024-07-11T17:57:46.411+0000] {dag.py:3096} INFO - Sync 1 DAGs
[2024-07-11T17:57:46.450+0000] {logging_mixin.py:188} INFO - [2024-07-11T17:57:46.450+0000] {dag.py:3954} INFO - Setting next_dagrun for example_time_delta_sensor_async to None, run_after=None
[2024-07-11T17:57:46.495+0000] {processor.py:183} INFO - Processing /home/airflow/.local/lib/python3.12/site-packages/airflow/example_dags/example_time_delta_sensor_async.py took 0.373 seconds
[2024-07-11T17:58:16.727+0000] {processor.py:161} INFO - Started process (PID=126) to work on /home/airflow/.local/lib/python3.12/site-packages/airflow/example_dags/example_time_delta_sensor_async.py
[2024-07-11T17:58:16.728+0000] {processor.py:830} INFO - Processing file /home/airflow/.local/lib/python3.12/site-packages/airflow/example_dags/example_time_delta_sensor_async.py for tasks to queue
[2024-07-11T17:58:16.731+0000] {logging_mixin.py:188} INFO - [2024-07-11T17:58:16.730+0000] {dagbag.py:545} INFO - Filling up the DagBag from /home/airflow/.local/lib/python3.12/site-packages/airflow/example_dags/example_time_delta_sensor_async.py
[2024-07-11T17:58:16.736+0000] {processor.py:840} INFO - DAG(s) 'example_time_delta_sensor_async' retrieved from /home/airflow/.local/lib/python3.12/site-packages/airflow/example_dags/example_time_delta_sensor_async.py
[2024-07-11T17:58:16.759+0000] {logging_mixin.py:188} INFO - [2024-07-11T17:58:16.759+0000] {dag.py:3096} INFO - Sync 1 DAGs
[2024-07-11T17:58:16.777+0000] {logging_mixin.py:188} INFO - [2024-07-11T17:58:16.776+0000] {dag.py:3954} INFO - Setting next_dagrun for example_time_delta_sensor_async to None, run_after=None
[2024-07-11T17:58:16.802+0000] {processor.py:183} INFO - Processing /home/airflow/.local/lib/python3.12/site-packages/airflow/example_dags/example_time_delta_sensor_async.py took 0.083 seconds
[2024-07-11T17:58:47.077+0000] {processor.py:161} INFO - Started process (PID=185) to work on /home/airflow/.local/lib/python3.12/site-packages/airflow/example_dags/example_time_delta_sensor_async.py
[2024-07-11T17:58:47.078+0000] {processor.py:830} INFO - Processing file /home/airflow/.local/lib/python3.12/site-packages/airflow/example_dags/example_time_delta_sensor_async.py for tasks to queue
[2024-07-11T17:58:47.081+0000] {logging_mixin.py:188} INFO - [2024-07-11T17:58:47.080+0000] {dagbag.py:545} INFO - Filling up the DagBag from /home/airflow/.local/lib/python3.12/site-packages/airflow/example_dags/example_time_delta_sensor_async.py
[2024-07-11T17:58:47.086+0000] {processor.py:840} INFO - DAG(s) 'example_time_delta_sensor_async' retrieved from /home/airflow/.local/lib/python3.12/site-packages/airflow/example_dags/example_time_delta_sensor_async.py
[2024-07-11T17:58:47.107+0000] {logging_mixin.py:188} INFO - [2024-07-11T17:58:47.107+0000] {dag.py:3096} INFO - Sync 1 DAGs
[2024-07-11T17:58:47.124+0000] {logging_mixin.py:188} INFO - [2024-07-11T17:58:47.124+0000] {dag.py:3954} INFO - Setting next_dagrun for example_time_delta_sensor_async to None, run_after=None
[2024-07-11T17:58:47.155+0000] {processor.py:183} INFO - Processing /home/airflow/.local/lib/python3.12/site-packages/airflow/example_dags/example_time_delta_sensor_async.py took 0.085 seconds
[2024-07-11T17:59:17.378+0000] {processor.py:161} INFO - Started process (PID=243) to work on /home/airflow/.local/lib/python3.12/site-packages/airflow/example_dags/example_time_delta_sensor_async.py
[2024-07-11T17:59:17.380+0000] {processor.py:830} INFO - Processing file /home/airflow/.local/lib/python3.12/site-packages/airflow/example_dags/example_time_delta_sensor_async.py for tasks to queue
[2024-07-11T17:59:17.382+0000] {logging_mixin.py:188} INFO - [2024-07-11T17:59:17.382+0000] {dagbag.py:545} INFO - Filling up the DagBag from /home/airflow/.local/lib/python3.12/site-packages/airflow/example_dags/example_time_delta_sensor_async.py
[2024-07-11T17:59:17.388+0000] {processor.py:840} INFO - DAG(s) 'example_time_delta_sensor_async' retrieved from /home/airflow/.local/lib/python3.12/site-packages/airflow/example_dags/example_time_delta_sensor_async.py
[2024-07-11T17:59:17.414+0000] {logging_mixin.py:188} INFO - [2024-07-11T17:59:17.414+0000] {dag.py:3096} INFO - Sync 1 DAGs
[2024-07-11T17:59:17.434+0000] {logging_mixin.py:188} INFO - [2024-07-11T17:59:17.434+0000] {dag.py:3954} INFO - Setting next_dagrun for example_time_delta_sensor_async to None, run_after=None
[2024-07-11T17:59:17.465+0000] {processor.py:183} INFO - Processing /home/airflow/.local/lib/python3.12/site-packages/airflow/example_dags/example_time_delta_sensor_async.py took 0.094 seconds
[2024-07-11T17:59:47.871+0000] {processor.py:161} INFO - Started process (PID=301) to work on /home/airflow/.local/lib/python3.12/site-packages/airflow/example_dags/example_time_delta_sensor_async.py
[2024-07-11T17:59:47.872+0000] {processor.py:830} INFO - Processing file /home/airflow/.local/lib/python3.12/site-packages/airflow/example_dags/example_time_delta_sensor_async.py for tasks to queue
[2024-07-11T17:59:47.875+0000] {logging_mixin.py:188} INFO - [2024-07-11T17:59:47.874+0000] {dagbag.py:545} INFO - Filling up the DagBag from /home/airflow/.local/lib/python3.12/site-packages/airflow/example_dags/example_time_delta_sensor_async.py
[2024-07-11T17:59:47.881+0000] {processor.py:840} INFO - DAG(s) 'example_time_delta_sensor_async' retrieved from /home/airflow/.local/lib/python3.12/site-packages/airflow/example_dags/example_time_delta_sensor_async.py
[2024-07-11T17:59:47.909+0000] {logging_mixin.py:188} INFO - [2024-07-11T17:59:47.908+0000] {dag.py:3096} INFO - Sync 1 DAGs
[2024-07-11T17:59:47.931+0000] {logging_mixin.py:188} INFO - [2024-07-11T17:59:47.931+0000] {dag.py:3954} INFO - Setting next_dagrun for example_time_delta_sensor_async to None, run_after=None
[2024-07-11T17:59:47.962+0000] {processor.py:183} INFO - Processing /home/airflow/.local/lib/python3.12/site-packages/airflow/example_dags/example_time_delta_sensor_async.py took 0.101 seconds
[2024-07-11T18:00:18.410+0000] {processor.py:161} INFO - Started process (PID=359) to work on /home/airflow/.local/lib/python3.12/site-packages/airflow/example_dags/example_time_delta_sensor_async.py
[2024-07-11T18:00:18.414+0000] {processor.py:830} INFO - Processing file /home/airflow/.local/lib/python3.12/site-packages/airflow/example_dags/example_time_delta_sensor_async.py for tasks to queue
[2024-07-11T18:00:18.419+0000] {logging_mixin.py:188} INFO - [2024-07-11T18:00:18.418+0000] {dagbag.py:545} INFO - Filling up the DagBag from /home/airflow/.local/lib/python3.12/site-packages/airflow/example_dags/example_time_delta_sensor_async.py
[2024-07-11T18:00:18.427+0000] {processor.py:840} INFO - DAG(s) 'example_time_delta_sensor_async' retrieved from /home/airflow/.local/lib/python3.12/site-packages/airflow/example_dags/example_time_delta_sensor_async.py
[2024-07-11T18:00:18.453+0000] {logging_mixin.py:188} INFO - [2024-07-11T18:00:18.453+0000] {dag.py:3096} INFO - Sync 1 DAGs
[2024-07-11T18:00:18.476+0000] {logging_mixin.py:188} INFO - [2024-07-11T18:00:18.476+0000] {dag.py:3954} INFO - Setting next_dagrun for example_time_delta_sensor_async to None, run_after=None
[2024-07-11T18:00:18.508+0000] {processor.py:183} INFO - Processing /home/airflow/.local/lib/python3.12/site-packages/airflow/example_dags/example_time_delta_sensor_async.py took 0.106 seconds
[2024-07-11T18:00:48.628+0000] {processor.py:161} INFO - Started process (PID=417) to work on /home/airflow/.local/lib/python3.12/site-packages/airflow/example_dags/example_time_delta_sensor_async.py
[2024-07-11T18:00:48.629+0000] {processor.py:830} INFO - Processing file /home/airflow/.local/lib/python3.12/site-packages/airflow/example_dags/example_time_delta_sensor_async.py for tasks to queue
[2024-07-11T18:00:48.632+0000] {logging_mixin.py:188} INFO - [2024-07-11T18:00:48.631+0000] {dagbag.py:545} INFO - Filling up the DagBag from /home/airflow/.local/lib/python3.12/site-packages/airflow/example_dags/example_time_delta_sensor_async.py
[2024-07-11T18:00:48.638+0000] {processor.py:840} INFO - DAG(s) 'example_time_delta_sensor_async' retrieved from /home/airflow/.local/lib/python3.12/site-packages/airflow/example_dags/example_time_delta_sensor_async.py
[2024-07-11T18:00:48.668+0000] {logging_mixin.py:188} INFO - [2024-07-11T18:00:48.667+0000] {dag.py:3096} INFO - Sync 1 DAGs
[2024-07-11T18:00:48.696+0000] {logging_mixin.py:188} INFO - [2024-07-11T18:00:48.696+0000] {dag.py:3954} INFO - Setting next_dagrun for example_time_delta_sensor_async to None, run_after=None
[2024-07-11T18:00:48.740+0000] {processor.py:183} INFO - Processing /home/airflow/.local/lib/python3.12/site-packages/airflow/example_dags/example_time_delta_sensor_async.py took 0.121 seconds
[2024-07-11T18:01:18.954+0000] {processor.py:161} INFO - Started process (PID=475) to work on /home/airflow/.local/lib/python3.12/site-packages/airflow/example_dags/example_time_delta_sensor_async.py
[2024-07-11T18:01:18.956+0000] {processor.py:830} INFO - Processing file /home/airflow/.local/lib/python3.12/site-packages/airflow/example_dags/example_time_delta_sensor_async.py for tasks to queue
[2024-07-11T18:01:18.958+0000] {logging_mixin.py:188} INFO - [2024-07-11T18:01:18.957+0000] {dagbag.py:545} INFO - Filling up the DagBag from /home/airflow/.local/lib/python3.12/site-packages/airflow/example_dags/example_time_delta_sensor_async.py
[2024-07-11T18:01:18.963+0000] {processor.py:840} INFO - DAG(s) 'example_time_delta_sensor_async' retrieved from /home/airflow/.local/lib/python3.12/site-packages/airflow/example_dags/example_time_delta_sensor_async.py
[2024-07-11T18:01:18.984+0000] {logging_mixin.py:188} INFO - [2024-07-11T18:01:18.984+0000] {dag.py:3096} INFO - Sync 1 DAGs
[2024-07-11T18:01:19.000+0000] {logging_mixin.py:188} INFO - [2024-07-11T18:01:18.999+0000] {dag.py:3954} INFO - Setting next_dagrun for example_time_delta_sensor_async to None, run_after=None
[2024-07-11T18:01:19.026+0000] {processor.py:183} INFO - Processing /home/airflow/.local/lib/python3.12/site-packages/airflow/example_dags/example_time_delta_sensor_async.py took 0.078 seconds
[2024-07-11T18:01:49.115+0000] {processor.py:161} INFO - Started process (PID=533) to work on /home/airflow/.local/lib/python3.12/site-packages/airflow/example_dags/example_time_delta_sensor_async.py
[2024-07-11T18:01:49.116+0000] {processor.py:830} INFO - Processing file /home/airflow/.local/lib/python3.12/site-packages/airflow/example_dags/example_time_delta_sensor_async.py for tasks to queue
[2024-07-11T18:01:49.118+0000] {logging_mixin.py:188} INFO - [2024-07-11T18:01:49.118+0000] {dagbag.py:545} INFO - Filling up the DagBag from /home/airflow/.local/lib/python3.12/site-packages/airflow/example_dags/example_time_delta_sensor_async.py
[2024-07-11T18:01:49.124+0000] {processor.py:840} INFO - DAG(s) 'example_time_delta_sensor_async' retrieved from /home/airflow/.local/lib/python3.12/site-packages/airflow/example_dags/example_time_delta_sensor_async.py
[2024-07-11T18:01:49.146+0000] {logging_mixin.py:188} INFO - [2024-07-11T18:01:49.145+0000] {dag.py:3096} INFO - Sync 1 DAGs
[2024-07-11T18:01:49.162+0000] {logging_mixin.py:188} INFO - [2024-07-11T18:01:49.162+0000] {dag.py:3954} INFO - Setting next_dagrun for example_time_delta_sensor_async to None, run_after=None
[2024-07-11T18:01:49.188+0000] {processor.py:183} INFO - Processing /home/airflow/.local/lib/python3.12/site-packages/airflow/example_dags/example_time_delta_sensor_async.py took 0.080 seconds
[2024-07-11T18:02:19.417+0000] {processor.py:161} INFO - Started process (PID=591) to work on /home/airflow/.local/lib/python3.12/site-packages/airflow/example_dags/example_time_delta_sensor_async.py
[2024-07-11T18:02:19.418+0000] {processor.py:830} INFO - Processing file /home/airflow/.local/lib/python3.12/site-packages/airflow/example_dags/example_time_delta_sensor_async.py for tasks to queue
[2024-07-11T18:02:19.421+0000] {logging_mixin.py:188} INFO - [2024-07-11T18:02:19.420+0000] {dagbag.py:545} INFO - Filling up the DagBag from /home/airflow/.local/lib/python3.12/site-packages/airflow/example_dags/example_time_delta_sensor_async.py
[2024-07-11T18:02:19.427+0000] {processor.py:840} INFO - DAG(s) 'example_time_delta_sensor_async' retrieved from /home/airflow/.local/lib/python3.12/site-packages/airflow/example_dags/example_time_delta_sensor_async.py
[2024-07-11T18:02:19.451+0000] {logging_mixin.py:188} INFO - [2024-07-11T18:02:19.451+0000] {dag.py:3096} INFO - Sync 1 DAGs
[2024-07-11T18:02:19.469+0000] {logging_mixin.py:188} INFO - [2024-07-11T18:02:19.469+0000] {dag.py:3954} INFO - Setting next_dagrun for example_time_delta_sensor_async to None, run_after=None
[2024-07-11T18:02:19.495+0000] {processor.py:183} INFO - Processing /home/airflow/.local/lib/python3.12/site-packages/airflow/example_dags/example_time_delta_sensor_async.py took 0.085 seconds
[2024-07-11T18:02:49.782+0000] {processor.py:161} INFO - Started process (PID=649) to work on /home/airflow/.local/lib/python3.12/site-packages/airflow/example_dags/example_time_delta_sensor_async.py
[2024-07-11T18:02:49.783+0000] {processor.py:830} INFO - Processing file /home/airflow/.local/lib/python3.12/site-packages/airflow/example_dags/example_time_delta_sensor_async.py for tasks to queue
[2024-07-11T18:02:49.785+0000] {logging_mixin.py:188} INFO - [2024-07-11T18:02:49.785+0000] {dagbag.py:545} INFO - Filling up the DagBag from /home/airflow/.local/lib/python3.12/site-packages/airflow/example_dags/example_time_delta_sensor_async.py
[2024-07-11T18:02:49.791+0000] {processor.py:840} INFO - DAG(s) 'example_time_delta_sensor_async' retrieved from /home/airflow/.local/lib/python3.12/site-packages/airflow/example_dags/example_time_delta_sensor_async.py
[2024-07-11T18:02:49.815+0000] {logging_mixin.py:188} INFO - [2024-07-11T18:02:49.815+0000] {dag.py:3096} INFO - Sync 1 DAGs
[2024-07-11T18:02:49.834+0000] {logging_mixin.py:188} INFO - [2024-07-11T18:02:49.833+0000] {dag.py:3954} INFO - Setting next_dagrun for example_time_delta_sensor_async to None, run_after=None
[2024-07-11T18:02:49.863+0000] {processor.py:183} INFO - Processing /home/airflow/.local/lib/python3.12/site-packages/airflow/example_dags/example_time_delta_sensor_async.py took 0.088 seconds
[2024-07-11T18:03:20.253+0000] {processor.py:161} INFO - Started process (PID=707) to work on /home/airflow/.local/lib/python3.12/site-packages/airflow/example_dags/example_time_delta_sensor_async.py
[2024-07-11T18:03:20.254+0000] {processor.py:830} INFO - Processing file /home/airflow/.local/lib/python3.12/site-packages/airflow/example_dags/example_time_delta_sensor_async.py for tasks to queue
[2024-07-11T18:03:20.256+0000] {logging_mixin.py:188} INFO - [2024-07-11T18:03:20.256+0000] {dagbag.py:545} INFO - Filling up the DagBag from /home/airflow/.local/lib/python3.12/site-packages/airflow/example_dags/example_time_delta_sensor_async.py
[2024-07-11T18:03:20.262+0000] {processor.py:840} INFO - DAG(s) 'example_time_delta_sensor_async' retrieved from /home/airflow/.local/lib/python3.12/site-packages/airflow/example_dags/example_time_delta_sensor_async.py
[2024-07-11T18:03:20.285+0000] {logging_mixin.py:188} INFO - [2024-07-11T18:03:20.285+0000] {dag.py:3096} INFO - Sync 1 DAGs
[2024-07-11T18:03:20.303+0000] {logging_mixin.py:188} INFO - [2024-07-11T18:03:20.303+0000] {dag.py:3954} INFO - Setting next_dagrun for example_time_delta_sensor_async to None, run_after=None
[2024-07-11T18:03:20.332+0000] {processor.py:183} INFO - Processing /home/airflow/.local/lib/python3.12/site-packages/airflow/example_dags/example_time_delta_sensor_async.py took 0.085 seconds
[2024-07-11T18:03:51.208+0000] {processor.py:161} INFO - Started process (PID=765) to work on /home/airflow/.local/lib/python3.12/site-packages/airflow/example_dags/example_time_delta_sensor_async.py
[2024-07-11T18:03:51.209+0000] {processor.py:830} INFO - Processing file /home/airflow/.local/lib/python3.12/site-packages/airflow/example_dags/example_time_delta_sensor_async.py for tasks to queue
[2024-07-11T18:03:51.212+0000] {logging_mixin.py:188} INFO - [2024-07-11T18:03:51.211+0000] {dagbag.py:545} INFO - Filling up the DagBag from /home/airflow/.local/lib/python3.12/site-packages/airflow/example_dags/example_time_delta_sensor_async.py
[2024-07-11T18:03:51.218+0000] {processor.py:840} INFO - DAG(s) 'example_time_delta_sensor_async' retrieved from /home/airflow/.local/lib/python3.12/site-packages/airflow/example_dags/example_time_delta_sensor_async.py
[2024-07-11T18:03:51.247+0000] {logging_mixin.py:188} INFO - [2024-07-11T18:03:51.247+0000] {dag.py:3096} INFO - Sync 1 DAGs
[2024-07-11T18:03:51.267+0000] {logging_mixin.py:188} INFO - [2024-07-11T18:03:51.266+0000] {dag.py:3954} INFO - Setting next_dagrun for example_time_delta_sensor_async to None, run_after=None
[2024-07-11T18:03:51.298+0000] {processor.py:183} INFO - Processing /home/airflow/.local/lib/python3.12/site-packages/airflow/example_dags/example_time_delta_sensor_async.py took 0.100 seconds
[2024-07-11T18:04:21.496+0000] {processor.py:161} INFO - Started process (PID=823) to work on /home/airflow/.local/lib/python3.12/site-packages/airflow/example_dags/example_time_delta_sensor_async.py
[2024-07-11T18:04:21.497+0000] {processor.py:830} INFO - Processing file /home/airflow/.local/lib/python3.12/site-packages/airflow/example_dags/example_time_delta_sensor_async.py for tasks to queue
[2024-07-11T18:04:21.499+0000] {logging_mixin.py:188} INFO - [2024-07-11T18:04:21.499+0000] {dagbag.py:545} INFO - Filling up the DagBag from /home/airflow/.local/lib/python3.12/site-packages/airflow/example_dags/example_time_delta_sensor_async.py
[2024-07-11T18:04:21.505+0000] {processor.py:840} INFO - DAG(s) 'example_time_delta_sensor_async' retrieved from /home/airflow/.local/lib/python3.12/site-packages/airflow/example_dags/example_time_delta_sensor_async.py
[2024-07-11T18:04:21.530+0000] {logging_mixin.py:188} INFO - [2024-07-11T18:04:21.529+0000] {dag.py:3096} INFO - Sync 1 DAGs
[2024-07-11T18:04:21.547+0000] {logging_mixin.py:188} INFO - [2024-07-11T18:04:21.547+0000] {dag.py:3954} INFO - Setting next_dagrun for example_time_delta_sensor_async to None, run_after=None
[2024-07-11T18:04:21.577+0000] {processor.py:183} INFO - Processing /home/airflow/.local/lib/python3.12/site-packages/airflow/example_dags/example_time_delta_sensor_async.py took 0.089 seconds
[2024-07-11T18:04:51.678+0000] {processor.py:161} INFO - Started process (PID=881) to work on /home/airflow/.local/lib/python3.12/site-packages/airflow/example_dags/example_time_delta_sensor_async.py
[2024-07-11T18:04:51.680+0000] {processor.py:830} INFO - Processing file /home/airflow/.local/lib/python3.12/site-packages/airflow/example_dags/example_time_delta_sensor_async.py for tasks to queue
[2024-07-11T18:04:51.683+0000] {logging_mixin.py:188} INFO - [2024-07-11T18:04:51.682+0000] {dagbag.py:545} INFO - Filling up the DagBag from /home/airflow/.local/lib/python3.12/site-packages/airflow/example_dags/example_time_delta_sensor_async.py
[2024-07-11T18:04:51.690+0000] {processor.py:840} INFO - DAG(s) 'example_time_delta_sensor_async' retrieved from /home/airflow/.local/lib/python3.12/site-packages/airflow/example_dags/example_time_delta_sensor_async.py
[2024-07-11T18:04:51.720+0000] {logging_mixin.py:188} INFO - [2024-07-11T18:04:51.720+0000] {dag.py:3096} INFO - Sync 1 DAGs
[2024-07-11T18:04:51.744+0000] {logging_mixin.py:188} INFO - [2024-07-11T18:04:51.743+0000] {dag.py:3954} INFO - Setting next_dagrun for example_time_delta_sensor_async to None, run_after=None
[2024-07-11T18:04:51.779+0000] {processor.py:183} INFO - Processing /home/airflow/.local/lib/python3.12/site-packages/airflow/example_dags/example_time_delta_sensor_async.py took 0.111 seconds
[2024-07-11T18:05:21.844+0000] {processor.py:161} INFO - Started process (PID=940) to work on /home/airflow/.local/lib/python3.12/site-packages/airflow/example_dags/example_time_delta_sensor_async.py
[2024-07-11T18:05:21.845+0000] {processor.py:830} INFO - Processing file /home/airflow/.local/lib/python3.12/site-packages/airflow/example_dags/example_time_delta_sensor_async.py for tasks to queue
[2024-07-11T18:05:21.848+0000] {logging_mixin.py:188} INFO - [2024-07-11T18:05:21.847+0000] {dagbag.py:545} INFO - Filling up the DagBag from /home/airflow/.local/lib/python3.12/site-packages/airflow/example_dags/example_time_delta_sensor_async.py
[2024-07-11T18:05:21.853+0000] {processor.py:840} INFO - DAG(s) 'example_time_delta_sensor_async' retrieved from /home/airflow/.local/lib/python3.12/site-packages/airflow/example_dags/example_time_delta_sensor_async.py
[2024-07-11T18:05:21.876+0000] {logging_mixin.py:188} INFO - [2024-07-11T18:05:21.875+0000] {dag.py:3096} INFO - Sync 1 DAGs
[2024-07-11T18:05:21.892+0000] {logging_mixin.py:188} INFO - [2024-07-11T18:05:21.892+0000] {dag.py:3954} INFO - Setting next_dagrun for example_time_delta_sensor_async to None, run_after=None
[2024-07-11T18:05:21.920+0000] {processor.py:183} INFO - Processing /home/airflow/.local/lib/python3.12/site-packages/airflow/example_dags/example_time_delta_sensor_async.py took 0.083 seconds
[2024-07-11T18:05:52.251+0000] {processor.py:161} INFO - Started process (PID=998) to work on /home/airflow/.local/lib/python3.12/site-packages/airflow/example_dags/example_time_delta_sensor_async.py
[2024-07-11T18:05:52.252+0000] {processor.py:830} INFO - Processing file /home/airflow/.local/lib/python3.12/site-packages/airflow/example_dags/example_time_delta_sensor_async.py for tasks to queue
[2024-07-11T18:05:52.254+0000] {logging_mixin.py:188} INFO - [2024-07-11T18:05:52.254+0000] {dagbag.py:545} INFO - Filling up the DagBag from /home/airflow/.local/lib/python3.12/site-packages/airflow/example_dags/example_time_delta_sensor_async.py
[2024-07-11T18:05:52.259+0000] {processor.py:840} INFO - DAG(s) 'example_time_delta_sensor_async' retrieved from /home/airflow/.local/lib/python3.12/site-packages/airflow/example_dags/example_time_delta_sensor_async.py
[2024-07-11T18:05:52.281+0000] {logging_mixin.py:188} INFO - [2024-07-11T18:05:52.281+0000] {dag.py:3096} INFO - Sync 1 DAGs
[2024-07-11T18:05:52.302+0000] {logging_mixin.py:188} INFO - [2024-07-11T18:05:52.301+0000] {dag.py:3954} INFO - Setting next_dagrun for example_time_delta_sensor_async to None, run_after=None
[2024-07-11T18:05:52.325+0000] {processor.py:183} INFO - Processing /home/airflow/.local/lib/python3.12/site-packages/airflow/example_dags/example_time_delta_sensor_async.py took 0.081 seconds
[2024-07-11T18:06:22.427+0000] {processor.py:161} INFO - Started process (PID=1056) to work on /home/airflow/.local/lib/python3.12/site-packages/airflow/example_dags/example_time_delta_sensor_async.py
[2024-07-11T18:06:22.428+0000] {processor.py:830} INFO - Processing file /home/airflow/.local/lib/python3.12/site-packages/airflow/example_dags/example_time_delta_sensor_async.py for tasks to queue
[2024-07-11T18:06:22.431+0000] {logging_mixin.py:188} INFO - [2024-07-11T18:06:22.430+0000] {dagbag.py:545} INFO - Filling up the DagBag from /home/airflow/.local/lib/python3.12/site-packages/airflow/example_dags/example_time_delta_sensor_async.py
[2024-07-11T18:06:22.437+0000] {processor.py:840} INFO - DAG(s) 'example_time_delta_sensor_async' retrieved from /home/airflow/.local/lib/python3.12/site-packages/airflow/example_dags/example_time_delta_sensor_async.py
[2024-07-11T18:06:22.462+0000] {logging_mixin.py:188} INFO - [2024-07-11T18:06:22.462+0000] {dag.py:3096} INFO - Sync 1 DAGs
[2024-07-11T18:06:22.482+0000] {logging_mixin.py:188} INFO - [2024-07-11T18:06:22.482+0000] {dag.py:3954} INFO - Setting next_dagrun for example_time_delta_sensor_async to None, run_after=None
[2024-07-11T18:06:22.511+0000] {processor.py:183} INFO - Processing /home/airflow/.local/lib/python3.12/site-packages/airflow/example_dags/example_time_delta_sensor_async.py took 0.090 seconds
[2024-07-11T18:06:52.670+0000] {processor.py:161} INFO - Started process (PID=1114) to work on /home/airflow/.local/lib/python3.12/site-packages/airflow/example_dags/example_time_delta_sensor_async.py
[2024-07-11T18:06:52.672+0000] {processor.py:830} INFO - Processing file /home/airflow/.local/lib/python3.12/site-packages/airflow/example_dags/example_time_delta_sensor_async.py for tasks to queue
[2024-07-11T18:06:52.674+0000] {logging_mixin.py:188} INFO - [2024-07-11T18:06:52.674+0000] {dagbag.py:545} INFO - Filling up the DagBag from /home/airflow/.local/lib/python3.12/site-packages/airflow/example_dags/example_time_delta_sensor_async.py
[2024-07-11T18:06:52.680+0000] {processor.py:840} INFO - DAG(s) 'example_time_delta_sensor_async' retrieved from /home/airflow/.local/lib/python3.12/site-packages/airflow/example_dags/example_time_delta_sensor_async.py
[2024-07-11T18:06:52.714+0000] {logging_mixin.py:188} INFO - [2024-07-11T18:06:52.713+0000] {dag.py:3096} INFO - Sync 1 DAGs
[2024-07-11T18:06:52.740+0000] {logging_mixin.py:188} INFO - [2024-07-11T18:06:52.740+0000] {dag.py:3954} INFO - Setting next_dagrun for example_time_delta_sensor_async to None, run_after=None
[2024-07-11T18:06:52.768+0000] {processor.py:183} INFO - Processing /home/airflow/.local/lib/python3.12/site-packages/airflow/example_dags/example_time_delta_sensor_async.py took 0.105 seconds
[2024-07-11T18:07:23.060+0000] {processor.py:161} INFO - Started process (PID=1173) to work on /home/airflow/.local/lib/python3.12/site-packages/airflow/example_dags/example_time_delta_sensor_async.py
[2024-07-11T18:07:23.061+0000] {processor.py:830} INFO - Processing file /home/airflow/.local/lib/python3.12/site-packages/airflow/example_dags/example_time_delta_sensor_async.py for tasks to queue
[2024-07-11T18:07:23.063+0000] {logging_mixin.py:188} INFO - [2024-07-11T18:07:23.062+0000] {dagbag.py:545} INFO - Filling up the DagBag from /home/airflow/.local/lib/python3.12/site-packages/airflow/example_dags/example_time_delta_sensor_async.py
[2024-07-11T18:07:23.067+0000] {processor.py:840} INFO - DAG(s) 'example_time_delta_sensor_async' retrieved from /home/airflow/.local/lib/python3.12/site-packages/airflow/example_dags/example_time_delta_sensor_async.py
[2024-07-11T18:07:23.085+0000] {logging_mixin.py:188} INFO - [2024-07-11T18:07:23.085+0000] {dag.py:3096} INFO - Sync 1 DAGs
[2024-07-11T18:07:23.098+0000] {logging_mixin.py:188} INFO - [2024-07-11T18:07:23.097+0000] {dag.py:3954} INFO - Setting next_dagrun for example_time_delta_sensor_async to None, run_after=None
[2024-07-11T18:07:23.119+0000] {processor.py:183} INFO - Processing /home/airflow/.local/lib/python3.12/site-packages/airflow/example_dags/example_time_delta_sensor_async.py took 0.065 seconds
[2024-07-11T18:07:53.322+0000] {processor.py:161} INFO - Started process (PID=1231) to work on /home/airflow/.local/lib/python3.12/site-packages/airflow/example_dags/example_time_delta_sensor_async.py
[2024-07-11T18:07:53.324+0000] {processor.py:830} INFO - Processing file /home/airflow/.local/lib/python3.12/site-packages/airflow/example_dags/example_time_delta_sensor_async.py for tasks to queue
[2024-07-11T18:07:53.327+0000] {logging_mixin.py:188} INFO - [2024-07-11T18:07:53.326+0000] {dagbag.py:545} INFO - Filling up the DagBag from /home/airflow/.local/lib/python3.12/site-packages/airflow/example_dags/example_time_delta_sensor_async.py
[2024-07-11T18:07:53.334+0000] {processor.py:840} INFO - DAG(s) 'example_time_delta_sensor_async' retrieved from /home/airflow/.local/lib/python3.12/site-packages/airflow/example_dags/example_time_delta_sensor_async.py
[2024-07-11T18:07:53.360+0000] {logging_mixin.py:188} INFO - [2024-07-11T18:07:53.360+0000] {dag.py:3096} INFO - Sync 1 DAGs
[2024-07-11T18:07:53.376+0000] {logging_mixin.py:188} INFO - [2024-07-11T18:07:53.376+0000] {dag.py:3954} INFO - Setting next_dagrun for example_time_delta_sensor_async to None, run_after=None
[2024-07-11T18:07:53.404+0000] {processor.py:183} INFO - Processing /home/airflow/.local/lib/python3.12/site-packages/airflow/example_dags/example_time_delta_sensor_async.py took 0.092 seconds
[2024-07-11T18:08:23.806+0000] {processor.py:161} INFO - Started process (PID=1289) to work on /home/airflow/.local/lib/python3.12/site-packages/airflow/example_dags/example_time_delta_sensor_async.py
[2024-07-11T18:08:23.807+0000] {processor.py:830} INFO - Processing file /home/airflow/.local/lib/python3.12/site-packages/airflow/example_dags/example_time_delta_sensor_async.py for tasks to queue
[2024-07-11T18:08:23.809+0000] {logging_mixin.py:188} INFO - [2024-07-11T18:08:23.809+0000] {dagbag.py:545} INFO - Filling up the DagBag from /home/airflow/.local/lib/python3.12/site-packages/airflow/example_dags/example_time_delta_sensor_async.py
[2024-07-11T18:08:23.814+0000] {processor.py:840} INFO - DAG(s) 'example_time_delta_sensor_async' retrieved from /home/airflow/.local/lib/python3.12/site-packages/airflow/example_dags/example_time_delta_sensor_async.py
[2024-07-11T18:08:23.835+0000] {logging_mixin.py:188} INFO - [2024-07-11T18:08:23.834+0000] {dag.py:3096} INFO - Sync 1 DAGs
[2024-07-11T18:08:23.851+0000] {logging_mixin.py:188} INFO - [2024-07-11T18:08:23.850+0000] {dag.py:3954} INFO - Setting next_dagrun for example_time_delta_sensor_async to None, run_after=None
[2024-07-11T18:08:23.879+0000] {processor.py:183} INFO - Processing /home/airflow/.local/lib/python3.12/site-packages/airflow/example_dags/example_time_delta_sensor_async.py took 0.078 seconds
[2024-07-11T18:08:54.128+0000] {processor.py:161} INFO - Started process (PID=1347) to work on /home/airflow/.local/lib/python3.12/site-packages/airflow/example_dags/example_time_delta_sensor_async.py
[2024-07-11T18:08:54.129+0000] {processor.py:830} INFO - Processing file /home/airflow/.local/lib/python3.12/site-packages/airflow/example_dags/example_time_delta_sensor_async.py for tasks to queue
[2024-07-11T18:08:54.132+0000] {logging_mixin.py:188} INFO - [2024-07-11T18:08:54.131+0000] {dagbag.py:545} INFO - Filling up the DagBag from /home/airflow/.local/lib/python3.12/site-packages/airflow/example_dags/example_time_delta_sensor_async.py
[2024-07-11T18:08:54.139+0000] {processor.py:840} INFO - DAG(s) 'example_time_delta_sensor_async' retrieved from /home/airflow/.local/lib/python3.12/site-packages/airflow/example_dags/example_time_delta_sensor_async.py
[2024-07-11T18:08:54.171+0000] {logging_mixin.py:188} INFO - [2024-07-11T18:08:54.170+0000] {dag.py:3096} INFO - Sync 1 DAGs
[2024-07-11T18:08:54.192+0000] {logging_mixin.py:188} INFO - [2024-07-11T18:08:54.191+0000] {dag.py:3954} INFO - Setting next_dagrun for example_time_delta_sensor_async to None, run_after=None
[2024-07-11T18:08:54.227+0000] {processor.py:183} INFO - Processing /home/airflow/.local/lib/python3.12/site-packages/airflow/example_dags/example_time_delta_sensor_async.py took 0.108 seconds
