[2024-07-11T17:57:46.112+0000] {processor.py:161} INFO - Started process (PID=68) to work on /home/airflow/.local/lib/python3.12/site-packages/airflow/example_dags/example_task_group.py
[2024-07-11T17:57:46.114+0000] {processor.py:830} INFO - Processing file /home/airflow/.local/lib/python3.12/site-packages/airflow/example_dags/example_task_group.py for tasks to queue
[2024-07-11T17:57:46.118+0000] {logging_mixin.py:188} INFO - [2024-07-11T17:57:46.117+0000] {dagbag.py:545} INFO - Filling up the DagBag from /home/airflow/.local/lib/python3.12/site-packages/airflow/example_dags/example_task_group.py
[2024-07-11T17:57:46.141+0000] {processor.py:840} INFO - DAG(s) 'example_task_group' retrieved from /home/airflow/.local/lib/python3.12/site-packages/airflow/example_dags/example_task_group.py
[2024-07-11T17:57:46.397+0000] {logging_mixin.py:188} INFO - [2024-07-11T17:57:46.397+0000] {dag.py:3096} INFO - Sync 1 DAGs
[2024-07-11T17:57:46.455+0000] {logging_mixin.py:188} INFO - [2024-07-11T17:57:46.454+0000] {dag.py:3954} INFO - Setting next_dagrun for example_task_group to 2024-07-10 00:00:00+00:00, run_after=2024-07-11 00:00:00+00:00
[2024-07-11T17:57:46.498+0000] {processor.py:183} INFO - Processing /home/airflow/.local/lib/python3.12/site-packages/airflow/example_dags/example_task_group.py took 0.396 seconds
[2024-07-11T17:58:16.745+0000] {processor.py:161} INFO - Started process (PID=127) to work on /home/airflow/.local/lib/python3.12/site-packages/airflow/example_dags/example_task_group.py
[2024-07-11T17:58:16.746+0000] {processor.py:830} INFO - Processing file /home/airflow/.local/lib/python3.12/site-packages/airflow/example_dags/example_task_group.py for tasks to queue
[2024-07-11T17:58:16.749+0000] {logging_mixin.py:188} INFO - [2024-07-11T17:58:16.748+0000] {dagbag.py:545} INFO - Filling up the DagBag from /home/airflow/.local/lib/python3.12/site-packages/airflow/example_dags/example_task_group.py
[2024-07-11T17:58:16.757+0000] {processor.py:840} INFO - DAG(s) 'example_task_group' retrieved from /home/airflow/.local/lib/python3.12/site-packages/airflow/example_dags/example_task_group.py
[2024-07-11T17:58:16.784+0000] {logging_mixin.py:188} INFO - [2024-07-11T17:58:16.784+0000] {dag.py:3096} INFO - Sync 1 DAGs
[2024-07-11T17:58:16.813+0000] {logging_mixin.py:188} INFO - [2024-07-11T17:58:16.813+0000] {dag.py:3954} INFO - Setting next_dagrun for example_task_group to 2024-07-10 00:00:00+00:00, run_after=2024-07-11 00:00:00+00:00
[2024-07-11T17:58:16.837+0000] {processor.py:183} INFO - Processing /home/airflow/.local/lib/python3.12/site-packages/airflow/example_dags/example_task_group.py took 0.100 seconds
[2024-07-11T17:58:47.062+0000] {processor.py:161} INFO - Started process (PID=184) to work on /home/airflow/.local/lib/python3.12/site-packages/airflow/example_dags/example_task_group.py
[2024-07-11T17:58:47.063+0000] {processor.py:830} INFO - Processing file /home/airflow/.local/lib/python3.12/site-packages/airflow/example_dags/example_task_group.py for tasks to queue
[2024-07-11T17:58:47.066+0000] {logging_mixin.py:188} INFO - [2024-07-11T17:58:47.065+0000] {dagbag.py:545} INFO - Filling up the DagBag from /home/airflow/.local/lib/python3.12/site-packages/airflow/example_dags/example_task_group.py
[2024-07-11T17:58:47.074+0000] {processor.py:840} INFO - DAG(s) 'example_task_group' retrieved from /home/airflow/.local/lib/python3.12/site-packages/airflow/example_dags/example_task_group.py
[2024-07-11T17:58:47.098+0000] {logging_mixin.py:188} INFO - [2024-07-11T17:58:47.098+0000] {dag.py:3096} INFO - Sync 1 DAGs
[2024-07-11T17:58:47.124+0000] {logging_mixin.py:188} INFO - [2024-07-11T17:58:47.124+0000] {dag.py:3954} INFO - Setting next_dagrun for example_task_group to 2024-07-10 00:00:00+00:00, run_after=2024-07-11 00:00:00+00:00
[2024-07-11T17:58:47.152+0000] {processor.py:183} INFO - Processing /home/airflow/.local/lib/python3.12/site-packages/airflow/example_dags/example_task_group.py took 0.096 seconds
[2024-07-11T17:59:17.356+0000] {processor.py:161} INFO - Started process (PID=242) to work on /home/airflow/.local/lib/python3.12/site-packages/airflow/example_dags/example_task_group.py
[2024-07-11T17:59:17.357+0000] {processor.py:830} INFO - Processing file /home/airflow/.local/lib/python3.12/site-packages/airflow/example_dags/example_task_group.py for tasks to queue
[2024-07-11T17:59:17.360+0000] {logging_mixin.py:188} INFO - [2024-07-11T17:59:17.359+0000] {dagbag.py:545} INFO - Filling up the DagBag from /home/airflow/.local/lib/python3.12/site-packages/airflow/example_dags/example_task_group.py
[2024-07-11T17:59:17.371+0000] {processor.py:840} INFO - DAG(s) 'example_task_group' retrieved from /home/airflow/.local/lib/python3.12/site-packages/airflow/example_dags/example_task_group.py
[2024-07-11T17:59:17.402+0000] {logging_mixin.py:188} INFO - [2024-07-11T17:59:17.402+0000] {dag.py:3096} INFO - Sync 1 DAGs
[2024-07-11T17:59:17.432+0000] {logging_mixin.py:188} INFO - [2024-07-11T17:59:17.432+0000] {dag.py:3954} INFO - Setting next_dagrun for example_task_group to 2024-07-10 00:00:00+00:00, run_after=2024-07-11 00:00:00+00:00
[2024-07-11T17:59:17.461+0000] {processor.py:183} INFO - Processing /home/airflow/.local/lib/python3.12/site-packages/airflow/example_dags/example_task_group.py took 0.115 seconds
[2024-07-11T17:59:47.848+0000] {processor.py:161} INFO - Started process (PID=300) to work on /home/airflow/.local/lib/python3.12/site-packages/airflow/example_dags/example_task_group.py
[2024-07-11T17:59:47.850+0000] {processor.py:830} INFO - Processing file /home/airflow/.local/lib/python3.12/site-packages/airflow/example_dags/example_task_group.py for tasks to queue
[2024-07-11T17:59:47.853+0000] {logging_mixin.py:188} INFO - [2024-07-11T17:59:47.853+0000] {dagbag.py:545} INFO - Filling up the DagBag from /home/airflow/.local/lib/python3.12/site-packages/airflow/example_dags/example_task_group.py
[2024-07-11T17:59:47.866+0000] {processor.py:840} INFO - DAG(s) 'example_task_group' retrieved from /home/airflow/.local/lib/python3.12/site-packages/airflow/example_dags/example_task_group.py
[2024-07-11T17:59:47.897+0000] {logging_mixin.py:188} INFO - [2024-07-11T17:59:47.896+0000] {dag.py:3096} INFO - Sync 1 DAGs
[2024-07-11T17:59:47.930+0000] {logging_mixin.py:188} INFO - [2024-07-11T17:59:47.930+0000] {dag.py:3954} INFO - Setting next_dagrun for example_task_group to 2024-07-10 00:00:00+00:00, run_after=2024-07-11 00:00:00+00:00
[2024-07-11T17:59:47.958+0000] {processor.py:183} INFO - Processing /home/airflow/.local/lib/python3.12/site-packages/airflow/example_dags/example_task_group.py took 0.118 seconds
[2024-07-11T18:00:18.382+0000] {processor.py:161} INFO - Started process (PID=358) to work on /home/airflow/.local/lib/python3.12/site-packages/airflow/example_dags/example_task_group.py
[2024-07-11T18:00:18.384+0000] {processor.py:830} INFO - Processing file /home/airflow/.local/lib/python3.12/site-packages/airflow/example_dags/example_task_group.py for tasks to queue
[2024-07-11T18:00:18.388+0000] {logging_mixin.py:188} INFO - [2024-07-11T18:00:18.387+0000] {dagbag.py:545} INFO - Filling up the DagBag from /home/airflow/.local/lib/python3.12/site-packages/airflow/example_dags/example_task_group.py
[2024-07-11T18:00:18.404+0000] {processor.py:840} INFO - DAG(s) 'example_task_group' retrieved from /home/airflow/.local/lib/python3.12/site-packages/airflow/example_dags/example_task_group.py
[2024-07-11T18:00:18.445+0000] {logging_mixin.py:188} INFO - [2024-07-11T18:00:18.445+0000] {dag.py:3096} INFO - Sync 1 DAGs
[2024-07-11T18:00:18.474+0000] {logging_mixin.py:188} INFO - [2024-07-11T18:00:18.473+0000] {dag.py:3954} INFO - Setting next_dagrun for example_task_group to 2024-07-10 00:00:00+00:00, run_after=2024-07-11 00:00:00+00:00
[2024-07-11T18:00:18.505+0000] {processor.py:183} INFO - Processing /home/airflow/.local/lib/python3.12/site-packages/airflow/example_dags/example_task_group.py took 0.133 seconds
[2024-07-11T18:00:48.594+0000] {processor.py:161} INFO - Started process (PID=416) to work on /home/airflow/.local/lib/python3.12/site-packages/airflow/example_dags/example_task_group.py
[2024-07-11T18:00:48.595+0000] {processor.py:830} INFO - Processing file /home/airflow/.local/lib/python3.12/site-packages/airflow/example_dags/example_task_group.py for tasks to queue
[2024-07-11T18:00:48.599+0000] {logging_mixin.py:188} INFO - [2024-07-11T18:00:48.598+0000] {dagbag.py:545} INFO - Filling up the DagBag from /home/airflow/.local/lib/python3.12/site-packages/airflow/example_dags/example_task_group.py
[2024-07-11T18:00:48.611+0000] {processor.py:840} INFO - DAG(s) 'example_task_group' retrieved from /home/airflow/.local/lib/python3.12/site-packages/airflow/example_dags/example_task_group.py
[2024-07-11T18:00:48.642+0000] {logging_mixin.py:188} INFO - [2024-07-11T18:00:48.642+0000] {dag.py:3096} INFO - Sync 1 DAGs
[2024-07-11T18:00:48.682+0000] {logging_mixin.py:188} INFO - [2024-07-11T18:00:48.682+0000] {dag.py:3954} INFO - Setting next_dagrun for example_task_group to 2024-07-10 00:00:00+00:00, run_after=2024-07-11 00:00:00+00:00
[2024-07-11T18:00:48.729+0000] {processor.py:183} INFO - Processing /home/airflow/.local/lib/python3.12/site-packages/airflow/example_dags/example_task_group.py took 0.144 seconds
[2024-07-11T18:01:18.940+0000] {processor.py:161} INFO - Started process (PID=474) to work on /home/airflow/.local/lib/python3.12/site-packages/airflow/example_dags/example_task_group.py
[2024-07-11T18:01:18.942+0000] {processor.py:830} INFO - Processing file /home/airflow/.local/lib/python3.12/site-packages/airflow/example_dags/example_task_group.py for tasks to queue
[2024-07-11T18:01:18.944+0000] {logging_mixin.py:188} INFO - [2024-07-11T18:01:18.943+0000] {dagbag.py:545} INFO - Filling up the DagBag from /home/airflow/.local/lib/python3.12/site-packages/airflow/example_dags/example_task_group.py
[2024-07-11T18:01:18.952+0000] {processor.py:840} INFO - DAG(s) 'example_task_group' retrieved from /home/airflow/.local/lib/python3.12/site-packages/airflow/example_dags/example_task_group.py
[2024-07-11T18:01:18.976+0000] {logging_mixin.py:188} INFO - [2024-07-11T18:01:18.976+0000] {dag.py:3096} INFO - Sync 1 DAGs
[2024-07-11T18:01:19.003+0000] {logging_mixin.py:188} INFO - [2024-07-11T18:01:19.002+0000] {dag.py:3954} INFO - Setting next_dagrun for example_task_group to 2024-07-10 00:00:00+00:00, run_after=2024-07-11 00:00:00+00:00
[2024-07-11T18:01:19.030+0000] {processor.py:183} INFO - Processing /home/airflow/.local/lib/python3.12/site-packages/airflow/example_dags/example_task_group.py took 0.097 seconds
[2024-07-11T18:01:49.102+0000] {processor.py:161} INFO - Started process (PID=532) to work on /home/airflow/.local/lib/python3.12/site-packages/airflow/example_dags/example_task_group.py
[2024-07-11T18:01:49.103+0000] {processor.py:830} INFO - Processing file /home/airflow/.local/lib/python3.12/site-packages/airflow/example_dags/example_task_group.py for tasks to queue
[2024-07-11T18:01:49.105+0000] {logging_mixin.py:188} INFO - [2024-07-11T18:01:49.104+0000] {dagbag.py:545} INFO - Filling up the DagBag from /home/airflow/.local/lib/python3.12/site-packages/airflow/example_dags/example_task_group.py
[2024-07-11T18:01:49.113+0000] {processor.py:840} INFO - DAG(s) 'example_task_group' retrieved from /home/airflow/.local/lib/python3.12/site-packages/airflow/example_dags/example_task_group.py
[2024-07-11T18:01:49.137+0000] {logging_mixin.py:188} INFO - [2024-07-11T18:01:49.137+0000] {dag.py:3096} INFO - Sync 1 DAGs
[2024-07-11T18:01:49.165+0000] {logging_mixin.py:188} INFO - [2024-07-11T18:01:49.164+0000] {dag.py:3954} INFO - Setting next_dagrun for example_task_group to 2024-07-10 00:00:00+00:00, run_after=2024-07-11 00:00:00+00:00
[2024-07-11T18:01:49.192+0000] {processor.py:183} INFO - Processing /home/airflow/.local/lib/python3.12/site-packages/airflow/example_dags/example_task_group.py took 0.098 seconds
[2024-07-11T18:02:19.402+0000] {processor.py:161} INFO - Started process (PID=590) to work on /home/airflow/.local/lib/python3.12/site-packages/airflow/example_dags/example_task_group.py
[2024-07-11T18:02:19.403+0000] {processor.py:830} INFO - Processing file /home/airflow/.local/lib/python3.12/site-packages/airflow/example_dags/example_task_group.py for tasks to queue
[2024-07-11T18:02:19.406+0000] {logging_mixin.py:188} INFO - [2024-07-11T18:02:19.406+0000] {dagbag.py:545} INFO - Filling up the DagBag from /home/airflow/.local/lib/python3.12/site-packages/airflow/example_dags/example_task_group.py
[2024-07-11T18:02:19.414+0000] {processor.py:840} INFO - DAG(s) 'example_task_group' retrieved from /home/airflow/.local/lib/python3.12/site-packages/airflow/example_dags/example_task_group.py
[2024-07-11T18:02:19.441+0000] {logging_mixin.py:188} INFO - [2024-07-11T18:02:19.441+0000] {dag.py:3096} INFO - Sync 1 DAGs
[2024-07-11T18:02:19.474+0000] {logging_mixin.py:188} INFO - [2024-07-11T18:02:19.473+0000] {dag.py:3954} INFO - Setting next_dagrun for example_task_group to 2024-07-10 00:00:00+00:00, run_after=2024-07-11 00:00:00+00:00
[2024-07-11T18:02:19.500+0000] {processor.py:183} INFO - Processing /home/airflow/.local/lib/python3.12/site-packages/airflow/example_dags/example_task_group.py took 0.104 seconds
[2024-07-11T18:02:49.650+0000] {processor.py:161} INFO - Started process (PID=648) to work on /home/airflow/.local/lib/python3.12/site-packages/airflow/example_dags/example_task_group.py
[2024-07-11T18:02:49.652+0000] {processor.py:830} INFO - Processing file /home/airflow/.local/lib/python3.12/site-packages/airflow/example_dags/example_task_group.py for tasks to queue
[2024-07-11T18:02:49.654+0000] {logging_mixin.py:188} INFO - [2024-07-11T18:02:49.654+0000] {dagbag.py:545} INFO - Filling up the DagBag from /home/airflow/.local/lib/python3.12/site-packages/airflow/example_dags/example_task_group.py
[2024-07-11T18:02:49.664+0000] {processor.py:840} INFO - DAG(s) 'example_task_group' retrieved from /home/airflow/.local/lib/python3.12/site-packages/airflow/example_dags/example_task_group.py
[2024-07-11T18:02:49.691+0000] {logging_mixin.py:188} INFO - [2024-07-11T18:02:49.690+0000] {dag.py:3096} INFO - Sync 1 DAGs
[2024-07-11T18:02:49.719+0000] {logging_mixin.py:188} INFO - [2024-07-11T18:02:49.718+0000] {dag.py:3954} INFO - Setting next_dagrun for example_task_group to 2024-07-10 00:00:00+00:00, run_after=2024-07-11 00:00:00+00:00
[2024-07-11T18:02:49.745+0000] {processor.py:183} INFO - Processing /home/airflow/.local/lib/python3.12/site-packages/airflow/example_dags/example_task_group.py took 0.101 seconds
[2024-07-11T18:03:20.239+0000] {processor.py:161} INFO - Started process (PID=706) to work on /home/airflow/.local/lib/python3.12/site-packages/airflow/example_dags/example_task_group.py
[2024-07-11T18:03:20.240+0000] {processor.py:830} INFO - Processing file /home/airflow/.local/lib/python3.12/site-packages/airflow/example_dags/example_task_group.py for tasks to queue
[2024-07-11T18:03:20.242+0000] {logging_mixin.py:188} INFO - [2024-07-11T18:03:20.242+0000] {dagbag.py:545} INFO - Filling up the DagBag from /home/airflow/.local/lib/python3.12/site-packages/airflow/example_dags/example_task_group.py
[2024-07-11T18:03:20.250+0000] {processor.py:840} INFO - DAG(s) 'example_task_group' retrieved from /home/airflow/.local/lib/python3.12/site-packages/airflow/example_dags/example_task_group.py
[2024-07-11T18:03:20.274+0000] {logging_mixin.py:188} INFO - [2024-07-11T18:03:20.274+0000] {dag.py:3096} INFO - Sync 1 DAGs
[2024-07-11T18:03:20.308+0000] {logging_mixin.py:188} INFO - [2024-07-11T18:03:20.308+0000] {dag.py:3954} INFO - Setting next_dagrun for example_task_group to 2024-07-10 00:00:00+00:00, run_after=2024-07-11 00:00:00+00:00
[2024-07-11T18:03:20.336+0000] {processor.py:183} INFO - Processing /home/airflow/.local/lib/python3.12/site-packages/airflow/example_dags/example_task_group.py took 0.105 seconds
[2024-07-11T18:03:51.170+0000] {processor.py:161} INFO - Started process (PID=764) to work on /home/airflow/.local/lib/python3.12/site-packages/airflow/example_dags/example_task_group.py
[2024-07-11T18:03:51.173+0000] {processor.py:830} INFO - Processing file /home/airflow/.local/lib/python3.12/site-packages/airflow/example_dags/example_task_group.py for tasks to queue
[2024-07-11T18:03:51.177+0000] {logging_mixin.py:188} INFO - [2024-07-11T18:03:51.176+0000] {dagbag.py:545} INFO - Filling up the DagBag from /home/airflow/.local/lib/python3.12/site-packages/airflow/example_dags/example_task_group.py
[2024-07-11T18:03:51.193+0000] {processor.py:840} INFO - DAG(s) 'example_task_group' retrieved from /home/airflow/.local/lib/python3.12/site-packages/airflow/example_dags/example_task_group.py
[2024-07-11T18:03:51.225+0000] {logging_mixin.py:188} INFO - [2024-07-11T18:03:51.225+0000] {dag.py:3096} INFO - Sync 1 DAGs
[2024-07-11T18:03:51.258+0000] {logging_mixin.py:188} INFO - [2024-07-11T18:03:51.257+0000] {dag.py:3954} INFO - Setting next_dagrun for example_task_group to 2024-07-10 00:00:00+00:00, run_after=2024-07-11 00:00:00+00:00
[2024-07-11T18:03:51.288+0000] {processor.py:183} INFO - Processing /home/airflow/.local/lib/python3.12/site-packages/airflow/example_dags/example_task_group.py took 0.128 seconds
[2024-07-11T18:04:21.336+0000] {processor.py:161} INFO - Started process (PID=822) to work on /home/airflow/.local/lib/python3.12/site-packages/airflow/example_dags/example_task_group.py
[2024-07-11T18:04:21.337+0000] {processor.py:830} INFO - Processing file /home/airflow/.local/lib/python3.12/site-packages/airflow/example_dags/example_task_group.py for tasks to queue
[2024-07-11T18:04:21.340+0000] {logging_mixin.py:188} INFO - [2024-07-11T18:04:21.340+0000] {dagbag.py:545} INFO - Filling up the DagBag from /home/airflow/.local/lib/python3.12/site-packages/airflow/example_dags/example_task_group.py
[2024-07-11T18:04:21.349+0000] {processor.py:840} INFO - DAG(s) 'example_task_group' retrieved from /home/airflow/.local/lib/python3.12/site-packages/airflow/example_dags/example_task_group.py
[2024-07-11T18:04:21.382+0000] {logging_mixin.py:188} INFO - [2024-07-11T18:04:21.382+0000] {dag.py:3096} INFO - Sync 1 DAGs
[2024-07-11T18:04:21.418+0000] {logging_mixin.py:188} INFO - [2024-07-11T18:04:21.417+0000] {dag.py:3954} INFO - Setting next_dagrun for example_task_group to 2024-07-10 00:00:00+00:00, run_after=2024-07-11 00:00:00+00:00
[2024-07-11T18:04:21.452+0000] {processor.py:183} INFO - Processing /home/airflow/.local/lib/python3.12/site-packages/airflow/example_dags/example_task_group.py took 0.126 seconds
[2024-07-11T18:04:51.643+0000] {processor.py:161} INFO - Started process (PID=880) to work on /home/airflow/.local/lib/python3.12/site-packages/airflow/example_dags/example_task_group.py
[2024-07-11T18:04:51.644+0000] {processor.py:830} INFO - Processing file /home/airflow/.local/lib/python3.12/site-packages/airflow/example_dags/example_task_group.py for tasks to queue
[2024-07-11T18:04:51.649+0000] {logging_mixin.py:188} INFO - [2024-07-11T18:04:51.648+0000] {dagbag.py:545} INFO - Filling up the DagBag from /home/airflow/.local/lib/python3.12/site-packages/airflow/example_dags/example_task_group.py
[2024-07-11T18:04:51.662+0000] {processor.py:840} INFO - DAG(s) 'example_task_group' retrieved from /home/airflow/.local/lib/python3.12/site-packages/airflow/example_dags/example_task_group.py
[2024-07-11T18:04:51.692+0000] {logging_mixin.py:188} INFO - [2024-07-11T18:04:51.692+0000] {dag.py:3096} INFO - Sync 1 DAGs
[2024-07-11T18:04:51.732+0000] {logging_mixin.py:188} INFO - [2024-07-11T18:04:51.731+0000] {dag.py:3954} INFO - Setting next_dagrun for example_task_group to 2024-07-10 00:00:00+00:00, run_after=2024-07-11 00:00:00+00:00
[2024-07-11T18:04:51.765+0000] {processor.py:183} INFO - Processing /home/airflow/.local/lib/python3.12/site-packages/airflow/example_dags/example_task_group.py took 0.129 seconds
[2024-07-11T18:05:21.829+0000] {processor.py:161} INFO - Started process (PID=939) to work on /home/airflow/.local/lib/python3.12/site-packages/airflow/example_dags/example_task_group.py
[2024-07-11T18:05:21.830+0000] {processor.py:830} INFO - Processing file /home/airflow/.local/lib/python3.12/site-packages/airflow/example_dags/example_task_group.py for tasks to queue
[2024-07-11T18:05:21.833+0000] {logging_mixin.py:188} INFO - [2024-07-11T18:05:21.832+0000] {dagbag.py:545} INFO - Filling up the DagBag from /home/airflow/.local/lib/python3.12/site-packages/airflow/example_dags/example_task_group.py
[2024-07-11T18:05:21.841+0000] {processor.py:840} INFO - DAG(s) 'example_task_group' retrieved from /home/airflow/.local/lib/python3.12/site-packages/airflow/example_dags/example_task_group.py
[2024-07-11T18:05:21.865+0000] {logging_mixin.py:188} INFO - [2024-07-11T18:05:21.865+0000] {dag.py:3096} INFO - Sync 1 DAGs
[2024-07-11T18:05:21.894+0000] {logging_mixin.py:188} INFO - [2024-07-11T18:05:21.893+0000] {dag.py:3954} INFO - Setting next_dagrun for example_task_group to 2024-07-10 00:00:00+00:00, run_after=2024-07-11 00:00:00+00:00
[2024-07-11T18:05:21.923+0000] {processor.py:183} INFO - Processing /home/airflow/.local/lib/python3.12/site-packages/airflow/example_dags/example_task_group.py took 0.101 seconds
[2024-07-11T18:05:52.242+0000] {processor.py:161} INFO - Started process (PID=997) to work on /home/airflow/.local/lib/python3.12/site-packages/airflow/example_dags/example_task_group.py
[2024-07-11T18:05:52.243+0000] {processor.py:830} INFO - Processing file /home/airflow/.local/lib/python3.12/site-packages/airflow/example_dags/example_task_group.py for tasks to queue
[2024-07-11T18:05:52.245+0000] {logging_mixin.py:188} INFO - [2024-07-11T18:05:52.245+0000] {dagbag.py:545} INFO - Filling up the DagBag from /home/airflow/.local/lib/python3.12/site-packages/airflow/example_dags/example_task_group.py
[2024-07-11T18:05:52.253+0000] {processor.py:840} INFO - DAG(s) 'example_task_group' retrieved from /home/airflow/.local/lib/python3.12/site-packages/airflow/example_dags/example_task_group.py
[2024-07-11T18:05:52.277+0000] {logging_mixin.py:188} INFO - [2024-07-11T18:05:52.277+0000] {dag.py:3096} INFO - Sync 1 DAGs
[2024-07-11T18:05:52.307+0000] {logging_mixin.py:188} INFO - [2024-07-11T18:05:52.307+0000] {dag.py:3954} INFO - Setting next_dagrun for example_task_group to 2024-07-10 00:00:00+00:00, run_after=2024-07-11 00:00:00+00:00
[2024-07-11T18:05:52.331+0000] {processor.py:183} INFO - Processing /home/airflow/.local/lib/python3.12/site-packages/airflow/example_dags/example_task_group.py took 0.095 seconds
[2024-07-11T18:06:22.413+0000] {processor.py:161} INFO - Started process (PID=1055) to work on /home/airflow/.local/lib/python3.12/site-packages/airflow/example_dags/example_task_group.py
[2024-07-11T18:06:22.414+0000] {processor.py:830} INFO - Processing file /home/airflow/.local/lib/python3.12/site-packages/airflow/example_dags/example_task_group.py for tasks to queue
[2024-07-11T18:06:22.416+0000] {logging_mixin.py:188} INFO - [2024-07-11T18:06:22.416+0000] {dagbag.py:545} INFO - Filling up the DagBag from /home/airflow/.local/lib/python3.12/site-packages/airflow/example_dags/example_task_group.py
[2024-07-11T18:06:22.425+0000] {processor.py:840} INFO - DAG(s) 'example_task_group' retrieved from /home/airflow/.local/lib/python3.12/site-packages/airflow/example_dags/example_task_group.py
[2024-07-11T18:06:22.451+0000] {logging_mixin.py:188} INFO - [2024-07-11T18:06:22.450+0000] {dag.py:3096} INFO - Sync 1 DAGs
[2024-07-11T18:06:22.485+0000] {logging_mixin.py:188} INFO - [2024-07-11T18:06:22.484+0000] {dag.py:3954} INFO - Setting next_dagrun for example_task_group to 2024-07-10 00:00:00+00:00, run_after=2024-07-11 00:00:00+00:00
[2024-07-11T18:06:22.513+0000] {processor.py:183} INFO - Processing /home/airflow/.local/lib/python3.12/site-packages/airflow/example_dags/example_task_group.py took 0.107 seconds
[2024-07-11T18:06:52.655+0000] {processor.py:161} INFO - Started process (PID=1113) to work on /home/airflow/.local/lib/python3.12/site-packages/airflow/example_dags/example_task_group.py
[2024-07-11T18:06:52.657+0000] {processor.py:830} INFO - Processing file /home/airflow/.local/lib/python3.12/site-packages/airflow/example_dags/example_task_group.py for tasks to queue
[2024-07-11T18:06:52.659+0000] {logging_mixin.py:188} INFO - [2024-07-11T18:06:52.658+0000] {dagbag.py:545} INFO - Filling up the DagBag from /home/airflow/.local/lib/python3.12/site-packages/airflow/example_dags/example_task_group.py
[2024-07-11T18:06:52.668+0000] {processor.py:840} INFO - DAG(s) 'example_task_group' retrieved from /home/airflow/.local/lib/python3.12/site-packages/airflow/example_dags/example_task_group.py
[2024-07-11T18:06:52.706+0000] {logging_mixin.py:188} INFO - [2024-07-11T18:06:52.705+0000] {dag.py:3096} INFO - Sync 1 DAGs
[2024-07-11T18:06:52.745+0000] {logging_mixin.py:188} INFO - [2024-07-11T18:06:52.745+0000] {dag.py:3954} INFO - Setting next_dagrun for example_task_group to 2024-07-10 00:00:00+00:00, run_after=2024-07-11 00:00:00+00:00
[2024-07-11T18:06:52.772+0000] {processor.py:183} INFO - Processing /home/airflow/.local/lib/python3.12/site-packages/airflow/example_dags/example_task_group.py took 0.123 seconds
[2024-07-11T18:07:22.960+0000] {processor.py:161} INFO - Started process (PID=1172) to work on /home/airflow/.local/lib/python3.12/site-packages/airflow/example_dags/example_task_group.py
[2024-07-11T18:07:22.961+0000] {processor.py:830} INFO - Processing file /home/airflow/.local/lib/python3.12/site-packages/airflow/example_dags/example_task_group.py for tasks to queue
[2024-07-11T18:07:22.963+0000] {logging_mixin.py:188} INFO - [2024-07-11T18:07:22.963+0000] {dagbag.py:545} INFO - Filling up the DagBag from /home/airflow/.local/lib/python3.12/site-packages/airflow/example_dags/example_task_group.py
[2024-07-11T18:07:22.970+0000] {processor.py:840} INFO - DAG(s) 'example_task_group' retrieved from /home/airflow/.local/lib/python3.12/site-packages/airflow/example_dags/example_task_group.py
[2024-07-11T18:07:22.989+0000] {logging_mixin.py:188} INFO - [2024-07-11T18:07:22.989+0000] {dag.py:3096} INFO - Sync 1 DAGs
[2024-07-11T18:07:23.010+0000] {logging_mixin.py:188} INFO - [2024-07-11T18:07:23.010+0000] {dag.py:3954} INFO - Setting next_dagrun for example_task_group to 2024-07-10 00:00:00+00:00, run_after=2024-07-11 00:00:00+00:00
[2024-07-11T18:07:23.031+0000] {processor.py:183} INFO - Processing /home/airflow/.local/lib/python3.12/site-packages/airflow/example_dags/example_task_group.py took 0.077 seconds
[2024-07-11T18:07:53.297+0000] {processor.py:161} INFO - Started process (PID=1230) to work on /home/airflow/.local/lib/python3.12/site-packages/airflow/example_dags/example_task_group.py
[2024-07-11T18:07:53.298+0000] {processor.py:830} INFO - Processing file /home/airflow/.local/lib/python3.12/site-packages/airflow/example_dags/example_task_group.py for tasks to queue
[2024-07-11T18:07:53.301+0000] {logging_mixin.py:188} INFO - [2024-07-11T18:07:53.301+0000] {dagbag.py:545} INFO - Filling up the DagBag from /home/airflow/.local/lib/python3.12/site-packages/airflow/example_dags/example_task_group.py
[2024-07-11T18:07:53.314+0000] {processor.py:840} INFO - DAG(s) 'example_task_group' retrieved from /home/airflow/.local/lib/python3.12/site-packages/airflow/example_dags/example_task_group.py
[2024-07-11T18:07:53.346+0000] {logging_mixin.py:188} INFO - [2024-07-11T18:07:53.346+0000] {dag.py:3096} INFO - Sync 1 DAGs
[2024-07-11T18:07:53.376+0000] {logging_mixin.py:188} INFO - [2024-07-11T18:07:53.376+0000] {dag.py:3954} INFO - Setting next_dagrun for example_task_group to 2024-07-10 00:00:00+00:00, run_after=2024-07-11 00:00:00+00:00
[2024-07-11T18:07:53.411+0000] {processor.py:183} INFO - Processing /home/airflow/.local/lib/python3.12/site-packages/airflow/example_dags/example_task_group.py took 0.123 seconds
[2024-07-11T18:08:23.796+0000] {processor.py:161} INFO - Started process (PID=1288) to work on /home/airflow/.local/lib/python3.12/site-packages/airflow/example_dags/example_task_group.py
[2024-07-11T18:08:23.797+0000] {processor.py:830} INFO - Processing file /home/airflow/.local/lib/python3.12/site-packages/airflow/example_dags/example_task_group.py for tasks to queue
[2024-07-11T18:08:23.799+0000] {logging_mixin.py:188} INFO - [2024-07-11T18:08:23.798+0000] {dagbag.py:545} INFO - Filling up the DagBag from /home/airflow/.local/lib/python3.12/site-packages/airflow/example_dags/example_task_group.py
[2024-07-11T18:08:23.806+0000] {processor.py:840} INFO - DAG(s) 'example_task_group' retrieved from /home/airflow/.local/lib/python3.12/site-packages/airflow/example_dags/example_task_group.py
[2024-07-11T18:08:23.831+0000] {logging_mixin.py:188} INFO - [2024-07-11T18:08:23.831+0000] {dag.py:3096} INFO - Sync 1 DAGs
[2024-07-11T18:08:23.856+0000] {logging_mixin.py:188} INFO - [2024-07-11T18:08:23.856+0000] {dag.py:3954} INFO - Setting next_dagrun for example_task_group to 2024-07-10 00:00:00+00:00, run_after=2024-07-11 00:00:00+00:00
[2024-07-11T18:08:23.885+0000] {processor.py:183} INFO - Processing /home/airflow/.local/lib/python3.12/site-packages/airflow/example_dags/example_task_group.py took 0.095 seconds
[2024-07-11T18:08:54.114+0000] {processor.py:161} INFO - Started process (PID=1346) to work on /home/airflow/.local/lib/python3.12/site-packages/airflow/example_dags/example_task_group.py
[2024-07-11T18:08:54.116+0000] {processor.py:830} INFO - Processing file /home/airflow/.local/lib/python3.12/site-packages/airflow/example_dags/example_task_group.py for tasks to queue
[2024-07-11T18:08:54.118+0000] {logging_mixin.py:188} INFO - [2024-07-11T18:08:54.117+0000] {dagbag.py:545} INFO - Filling up the DagBag from /home/airflow/.local/lib/python3.12/site-packages/airflow/example_dags/example_task_group.py
[2024-07-11T18:08:54.128+0000] {processor.py:840} INFO - DAG(s) 'example_task_group' retrieved from /home/airflow/.local/lib/python3.12/site-packages/airflow/example_dags/example_task_group.py
[2024-07-11T18:08:54.160+0000] {logging_mixin.py:188} INFO - [2024-07-11T18:08:54.159+0000] {dag.py:3096} INFO - Sync 1 DAGs
[2024-07-11T18:08:54.198+0000] {logging_mixin.py:188} INFO - [2024-07-11T18:08:54.197+0000] {dag.py:3954} INFO - Setting next_dagrun for example_task_group to 2024-07-10 00:00:00+00:00, run_after=2024-07-11 00:00:00+00:00
[2024-07-11T18:08:54.235+0000] {processor.py:183} INFO - Processing /home/airflow/.local/lib/python3.12/site-packages/airflow/example_dags/example_task_group.py took 0.130 seconds
