[2024-07-11T17:57:55.779+0000] {processor.py:161} INFO - Started process (PID=111) to work on /home/airflow/.local/lib/python3.12/site-packages/airflow/example_dags/example_branch_operator.py
[2024-07-11T17:57:55.781+0000] {processor.py:830} INFO - Processing file /home/airflow/.local/lib/python3.12/site-packages/airflow/example_dags/example_branch_operator.py for tasks to queue
[2024-07-11T17:57:55.784+0000] {logging_mixin.py:188} INFO - [2024-07-11T17:57:55.783+0000] {dagbag.py:545} INFO - Filling up the DagBag from /home/airflow/.local/lib/python3.12/site-packages/airflow/example_dags/example_branch_operator.py
[2024-07-11T17:57:55.815+0000] {processor.py:840} INFO - DAG(s) 'example_branch_operator' retrieved from /home/airflow/.local/lib/python3.12/site-packages/airflow/example_dags/example_branch_operator.py
[2024-07-11T17:57:56.054+0000] {logging_mixin.py:188} INFO - [2024-07-11T17:57:56.054+0000] {dag.py:3096} INFO - Sync 1 DAGs
[2024-07-11T17:57:56.099+0000] {logging_mixin.py:188} INFO - [2024-07-11T17:57:56.099+0000] {dag.py:3954} INFO - Setting next_dagrun for example_branch_operator to 2024-07-10 00:00:00+00:00, run_after=2024-07-11 00:00:00+00:00
[2024-07-11T17:57:56.133+0000] {processor.py:183} INFO - Processing /home/airflow/.local/lib/python3.12/site-packages/airflow/example_dags/example_branch_operator.py took 0.362 seconds
[2024-07-11T17:58:26.543+0000] {processor.py:161} INFO - Started process (PID=169) to work on /home/airflow/.local/lib/python3.12/site-packages/airflow/example_dags/example_branch_operator.py
[2024-07-11T17:58:26.545+0000] {processor.py:830} INFO - Processing file /home/airflow/.local/lib/python3.12/site-packages/airflow/example_dags/example_branch_operator.py for tasks to queue
[2024-07-11T17:58:26.548+0000] {logging_mixin.py:188} INFO - [2024-07-11T17:58:26.547+0000] {dagbag.py:545} INFO - Filling up the DagBag from /home/airflow/.local/lib/python3.12/site-packages/airflow/example_dags/example_branch_operator.py
[2024-07-11T17:58:26.579+0000] {processor.py:840} INFO - DAG(s) 'example_branch_operator' retrieved from /home/airflow/.local/lib/python3.12/site-packages/airflow/example_dags/example_branch_operator.py
[2024-07-11T17:58:26.637+0000] {logging_mixin.py:188} INFO - [2024-07-11T17:58:26.636+0000] {dag.py:3096} INFO - Sync 1 DAGs
[2024-07-11T17:58:26.682+0000] {logging_mixin.py:188} INFO - [2024-07-11T17:58:26.682+0000] {dag.py:3954} INFO - Setting next_dagrun for example_branch_operator to 2024-07-10 00:00:00+00:00, run_after=2024-07-11 00:00:00+00:00
[2024-07-11T17:58:26.712+0000] {processor.py:183} INFO - Processing /home/airflow/.local/lib/python3.12/site-packages/airflow/example_dags/example_branch_operator.py took 0.177 seconds
[2024-07-11T17:58:56.848+0000] {processor.py:161} INFO - Started process (PID=227) to work on /home/airflow/.local/lib/python3.12/site-packages/airflow/example_dags/example_branch_operator.py
[2024-07-11T17:58:56.849+0000] {processor.py:830} INFO - Processing file /home/airflow/.local/lib/python3.12/site-packages/airflow/example_dags/example_branch_operator.py for tasks to queue
[2024-07-11T17:58:56.851+0000] {logging_mixin.py:188} INFO - [2024-07-11T17:58:56.851+0000] {dagbag.py:545} INFO - Filling up the DagBag from /home/airflow/.local/lib/python3.12/site-packages/airflow/example_dags/example_branch_operator.py
[2024-07-11T17:58:56.873+0000] {processor.py:840} INFO - DAG(s) 'example_branch_operator' retrieved from /home/airflow/.local/lib/python3.12/site-packages/airflow/example_dags/example_branch_operator.py
[2024-07-11T17:58:56.911+0000] {logging_mixin.py:188} INFO - [2024-07-11T17:58:56.911+0000] {dag.py:3096} INFO - Sync 1 DAGs
[2024-07-11T17:58:56.944+0000] {logging_mixin.py:188} INFO - [2024-07-11T17:58:56.943+0000] {dag.py:3954} INFO - Setting next_dagrun for example_branch_operator to 2024-07-10 00:00:00+00:00, run_after=2024-07-11 00:00:00+00:00
[2024-07-11T17:58:56.976+0000] {processor.py:183} INFO - Processing /home/airflow/.local/lib/python3.12/site-packages/airflow/example_dags/example_branch_operator.py took 0.136 seconds
[2024-07-11T17:59:27.294+0000] {processor.py:161} INFO - Started process (PID=285) to work on /home/airflow/.local/lib/python3.12/site-packages/airflow/example_dags/example_branch_operator.py
[2024-07-11T17:59:27.295+0000] {processor.py:830} INFO - Processing file /home/airflow/.local/lib/python3.12/site-packages/airflow/example_dags/example_branch_operator.py for tasks to queue
[2024-07-11T17:59:27.300+0000] {logging_mixin.py:188} INFO - [2024-07-11T17:59:27.300+0000] {dagbag.py:545} INFO - Filling up the DagBag from /home/airflow/.local/lib/python3.12/site-packages/airflow/example_dags/example_branch_operator.py
[2024-07-11T17:59:27.332+0000] {processor.py:840} INFO - DAG(s) 'example_branch_operator' retrieved from /home/airflow/.local/lib/python3.12/site-packages/airflow/example_dags/example_branch_operator.py
[2024-07-11T17:59:27.378+0000] {logging_mixin.py:188} INFO - [2024-07-11T17:59:27.377+0000] {dag.py:3096} INFO - Sync 1 DAGs
[2024-07-11T17:59:27.417+0000] {logging_mixin.py:188} INFO - [2024-07-11T17:59:27.416+0000] {dag.py:3954} INFO - Setting next_dagrun for example_branch_operator to 2024-07-10 00:00:00+00:00, run_after=2024-07-11 00:00:00+00:00
[2024-07-11T17:59:27.450+0000] {processor.py:183} INFO - Processing /home/airflow/.local/lib/python3.12/site-packages/airflow/example_dags/example_branch_operator.py took 0.165 seconds
[2024-07-11T17:59:57.836+0000] {processor.py:161} INFO - Started process (PID=343) to work on /home/airflow/.local/lib/python3.12/site-packages/airflow/example_dags/example_branch_operator.py
[2024-07-11T17:59:57.837+0000] {processor.py:830} INFO - Processing file /home/airflow/.local/lib/python3.12/site-packages/airflow/example_dags/example_branch_operator.py for tasks to queue
[2024-07-11T17:59:57.839+0000] {logging_mixin.py:188} INFO - [2024-07-11T17:59:57.839+0000] {dagbag.py:545} INFO - Filling up the DagBag from /home/airflow/.local/lib/python3.12/site-packages/airflow/example_dags/example_branch_operator.py
[2024-07-11T17:59:57.860+0000] {processor.py:840} INFO - DAG(s) 'example_branch_operator' retrieved from /home/airflow/.local/lib/python3.12/site-packages/airflow/example_dags/example_branch_operator.py
[2024-07-11T17:59:57.895+0000] {logging_mixin.py:188} INFO - [2024-07-11T17:59:57.895+0000] {dag.py:3096} INFO - Sync 1 DAGs
[2024-07-11T17:59:57.928+0000] {logging_mixin.py:188} INFO - [2024-07-11T17:59:57.927+0000] {dag.py:3954} INFO - Setting next_dagrun for example_branch_operator to 2024-07-10 00:00:00+00:00, run_after=2024-07-11 00:00:00+00:00
[2024-07-11T17:59:57.956+0000] {processor.py:183} INFO - Processing /home/airflow/.local/lib/python3.12/site-packages/airflow/example_dags/example_branch_operator.py took 0.128 seconds
[2024-07-11T18:00:28.319+0000] {processor.py:161} INFO - Started process (PID=401) to work on /home/airflow/.local/lib/python3.12/site-packages/airflow/example_dags/example_branch_operator.py
[2024-07-11T18:00:28.320+0000] {processor.py:830} INFO - Processing file /home/airflow/.local/lib/python3.12/site-packages/airflow/example_dags/example_branch_operator.py for tasks to queue
[2024-07-11T18:00:28.323+0000] {logging_mixin.py:188} INFO - [2024-07-11T18:00:28.322+0000] {dagbag.py:545} INFO - Filling up the DagBag from /home/airflow/.local/lib/python3.12/site-packages/airflow/example_dags/example_branch_operator.py
[2024-07-11T18:00:28.352+0000] {processor.py:840} INFO - DAG(s) 'example_branch_operator' retrieved from /home/airflow/.local/lib/python3.12/site-packages/airflow/example_dags/example_branch_operator.py
[2024-07-11T18:00:28.408+0000] {logging_mixin.py:188} INFO - [2024-07-11T18:00:28.407+0000] {dag.py:3096} INFO - Sync 1 DAGs
[2024-07-11T18:00:28.457+0000] {logging_mixin.py:188} INFO - [2024-07-11T18:00:28.457+0000] {dag.py:3954} INFO - Setting next_dagrun for example_branch_operator to 2024-07-10 00:00:00+00:00, run_after=2024-07-11 00:00:00+00:00
[2024-07-11T18:00:28.499+0000] {processor.py:183} INFO - Processing /home/airflow/.local/lib/python3.12/site-packages/airflow/example_dags/example_branch_operator.py took 0.188 seconds
[2024-07-11T18:00:59.370+0000] {processor.py:161} INFO - Started process (PID=459) to work on /home/airflow/.local/lib/python3.12/site-packages/airflow/example_dags/example_branch_operator.py
[2024-07-11T18:00:59.372+0000] {processor.py:830} INFO - Processing file /home/airflow/.local/lib/python3.12/site-packages/airflow/example_dags/example_branch_operator.py for tasks to queue
[2024-07-11T18:00:59.376+0000] {logging_mixin.py:188} INFO - [2024-07-11T18:00:59.375+0000] {dagbag.py:545} INFO - Filling up the DagBag from /home/airflow/.local/lib/python3.12/site-packages/airflow/example_dags/example_branch_operator.py
[2024-07-11T18:00:59.421+0000] {processor.py:840} INFO - DAG(s) 'example_branch_operator' retrieved from /home/airflow/.local/lib/python3.12/site-packages/airflow/example_dags/example_branch_operator.py
[2024-07-11T18:00:59.498+0000] {logging_mixin.py:188} INFO - [2024-07-11T18:00:59.497+0000] {dag.py:3096} INFO - Sync 1 DAGs
[2024-07-11T18:00:59.545+0000] {logging_mixin.py:188} INFO - [2024-07-11T18:00:59.545+0000] {dag.py:3954} INFO - Setting next_dagrun for example_branch_operator to 2024-07-10 00:00:00+00:00, run_after=2024-07-11 00:00:00+00:00
[2024-07-11T18:00:59.585+0000] {processor.py:183} INFO - Processing /home/airflow/.local/lib/python3.12/site-packages/airflow/example_dags/example_branch_operator.py took 0.228 seconds
[2024-07-11T18:01:29.653+0000] {processor.py:161} INFO - Started process (PID=518) to work on /home/airflow/.local/lib/python3.12/site-packages/airflow/example_dags/example_branch_operator.py
[2024-07-11T18:01:29.654+0000] {processor.py:830} INFO - Processing file /home/airflow/.local/lib/python3.12/site-packages/airflow/example_dags/example_branch_operator.py for tasks to queue
[2024-07-11T18:01:29.657+0000] {logging_mixin.py:188} INFO - [2024-07-11T18:01:29.656+0000] {dagbag.py:545} INFO - Filling up the DagBag from /home/airflow/.local/lib/python3.12/site-packages/airflow/example_dags/example_branch_operator.py
[2024-07-11T18:01:29.685+0000] {processor.py:840} INFO - DAG(s) 'example_branch_operator' retrieved from /home/airflow/.local/lib/python3.12/site-packages/airflow/example_dags/example_branch_operator.py
[2024-07-11T18:01:29.730+0000] {logging_mixin.py:188} INFO - [2024-07-11T18:01:29.729+0000] {dag.py:3096} INFO - Sync 1 DAGs
[2024-07-11T18:01:29.771+0000] {logging_mixin.py:188} INFO - [2024-07-11T18:01:29.771+0000] {dag.py:3954} INFO - Setting next_dagrun for example_branch_operator to 2024-07-10 00:00:00+00:00, run_after=2024-07-11 00:00:00+00:00
[2024-07-11T18:01:29.810+0000] {processor.py:183} INFO - Processing /home/airflow/.local/lib/python3.12/site-packages/airflow/example_dags/example_branch_operator.py took 0.165 seconds
[2024-07-11T18:01:59.970+0000] {processor.py:161} INFO - Started process (PID=576) to work on /home/airflow/.local/lib/python3.12/site-packages/airflow/example_dags/example_branch_operator.py
[2024-07-11T18:01:59.972+0000] {processor.py:830} INFO - Processing file /home/airflow/.local/lib/python3.12/site-packages/airflow/example_dags/example_branch_operator.py for tasks to queue
[2024-07-11T18:01:59.975+0000] {logging_mixin.py:188} INFO - [2024-07-11T18:01:59.974+0000] {dagbag.py:545} INFO - Filling up the DagBag from /home/airflow/.local/lib/python3.12/site-packages/airflow/example_dags/example_branch_operator.py
[2024-07-11T18:02:00.008+0000] {processor.py:840} INFO - DAG(s) 'example_branch_operator' retrieved from /home/airflow/.local/lib/python3.12/site-packages/airflow/example_dags/example_branch_operator.py
[2024-07-11T18:02:00.055+0000] {logging_mixin.py:188} INFO - [2024-07-11T18:02:00.054+0000] {dag.py:3096} INFO - Sync 1 DAGs
[2024-07-11T18:02:00.093+0000] {logging_mixin.py:188} INFO - [2024-07-11T18:02:00.093+0000] {dag.py:3954} INFO - Setting next_dagrun for example_branch_operator to 2024-07-10 00:00:00+00:00, run_after=2024-07-11 00:00:00+00:00
[2024-07-11T18:02:00.126+0000] {processor.py:183} INFO - Processing /home/airflow/.local/lib/python3.12/site-packages/airflow/example_dags/example_branch_operator.py took 0.167 seconds
[2024-07-11T18:02:30.697+0000] {processor.py:161} INFO - Started process (PID=633) to work on /home/airflow/.local/lib/python3.12/site-packages/airflow/example_dags/example_branch_operator.py
[2024-07-11T18:02:30.699+0000] {processor.py:830} INFO - Processing file /home/airflow/.local/lib/python3.12/site-packages/airflow/example_dags/example_branch_operator.py for tasks to queue
[2024-07-11T18:02:30.702+0000] {logging_mixin.py:188} INFO - [2024-07-11T18:02:30.701+0000] {dagbag.py:545} INFO - Filling up the DagBag from /home/airflow/.local/lib/python3.12/site-packages/airflow/example_dags/example_branch_operator.py
[2024-07-11T18:02:30.728+0000] {processor.py:840} INFO - DAG(s) 'example_branch_operator' retrieved from /home/airflow/.local/lib/python3.12/site-packages/airflow/example_dags/example_branch_operator.py
[2024-07-11T18:02:30.773+0000] {logging_mixin.py:188} INFO - [2024-07-11T18:02:30.772+0000] {dag.py:3096} INFO - Sync 1 DAGs
[2024-07-11T18:02:30.811+0000] {logging_mixin.py:188} INFO - [2024-07-11T18:02:30.811+0000] {dag.py:3954} INFO - Setting next_dagrun for example_branch_operator to 2024-07-10 00:00:00+00:00, run_after=2024-07-11 00:00:00+00:00
[2024-07-11T18:02:30.840+0000] {processor.py:183} INFO - Processing /home/airflow/.local/lib/python3.12/site-packages/airflow/example_dags/example_branch_operator.py took 0.151 seconds
[2024-07-11T18:03:00.900+0000] {processor.py:161} INFO - Started process (PID=691) to work on /home/airflow/.local/lib/python3.12/site-packages/airflow/example_dags/example_branch_operator.py
[2024-07-11T18:03:00.901+0000] {processor.py:830} INFO - Processing file /home/airflow/.local/lib/python3.12/site-packages/airflow/example_dags/example_branch_operator.py for tasks to queue
[2024-07-11T18:03:00.903+0000] {logging_mixin.py:188} INFO - [2024-07-11T18:03:00.903+0000] {dagbag.py:545} INFO - Filling up the DagBag from /home/airflow/.local/lib/python3.12/site-packages/airflow/example_dags/example_branch_operator.py
[2024-07-11T18:03:00.927+0000] {processor.py:840} INFO - DAG(s) 'example_branch_operator' retrieved from /home/airflow/.local/lib/python3.12/site-packages/airflow/example_dags/example_branch_operator.py
[2024-07-11T18:03:00.974+0000] {logging_mixin.py:188} INFO - [2024-07-11T18:03:00.973+0000] {dag.py:3096} INFO - Sync 1 DAGs
[2024-07-11T18:03:01.018+0000] {logging_mixin.py:188} INFO - [2024-07-11T18:03:01.018+0000] {dag.py:3954} INFO - Setting next_dagrun for example_branch_operator to 2024-07-10 00:00:00+00:00, run_after=2024-07-11 00:00:00+00:00
[2024-07-11T18:03:01.054+0000] {processor.py:183} INFO - Processing /home/airflow/.local/lib/python3.12/site-packages/airflow/example_dags/example_branch_operator.py took 0.162 seconds
[2024-07-11T18:03:31.572+0000] {processor.py:161} INFO - Started process (PID=749) to work on /home/airflow/.local/lib/python3.12/site-packages/airflow/example_dags/example_branch_operator.py
[2024-07-11T18:03:31.574+0000] {processor.py:830} INFO - Processing file /home/airflow/.local/lib/python3.12/site-packages/airflow/example_dags/example_branch_operator.py for tasks to queue
[2024-07-11T18:03:31.578+0000] {logging_mixin.py:188} INFO - [2024-07-11T18:03:31.577+0000] {dagbag.py:545} INFO - Filling up the DagBag from /home/airflow/.local/lib/python3.12/site-packages/airflow/example_dags/example_branch_operator.py
[2024-07-11T18:03:31.606+0000] {processor.py:840} INFO - DAG(s) 'example_branch_operator' retrieved from /home/airflow/.local/lib/python3.12/site-packages/airflow/example_dags/example_branch_operator.py
[2024-07-11T18:03:31.655+0000] {logging_mixin.py:188} INFO - [2024-07-11T18:03:31.655+0000] {dag.py:3096} INFO - Sync 1 DAGs
[2024-07-11T18:03:31.709+0000] {logging_mixin.py:188} INFO - [2024-07-11T18:03:31.708+0000] {dag.py:3954} INFO - Setting next_dagrun for example_branch_operator to 2024-07-10 00:00:00+00:00, run_after=2024-07-11 00:00:00+00:00
[2024-07-11T18:03:31.748+0000] {processor.py:183} INFO - Processing /home/airflow/.local/lib/python3.12/site-packages/airflow/example_dags/example_branch_operator.py took 0.185 seconds
[2024-07-11T18:04:01.857+0000] {processor.py:161} INFO - Started process (PID=808) to work on /home/airflow/.local/lib/python3.12/site-packages/airflow/example_dags/example_branch_operator.py
[2024-07-11T18:04:01.859+0000] {processor.py:830} INFO - Processing file /home/airflow/.local/lib/python3.12/site-packages/airflow/example_dags/example_branch_operator.py for tasks to queue
[2024-07-11T18:04:01.861+0000] {logging_mixin.py:188} INFO - [2024-07-11T18:04:01.861+0000] {dagbag.py:545} INFO - Filling up the DagBag from /home/airflow/.local/lib/python3.12/site-packages/airflow/example_dags/example_branch_operator.py
[2024-07-11T18:04:01.886+0000] {processor.py:840} INFO - DAG(s) 'example_branch_operator' retrieved from /home/airflow/.local/lib/python3.12/site-packages/airflow/example_dags/example_branch_operator.py
[2024-07-11T18:04:01.927+0000] {logging_mixin.py:188} INFO - [2024-07-11T18:04:01.927+0000] {dag.py:3096} INFO - Sync 1 DAGs
[2024-07-11T18:04:01.968+0000] {logging_mixin.py:188} INFO - [2024-07-11T18:04:01.968+0000] {dag.py:3954} INFO - Setting next_dagrun for example_branch_operator to 2024-07-10 00:00:00+00:00, run_after=2024-07-11 00:00:00+00:00
[2024-07-11T18:04:02.000+0000] {processor.py:183} INFO - Processing /home/airflow/.local/lib/python3.12/site-packages/airflow/example_dags/example_branch_operator.py took 0.152 seconds
[2024-07-11T18:04:32.226+0000] {processor.py:161} INFO - Started process (PID=868) to work on /home/airflow/.local/lib/python3.12/site-packages/airflow/example_dags/example_branch_operator.py
[2024-07-11T18:04:32.227+0000] {processor.py:830} INFO - Processing file /home/airflow/.local/lib/python3.12/site-packages/airflow/example_dags/example_branch_operator.py for tasks to queue
[2024-07-11T18:04:32.229+0000] {logging_mixin.py:188} INFO - [2024-07-11T18:04:32.229+0000] {dagbag.py:545} INFO - Filling up the DagBag from /home/airflow/.local/lib/python3.12/site-packages/airflow/example_dags/example_branch_operator.py
[2024-07-11T18:04:32.259+0000] {processor.py:840} INFO - DAG(s) 'example_branch_operator' retrieved from /home/airflow/.local/lib/python3.12/site-packages/airflow/example_dags/example_branch_operator.py
[2024-07-11T18:04:32.322+0000] {logging_mixin.py:188} INFO - [2024-07-11T18:04:32.321+0000] {dag.py:3096} INFO - Sync 1 DAGs
[2024-07-11T18:04:32.359+0000] {logging_mixin.py:188} INFO - [2024-07-11T18:04:32.359+0000] {dag.py:3954} INFO - Setting next_dagrun for example_branch_operator to 2024-07-10 00:00:00+00:00, run_after=2024-07-11 00:00:00+00:00
[2024-07-11T18:04:32.387+0000] {processor.py:183} INFO - Processing /home/airflow/.local/lib/python3.12/site-packages/airflow/example_dags/example_branch_operator.py took 0.169 seconds
[2024-07-11T18:05:02.492+0000] {processor.py:161} INFO - Started process (PID=927) to work on /home/airflow/.local/lib/python3.12/site-packages/airflow/example_dags/example_branch_operator.py
[2024-07-11T18:05:02.494+0000] {processor.py:830} INFO - Processing file /home/airflow/.local/lib/python3.12/site-packages/airflow/example_dags/example_branch_operator.py for tasks to queue
[2024-07-11T18:05:02.496+0000] {logging_mixin.py:188} INFO - [2024-07-11T18:05:02.496+0000] {dagbag.py:545} INFO - Filling up the DagBag from /home/airflow/.local/lib/python3.12/site-packages/airflow/example_dags/example_branch_operator.py
[2024-07-11T18:05:02.519+0000] {processor.py:840} INFO - DAG(s) 'example_branch_operator' retrieved from /home/airflow/.local/lib/python3.12/site-packages/airflow/example_dags/example_branch_operator.py
[2024-07-11T18:05:02.556+0000] {logging_mixin.py:188} INFO - [2024-07-11T18:05:02.556+0000] {dag.py:3096} INFO - Sync 1 DAGs
[2024-07-11T18:05:02.588+0000] {logging_mixin.py:188} INFO - [2024-07-11T18:05:02.587+0000] {dag.py:3954} INFO - Setting next_dagrun for example_branch_operator to 2024-07-10 00:00:00+00:00, run_after=2024-07-11 00:00:00+00:00
[2024-07-11T18:05:02.616+0000] {processor.py:183} INFO - Processing /home/airflow/.local/lib/python3.12/site-packages/airflow/example_dags/example_branch_operator.py took 0.132 seconds
[2024-07-11T18:05:33.304+0000] {processor.py:161} INFO - Started process (PID=983) to work on /home/airflow/.local/lib/python3.12/site-packages/airflow/example_dags/example_branch_operator.py
[2024-07-11T18:05:33.305+0000] {processor.py:830} INFO - Processing file /home/airflow/.local/lib/python3.12/site-packages/airflow/example_dags/example_branch_operator.py for tasks to queue
[2024-07-11T18:05:33.308+0000] {logging_mixin.py:188} INFO - [2024-07-11T18:05:33.308+0000] {dagbag.py:545} INFO - Filling up the DagBag from /home/airflow/.local/lib/python3.12/site-packages/airflow/example_dags/example_branch_operator.py
[2024-07-11T18:05:33.332+0000] {processor.py:840} INFO - DAG(s) 'example_branch_operator' retrieved from /home/airflow/.local/lib/python3.12/site-packages/airflow/example_dags/example_branch_operator.py
[2024-07-11T18:05:33.369+0000] {logging_mixin.py:188} INFO - [2024-07-11T18:05:33.369+0000] {dag.py:3096} INFO - Sync 1 DAGs
[2024-07-11T18:05:33.402+0000] {logging_mixin.py:188} INFO - [2024-07-11T18:05:33.401+0000] {dag.py:3954} INFO - Setting next_dagrun for example_branch_operator to 2024-07-10 00:00:00+00:00, run_after=2024-07-11 00:00:00+00:00
[2024-07-11T18:05:33.429+0000] {processor.py:183} INFO - Processing /home/airflow/.local/lib/python3.12/site-packages/airflow/example_dags/example_branch_operator.py took 0.134 seconds
[2024-07-11T18:06:03.902+0000] {processor.py:161} INFO - Started process (PID=1040) to work on /home/airflow/.local/lib/python3.12/site-packages/airflow/example_dags/example_branch_operator.py
[2024-07-11T18:06:03.903+0000] {processor.py:830} INFO - Processing file /home/airflow/.local/lib/python3.12/site-packages/airflow/example_dags/example_branch_operator.py for tasks to queue
[2024-07-11T18:06:03.906+0000] {logging_mixin.py:188} INFO - [2024-07-11T18:06:03.905+0000] {dagbag.py:545} INFO - Filling up the DagBag from /home/airflow/.local/lib/python3.12/site-packages/airflow/example_dags/example_branch_operator.py
[2024-07-11T18:06:03.934+0000] {processor.py:840} INFO - DAG(s) 'example_branch_operator' retrieved from /home/airflow/.local/lib/python3.12/site-packages/airflow/example_dags/example_branch_operator.py
[2024-07-11T18:06:03.975+0000] {logging_mixin.py:188} INFO - [2024-07-11T18:06:03.974+0000] {dag.py:3096} INFO - Sync 1 DAGs
[2024-07-11T18:06:04.007+0000] {logging_mixin.py:188} INFO - [2024-07-11T18:06:04.006+0000] {dag.py:3954} INFO - Setting next_dagrun for example_branch_operator to 2024-07-10 00:00:00+00:00, run_after=2024-07-11 00:00:00+00:00
[2024-07-11T18:06:04.035+0000] {processor.py:183} INFO - Processing /home/airflow/.local/lib/python3.12/site-packages/airflow/example_dags/example_branch_operator.py took 0.141 seconds
[2024-07-11T18:06:35.176+0000] {processor.py:161} INFO - Started process (PID=1098) to work on /home/airflow/.local/lib/python3.12/site-packages/airflow/example_dags/example_branch_operator.py
[2024-07-11T18:06:35.177+0000] {processor.py:830} INFO - Processing file /home/airflow/.local/lib/python3.12/site-packages/airflow/example_dags/example_branch_operator.py for tasks to queue
[2024-07-11T18:06:35.180+0000] {logging_mixin.py:188} INFO - [2024-07-11T18:06:35.179+0000] {dagbag.py:545} INFO - Filling up the DagBag from /home/airflow/.local/lib/python3.12/site-packages/airflow/example_dags/example_branch_operator.py
[2024-07-11T18:06:35.216+0000] {processor.py:840} INFO - DAG(s) 'example_branch_operator' retrieved from /home/airflow/.local/lib/python3.12/site-packages/airflow/example_dags/example_branch_operator.py
[2024-07-11T18:06:35.266+0000] {logging_mixin.py:188} INFO - [2024-07-11T18:06:35.265+0000] {dag.py:3096} INFO - Sync 1 DAGs
[2024-07-11T18:06:35.304+0000] {logging_mixin.py:188} INFO - [2024-07-11T18:06:35.303+0000] {dag.py:3954} INFO - Setting next_dagrun for example_branch_operator to 2024-07-10 00:00:00+00:00, run_after=2024-07-11 00:00:00+00:00
[2024-07-11T18:06:35.338+0000] {processor.py:183} INFO - Processing /home/airflow/.local/lib/python3.12/site-packages/airflow/example_dags/example_branch_operator.py took 0.173 seconds
[2024-07-11T18:07:06.041+0000] {processor.py:161} INFO - Started process (PID=1156) to work on /home/airflow/.local/lib/python3.12/site-packages/airflow/example_dags/example_branch_operator.py
[2024-07-11T18:07:06.042+0000] {processor.py:830} INFO - Processing file /home/airflow/.local/lib/python3.12/site-packages/airflow/example_dags/example_branch_operator.py for tasks to queue
[2024-07-11T18:07:06.045+0000] {logging_mixin.py:188} INFO - [2024-07-11T18:07:06.045+0000] {dagbag.py:545} INFO - Filling up the DagBag from /home/airflow/.local/lib/python3.12/site-packages/airflow/example_dags/example_branch_operator.py
[2024-07-11T18:07:06.070+0000] {processor.py:840} INFO - DAG(s) 'example_branch_operator' retrieved from /home/airflow/.local/lib/python3.12/site-packages/airflow/example_dags/example_branch_operator.py
[2024-07-11T18:07:06.119+0000] {logging_mixin.py:188} INFO - [2024-07-11T18:07:06.119+0000] {dag.py:3096} INFO - Sync 1 DAGs
[2024-07-11T18:07:06.160+0000] {logging_mixin.py:188} INFO - [2024-07-11T18:07:06.159+0000] {dag.py:3954} INFO - Setting next_dagrun for example_branch_operator to 2024-07-10 00:00:00+00:00, run_after=2024-07-11 00:00:00+00:00
[2024-07-11T18:07:06.212+0000] {processor.py:183} INFO - Processing /home/airflow/.local/lib/python3.12/site-packages/airflow/example_dags/example_branch_operator.py took 0.180 seconds
[2024-07-11T18:07:36.760+0000] {processor.py:161} INFO - Started process (PID=1215) to work on /home/airflow/.local/lib/python3.12/site-packages/airflow/example_dags/example_branch_operator.py
[2024-07-11T18:07:36.761+0000] {processor.py:830} INFO - Processing file /home/airflow/.local/lib/python3.12/site-packages/airflow/example_dags/example_branch_operator.py for tasks to queue
[2024-07-11T18:07:36.765+0000] {logging_mixin.py:188} INFO - [2024-07-11T18:07:36.764+0000] {dagbag.py:545} INFO - Filling up the DagBag from /home/airflow/.local/lib/python3.12/site-packages/airflow/example_dags/example_branch_operator.py
[2024-07-11T18:07:36.794+0000] {processor.py:840} INFO - DAG(s) 'example_branch_operator' retrieved from /home/airflow/.local/lib/python3.12/site-packages/airflow/example_dags/example_branch_operator.py
[2024-07-11T18:07:36.852+0000] {logging_mixin.py:188} INFO - [2024-07-11T18:07:36.851+0000] {dag.py:3096} INFO - Sync 1 DAGs
[2024-07-11T18:07:36.925+0000] {logging_mixin.py:188} INFO - [2024-07-11T18:07:36.925+0000] {dag.py:3954} INFO - Setting next_dagrun for example_branch_operator to 2024-07-10 00:00:00+00:00, run_after=2024-07-11 00:00:00+00:00
[2024-07-11T18:07:36.962+0000] {processor.py:183} INFO - Processing /home/airflow/.local/lib/python3.12/site-packages/airflow/example_dags/example_branch_operator.py took 0.210 seconds
[2024-07-11T18:08:07.446+0000] {processor.py:161} INFO - Started process (PID=1275) to work on /home/airflow/.local/lib/python3.12/site-packages/airflow/example_dags/example_branch_operator.py
[2024-07-11T18:08:07.447+0000] {processor.py:830} INFO - Processing file /home/airflow/.local/lib/python3.12/site-packages/airflow/example_dags/example_branch_operator.py for tasks to queue
[2024-07-11T18:08:07.450+0000] {logging_mixin.py:188} INFO - [2024-07-11T18:08:07.449+0000] {dagbag.py:545} INFO - Filling up the DagBag from /home/airflow/.local/lib/python3.12/site-packages/airflow/example_dags/example_branch_operator.py
[2024-07-11T18:08:07.475+0000] {processor.py:840} INFO - DAG(s) 'example_branch_operator' retrieved from /home/airflow/.local/lib/python3.12/site-packages/airflow/example_dags/example_branch_operator.py
[2024-07-11T18:08:07.515+0000] {logging_mixin.py:188} INFO - [2024-07-11T18:08:07.514+0000] {dag.py:3096} INFO - Sync 1 DAGs
[2024-07-11T18:08:07.549+0000] {logging_mixin.py:188} INFO - [2024-07-11T18:08:07.549+0000] {dag.py:3954} INFO - Setting next_dagrun for example_branch_operator to 2024-07-10 00:00:00+00:00, run_after=2024-07-11 00:00:00+00:00
[2024-07-11T18:08:07.582+0000] {processor.py:183} INFO - Processing /home/airflow/.local/lib/python3.12/site-packages/airflow/example_dags/example_branch_operator.py took 0.143 seconds
[2024-07-11T18:08:38.095+0000] {processor.py:161} INFO - Started process (PID=1331) to work on /home/airflow/.local/lib/python3.12/site-packages/airflow/example_dags/example_branch_operator.py
[2024-07-11T18:08:38.097+0000] {processor.py:830} INFO - Processing file /home/airflow/.local/lib/python3.12/site-packages/airflow/example_dags/example_branch_operator.py for tasks to queue
[2024-07-11T18:08:38.100+0000] {logging_mixin.py:188} INFO - [2024-07-11T18:08:38.099+0000] {dagbag.py:545} INFO - Filling up the DagBag from /home/airflow/.local/lib/python3.12/site-packages/airflow/example_dags/example_branch_operator.py
[2024-07-11T18:08:38.124+0000] {processor.py:840} INFO - DAG(s) 'example_branch_operator' retrieved from /home/airflow/.local/lib/python3.12/site-packages/airflow/example_dags/example_branch_operator.py
[2024-07-11T18:08:38.163+0000] {logging_mixin.py:188} INFO - [2024-07-11T18:08:38.163+0000] {dag.py:3096} INFO - Sync 1 DAGs
[2024-07-11T18:08:38.197+0000] {logging_mixin.py:188} INFO - [2024-07-11T18:08:38.197+0000] {dag.py:3954} INFO - Setting next_dagrun for example_branch_operator to 2024-07-10 00:00:00+00:00, run_after=2024-07-11 00:00:00+00:00
[2024-07-11T18:08:38.230+0000] {processor.py:183} INFO - Processing /home/airflow/.local/lib/python3.12/site-packages/airflow/example_dags/example_branch_operator.py took 0.143 seconds
[2024-07-11T18:09:08.700+0000] {processor.py:161} INFO - Started process (PID=1389) to work on /home/airflow/.local/lib/python3.12/site-packages/airflow/example_dags/example_branch_operator.py
[2024-07-11T18:09:08.702+0000] {processor.py:830} INFO - Processing file /home/airflow/.local/lib/python3.12/site-packages/airflow/example_dags/example_branch_operator.py for tasks to queue
[2024-07-11T18:09:08.704+0000] {logging_mixin.py:188} INFO - [2024-07-11T18:09:08.704+0000] {dagbag.py:545} INFO - Filling up the DagBag from /home/airflow/.local/lib/python3.12/site-packages/airflow/example_dags/example_branch_operator.py
[2024-07-11T18:09:08.735+0000] {processor.py:840} INFO - DAG(s) 'example_branch_operator' retrieved from /home/airflow/.local/lib/python3.12/site-packages/airflow/example_dags/example_branch_operator.py
[2024-07-11T18:09:08.787+0000] {logging_mixin.py:188} INFO - [2024-07-11T18:09:08.786+0000] {dag.py:3096} INFO - Sync 1 DAGs
[2024-07-11T18:09:08.830+0000] {logging_mixin.py:188} INFO - [2024-07-11T18:09:08.829+0000] {dag.py:3954} INFO - Setting next_dagrun for example_branch_operator to 2024-07-10 00:00:00+00:00, run_after=2024-07-11 00:00:00+00:00
[2024-07-11T18:09:08.868+0000] {processor.py:183} INFO - Processing /home/airflow/.local/lib/python3.12/site-packages/airflow/example_dags/example_branch_operator.py took 0.177 seconds
