[2024-07-11T17:57:51.864+0000] {processor.py:161} INFO - Started process (PID=91) to work on /home/airflow/.local/lib/python3.12/site-packages/airflow/example_dags/example_skip_dag.py
[2024-07-11T17:57:51.865+0000] {processor.py:830} INFO - Processing file /home/airflow/.local/lib/python3.12/site-packages/airflow/example_dags/example_skip_dag.py for tasks to queue
[2024-07-11T17:57:51.868+0000] {logging_mixin.py:188} INFO - [2024-07-11T17:57:51.867+0000] {dagbag.py:545} INFO - Filling up the DagBag from /home/airflow/.local/lib/python3.12/site-packages/airflow/example_dags/example_skip_dag.py
[2024-07-11T17:57:51.880+0000] {processor.py:840} INFO - DAG(s) 'example_skip_dag' retrieved from /home/airflow/.local/lib/python3.12/site-packages/airflow/example_dags/example_skip_dag.py
[2024-07-11T17:57:52.067+0000] {logging_mixin.py:188} INFO - [2024-07-11T17:57:52.067+0000] {dag.py:3096} INFO - Sync 1 DAGs
[2024-07-11T17:57:52.113+0000] {logging_mixin.py:188} INFO - [2024-07-11T17:57:52.113+0000] {dag.py:3954} INFO - Setting next_dagrun for example_skip_dag to 2024-07-10 00:00:00+00:00, run_after=2024-07-11 00:00:00+00:00
[2024-07-11T17:57:52.150+0000] {processor.py:183} INFO - Processing /home/airflow/.local/lib/python3.12/site-packages/airflow/example_dags/example_skip_dag.py took 0.293 seconds
[2024-07-11T17:58:22.223+0000] {processor.py:161} INFO - Started process (PID=149) to work on /home/airflow/.local/lib/python3.12/site-packages/airflow/example_dags/example_skip_dag.py
[2024-07-11T17:58:22.225+0000] {processor.py:830} INFO - Processing file /home/airflow/.local/lib/python3.12/site-packages/airflow/example_dags/example_skip_dag.py for tasks to queue
[2024-07-11T17:58:22.228+0000] {logging_mixin.py:188} INFO - [2024-07-11T17:58:22.228+0000] {dagbag.py:545} INFO - Filling up the DagBag from /home/airflow/.local/lib/python3.12/site-packages/airflow/example_dags/example_skip_dag.py
[2024-07-11T17:58:22.237+0000] {processor.py:840} INFO - DAG(s) 'example_skip_dag' retrieved from /home/airflow/.local/lib/python3.12/site-packages/airflow/example_dags/example_skip_dag.py
[2024-07-11T17:58:22.265+0000] {logging_mixin.py:188} INFO - [2024-07-11T17:58:22.264+0000] {dag.py:3096} INFO - Sync 1 DAGs
[2024-07-11T17:58:22.295+0000] {logging_mixin.py:188} INFO - [2024-07-11T17:58:22.294+0000] {dag.py:3954} INFO - Setting next_dagrun for example_skip_dag to 2024-07-10 00:00:00+00:00, run_after=2024-07-11 00:00:00+00:00
[2024-07-11T17:58:22.323+0000] {processor.py:183} INFO - Processing /home/airflow/.local/lib/python3.12/site-packages/airflow/example_dags/example_skip_dag.py took 0.108 seconds
[2024-07-11T17:58:53.222+0000] {processor.py:161} INFO - Started process (PID=207) to work on /home/airflow/.local/lib/python3.12/site-packages/airflow/example_dags/example_skip_dag.py
[2024-07-11T17:58:53.223+0000] {processor.py:830} INFO - Processing file /home/airflow/.local/lib/python3.12/site-packages/airflow/example_dags/example_skip_dag.py for tasks to queue
[2024-07-11T17:58:53.225+0000] {logging_mixin.py:188} INFO - [2024-07-11T17:58:53.225+0000] {dagbag.py:545} INFO - Filling up the DagBag from /home/airflow/.local/lib/python3.12/site-packages/airflow/example_dags/example_skip_dag.py
[2024-07-11T17:58:53.233+0000] {processor.py:840} INFO - DAG(s) 'example_skip_dag' retrieved from /home/airflow/.local/lib/python3.12/site-packages/airflow/example_dags/example_skip_dag.py
[2024-07-11T17:58:53.254+0000] {logging_mixin.py:188} INFO - [2024-07-11T17:58:53.254+0000] {dag.py:3096} INFO - Sync 1 DAGs
[2024-07-11T17:58:53.279+0000] {logging_mixin.py:188} INFO - [2024-07-11T17:58:53.279+0000] {dag.py:3954} INFO - Setting next_dagrun for example_skip_dag to 2024-07-10 00:00:00+00:00, run_after=2024-07-11 00:00:00+00:00
[2024-07-11T17:58:53.326+0000] {processor.py:183} INFO - Processing /home/airflow/.local/lib/python3.12/site-packages/airflow/example_dags/example_skip_dag.py took 0.110 seconds
[2024-07-11T17:59:23.792+0000] {processor.py:161} INFO - Started process (PID=265) to work on /home/airflow/.local/lib/python3.12/site-packages/airflow/example_dags/example_skip_dag.py
[2024-07-11T17:59:23.793+0000] {processor.py:830} INFO - Processing file /home/airflow/.local/lib/python3.12/site-packages/airflow/example_dags/example_skip_dag.py for tasks to queue
[2024-07-11T17:59:23.797+0000] {logging_mixin.py:188} INFO - [2024-07-11T17:59:23.796+0000] {dagbag.py:545} INFO - Filling up the DagBag from /home/airflow/.local/lib/python3.12/site-packages/airflow/example_dags/example_skip_dag.py
[2024-07-11T17:59:23.813+0000] {processor.py:840} INFO - DAG(s) 'example_skip_dag' retrieved from /home/airflow/.local/lib/python3.12/site-packages/airflow/example_dags/example_skip_dag.py
[2024-07-11T17:59:23.868+0000] {logging_mixin.py:188} INFO - [2024-07-11T17:59:23.867+0000] {dag.py:3096} INFO - Sync 1 DAGs
[2024-07-11T17:59:23.911+0000] {logging_mixin.py:188} INFO - [2024-07-11T17:59:23.910+0000] {dag.py:3954} INFO - Setting next_dagrun for example_skip_dag to 2024-07-10 00:00:00+00:00, run_after=2024-07-11 00:00:00+00:00
[2024-07-11T17:59:23.941+0000] {processor.py:183} INFO - Processing /home/airflow/.local/lib/python3.12/site-packages/airflow/example_dags/example_skip_dag.py took 0.165 seconds
[2024-07-11T17:59:54.405+0000] {processor.py:161} INFO - Started process (PID=323) to work on /home/airflow/.local/lib/python3.12/site-packages/airflow/example_dags/example_skip_dag.py
[2024-07-11T17:59:54.406+0000] {processor.py:830} INFO - Processing file /home/airflow/.local/lib/python3.12/site-packages/airflow/example_dags/example_skip_dag.py for tasks to queue
[2024-07-11T17:59:54.408+0000] {logging_mixin.py:188} INFO - [2024-07-11T17:59:54.408+0000] {dagbag.py:545} INFO - Filling up the DagBag from /home/airflow/.local/lib/python3.12/site-packages/airflow/example_dags/example_skip_dag.py
[2024-07-11T17:59:54.416+0000] {processor.py:840} INFO - DAG(s) 'example_skip_dag' retrieved from /home/airflow/.local/lib/python3.12/site-packages/airflow/example_dags/example_skip_dag.py
[2024-07-11T17:59:54.440+0000] {logging_mixin.py:188} INFO - [2024-07-11T17:59:54.440+0000] {dag.py:3096} INFO - Sync 1 DAGs
[2024-07-11T17:59:54.467+0000] {logging_mixin.py:188} INFO - [2024-07-11T17:59:54.467+0000] {dag.py:3954} INFO - Setting next_dagrun for example_skip_dag to 2024-07-10 00:00:00+00:00, run_after=2024-07-11 00:00:00+00:00
[2024-07-11T17:59:54.493+0000] {processor.py:183} INFO - Processing /home/airflow/.local/lib/python3.12/site-packages/airflow/example_dags/example_skip_dag.py took 0.094 seconds
[2024-07-11T18:00:25.364+0000] {processor.py:161} INFO - Started process (PID=381) to work on /home/airflow/.local/lib/python3.12/site-packages/airflow/example_dags/example_skip_dag.py
[2024-07-11T18:00:25.365+0000] {processor.py:830} INFO - Processing file /home/airflow/.local/lib/python3.12/site-packages/airflow/example_dags/example_skip_dag.py for tasks to queue
[2024-07-11T18:00:25.368+0000] {logging_mixin.py:188} INFO - [2024-07-11T18:00:25.368+0000] {dagbag.py:545} INFO - Filling up the DagBag from /home/airflow/.local/lib/python3.12/site-packages/airflow/example_dags/example_skip_dag.py
[2024-07-11T18:00:25.379+0000] {processor.py:840} INFO - DAG(s) 'example_skip_dag' retrieved from /home/airflow/.local/lib/python3.12/site-packages/airflow/example_dags/example_skip_dag.py
[2024-07-11T18:00:25.410+0000] {logging_mixin.py:188} INFO - [2024-07-11T18:00:25.410+0000] {dag.py:3096} INFO - Sync 1 DAGs
[2024-07-11T18:00:25.450+0000] {logging_mixin.py:188} INFO - [2024-07-11T18:00:25.450+0000] {dag.py:3954} INFO - Setting next_dagrun for example_skip_dag to 2024-07-10 00:00:00+00:00, run_after=2024-07-11 00:00:00+00:00
[2024-07-11T18:00:25.491+0000] {processor.py:183} INFO - Processing /home/airflow/.local/lib/python3.12/site-packages/airflow/example_dags/example_skip_dag.py took 0.137 seconds
[2024-07-11T18:00:56.247+0000] {processor.py:161} INFO - Started process (PID=439) to work on /home/airflow/.local/lib/python3.12/site-packages/airflow/example_dags/example_skip_dag.py
[2024-07-11T18:00:56.249+0000] {processor.py:830} INFO - Processing file /home/airflow/.local/lib/python3.12/site-packages/airflow/example_dags/example_skip_dag.py for tasks to queue
[2024-07-11T18:00:56.253+0000] {logging_mixin.py:188} INFO - [2024-07-11T18:00:56.252+0000] {dagbag.py:545} INFO - Filling up the DagBag from /home/airflow/.local/lib/python3.12/site-packages/airflow/example_dags/example_skip_dag.py
[2024-07-11T18:00:56.265+0000] {processor.py:840} INFO - DAG(s) 'example_skip_dag' retrieved from /home/airflow/.local/lib/python3.12/site-packages/airflow/example_dags/example_skip_dag.py
[2024-07-11T18:00:56.303+0000] {logging_mixin.py:188} INFO - [2024-07-11T18:00:56.303+0000] {dag.py:3096} INFO - Sync 1 DAGs
[2024-07-11T18:00:56.348+0000] {logging_mixin.py:188} INFO - [2024-07-11T18:00:56.347+0000] {dag.py:3954} INFO - Setting next_dagrun for example_skip_dag to 2024-07-10 00:00:00+00:00, run_after=2024-07-11 00:00:00+00:00
[2024-07-11T18:00:56.385+0000] {processor.py:183} INFO - Processing /home/airflow/.local/lib/python3.12/site-packages/airflow/example_dags/example_skip_dag.py took 0.150 seconds
[2024-07-11T18:01:26.611+0000] {processor.py:161} INFO - Started process (PID=497) to work on /home/airflow/.local/lib/python3.12/site-packages/airflow/example_dags/example_skip_dag.py
[2024-07-11T18:01:26.613+0000] {processor.py:830} INFO - Processing file /home/airflow/.local/lib/python3.12/site-packages/airflow/example_dags/example_skip_dag.py for tasks to queue
[2024-07-11T18:01:26.615+0000] {logging_mixin.py:188} INFO - [2024-07-11T18:01:26.615+0000] {dagbag.py:545} INFO - Filling up the DagBag from /home/airflow/.local/lib/python3.12/site-packages/airflow/example_dags/example_skip_dag.py
[2024-07-11T18:01:26.626+0000] {processor.py:840} INFO - DAG(s) 'example_skip_dag' retrieved from /home/airflow/.local/lib/python3.12/site-packages/airflow/example_dags/example_skip_dag.py
[2024-07-11T18:01:26.662+0000] {logging_mixin.py:188} INFO - [2024-07-11T18:01:26.661+0000] {dag.py:3096} INFO - Sync 1 DAGs
[2024-07-11T18:01:26.702+0000] {logging_mixin.py:188} INFO - [2024-07-11T18:01:26.702+0000] {dag.py:3954} INFO - Setting next_dagrun for example_skip_dag to 2024-07-10 00:00:00+00:00, run_after=2024-07-11 00:00:00+00:00
[2024-07-11T18:01:26.737+0000] {processor.py:183} INFO - Processing /home/airflow/.local/lib/python3.12/site-packages/airflow/example_dags/example_skip_dag.py took 0.136 seconds
[2024-07-11T18:01:57.495+0000] {processor.py:161} INFO - Started process (PID=555) to work on /home/airflow/.local/lib/python3.12/site-packages/airflow/example_dags/example_skip_dag.py
[2024-07-11T18:01:57.496+0000] {processor.py:830} INFO - Processing file /home/airflow/.local/lib/python3.12/site-packages/airflow/example_dags/example_skip_dag.py for tasks to queue
[2024-07-11T18:01:57.499+0000] {logging_mixin.py:188} INFO - [2024-07-11T18:01:57.499+0000] {dagbag.py:545} INFO - Filling up the DagBag from /home/airflow/.local/lib/python3.12/site-packages/airflow/example_dags/example_skip_dag.py
[2024-07-11T18:01:57.509+0000] {processor.py:840} INFO - DAG(s) 'example_skip_dag' retrieved from /home/airflow/.local/lib/python3.12/site-packages/airflow/example_dags/example_skip_dag.py
[2024-07-11T18:01:57.540+0000] {logging_mixin.py:188} INFO - [2024-07-11T18:01:57.539+0000] {dag.py:3096} INFO - Sync 1 DAGs
[2024-07-11T18:01:57.570+0000] {logging_mixin.py:188} INFO - [2024-07-11T18:01:57.570+0000] {dag.py:3954} INFO - Setting next_dagrun for example_skip_dag to 2024-07-10 00:00:00+00:00, run_after=2024-07-11 00:00:00+00:00
[2024-07-11T18:01:57.600+0000] {processor.py:183} INFO - Processing /home/airflow/.local/lib/python3.12/site-packages/airflow/example_dags/example_skip_dag.py took 0.112 seconds
[2024-07-11T18:02:28.177+0000] {processor.py:161} INFO - Started process (PID=613) to work on /home/airflow/.local/lib/python3.12/site-packages/airflow/example_dags/example_skip_dag.py
[2024-07-11T18:02:28.178+0000] {processor.py:830} INFO - Processing file /home/airflow/.local/lib/python3.12/site-packages/airflow/example_dags/example_skip_dag.py for tasks to queue
[2024-07-11T18:02:28.181+0000] {logging_mixin.py:188} INFO - [2024-07-11T18:02:28.181+0000] {dagbag.py:545} INFO - Filling up the DagBag from /home/airflow/.local/lib/python3.12/site-packages/airflow/example_dags/example_skip_dag.py
[2024-07-11T18:02:28.189+0000] {processor.py:840} INFO - DAG(s) 'example_skip_dag' retrieved from /home/airflow/.local/lib/python3.12/site-packages/airflow/example_dags/example_skip_dag.py
[2024-07-11T18:02:28.215+0000] {logging_mixin.py:188} INFO - [2024-07-11T18:02:28.214+0000] {dag.py:3096} INFO - Sync 1 DAGs
[2024-07-11T18:02:28.244+0000] {logging_mixin.py:188} INFO - [2024-07-11T18:02:28.244+0000] {dag.py:3954} INFO - Setting next_dagrun for example_skip_dag to 2024-07-10 00:00:00+00:00, run_after=2024-07-11 00:00:00+00:00
[2024-07-11T18:02:28.271+0000] {processor.py:183} INFO - Processing /home/airflow/.local/lib/python3.12/site-packages/airflow/example_dags/example_skip_dag.py took 0.101 seconds
[2024-07-11T18:02:58.370+0000] {processor.py:161} INFO - Started process (PID=671) to work on /home/airflow/.local/lib/python3.12/site-packages/airflow/example_dags/example_skip_dag.py
[2024-07-11T18:02:58.371+0000] {processor.py:830} INFO - Processing file /home/airflow/.local/lib/python3.12/site-packages/airflow/example_dags/example_skip_dag.py for tasks to queue
[2024-07-11T18:02:58.374+0000] {logging_mixin.py:188} INFO - [2024-07-11T18:02:58.374+0000] {dagbag.py:545} INFO - Filling up the DagBag from /home/airflow/.local/lib/python3.12/site-packages/airflow/example_dags/example_skip_dag.py
[2024-07-11T18:02:58.383+0000] {processor.py:840} INFO - DAG(s) 'example_skip_dag' retrieved from /home/airflow/.local/lib/python3.12/site-packages/airflow/example_dags/example_skip_dag.py
[2024-07-11T18:02:58.410+0000] {logging_mixin.py:188} INFO - [2024-07-11T18:02:58.409+0000] {dag.py:3096} INFO - Sync 1 DAGs
[2024-07-11T18:02:58.440+0000] {logging_mixin.py:188} INFO - [2024-07-11T18:02:58.439+0000] {dag.py:3954} INFO - Setting next_dagrun for example_skip_dag to 2024-07-10 00:00:00+00:00, run_after=2024-07-11 00:00:00+00:00
[2024-07-11T18:02:58.468+0000] {processor.py:183} INFO - Processing /home/airflow/.local/lib/python3.12/site-packages/airflow/example_dags/example_skip_dag.py took 0.105 seconds
[2024-07-11T18:03:28.734+0000] {processor.py:161} INFO - Started process (PID=729) to work on /home/airflow/.local/lib/python3.12/site-packages/airflow/example_dags/example_skip_dag.py
[2024-07-11T18:03:28.735+0000] {processor.py:830} INFO - Processing file /home/airflow/.local/lib/python3.12/site-packages/airflow/example_dags/example_skip_dag.py for tasks to queue
[2024-07-11T18:03:28.737+0000] {logging_mixin.py:188} INFO - [2024-07-11T18:03:28.737+0000] {dagbag.py:545} INFO - Filling up the DagBag from /home/airflow/.local/lib/python3.12/site-packages/airflow/example_dags/example_skip_dag.py
[2024-07-11T18:03:28.747+0000] {processor.py:840} INFO - DAG(s) 'example_skip_dag' retrieved from /home/airflow/.local/lib/python3.12/site-packages/airflow/example_dags/example_skip_dag.py
[2024-07-11T18:03:28.781+0000] {logging_mixin.py:188} INFO - [2024-07-11T18:03:28.781+0000] {dag.py:3096} INFO - Sync 1 DAGs
[2024-07-11T18:03:28.815+0000] {logging_mixin.py:188} INFO - [2024-07-11T18:03:28.814+0000] {dag.py:3954} INFO - Setting next_dagrun for example_skip_dag to 2024-07-10 00:00:00+00:00, run_after=2024-07-11 00:00:00+00:00
[2024-07-11T18:03:28.843+0000] {processor.py:183} INFO - Processing /home/airflow/.local/lib/python3.12/site-packages/airflow/example_dags/example_skip_dag.py took 0.117 seconds
[2024-07-11T18:03:59.263+0000] {processor.py:161} INFO - Started process (PID=787) to work on /home/airflow/.local/lib/python3.12/site-packages/airflow/example_dags/example_skip_dag.py
[2024-07-11T18:03:59.265+0000] {processor.py:830} INFO - Processing file /home/airflow/.local/lib/python3.12/site-packages/airflow/example_dags/example_skip_dag.py for tasks to queue
[2024-07-11T18:03:59.267+0000] {logging_mixin.py:188} INFO - [2024-07-11T18:03:59.267+0000] {dagbag.py:545} INFO - Filling up the DagBag from /home/airflow/.local/lib/python3.12/site-packages/airflow/example_dags/example_skip_dag.py
[2024-07-11T18:03:59.277+0000] {processor.py:840} INFO - DAG(s) 'example_skip_dag' retrieved from /home/airflow/.local/lib/python3.12/site-packages/airflow/example_dags/example_skip_dag.py
[2024-07-11T18:03:59.303+0000] {logging_mixin.py:188} INFO - [2024-07-11T18:03:59.303+0000] {dag.py:3096} INFO - Sync 1 DAGs
[2024-07-11T18:03:59.332+0000] {logging_mixin.py:188} INFO - [2024-07-11T18:03:59.332+0000] {dag.py:3954} INFO - Setting next_dagrun for example_skip_dag to 2024-07-10 00:00:00+00:00, run_after=2024-07-11 00:00:00+00:00
[2024-07-11T18:03:59.360+0000] {processor.py:183} INFO - Processing /home/airflow/.local/lib/python3.12/site-packages/airflow/example_dags/example_skip_dag.py took 0.105 seconds
[2024-07-11T18:04:30.305+0000] {processor.py:161} INFO - Started process (PID=845) to work on /home/airflow/.local/lib/python3.12/site-packages/airflow/example_dags/example_skip_dag.py
[2024-07-11T18:04:30.306+0000] {processor.py:830} INFO - Processing file /home/airflow/.local/lib/python3.12/site-packages/airflow/example_dags/example_skip_dag.py for tasks to queue
[2024-07-11T18:04:30.308+0000] {logging_mixin.py:188} INFO - [2024-07-11T18:04:30.308+0000] {dagbag.py:545} INFO - Filling up the DagBag from /home/airflow/.local/lib/python3.12/site-packages/airflow/example_dags/example_skip_dag.py
[2024-07-11T18:04:30.318+0000] {processor.py:840} INFO - DAG(s) 'example_skip_dag' retrieved from /home/airflow/.local/lib/python3.12/site-packages/airflow/example_dags/example_skip_dag.py
[2024-07-11T18:04:30.341+0000] {logging_mixin.py:188} INFO - [2024-07-11T18:04:30.341+0000] {dag.py:3096} INFO - Sync 1 DAGs
[2024-07-11T18:04:30.369+0000] {logging_mixin.py:188} INFO - [2024-07-11T18:04:30.368+0000] {dag.py:3954} INFO - Setting next_dagrun for example_skip_dag to 2024-07-10 00:00:00+00:00, run_after=2024-07-11 00:00:00+00:00
[2024-07-11T18:04:30.396+0000] {processor.py:183} INFO - Processing /home/airflow/.local/lib/python3.12/site-packages/airflow/example_dags/example_skip_dag.py took 0.100 seconds
[2024-07-11T18:05:00.434+0000] {processor.py:161} INFO - Started process (PID=902) to work on /home/airflow/.local/lib/python3.12/site-packages/airflow/example_dags/example_skip_dag.py
[2024-07-11T18:05:00.435+0000] {processor.py:830} INFO - Processing file /home/airflow/.local/lib/python3.12/site-packages/airflow/example_dags/example_skip_dag.py for tasks to queue
[2024-07-11T18:05:00.437+0000] {logging_mixin.py:188} INFO - [2024-07-11T18:05:00.436+0000] {dagbag.py:545} INFO - Filling up the DagBag from /home/airflow/.local/lib/python3.12/site-packages/airflow/example_dags/example_skip_dag.py
[2024-07-11T18:05:00.443+0000] {processor.py:840} INFO - DAG(s) 'example_skip_dag' retrieved from /home/airflow/.local/lib/python3.12/site-packages/airflow/example_dags/example_skip_dag.py
[2024-07-11T18:05:00.464+0000] {logging_mixin.py:188} INFO - [2024-07-11T18:05:00.463+0000] {dag.py:3096} INFO - Sync 1 DAGs
[2024-07-11T18:05:00.487+0000] {logging_mixin.py:188} INFO - [2024-07-11T18:05:00.487+0000] {dag.py:3954} INFO - Setting next_dagrun for example_skip_dag to 2024-07-10 00:00:00+00:00, run_after=2024-07-11 00:00:00+00:00
[2024-07-11T18:05:00.509+0000] {processor.py:183} INFO - Processing /home/airflow/.local/lib/python3.12/site-packages/airflow/example_dags/example_skip_dag.py took 0.081 seconds
[2024-07-11T18:05:30.604+0000] {processor.py:161} INFO - Started process (PID=961) to work on /home/airflow/.local/lib/python3.12/site-packages/airflow/example_dags/example_skip_dag.py
[2024-07-11T18:05:30.605+0000] {processor.py:830} INFO - Processing file /home/airflow/.local/lib/python3.12/site-packages/airflow/example_dags/example_skip_dag.py for tasks to queue
[2024-07-11T18:05:30.607+0000] {logging_mixin.py:188} INFO - [2024-07-11T18:05:30.607+0000] {dagbag.py:545} INFO - Filling up the DagBag from /home/airflow/.local/lib/python3.12/site-packages/airflow/example_dags/example_skip_dag.py
[2024-07-11T18:05:30.615+0000] {processor.py:840} INFO - DAG(s) 'example_skip_dag' retrieved from /home/airflow/.local/lib/python3.12/site-packages/airflow/example_dags/example_skip_dag.py
[2024-07-11T18:05:30.636+0000] {logging_mixin.py:188} INFO - [2024-07-11T18:05:30.636+0000] {dag.py:3096} INFO - Sync 1 DAGs
[2024-07-11T18:05:30.662+0000] {logging_mixin.py:188} INFO - [2024-07-11T18:05:30.661+0000] {dag.py:3954} INFO - Setting next_dagrun for example_skip_dag to 2024-07-10 00:00:00+00:00, run_after=2024-07-11 00:00:00+00:00
[2024-07-11T18:05:30.684+0000] {processor.py:183} INFO - Processing /home/airflow/.local/lib/python3.12/site-packages/airflow/example_dags/example_skip_dag.py took 0.086 seconds
[2024-07-11T18:06:01.101+0000] {processor.py:161} INFO - Started process (PID=1019) to work on /home/airflow/.local/lib/python3.12/site-packages/airflow/example_dags/example_skip_dag.py
[2024-07-11T18:06:01.103+0000] {processor.py:830} INFO - Processing file /home/airflow/.local/lib/python3.12/site-packages/airflow/example_dags/example_skip_dag.py for tasks to queue
[2024-07-11T18:06:01.106+0000] {logging_mixin.py:188} INFO - [2024-07-11T18:06:01.105+0000] {dagbag.py:545} INFO - Filling up the DagBag from /home/airflow/.local/lib/python3.12/site-packages/airflow/example_dags/example_skip_dag.py
[2024-07-11T18:06:01.118+0000] {processor.py:840} INFO - DAG(s) 'example_skip_dag' retrieved from /home/airflow/.local/lib/python3.12/site-packages/airflow/example_dags/example_skip_dag.py
[2024-07-11T18:06:01.150+0000] {logging_mixin.py:188} INFO - [2024-07-11T18:06:01.150+0000] {dag.py:3096} INFO - Sync 1 DAGs
[2024-07-11T18:06:01.189+0000] {logging_mixin.py:188} INFO - [2024-07-11T18:06:01.189+0000] {dag.py:3954} INFO - Setting next_dagrun for example_skip_dag to 2024-07-10 00:00:00+00:00, run_after=2024-07-11 00:00:00+00:00
[2024-07-11T18:06:01.216+0000] {processor.py:183} INFO - Processing /home/airflow/.local/lib/python3.12/site-packages/airflow/example_dags/example_skip_dag.py took 0.125 seconds
[2024-07-11T18:06:31.906+0000] {processor.py:161} INFO - Started process (PID=1077) to work on /home/airflow/.local/lib/python3.12/site-packages/airflow/example_dags/example_skip_dag.py
[2024-07-11T18:06:31.908+0000] {processor.py:830} INFO - Processing file /home/airflow/.local/lib/python3.12/site-packages/airflow/example_dags/example_skip_dag.py for tasks to queue
[2024-07-11T18:06:31.910+0000] {logging_mixin.py:188} INFO - [2024-07-11T18:06:31.910+0000] {dagbag.py:545} INFO - Filling up the DagBag from /home/airflow/.local/lib/python3.12/site-packages/airflow/example_dags/example_skip_dag.py
[2024-07-11T18:06:31.920+0000] {processor.py:840} INFO - DAG(s) 'example_skip_dag' retrieved from /home/airflow/.local/lib/python3.12/site-packages/airflow/example_dags/example_skip_dag.py
[2024-07-11T18:06:31.948+0000] {logging_mixin.py:188} INFO - [2024-07-11T18:06:31.947+0000] {dag.py:3096} INFO - Sync 1 DAGs
[2024-07-11T18:06:31.980+0000] {logging_mixin.py:188} INFO - [2024-07-11T18:06:31.979+0000] {dag.py:3954} INFO - Setting next_dagrun for example_skip_dag to 2024-07-10 00:00:00+00:00, run_after=2024-07-11 00:00:00+00:00
[2024-07-11T18:06:32.006+0000] {processor.py:183} INFO - Processing /home/airflow/.local/lib/python3.12/site-packages/airflow/example_dags/example_skip_dag.py took 0.108 seconds
[2024-07-11T18:07:02.099+0000] {processor.py:161} INFO - Started process (PID=1135) to work on /home/airflow/.local/lib/python3.12/site-packages/airflow/example_dags/example_skip_dag.py
[2024-07-11T18:07:02.100+0000] {processor.py:830} INFO - Processing file /home/airflow/.local/lib/python3.12/site-packages/airflow/example_dags/example_skip_dag.py for tasks to queue
[2024-07-11T18:07:02.102+0000] {logging_mixin.py:188} INFO - [2024-07-11T18:07:02.102+0000] {dagbag.py:545} INFO - Filling up the DagBag from /home/airflow/.local/lib/python3.12/site-packages/airflow/example_dags/example_skip_dag.py
[2024-07-11T18:07:02.111+0000] {processor.py:840} INFO - DAG(s) 'example_skip_dag' retrieved from /home/airflow/.local/lib/python3.12/site-packages/airflow/example_dags/example_skip_dag.py
[2024-07-11T18:07:02.136+0000] {logging_mixin.py:188} INFO - [2024-07-11T18:07:02.136+0000] {dag.py:3096} INFO - Sync 1 DAGs
[2024-07-11T18:07:02.162+0000] {logging_mixin.py:188} INFO - [2024-07-11T18:07:02.162+0000] {dag.py:3954} INFO - Setting next_dagrun for example_skip_dag to 2024-07-10 00:00:00+00:00, run_after=2024-07-11 00:00:00+00:00
[2024-07-11T18:07:02.188+0000] {processor.py:183} INFO - Processing /home/airflow/.local/lib/python3.12/site-packages/airflow/example_dags/example_skip_dag.py took 0.097 seconds
[2024-07-11T18:07:33.165+0000] {processor.py:161} INFO - Started process (PID=1194) to work on /home/airflow/.local/lib/python3.12/site-packages/airflow/example_dags/example_skip_dag.py
[2024-07-11T18:07:33.166+0000] {processor.py:830} INFO - Processing file /home/airflow/.local/lib/python3.12/site-packages/airflow/example_dags/example_skip_dag.py for tasks to queue
[2024-07-11T18:07:33.168+0000] {logging_mixin.py:188} INFO - [2024-07-11T18:07:33.168+0000] {dagbag.py:545} INFO - Filling up the DagBag from /home/airflow/.local/lib/python3.12/site-packages/airflow/example_dags/example_skip_dag.py
[2024-07-11T18:07:33.176+0000] {processor.py:840} INFO - DAG(s) 'example_skip_dag' retrieved from /home/airflow/.local/lib/python3.12/site-packages/airflow/example_dags/example_skip_dag.py
[2024-07-11T18:07:33.198+0000] {logging_mixin.py:188} INFO - [2024-07-11T18:07:33.198+0000] {dag.py:3096} INFO - Sync 1 DAGs
[2024-07-11T18:07:33.223+0000] {logging_mixin.py:188} INFO - [2024-07-11T18:07:33.223+0000] {dag.py:3954} INFO - Setting next_dagrun for example_skip_dag to 2024-07-10 00:00:00+00:00, run_after=2024-07-11 00:00:00+00:00
[2024-07-11T18:07:33.248+0000] {processor.py:183} INFO - Processing /home/airflow/.local/lib/python3.12/site-packages/airflow/example_dags/example_skip_dag.py took 0.090 seconds
[2024-07-11T18:08:03.704+0000] {processor.py:161} INFO - Started process (PID=1252) to work on /home/airflow/.local/lib/python3.12/site-packages/airflow/example_dags/example_skip_dag.py
[2024-07-11T18:08:03.706+0000] {processor.py:830} INFO - Processing file /home/airflow/.local/lib/python3.12/site-packages/airflow/example_dags/example_skip_dag.py for tasks to queue
[2024-07-11T18:08:03.708+0000] {logging_mixin.py:188} INFO - [2024-07-11T18:08:03.708+0000] {dagbag.py:545} INFO - Filling up the DagBag from /home/airflow/.local/lib/python3.12/site-packages/airflow/example_dags/example_skip_dag.py
[2024-07-11T18:08:03.717+0000] {processor.py:840} INFO - DAG(s) 'example_skip_dag' retrieved from /home/airflow/.local/lib/python3.12/site-packages/airflow/example_dags/example_skip_dag.py
[2024-07-11T18:08:03.739+0000] {logging_mixin.py:188} INFO - [2024-07-11T18:08:03.739+0000] {dag.py:3096} INFO - Sync 1 DAGs
[2024-07-11T18:08:03.767+0000] {logging_mixin.py:188} INFO - [2024-07-11T18:08:03.767+0000] {dag.py:3954} INFO - Setting next_dagrun for example_skip_dag to 2024-07-10 00:00:00+00:00, run_after=2024-07-11 00:00:00+00:00
[2024-07-11T18:08:03.795+0000] {processor.py:183} INFO - Processing /home/airflow/.local/lib/python3.12/site-packages/airflow/example_dags/example_skip_dag.py took 0.097 seconds
[2024-07-11T18:08:34.324+0000] {processor.py:161} INFO - Started process (PID=1310) to work on /home/airflow/.local/lib/python3.12/site-packages/airflow/example_dags/example_skip_dag.py
[2024-07-11T18:08:34.325+0000] {processor.py:830} INFO - Processing file /home/airflow/.local/lib/python3.12/site-packages/airflow/example_dags/example_skip_dag.py for tasks to queue
[2024-07-11T18:08:34.328+0000] {logging_mixin.py:188} INFO - [2024-07-11T18:08:34.327+0000] {dagbag.py:545} INFO - Filling up the DagBag from /home/airflow/.local/lib/python3.12/site-packages/airflow/example_dags/example_skip_dag.py
[2024-07-11T18:08:34.339+0000] {processor.py:840} INFO - DAG(s) 'example_skip_dag' retrieved from /home/airflow/.local/lib/python3.12/site-packages/airflow/example_dags/example_skip_dag.py
[2024-07-11T18:08:34.372+0000] {logging_mixin.py:188} INFO - [2024-07-11T18:08:34.372+0000] {dag.py:3096} INFO - Sync 1 DAGs
[2024-07-11T18:08:34.407+0000] {logging_mixin.py:188} INFO - [2024-07-11T18:08:34.407+0000] {dag.py:3954} INFO - Setting next_dagrun for example_skip_dag to 2024-07-10 00:00:00+00:00, run_after=2024-07-11 00:00:00+00:00
[2024-07-11T18:08:34.437+0000] {processor.py:183} INFO - Processing /home/airflow/.local/lib/python3.12/site-packages/airflow/example_dags/example_skip_dag.py took 0.122 seconds
[2024-07-11T18:09:04.860+0000] {processor.py:161} INFO - Started process (PID=1368) to work on /home/airflow/.local/lib/python3.12/site-packages/airflow/example_dags/example_skip_dag.py
[2024-07-11T18:09:04.862+0000] {processor.py:830} INFO - Processing file /home/airflow/.local/lib/python3.12/site-packages/airflow/example_dags/example_skip_dag.py for tasks to queue
[2024-07-11T18:09:04.864+0000] {logging_mixin.py:188} INFO - [2024-07-11T18:09:04.864+0000] {dagbag.py:545} INFO - Filling up the DagBag from /home/airflow/.local/lib/python3.12/site-packages/airflow/example_dags/example_skip_dag.py
[2024-07-11T18:09:04.875+0000] {processor.py:840} INFO - DAG(s) 'example_skip_dag' retrieved from /home/airflow/.local/lib/python3.12/site-packages/airflow/example_dags/example_skip_dag.py
[2024-07-11T18:09:04.902+0000] {logging_mixin.py:188} INFO - [2024-07-11T18:09:04.902+0000] {dag.py:3096} INFO - Sync 1 DAGs
[2024-07-11T18:09:04.932+0000] {logging_mixin.py:188} INFO - [2024-07-11T18:09:04.932+0000] {dag.py:3954} INFO - Setting next_dagrun for example_skip_dag to 2024-07-10 00:00:00+00:00, run_after=2024-07-11 00:00:00+00:00
[2024-07-11T18:09:04.961+0000] {processor.py:183} INFO - Processing /home/airflow/.local/lib/python3.12/site-packages/airflow/example_dags/example_skip_dag.py took 0.108 seconds
