[2024-07-11T17:57:55.427+0000] {processor.py:161} INFO - Started process (PID=108) to work on /home/airflow/.local/lib/python3.12/site-packages/airflow/example_dags/example_bash_operator.py
[2024-07-11T17:57:55.428+0000] {processor.py:830} INFO - Processing file /home/airflow/.local/lib/python3.12/site-packages/airflow/example_dags/example_bash_operator.py for tasks to queue
[2024-07-11T17:57:55.432+0000] {logging_mixin.py:188} INFO - [2024-07-11T17:57:55.431+0000] {dagbag.py:545} INFO - Filling up the DagBag from /home/airflow/.local/lib/python3.12/site-packages/airflow/example_dags/example_bash_operator.py
[2024-07-11T17:57:55.450+0000] {processor.py:840} INFO - DAG(s) 'example_bash_operator' retrieved from /home/airflow/.local/lib/python3.12/site-packages/airflow/example_dags/example_bash_operator.py
[2024-07-11T17:57:55.667+0000] {logging_mixin.py:188} INFO - [2024-07-11T17:57:55.667+0000] {dag.py:3096} INFO - Sync 1 DAGs
[2024-07-11T17:57:55.702+0000] {logging_mixin.py:188} INFO - [2024-07-11T17:57:55.702+0000] {dag.py:3954} INFO - Setting next_dagrun for example_bash_operator to 2024-07-10 00:00:00+00:00, run_after=2024-07-11 00:00:00+00:00
[2024-07-11T17:57:55.737+0000] {processor.py:183} INFO - Processing /home/airflow/.local/lib/python3.12/site-packages/airflow/example_dags/example_bash_operator.py took 0.319 seconds
[2024-07-11T17:58:26.370+0000] {processor.py:161} INFO - Started process (PID=166) to work on /home/airflow/.local/lib/python3.12/site-packages/airflow/example_dags/example_bash_operator.py
[2024-07-11T17:58:26.371+0000] {processor.py:830} INFO - Processing file /home/airflow/.local/lib/python3.12/site-packages/airflow/example_dags/example_bash_operator.py for tasks to queue
[2024-07-11T17:58:26.375+0000] {logging_mixin.py:188} INFO - [2024-07-11T17:58:26.374+0000] {dagbag.py:545} INFO - Filling up the DagBag from /home/airflow/.local/lib/python3.12/site-packages/airflow/example_dags/example_bash_operator.py
[2024-07-11T17:58:26.392+0000] {processor.py:840} INFO - DAG(s) 'example_bash_operator' retrieved from /home/airflow/.local/lib/python3.12/site-packages/airflow/example_dags/example_bash_operator.py
[2024-07-11T17:58:26.430+0000] {logging_mixin.py:188} INFO - [2024-07-11T17:58:26.430+0000] {dag.py:3096} INFO - Sync 1 DAGs
[2024-07-11T17:58:26.474+0000] {logging_mixin.py:188} INFO - [2024-07-11T17:58:26.474+0000] {dag.py:3954} INFO - Setting next_dagrun for example_bash_operator to 2024-07-10 00:00:00+00:00, run_after=2024-07-11 00:00:00+00:00
[2024-07-11T17:58:26.505+0000] {processor.py:183} INFO - Processing /home/airflow/.local/lib/python3.12/site-packages/airflow/example_dags/example_bash_operator.py took 0.143 seconds
[2024-07-11T17:58:56.699+0000] {processor.py:161} INFO - Started process (PID=225) to work on /home/airflow/.local/lib/python3.12/site-packages/airflow/example_dags/example_bash_operator.py
[2024-07-11T17:58:56.700+0000] {processor.py:830} INFO - Processing file /home/airflow/.local/lib/python3.12/site-packages/airflow/example_dags/example_bash_operator.py for tasks to queue
[2024-07-11T17:58:56.703+0000] {logging_mixin.py:188} INFO - [2024-07-11T17:58:56.702+0000] {dagbag.py:545} INFO - Filling up the DagBag from /home/airflow/.local/lib/python3.12/site-packages/airflow/example_dags/example_bash_operator.py
[2024-07-11T17:58:56.717+0000] {processor.py:840} INFO - DAG(s) 'example_bash_operator' retrieved from /home/airflow/.local/lib/python3.12/site-packages/airflow/example_dags/example_bash_operator.py
[2024-07-11T17:58:56.752+0000] {logging_mixin.py:188} INFO - [2024-07-11T17:58:56.751+0000] {dag.py:3096} INFO - Sync 1 DAGs
[2024-07-11T17:58:56.784+0000] {logging_mixin.py:188} INFO - [2024-07-11T17:58:56.784+0000] {dag.py:3954} INFO - Setting next_dagrun for example_bash_operator to 2024-07-10 00:00:00+00:00, run_after=2024-07-11 00:00:00+00:00
[2024-07-11T17:58:56.814+0000] {processor.py:183} INFO - Processing /home/airflow/.local/lib/python3.12/site-packages/airflow/example_dags/example_bash_operator.py took 0.122 seconds
[2024-07-11T17:59:27.043+0000] {processor.py:161} INFO - Started process (PID=282) to work on /home/airflow/.local/lib/python3.12/site-packages/airflow/example_dags/example_bash_operator.py
[2024-07-11T17:59:27.044+0000] {processor.py:830} INFO - Processing file /home/airflow/.local/lib/python3.12/site-packages/airflow/example_dags/example_bash_operator.py for tasks to queue
[2024-07-11T17:59:27.046+0000] {logging_mixin.py:188} INFO - [2024-07-11T17:59:27.046+0000] {dagbag.py:545} INFO - Filling up the DagBag from /home/airflow/.local/lib/python3.12/site-packages/airflow/example_dags/example_bash_operator.py
[2024-07-11T17:59:27.060+0000] {processor.py:840} INFO - DAG(s) 'example_bash_operator' retrieved from /home/airflow/.local/lib/python3.12/site-packages/airflow/example_dags/example_bash_operator.py
[2024-07-11T17:59:27.091+0000] {logging_mixin.py:188} INFO - [2024-07-11T17:59:27.091+0000] {dag.py:3096} INFO - Sync 1 DAGs
[2024-07-11T17:59:27.120+0000] {logging_mixin.py:188} INFO - [2024-07-11T17:59:27.120+0000] {dag.py:3954} INFO - Setting next_dagrun for example_bash_operator to 2024-07-10 00:00:00+00:00, run_after=2024-07-11 00:00:00+00:00
[2024-07-11T17:59:27.147+0000] {processor.py:183} INFO - Processing /home/airflow/.local/lib/python3.12/site-packages/airflow/example_dags/example_bash_operator.py took 0.110 seconds
[2024-07-11T17:59:57.682+0000] {processor.py:161} INFO - Started process (PID=340) to work on /home/airflow/.local/lib/python3.12/site-packages/airflow/example_dags/example_bash_operator.py
[2024-07-11T17:59:57.684+0000] {processor.py:830} INFO - Processing file /home/airflow/.local/lib/python3.12/site-packages/airflow/example_dags/example_bash_operator.py for tasks to queue
[2024-07-11T17:59:57.686+0000] {logging_mixin.py:188} INFO - [2024-07-11T17:59:57.686+0000] {dagbag.py:545} INFO - Filling up the DagBag from /home/airflow/.local/lib/python3.12/site-packages/airflow/example_dags/example_bash_operator.py
[2024-07-11T17:59:57.706+0000] {processor.py:840} INFO - DAG(s) 'example_bash_operator' retrieved from /home/airflow/.local/lib/python3.12/site-packages/airflow/example_dags/example_bash_operator.py
[2024-07-11T17:59:57.746+0000] {logging_mixin.py:188} INFO - [2024-07-11T17:59:57.745+0000] {dag.py:3096} INFO - Sync 1 DAGs
[2024-07-11T17:59:57.774+0000] {logging_mixin.py:188} INFO - [2024-07-11T17:59:57.774+0000] {dag.py:3954} INFO - Setting next_dagrun for example_bash_operator to 2024-07-10 00:00:00+00:00, run_after=2024-07-11 00:00:00+00:00
[2024-07-11T17:59:57.802+0000] {processor.py:183} INFO - Processing /home/airflow/.local/lib/python3.12/site-packages/airflow/example_dags/example_bash_operator.py took 0.130 seconds
[2024-07-11T18:00:28.057+0000] {processor.py:161} INFO - Started process (PID=398) to work on /home/airflow/.local/lib/python3.12/site-packages/airflow/example_dags/example_bash_operator.py
[2024-07-11T18:00:28.059+0000] {processor.py:830} INFO - Processing file /home/airflow/.local/lib/python3.12/site-packages/airflow/example_dags/example_bash_operator.py for tasks to queue
[2024-07-11T18:00:28.062+0000] {logging_mixin.py:188} INFO - [2024-07-11T18:00:28.062+0000] {dagbag.py:545} INFO - Filling up the DagBag from /home/airflow/.local/lib/python3.12/site-packages/airflow/example_dags/example_bash_operator.py
[2024-07-11T18:00:28.085+0000] {processor.py:840} INFO - DAG(s) 'example_bash_operator' retrieved from /home/airflow/.local/lib/python3.12/site-packages/airflow/example_dags/example_bash_operator.py
[2024-07-11T18:00:28.164+0000] {logging_mixin.py:188} INFO - [2024-07-11T18:00:28.163+0000] {dag.py:3096} INFO - Sync 1 DAGs
[2024-07-11T18:00:28.207+0000] {logging_mixin.py:188} INFO - [2024-07-11T18:00:28.207+0000] {dag.py:3954} INFO - Setting next_dagrun for example_bash_operator to 2024-07-10 00:00:00+00:00, run_after=2024-07-11 00:00:00+00:00
[2024-07-11T18:00:28.237+0000] {processor.py:183} INFO - Processing /home/airflow/.local/lib/python3.12/site-packages/airflow/example_dags/example_bash_operator.py took 0.189 seconds
[2024-07-11T18:00:59.071+0000] {processor.py:161} INFO - Started process (PID=456) to work on /home/airflow/.local/lib/python3.12/site-packages/airflow/example_dags/example_bash_operator.py
[2024-07-11T18:00:59.073+0000] {processor.py:830} INFO - Processing file /home/airflow/.local/lib/python3.12/site-packages/airflow/example_dags/example_bash_operator.py for tasks to queue
[2024-07-11T18:00:59.076+0000] {logging_mixin.py:188} INFO - [2024-07-11T18:00:59.075+0000] {dagbag.py:545} INFO - Filling up the DagBag from /home/airflow/.local/lib/python3.12/site-packages/airflow/example_dags/example_bash_operator.py
[2024-07-11T18:00:59.098+0000] {processor.py:840} INFO - DAG(s) 'example_bash_operator' retrieved from /home/airflow/.local/lib/python3.12/site-packages/airflow/example_dags/example_bash_operator.py
[2024-07-11T18:00:59.165+0000] {logging_mixin.py:188} INFO - [2024-07-11T18:00:59.164+0000] {dag.py:3096} INFO - Sync 1 DAGs
[2024-07-11T18:00:59.216+0000] {logging_mixin.py:188} INFO - [2024-07-11T18:00:59.215+0000] {dag.py:3954} INFO - Setting next_dagrun for example_bash_operator to 2024-07-10 00:00:00+00:00, run_after=2024-07-11 00:00:00+00:00
[2024-07-11T18:00:59.254+0000] {processor.py:183} INFO - Processing /home/airflow/.local/lib/python3.12/site-packages/airflow/example_dags/example_bash_operator.py took 0.192 seconds
[2024-07-11T18:01:29.419+0000] {processor.py:161} INFO - Started process (PID=514) to work on /home/airflow/.local/lib/python3.12/site-packages/airflow/example_dags/example_bash_operator.py
[2024-07-11T18:01:29.420+0000] {processor.py:830} INFO - Processing file /home/airflow/.local/lib/python3.12/site-packages/airflow/example_dags/example_bash_operator.py for tasks to queue
[2024-07-11T18:01:29.422+0000] {logging_mixin.py:188} INFO - [2024-07-11T18:01:29.422+0000] {dagbag.py:545} INFO - Filling up the DagBag from /home/airflow/.local/lib/python3.12/site-packages/airflow/example_dags/example_bash_operator.py
[2024-07-11T18:01:29.438+0000] {processor.py:840} INFO - DAG(s) 'example_bash_operator' retrieved from /home/airflow/.local/lib/python3.12/site-packages/airflow/example_dags/example_bash_operator.py
[2024-07-11T18:01:29.480+0000] {logging_mixin.py:188} INFO - [2024-07-11T18:01:29.479+0000] {dag.py:3096} INFO - Sync 1 DAGs
[2024-07-11T18:01:29.514+0000] {logging_mixin.py:188} INFO - [2024-07-11T18:01:29.514+0000] {dag.py:3954} INFO - Setting next_dagrun for example_bash_operator to 2024-07-10 00:00:00+00:00, run_after=2024-07-11 00:00:00+00:00
[2024-07-11T18:01:29.553+0000] {processor.py:183} INFO - Processing /home/airflow/.local/lib/python3.12/site-packages/airflow/example_dags/example_bash_operator.py took 0.141 seconds
[2024-07-11T18:01:59.718+0000] {processor.py:161} INFO - Started process (PID=572) to work on /home/airflow/.local/lib/python3.12/site-packages/airflow/example_dags/example_bash_operator.py
[2024-07-11T18:01:59.719+0000] {processor.py:830} INFO - Processing file /home/airflow/.local/lib/python3.12/site-packages/airflow/example_dags/example_bash_operator.py for tasks to queue
[2024-07-11T18:01:59.721+0000] {logging_mixin.py:188} INFO - [2024-07-11T18:01:59.721+0000] {dagbag.py:545} INFO - Filling up the DagBag from /home/airflow/.local/lib/python3.12/site-packages/airflow/example_dags/example_bash_operator.py
[2024-07-11T18:01:59.738+0000] {processor.py:840} INFO - DAG(s) 'example_bash_operator' retrieved from /home/airflow/.local/lib/python3.12/site-packages/airflow/example_dags/example_bash_operator.py
[2024-07-11T18:01:59.779+0000] {logging_mixin.py:188} INFO - [2024-07-11T18:01:59.779+0000] {dag.py:3096} INFO - Sync 1 DAGs
[2024-07-11T18:01:59.815+0000] {logging_mixin.py:188} INFO - [2024-07-11T18:01:59.815+0000] {dag.py:3954} INFO - Setting next_dagrun for example_bash_operator to 2024-07-10 00:00:00+00:00, run_after=2024-07-11 00:00:00+00:00
[2024-07-11T18:01:59.843+0000] {processor.py:183} INFO - Processing /home/airflow/.local/lib/python3.12/site-packages/airflow/example_dags/example_bash_operator.py took 0.134 seconds
[2024-07-11T18:02:30.504+0000] {processor.py:161} INFO - Started process (PID=630) to work on /home/airflow/.local/lib/python3.12/site-packages/airflow/example_dags/example_bash_operator.py
[2024-07-11T18:02:30.505+0000] {processor.py:830} INFO - Processing file /home/airflow/.local/lib/python3.12/site-packages/airflow/example_dags/example_bash_operator.py for tasks to queue
[2024-07-11T18:02:30.507+0000] {logging_mixin.py:188} INFO - [2024-07-11T18:02:30.507+0000] {dagbag.py:545} INFO - Filling up the DagBag from /home/airflow/.local/lib/python3.12/site-packages/airflow/example_dags/example_bash_operator.py
[2024-07-11T18:02:30.524+0000] {processor.py:840} INFO - DAG(s) 'example_bash_operator' retrieved from /home/airflow/.local/lib/python3.12/site-packages/airflow/example_dags/example_bash_operator.py
[2024-07-11T18:02:30.563+0000] {logging_mixin.py:188} INFO - [2024-07-11T18:02:30.563+0000] {dag.py:3096} INFO - Sync 1 DAGs
[2024-07-11T18:02:30.600+0000] {logging_mixin.py:188} INFO - [2024-07-11T18:02:30.599+0000] {dag.py:3954} INFO - Setting next_dagrun for example_bash_operator to 2024-07-10 00:00:00+00:00, run_after=2024-07-11 00:00:00+00:00
[2024-07-11T18:02:30.629+0000] {processor.py:183} INFO - Processing /home/airflow/.local/lib/python3.12/site-packages/airflow/example_dags/example_bash_operator.py took 0.134 seconds
[2024-07-11T18:03:00.685+0000] {processor.py:161} INFO - Started process (PID=688) to work on /home/airflow/.local/lib/python3.12/site-packages/airflow/example_dags/example_bash_operator.py
[2024-07-11T18:03:00.686+0000] {processor.py:830} INFO - Processing file /home/airflow/.local/lib/python3.12/site-packages/airflow/example_dags/example_bash_operator.py for tasks to queue
[2024-07-11T18:03:00.690+0000] {logging_mixin.py:188} INFO - [2024-07-11T18:03:00.689+0000] {dagbag.py:545} INFO - Filling up the DagBag from /home/airflow/.local/lib/python3.12/site-packages/airflow/example_dags/example_bash_operator.py
[2024-07-11T18:03:00.707+0000] {processor.py:840} INFO - DAG(s) 'example_bash_operator' retrieved from /home/airflow/.local/lib/python3.12/site-packages/airflow/example_dags/example_bash_operator.py
[2024-07-11T18:03:00.752+0000] {logging_mixin.py:188} INFO - [2024-07-11T18:03:00.752+0000] {dag.py:3096} INFO - Sync 1 DAGs
[2024-07-11T18:03:00.789+0000] {logging_mixin.py:188} INFO - [2024-07-11T18:03:00.789+0000] {dag.py:3954} INFO - Setting next_dagrun for example_bash_operator to 2024-07-10 00:00:00+00:00, run_after=2024-07-11 00:00:00+00:00
[2024-07-11T18:03:00.820+0000] {processor.py:183} INFO - Processing /home/airflow/.local/lib/python3.12/site-packages/airflow/example_dags/example_bash_operator.py took 0.144 seconds
[2024-07-11T18:03:31.406+0000] {processor.py:161} INFO - Started process (PID=746) to work on /home/airflow/.local/lib/python3.12/site-packages/airflow/example_dags/example_bash_operator.py
[2024-07-11T18:03:31.408+0000] {processor.py:830} INFO - Processing file /home/airflow/.local/lib/python3.12/site-packages/airflow/example_dags/example_bash_operator.py for tasks to queue
[2024-07-11T18:03:31.410+0000] {logging_mixin.py:188} INFO - [2024-07-11T18:03:31.410+0000] {dagbag.py:545} INFO - Filling up the DagBag from /home/airflow/.local/lib/python3.12/site-packages/airflow/example_dags/example_bash_operator.py
[2024-07-11T18:03:31.429+0000] {processor.py:840} INFO - DAG(s) 'example_bash_operator' retrieved from /home/airflow/.local/lib/python3.12/site-packages/airflow/example_dags/example_bash_operator.py
[2024-07-11T18:03:31.469+0000] {logging_mixin.py:188} INFO - [2024-07-11T18:03:31.469+0000] {dag.py:3096} INFO - Sync 1 DAGs
[2024-07-11T18:03:31.501+0000] {logging_mixin.py:188} INFO - [2024-07-11T18:03:31.501+0000] {dag.py:3954} INFO - Setting next_dagrun for example_bash_operator to 2024-07-10 00:00:00+00:00, run_after=2024-07-11 00:00:00+00:00
[2024-07-11T18:03:31.530+0000] {processor.py:183} INFO - Processing /home/airflow/.local/lib/python3.12/site-packages/airflow/example_dags/example_bash_operator.py took 0.133 seconds
[2024-07-11T18:04:01.574+0000] {processor.py:161} INFO - Started process (PID=804) to work on /home/airflow/.local/lib/python3.12/site-packages/airflow/example_dags/example_bash_operator.py
[2024-07-11T18:04:01.575+0000] {processor.py:830} INFO - Processing file /home/airflow/.local/lib/python3.12/site-packages/airflow/example_dags/example_bash_operator.py for tasks to queue
[2024-07-11T18:04:01.577+0000] {logging_mixin.py:188} INFO - [2024-07-11T18:04:01.577+0000] {dagbag.py:545} INFO - Filling up the DagBag from /home/airflow/.local/lib/python3.12/site-packages/airflow/example_dags/example_bash_operator.py
[2024-07-11T18:04:01.592+0000] {processor.py:840} INFO - DAG(s) 'example_bash_operator' retrieved from /home/airflow/.local/lib/python3.12/site-packages/airflow/example_dags/example_bash_operator.py
[2024-07-11T18:04:01.638+0000] {logging_mixin.py:188} INFO - [2024-07-11T18:04:01.637+0000] {dag.py:3096} INFO - Sync 1 DAGs
[2024-07-11T18:04:01.682+0000] {logging_mixin.py:188} INFO - [2024-07-11T18:04:01.682+0000] {dag.py:3954} INFO - Setting next_dagrun for example_bash_operator to 2024-07-10 00:00:00+00:00, run_after=2024-07-11 00:00:00+00:00
[2024-07-11T18:04:01.716+0000] {processor.py:183} INFO - Processing /home/airflow/.local/lib/python3.12/site-packages/airflow/example_dags/example_bash_operator.py took 0.151 seconds
[2024-07-11T18:04:31.895+0000] {processor.py:161} INFO - Started process (PID=862) to work on /home/airflow/.local/lib/python3.12/site-packages/airflow/example_dags/example_bash_operator.py
[2024-07-11T18:04:31.896+0000] {processor.py:830} INFO - Processing file /home/airflow/.local/lib/python3.12/site-packages/airflow/example_dags/example_bash_operator.py for tasks to queue
[2024-07-11T18:04:31.898+0000] {logging_mixin.py:188} INFO - [2024-07-11T18:04:31.898+0000] {dagbag.py:545} INFO - Filling up the DagBag from /home/airflow/.local/lib/python3.12/site-packages/airflow/example_dags/example_bash_operator.py
[2024-07-11T18:04:31.912+0000] {processor.py:840} INFO - DAG(s) 'example_bash_operator' retrieved from /home/airflow/.local/lib/python3.12/site-packages/airflow/example_dags/example_bash_operator.py
[2024-07-11T18:04:31.947+0000] {logging_mixin.py:188} INFO - [2024-07-11T18:04:31.947+0000] {dag.py:3096} INFO - Sync 1 DAGs
[2024-07-11T18:04:31.976+0000] {logging_mixin.py:188} INFO - [2024-07-11T18:04:31.976+0000] {dag.py:3954} INFO - Setting next_dagrun for example_bash_operator to 2024-07-10 00:00:00+00:00, run_after=2024-07-11 00:00:00+00:00
[2024-07-11T18:04:32.001+0000] {processor.py:183} INFO - Processing /home/airflow/.local/lib/python3.12/site-packages/airflow/example_dags/example_bash_operator.py took 0.113 seconds
[2024-07-11T18:05:02.127+0000] {processor.py:161} INFO - Started process (PID=920) to work on /home/airflow/.local/lib/python3.12/site-packages/airflow/example_dags/example_bash_operator.py
[2024-07-11T18:05:02.129+0000] {processor.py:830} INFO - Processing file /home/airflow/.local/lib/python3.12/site-packages/airflow/example_dags/example_bash_operator.py for tasks to queue
[2024-07-11T18:05:02.133+0000] {logging_mixin.py:188} INFO - [2024-07-11T18:05:02.132+0000] {dagbag.py:545} INFO - Filling up the DagBag from /home/airflow/.local/lib/python3.12/site-packages/airflow/example_dags/example_bash_operator.py
[2024-07-11T18:05:02.152+0000] {processor.py:840} INFO - DAG(s) 'example_bash_operator' retrieved from /home/airflow/.local/lib/python3.12/site-packages/airflow/example_dags/example_bash_operator.py
[2024-07-11T18:05:02.193+0000] {logging_mixin.py:188} INFO - [2024-07-11T18:05:02.193+0000] {dag.py:3096} INFO - Sync 1 DAGs
[2024-07-11T18:05:02.226+0000] {logging_mixin.py:188} INFO - [2024-07-11T18:05:02.226+0000] {dag.py:3954} INFO - Setting next_dagrun for example_bash_operator to 2024-07-10 00:00:00+00:00, run_after=2024-07-11 00:00:00+00:00
[2024-07-11T18:05:02.253+0000] {processor.py:183} INFO - Processing /home/airflow/.local/lib/python3.12/site-packages/airflow/example_dags/example_bash_operator.py took 0.135 seconds
[2024-07-11T18:05:33.011+0000] {processor.py:161} INFO - Started process (PID=979) to work on /home/airflow/.local/lib/python3.12/site-packages/airflow/example_dags/example_bash_operator.py
[2024-07-11T18:05:33.012+0000] {processor.py:830} INFO - Processing file /home/airflow/.local/lib/python3.12/site-packages/airflow/example_dags/example_bash_operator.py for tasks to queue
[2024-07-11T18:05:33.015+0000] {logging_mixin.py:188} INFO - [2024-07-11T18:05:33.014+0000] {dagbag.py:545} INFO - Filling up the DagBag from /home/airflow/.local/lib/python3.12/site-packages/airflow/example_dags/example_bash_operator.py
[2024-07-11T18:05:33.031+0000] {processor.py:840} INFO - DAG(s) 'example_bash_operator' retrieved from /home/airflow/.local/lib/python3.12/site-packages/airflow/example_dags/example_bash_operator.py
[2024-07-11T18:05:33.067+0000] {logging_mixin.py:188} INFO - [2024-07-11T18:05:33.067+0000] {dag.py:3096} INFO - Sync 1 DAGs
[2024-07-11T18:05:33.100+0000] {logging_mixin.py:188} INFO - [2024-07-11T18:05:33.100+0000] {dag.py:3954} INFO - Setting next_dagrun for example_bash_operator to 2024-07-10 00:00:00+00:00, run_after=2024-07-11 00:00:00+00:00
[2024-07-11T18:05:33.128+0000] {processor.py:183} INFO - Processing /home/airflow/.local/lib/python3.12/site-packages/airflow/example_dags/example_bash_operator.py took 0.125 seconds
[2024-07-11T18:06:03.671+0000] {processor.py:161} INFO - Started process (PID=1037) to work on /home/airflow/.local/lib/python3.12/site-packages/airflow/example_dags/example_bash_operator.py
[2024-07-11T18:06:03.672+0000] {processor.py:830} INFO - Processing file /home/airflow/.local/lib/python3.12/site-packages/airflow/example_dags/example_bash_operator.py for tasks to queue
[2024-07-11T18:06:03.675+0000] {logging_mixin.py:188} INFO - [2024-07-11T18:06:03.674+0000] {dagbag.py:545} INFO - Filling up the DagBag from /home/airflow/.local/lib/python3.12/site-packages/airflow/example_dags/example_bash_operator.py
[2024-07-11T18:06:03.690+0000] {processor.py:840} INFO - DAG(s) 'example_bash_operator' retrieved from /home/airflow/.local/lib/python3.12/site-packages/airflow/example_dags/example_bash_operator.py
[2024-07-11T18:06:03.727+0000] {logging_mixin.py:188} INFO - [2024-07-11T18:06:03.726+0000] {dag.py:3096} INFO - Sync 1 DAGs
[2024-07-11T18:06:03.762+0000] {logging_mixin.py:188} INFO - [2024-07-11T18:06:03.761+0000] {dag.py:3954} INFO - Setting next_dagrun for example_bash_operator to 2024-07-10 00:00:00+00:00, run_after=2024-07-11 00:00:00+00:00
[2024-07-11T18:06:03.789+0000] {processor.py:183} INFO - Processing /home/airflow/.local/lib/python3.12/site-packages/airflow/example_dags/example_bash_operator.py took 0.126 seconds
[2024-07-11T18:06:34.952+0000] {processor.py:161} INFO - Started process (PID=1095) to work on /home/airflow/.local/lib/python3.12/site-packages/airflow/example_dags/example_bash_operator.py
[2024-07-11T18:06:34.953+0000] {processor.py:830} INFO - Processing file /home/airflow/.local/lib/python3.12/site-packages/airflow/example_dags/example_bash_operator.py for tasks to queue
[2024-07-11T18:06:34.957+0000] {logging_mixin.py:188} INFO - [2024-07-11T18:06:34.956+0000] {dagbag.py:545} INFO - Filling up the DagBag from /home/airflow/.local/lib/python3.12/site-packages/airflow/example_dags/example_bash_operator.py
[2024-07-11T18:06:34.979+0000] {processor.py:840} INFO - DAG(s) 'example_bash_operator' retrieved from /home/airflow/.local/lib/python3.12/site-packages/airflow/example_dags/example_bash_operator.py
[2024-07-11T18:06:35.043+0000] {logging_mixin.py:188} INFO - [2024-07-11T18:06:35.042+0000] {dag.py:3096} INFO - Sync 1 DAGs
[2024-07-11T18:06:35.085+0000] {logging_mixin.py:188} INFO - [2024-07-11T18:06:35.085+0000] {dag.py:3954} INFO - Setting next_dagrun for example_bash_operator to 2024-07-10 00:00:00+00:00, run_after=2024-07-11 00:00:00+00:00
[2024-07-11T18:06:35.134+0000] {processor.py:183} INFO - Processing /home/airflow/.local/lib/python3.12/site-packages/airflow/example_dags/example_bash_operator.py took 0.192 seconds
[2024-07-11T18:07:05.800+0000] {processor.py:161} INFO - Started process (PID=1153) to work on /home/airflow/.local/lib/python3.12/site-packages/airflow/example_dags/example_bash_operator.py
[2024-07-11T18:07:05.802+0000] {processor.py:830} INFO - Processing file /home/airflow/.local/lib/python3.12/site-packages/airflow/example_dags/example_bash_operator.py for tasks to queue
[2024-07-11T18:07:05.804+0000] {logging_mixin.py:188} INFO - [2024-07-11T18:07:05.804+0000] {dagbag.py:545} INFO - Filling up the DagBag from /home/airflow/.local/lib/python3.12/site-packages/airflow/example_dags/example_bash_operator.py
[2024-07-11T18:07:05.820+0000] {processor.py:840} INFO - DAG(s) 'example_bash_operator' retrieved from /home/airflow/.local/lib/python3.12/site-packages/airflow/example_dags/example_bash_operator.py
[2024-07-11T18:07:05.863+0000] {logging_mixin.py:188} INFO - [2024-07-11T18:07:05.862+0000] {dag.py:3096} INFO - Sync 1 DAGs
[2024-07-11T18:07:05.898+0000] {logging_mixin.py:188} INFO - [2024-07-11T18:07:05.898+0000] {dag.py:3954} INFO - Setting next_dagrun for example_bash_operator to 2024-07-10 00:00:00+00:00, run_after=2024-07-11 00:00:00+00:00
[2024-07-11T18:07:05.928+0000] {processor.py:183} INFO - Processing /home/airflow/.local/lib/python3.12/site-packages/airflow/example_dags/example_bash_operator.py took 0.136 seconds
[2024-07-11T18:07:36.519+0000] {processor.py:161} INFO - Started process (PID=1212) to work on /home/airflow/.local/lib/python3.12/site-packages/airflow/example_dags/example_bash_operator.py
[2024-07-11T18:07:36.521+0000] {processor.py:830} INFO - Processing file /home/airflow/.local/lib/python3.12/site-packages/airflow/example_dags/example_bash_operator.py for tasks to queue
[2024-07-11T18:07:36.523+0000] {logging_mixin.py:188} INFO - [2024-07-11T18:07:36.522+0000] {dagbag.py:545} INFO - Filling up the DagBag from /home/airflow/.local/lib/python3.12/site-packages/airflow/example_dags/example_bash_operator.py
[2024-07-11T18:07:36.537+0000] {processor.py:840} INFO - DAG(s) 'example_bash_operator' retrieved from /home/airflow/.local/lib/python3.12/site-packages/airflow/example_dags/example_bash_operator.py
[2024-07-11T18:07:36.573+0000] {logging_mixin.py:188} INFO - [2024-07-11T18:07:36.572+0000] {dag.py:3096} INFO - Sync 1 DAGs
[2024-07-11T18:07:36.603+0000] {logging_mixin.py:188} INFO - [2024-07-11T18:07:36.603+0000] {dag.py:3954} INFO - Setting next_dagrun for example_bash_operator to 2024-07-10 00:00:00+00:00, run_after=2024-07-11 00:00:00+00:00
[2024-07-11T18:07:36.631+0000] {processor.py:183} INFO - Processing /home/airflow/.local/lib/python3.12/site-packages/airflow/example_dags/example_bash_operator.py took 0.119 seconds
[2024-07-11T18:08:07.134+0000] {processor.py:161} INFO - Started process (PID=1270) to work on /home/airflow/.local/lib/python3.12/site-packages/airflow/example_dags/example_bash_operator.py
[2024-07-11T18:08:07.136+0000] {processor.py:830} INFO - Processing file /home/airflow/.local/lib/python3.12/site-packages/airflow/example_dags/example_bash_operator.py for tasks to queue
[2024-07-11T18:08:07.138+0000] {logging_mixin.py:188} INFO - [2024-07-11T18:08:07.138+0000] {dagbag.py:545} INFO - Filling up the DagBag from /home/airflow/.local/lib/python3.12/site-packages/airflow/example_dags/example_bash_operator.py
[2024-07-11T18:08:07.153+0000] {processor.py:840} INFO - DAG(s) 'example_bash_operator' retrieved from /home/airflow/.local/lib/python3.12/site-packages/airflow/example_dags/example_bash_operator.py
[2024-07-11T18:08:07.193+0000] {logging_mixin.py:188} INFO - [2024-07-11T18:08:07.192+0000] {dag.py:3096} INFO - Sync 1 DAGs
[2024-07-11T18:08:07.226+0000] {logging_mixin.py:188} INFO - [2024-07-11T18:08:07.225+0000] {dag.py:3954} INFO - Setting next_dagrun for example_bash_operator to 2024-07-10 00:00:00+00:00, run_after=2024-07-11 00:00:00+00:00
[2024-07-11T18:08:07.261+0000] {processor.py:183} INFO - Processing /home/airflow/.local/lib/python3.12/site-packages/airflow/example_dags/example_bash_operator.py took 0.133 seconds
[2024-07-11T18:08:37.932+0000] {processor.py:161} INFO - Started process (PID=1328) to work on /home/airflow/.local/lib/python3.12/site-packages/airflow/example_dags/example_bash_operator.py
[2024-07-11T18:08:37.933+0000] {processor.py:830} INFO - Processing file /home/airflow/.local/lib/python3.12/site-packages/airflow/example_dags/example_bash_operator.py for tasks to queue
[2024-07-11T18:08:37.936+0000] {logging_mixin.py:188} INFO - [2024-07-11T18:08:37.935+0000] {dagbag.py:545} INFO - Filling up the DagBag from /home/airflow/.local/lib/python3.12/site-packages/airflow/example_dags/example_bash_operator.py
[2024-07-11T18:08:37.950+0000] {processor.py:840} INFO - DAG(s) 'example_bash_operator' retrieved from /home/airflow/.local/lib/python3.12/site-packages/airflow/example_dags/example_bash_operator.py
[2024-07-11T18:08:37.988+0000] {logging_mixin.py:188} INFO - [2024-07-11T18:08:37.988+0000] {dag.py:3096} INFO - Sync 1 DAGs
[2024-07-11T18:08:38.019+0000] {logging_mixin.py:188} INFO - [2024-07-11T18:08:38.019+0000] {dag.py:3954} INFO - Setting next_dagrun for example_bash_operator to 2024-07-10 00:00:00+00:00, run_after=2024-07-11 00:00:00+00:00
[2024-07-11T18:08:38.054+0000] {processor.py:183} INFO - Processing /home/airflow/.local/lib/python3.12/site-packages/airflow/example_dags/example_bash_operator.py took 0.129 seconds
[2024-07-11T18:09:08.463+0000] {processor.py:161} INFO - Started process (PID=1386) to work on /home/airflow/.local/lib/python3.12/site-packages/airflow/example_dags/example_bash_operator.py
[2024-07-11T18:09:08.464+0000] {processor.py:830} INFO - Processing file /home/airflow/.local/lib/python3.12/site-packages/airflow/example_dags/example_bash_operator.py for tasks to queue
[2024-07-11T18:09:08.467+0000] {logging_mixin.py:188} INFO - [2024-07-11T18:09:08.466+0000] {dagbag.py:545} INFO - Filling up the DagBag from /home/airflow/.local/lib/python3.12/site-packages/airflow/example_dags/example_bash_operator.py
[2024-07-11T18:09:08.481+0000] {processor.py:840} INFO - DAG(s) 'example_bash_operator' retrieved from /home/airflow/.local/lib/python3.12/site-packages/airflow/example_dags/example_bash_operator.py
[2024-07-11T18:09:08.518+0000] {logging_mixin.py:188} INFO - [2024-07-11T18:09:08.518+0000] {dag.py:3096} INFO - Sync 1 DAGs
[2024-07-11T18:09:08.551+0000] {logging_mixin.py:188} INFO - [2024-07-11T18:09:08.550+0000] {dag.py:3954} INFO - Setting next_dagrun for example_bash_operator to 2024-07-10 00:00:00+00:00, run_after=2024-07-11 00:00:00+00:00
[2024-07-11T18:09:08.581+0000] {processor.py:183} INFO - Processing /home/airflow/.local/lib/python3.12/site-packages/airflow/example_dags/example_bash_operator.py took 0.126 seconds
