[2024-07-11T17:57:54.608+0000] {processor.py:161} INFO - Started process (PID=104) to work on /home/airflow/.local/lib/python3.12/site-packages/airflow/example_dags/example_external_task_marker_dag.py
[2024-07-11T17:57:54.611+0000] {processor.py:830} INFO - Processing file /home/airflow/.local/lib/python3.12/site-packages/airflow/example_dags/example_external_task_marker_dag.py for tasks to queue
[2024-07-11T17:57:54.616+0000] {logging_mixin.py:188} INFO - [2024-07-11T17:57:54.616+0000] {dagbag.py:545} INFO - Filling up the DagBag from /home/airflow/.local/lib/python3.12/site-packages/airflow/example_dags/example_external_task_marker_dag.py
[2024-07-11T17:57:54.643+0000] {processor.py:840} INFO - DAG(s) 'example_external_task_marker_parent', 'example_external_task_marker_child' retrieved from /home/airflow/.local/lib/python3.12/site-packages/airflow/example_dags/example_external_task_marker_dag.py
[2024-07-11T17:57:54.953+0000] {logging_mixin.py:188} INFO - [2024-07-11T17:57:54.952+0000] {dag.py:3096} INFO - Sync 2 DAGs
[2024-07-11T17:57:54.985+0000] {logging_mixin.py:188} INFO - [2024-07-11T17:57:54.984+0000] {dag.py:3954} INFO - Setting next_dagrun for example_external_task_marker_child to None, run_after=None
[2024-07-11T17:57:54.991+0000] {logging_mixin.py:188} INFO - [2024-07-11T17:57:54.991+0000] {dag.py:3954} INFO - Setting next_dagrun for example_external_task_marker_parent to None, run_after=None
[2024-07-11T17:57:55.032+0000] {processor.py:183} INFO - Processing /home/airflow/.local/lib/python3.12/site-packages/airflow/example_dags/example_external_task_marker_dag.py took 0.436 seconds
[2024-07-11T17:58:25.124+0000] {processor.py:161} INFO - Started process (PID=162) to work on /home/airflow/.local/lib/python3.12/site-packages/airflow/example_dags/example_external_task_marker_dag.py
[2024-07-11T17:58:25.126+0000] {processor.py:830} INFO - Processing file /home/airflow/.local/lib/python3.12/site-packages/airflow/example_dags/example_external_task_marker_dag.py for tasks to queue
[2024-07-11T17:58:25.129+0000] {logging_mixin.py:188} INFO - [2024-07-11T17:58:25.128+0000] {dagbag.py:545} INFO - Filling up the DagBag from /home/airflow/.local/lib/python3.12/site-packages/airflow/example_dags/example_external_task_marker_dag.py
[2024-07-11T17:58:25.139+0000] {processor.py:840} INFO - DAG(s) 'example_external_task_marker_parent', 'example_external_task_marker_child' retrieved from /home/airflow/.local/lib/python3.12/site-packages/airflow/example_dags/example_external_task_marker_dag.py
[2024-07-11T17:58:25.168+0000] {logging_mixin.py:188} INFO - [2024-07-11T17:58:25.167+0000] {dag.py:3096} INFO - Sync 2 DAGs
[2024-07-11T17:58:25.186+0000] {logging_mixin.py:188} INFO - [2024-07-11T17:58:25.186+0000] {dag.py:3954} INFO - Setting next_dagrun for example_external_task_marker_child to None, run_after=None
[2024-07-11T17:58:25.191+0000] {logging_mixin.py:188} INFO - [2024-07-11T17:58:25.191+0000] {dag.py:3954} INFO - Setting next_dagrun for example_external_task_marker_parent to None, run_after=None
[2024-07-11T17:58:25.220+0000] {processor.py:183} INFO - Processing /home/airflow/.local/lib/python3.12/site-packages/airflow/example_dags/example_external_task_marker_dag.py took 0.108 seconds
[2024-07-11T17:58:55.383+0000] {processor.py:161} INFO - Started process (PID=220) to work on /home/airflow/.local/lib/python3.12/site-packages/airflow/example_dags/example_external_task_marker_dag.py
[2024-07-11T17:58:55.384+0000] {processor.py:830} INFO - Processing file /home/airflow/.local/lib/python3.12/site-packages/airflow/example_dags/example_external_task_marker_dag.py for tasks to queue
[2024-07-11T17:58:55.388+0000] {logging_mixin.py:188} INFO - [2024-07-11T17:58:55.387+0000] {dagbag.py:545} INFO - Filling up the DagBag from /home/airflow/.local/lib/python3.12/site-packages/airflow/example_dags/example_external_task_marker_dag.py
[2024-07-11T17:58:55.399+0000] {processor.py:840} INFO - DAG(s) 'example_external_task_marker_child', 'example_external_task_marker_parent' retrieved from /home/airflow/.local/lib/python3.12/site-packages/airflow/example_dags/example_external_task_marker_dag.py
[2024-07-11T17:58:55.435+0000] {logging_mixin.py:188} INFO - [2024-07-11T17:58:55.435+0000] {dag.py:3096} INFO - Sync 2 DAGs
[2024-07-11T17:58:55.453+0000] {logging_mixin.py:188} INFO - [2024-07-11T17:58:55.452+0000] {dag.py:3954} INFO - Setting next_dagrun for example_external_task_marker_child to None, run_after=None
[2024-07-11T17:58:55.459+0000] {logging_mixin.py:188} INFO - [2024-07-11T17:58:55.458+0000] {dag.py:3954} INFO - Setting next_dagrun for example_external_task_marker_parent to None, run_after=None
[2024-07-11T17:58:55.486+0000] {processor.py:183} INFO - Processing /home/airflow/.local/lib/python3.12/site-packages/airflow/example_dags/example_external_task_marker_dag.py took 0.114 seconds
[2024-07-11T17:59:25.786+0000] {processor.py:161} INFO - Started process (PID=278) to work on /home/airflow/.local/lib/python3.12/site-packages/airflow/example_dags/example_external_task_marker_dag.py
[2024-07-11T17:59:25.787+0000] {processor.py:830} INFO - Processing file /home/airflow/.local/lib/python3.12/site-packages/airflow/example_dags/example_external_task_marker_dag.py for tasks to queue
[2024-07-11T17:59:25.789+0000] {logging_mixin.py:188} INFO - [2024-07-11T17:59:25.789+0000] {dagbag.py:545} INFO - Filling up the DagBag from /home/airflow/.local/lib/python3.12/site-packages/airflow/example_dags/example_external_task_marker_dag.py
[2024-07-11T17:59:25.798+0000] {processor.py:840} INFO - DAG(s) 'example_external_task_marker_child', 'example_external_task_marker_parent' retrieved from /home/airflow/.local/lib/python3.12/site-packages/airflow/example_dags/example_external_task_marker_dag.py
[2024-07-11T17:59:25.828+0000] {logging_mixin.py:188} INFO - [2024-07-11T17:59:25.828+0000] {dag.py:3096} INFO - Sync 2 DAGs
[2024-07-11T17:59:25.845+0000] {logging_mixin.py:188} INFO - [2024-07-11T17:59:25.845+0000] {dag.py:3954} INFO - Setting next_dagrun for example_external_task_marker_child to None, run_after=None
[2024-07-11T17:59:25.851+0000] {logging_mixin.py:188} INFO - [2024-07-11T17:59:25.850+0000] {dag.py:3954} INFO - Setting next_dagrun for example_external_task_marker_parent to None, run_after=None
[2024-07-11T17:59:25.878+0000] {processor.py:183} INFO - Processing /home/airflow/.local/lib/python3.12/site-packages/airflow/example_dags/example_external_task_marker_dag.py took 0.100 seconds
[2024-07-11T17:59:56.377+0000] {processor.py:161} INFO - Started process (PID=336) to work on /home/airflow/.local/lib/python3.12/site-packages/airflow/example_dags/example_external_task_marker_dag.py
[2024-07-11T17:59:56.378+0000] {processor.py:830} INFO - Processing file /home/airflow/.local/lib/python3.12/site-packages/airflow/example_dags/example_external_task_marker_dag.py for tasks to queue
[2024-07-11T17:59:56.381+0000] {logging_mixin.py:188} INFO - [2024-07-11T17:59:56.381+0000] {dagbag.py:545} INFO - Filling up the DagBag from /home/airflow/.local/lib/python3.12/site-packages/airflow/example_dags/example_external_task_marker_dag.py
[2024-07-11T17:59:56.391+0000] {processor.py:840} INFO - DAG(s) 'example_external_task_marker_parent', 'example_external_task_marker_child' retrieved from /home/airflow/.local/lib/python3.12/site-packages/airflow/example_dags/example_external_task_marker_dag.py
[2024-07-11T17:59:56.446+0000] {logging_mixin.py:188} INFO - [2024-07-11T17:59:56.445+0000] {dag.py:3096} INFO - Sync 2 DAGs
[2024-07-11T17:59:56.474+0000] {logging_mixin.py:188} INFO - [2024-07-11T17:59:56.474+0000] {dag.py:3954} INFO - Setting next_dagrun for example_external_task_marker_child to None, run_after=None
[2024-07-11T17:59:56.483+0000] {logging_mixin.py:188} INFO - [2024-07-11T17:59:56.483+0000] {dag.py:3954} INFO - Setting next_dagrun for example_external_task_marker_parent to None, run_after=None
[2024-07-11T17:59:56.511+0000] {processor.py:183} INFO - Processing /home/airflow/.local/lib/python3.12/site-packages/airflow/example_dags/example_external_task_marker_dag.py took 0.143 seconds
[2024-07-11T18:00:27.753+0000] {processor.py:161} INFO - Started process (PID=394) to work on /home/airflow/.local/lib/python3.12/site-packages/airflow/example_dags/example_external_task_marker_dag.py
[2024-07-11T18:00:27.754+0000] {processor.py:830} INFO - Processing file /home/airflow/.local/lib/python3.12/site-packages/airflow/example_dags/example_external_task_marker_dag.py for tasks to queue
[2024-07-11T18:00:27.757+0000] {logging_mixin.py:188} INFO - [2024-07-11T18:00:27.756+0000] {dagbag.py:545} INFO - Filling up the DagBag from /home/airflow/.local/lib/python3.12/site-packages/airflow/example_dags/example_external_task_marker_dag.py
[2024-07-11T18:00:27.767+0000] {processor.py:840} INFO - DAG(s) 'example_external_task_marker_child', 'example_external_task_marker_parent' retrieved from /home/airflow/.local/lib/python3.12/site-packages/airflow/example_dags/example_external_task_marker_dag.py
[2024-07-11T18:00:27.800+0000] {logging_mixin.py:188} INFO - [2024-07-11T18:00:27.800+0000] {dag.py:3096} INFO - Sync 2 DAGs
[2024-07-11T18:00:27.824+0000] {logging_mixin.py:188} INFO - [2024-07-11T18:00:27.823+0000] {dag.py:3954} INFO - Setting next_dagrun for example_external_task_marker_child to None, run_after=None
[2024-07-11T18:00:27.829+0000] {logging_mixin.py:188} INFO - [2024-07-11T18:00:27.829+0000] {dag.py:3954} INFO - Setting next_dagrun for example_external_task_marker_parent to None, run_after=None
[2024-07-11T18:00:27.855+0000] {processor.py:183} INFO - Processing /home/airflow/.local/lib/python3.12/site-packages/airflow/example_dags/example_external_task_marker_dag.py took 0.110 seconds
[2024-07-11T18:00:58.657+0000] {processor.py:161} INFO - Started process (PID=452) to work on /home/airflow/.local/lib/python3.12/site-packages/airflow/example_dags/example_external_task_marker_dag.py
[2024-07-11T18:00:58.659+0000] {processor.py:830} INFO - Processing file /home/airflow/.local/lib/python3.12/site-packages/airflow/example_dags/example_external_task_marker_dag.py for tasks to queue
[2024-07-11T18:00:58.663+0000] {logging_mixin.py:188} INFO - [2024-07-11T18:00:58.663+0000] {dagbag.py:545} INFO - Filling up the DagBag from /home/airflow/.local/lib/python3.12/site-packages/airflow/example_dags/example_external_task_marker_dag.py
[2024-07-11T18:00:58.676+0000] {processor.py:840} INFO - DAG(s) 'example_external_task_marker_child', 'example_external_task_marker_parent' retrieved from /home/airflow/.local/lib/python3.12/site-packages/airflow/example_dags/example_external_task_marker_dag.py
[2024-07-11T18:00:58.730+0000] {logging_mixin.py:188} INFO - [2024-07-11T18:00:58.729+0000] {dag.py:3096} INFO - Sync 2 DAGs
[2024-07-11T18:00:58.767+0000] {logging_mixin.py:188} INFO - [2024-07-11T18:00:58.766+0000] {dag.py:3954} INFO - Setting next_dagrun for example_external_task_marker_child to None, run_after=None
[2024-07-11T18:00:58.775+0000] {logging_mixin.py:188} INFO - [2024-07-11T18:00:58.775+0000] {dag.py:3954} INFO - Setting next_dagrun for example_external_task_marker_parent to None, run_after=None
[2024-07-11T18:00:58.840+0000] {processor.py:183} INFO - Processing /home/airflow/.local/lib/python3.12/site-packages/airflow/example_dags/example_external_task_marker_dag.py took 0.194 seconds
[2024-07-11T18:01:28.999+0000] {processor.py:161} INFO - Started process (PID=510) to work on /home/airflow/.local/lib/python3.12/site-packages/airflow/example_dags/example_external_task_marker_dag.py
[2024-07-11T18:01:29.001+0000] {processor.py:830} INFO - Processing file /home/airflow/.local/lib/python3.12/site-packages/airflow/example_dags/example_external_task_marker_dag.py for tasks to queue
[2024-07-11T18:01:29.003+0000] {logging_mixin.py:188} INFO - [2024-07-11T18:01:29.003+0000] {dagbag.py:545} INFO - Filling up the DagBag from /home/airflow/.local/lib/python3.12/site-packages/airflow/example_dags/example_external_task_marker_dag.py
[2024-07-11T18:01:29.013+0000] {processor.py:840} INFO - DAG(s) 'example_external_task_marker_parent', 'example_external_task_marker_child' retrieved from /home/airflow/.local/lib/python3.12/site-packages/airflow/example_dags/example_external_task_marker_dag.py
[2024-07-11T18:01:29.043+0000] {logging_mixin.py:188} INFO - [2024-07-11T18:01:29.042+0000] {dag.py:3096} INFO - Sync 2 DAGs
[2024-07-11T18:01:29.060+0000] {logging_mixin.py:188} INFO - [2024-07-11T18:01:29.060+0000] {dag.py:3954} INFO - Setting next_dagrun for example_external_task_marker_child to None, run_after=None
[2024-07-11T18:01:29.066+0000] {logging_mixin.py:188} INFO - [2024-07-11T18:01:29.065+0000] {dag.py:3954} INFO - Setting next_dagrun for example_external_task_marker_parent to None, run_after=None
[2024-07-11T18:01:29.089+0000] {processor.py:183} INFO - Processing /home/airflow/.local/lib/python3.12/site-packages/airflow/example_dags/example_external_task_marker_dag.py took 0.097 seconds
[2024-07-11T18:01:59.442+0000] {processor.py:161} INFO - Started process (PID=568) to work on /home/airflow/.local/lib/python3.12/site-packages/airflow/example_dags/example_external_task_marker_dag.py
[2024-07-11T18:01:59.443+0000] {processor.py:830} INFO - Processing file /home/airflow/.local/lib/python3.12/site-packages/airflow/example_dags/example_external_task_marker_dag.py for tasks to queue
[2024-07-11T18:01:59.446+0000] {logging_mixin.py:188} INFO - [2024-07-11T18:01:59.445+0000] {dagbag.py:545} INFO - Filling up the DagBag from /home/airflow/.local/lib/python3.12/site-packages/airflow/example_dags/example_external_task_marker_dag.py
[2024-07-11T18:01:59.456+0000] {processor.py:840} INFO - DAG(s) 'example_external_task_marker_child', 'example_external_task_marker_parent' retrieved from /home/airflow/.local/lib/python3.12/site-packages/airflow/example_dags/example_external_task_marker_dag.py
[2024-07-11T18:01:59.487+0000] {logging_mixin.py:188} INFO - [2024-07-11T18:01:59.487+0000] {dag.py:3096} INFO - Sync 2 DAGs
[2024-07-11T18:01:59.506+0000] {logging_mixin.py:188} INFO - [2024-07-11T18:01:59.506+0000] {dag.py:3954} INFO - Setting next_dagrun for example_external_task_marker_child to None, run_after=None
[2024-07-11T18:01:59.512+0000] {logging_mixin.py:188} INFO - [2024-07-11T18:01:59.512+0000] {dag.py:3954} INFO - Setting next_dagrun for example_external_task_marker_parent to None, run_after=None
[2024-07-11T18:01:59.537+0000] {processor.py:183} INFO - Processing /home/airflow/.local/lib/python3.12/site-packages/airflow/example_dags/example_external_task_marker_dag.py took 0.102 seconds
[2024-07-11T18:02:30.180+0000] {processor.py:161} INFO - Started process (PID=626) to work on /home/airflow/.local/lib/python3.12/site-packages/airflow/example_dags/example_external_task_marker_dag.py
[2024-07-11T18:02:30.181+0000] {processor.py:830} INFO - Processing file /home/airflow/.local/lib/python3.12/site-packages/airflow/example_dags/example_external_task_marker_dag.py for tasks to queue
[2024-07-11T18:02:30.184+0000] {logging_mixin.py:188} INFO - [2024-07-11T18:02:30.183+0000] {dagbag.py:545} INFO - Filling up the DagBag from /home/airflow/.local/lib/python3.12/site-packages/airflow/example_dags/example_external_task_marker_dag.py
[2024-07-11T18:02:30.194+0000] {processor.py:840} INFO - DAG(s) 'example_external_task_marker_child', 'example_external_task_marker_parent' retrieved from /home/airflow/.local/lib/python3.12/site-packages/airflow/example_dags/example_external_task_marker_dag.py
[2024-07-11T18:02:30.229+0000] {logging_mixin.py:188} INFO - [2024-07-11T18:02:30.228+0000] {dag.py:3096} INFO - Sync 2 DAGs
[2024-07-11T18:02:30.252+0000] {logging_mixin.py:188} INFO - [2024-07-11T18:02:30.251+0000] {dag.py:3954} INFO - Setting next_dagrun for example_external_task_marker_child to None, run_after=None
[2024-07-11T18:02:30.258+0000] {logging_mixin.py:188} INFO - [2024-07-11T18:02:30.258+0000] {dag.py:3954} INFO - Setting next_dagrun for example_external_task_marker_parent to None, run_after=None
[2024-07-11T18:02:30.301+0000] {processor.py:183} INFO - Processing /home/airflow/.local/lib/python3.12/site-packages/airflow/example_dags/example_external_task_marker_dag.py took 0.131 seconds
[2024-07-11T18:03:00.382+0000] {processor.py:161} INFO - Started process (PID=684) to work on /home/airflow/.local/lib/python3.12/site-packages/airflow/example_dags/example_external_task_marker_dag.py
[2024-07-11T18:03:00.383+0000] {processor.py:830} INFO - Processing file /home/airflow/.local/lib/python3.12/site-packages/airflow/example_dags/example_external_task_marker_dag.py for tasks to queue
[2024-07-11T18:03:00.386+0000] {logging_mixin.py:188} INFO - [2024-07-11T18:03:00.385+0000] {dagbag.py:545} INFO - Filling up the DagBag from /home/airflow/.local/lib/python3.12/site-packages/airflow/example_dags/example_external_task_marker_dag.py
[2024-07-11T18:03:00.394+0000] {processor.py:840} INFO - DAG(s) 'example_external_task_marker_child', 'example_external_task_marker_parent' retrieved from /home/airflow/.local/lib/python3.12/site-packages/airflow/example_dags/example_external_task_marker_dag.py
[2024-07-11T18:03:00.435+0000] {logging_mixin.py:188} INFO - [2024-07-11T18:03:00.434+0000] {dag.py:3096} INFO - Sync 2 DAGs
[2024-07-11T18:03:00.456+0000] {logging_mixin.py:188} INFO - [2024-07-11T18:03:00.456+0000] {dag.py:3954} INFO - Setting next_dagrun for example_external_task_marker_child to None, run_after=None
[2024-07-11T18:03:00.463+0000] {logging_mixin.py:188} INFO - [2024-07-11T18:03:00.463+0000] {dag.py:3954} INFO - Setting next_dagrun for example_external_task_marker_parent to None, run_after=None
[2024-07-11T18:03:00.492+0000] {processor.py:183} INFO - Processing /home/airflow/.local/lib/python3.12/site-packages/airflow/example_dags/example_external_task_marker_dag.py took 0.119 seconds
[2024-07-11T18:03:31.012+0000] {processor.py:161} INFO - Started process (PID=742) to work on /home/airflow/.local/lib/python3.12/site-packages/airflow/example_dags/example_external_task_marker_dag.py
[2024-07-11T18:03:31.015+0000] {processor.py:830} INFO - Processing file /home/airflow/.local/lib/python3.12/site-packages/airflow/example_dags/example_external_task_marker_dag.py for tasks to queue
[2024-07-11T18:03:31.022+0000] {logging_mixin.py:188} INFO - [2024-07-11T18:03:31.021+0000] {dagbag.py:545} INFO - Filling up the DagBag from /home/airflow/.local/lib/python3.12/site-packages/airflow/example_dags/example_external_task_marker_dag.py
[2024-07-11T18:03:31.038+0000] {processor.py:840} INFO - DAG(s) 'example_external_task_marker_child', 'example_external_task_marker_parent' retrieved from /home/airflow/.local/lib/python3.12/site-packages/airflow/example_dags/example_external_task_marker_dag.py
[2024-07-11T18:03:31.081+0000] {logging_mixin.py:188} INFO - [2024-07-11T18:03:31.081+0000] {dag.py:3096} INFO - Sync 2 DAGs
[2024-07-11T18:03:31.109+0000] {logging_mixin.py:188} INFO - [2024-07-11T18:03:31.109+0000] {dag.py:3954} INFO - Setting next_dagrun for example_external_task_marker_child to None, run_after=None
[2024-07-11T18:03:31.115+0000] {logging_mixin.py:188} INFO - [2024-07-11T18:03:31.115+0000] {dag.py:3954} INFO - Setting next_dagrun for example_external_task_marker_parent to None, run_after=None
[2024-07-11T18:03:31.154+0000] {processor.py:183} INFO - Processing /home/airflow/.local/lib/python3.12/site-packages/airflow/example_dags/example_external_task_marker_dag.py took 0.156 seconds
[2024-07-11T18:04:01.261+0000] {processor.py:161} INFO - Started process (PID=800) to work on /home/airflow/.local/lib/python3.12/site-packages/airflow/example_dags/example_external_task_marker_dag.py
[2024-07-11T18:04:01.263+0000] {processor.py:830} INFO - Processing file /home/airflow/.local/lib/python3.12/site-packages/airflow/example_dags/example_external_task_marker_dag.py for tasks to queue
[2024-07-11T18:04:01.267+0000] {logging_mixin.py:188} INFO - [2024-07-11T18:04:01.266+0000] {dagbag.py:545} INFO - Filling up the DagBag from /home/airflow/.local/lib/python3.12/site-packages/airflow/example_dags/example_external_task_marker_dag.py
[2024-07-11T18:04:01.278+0000] {processor.py:840} INFO - DAG(s) 'example_external_task_marker_child', 'example_external_task_marker_parent' retrieved from /home/airflow/.local/lib/python3.12/site-packages/airflow/example_dags/example_external_task_marker_dag.py
[2024-07-11T18:04:01.325+0000] {logging_mixin.py:188} INFO - [2024-07-11T18:04:01.324+0000] {dag.py:3096} INFO - Sync 2 DAGs
[2024-07-11T18:04:01.354+0000] {logging_mixin.py:188} INFO - [2024-07-11T18:04:01.354+0000] {dag.py:3954} INFO - Setting next_dagrun for example_external_task_marker_child to None, run_after=None
[2024-07-11T18:04:01.362+0000] {logging_mixin.py:188} INFO - [2024-07-11T18:04:01.362+0000] {dag.py:3954} INFO - Setting next_dagrun for example_external_task_marker_parent to None, run_after=None
[2024-07-11T18:04:01.389+0000] {processor.py:183} INFO - Processing /home/airflow/.local/lib/python3.12/site-packages/airflow/example_dags/example_external_task_marker_dag.py took 0.139 seconds
[2024-07-11T18:04:31.493+0000] {processor.py:161} INFO - Started process (PID=858) to work on /home/airflow/.local/lib/python3.12/site-packages/airflow/example_dags/example_external_task_marker_dag.py
[2024-07-11T18:04:31.494+0000] {processor.py:830} INFO - Processing file /home/airflow/.local/lib/python3.12/site-packages/airflow/example_dags/example_external_task_marker_dag.py for tasks to queue
[2024-07-11T18:04:31.496+0000] {logging_mixin.py:188} INFO - [2024-07-11T18:04:31.496+0000] {dagbag.py:545} INFO - Filling up the DagBag from /home/airflow/.local/lib/python3.12/site-packages/airflow/example_dags/example_external_task_marker_dag.py
[2024-07-11T18:04:31.504+0000] {processor.py:840} INFO - DAG(s) 'example_external_task_marker_child', 'example_external_task_marker_parent' retrieved from /home/airflow/.local/lib/python3.12/site-packages/airflow/example_dags/example_external_task_marker_dag.py
[2024-07-11T18:04:31.533+0000] {logging_mixin.py:188} INFO - [2024-07-11T18:04:31.533+0000] {dag.py:3096} INFO - Sync 2 DAGs
[2024-07-11T18:04:31.550+0000] {logging_mixin.py:188} INFO - [2024-07-11T18:04:31.550+0000] {dag.py:3954} INFO - Setting next_dagrun for example_external_task_marker_child to None, run_after=None
[2024-07-11T18:04:31.556+0000] {logging_mixin.py:188} INFO - [2024-07-11T18:04:31.555+0000] {dag.py:3954} INFO - Setting next_dagrun for example_external_task_marker_parent to None, run_after=None
[2024-07-11T18:04:31.579+0000] {processor.py:183} INFO - Processing /home/airflow/.local/lib/python3.12/site-packages/airflow/example_dags/example_external_task_marker_dag.py took 0.094 seconds
[2024-07-11T18:05:01.822+0000] {processor.py:161} INFO - Started process (PID=916) to work on /home/airflow/.local/lib/python3.12/site-packages/airflow/example_dags/example_external_task_marker_dag.py
[2024-07-11T18:05:01.823+0000] {processor.py:830} INFO - Processing file /home/airflow/.local/lib/python3.12/site-packages/airflow/example_dags/example_external_task_marker_dag.py for tasks to queue
[2024-07-11T18:05:01.826+0000] {logging_mixin.py:188} INFO - [2024-07-11T18:05:01.825+0000] {dagbag.py:545} INFO - Filling up the DagBag from /home/airflow/.local/lib/python3.12/site-packages/airflow/example_dags/example_external_task_marker_dag.py
[2024-07-11T18:05:01.834+0000] {processor.py:840} INFO - DAG(s) 'example_external_task_marker_child', 'example_external_task_marker_parent' retrieved from /home/airflow/.local/lib/python3.12/site-packages/airflow/example_dags/example_external_task_marker_dag.py
[2024-07-11T18:05:01.867+0000] {logging_mixin.py:188} INFO - [2024-07-11T18:05:01.866+0000] {dag.py:3096} INFO - Sync 2 DAGs
[2024-07-11T18:05:01.885+0000] {logging_mixin.py:188} INFO - [2024-07-11T18:05:01.885+0000] {dag.py:3954} INFO - Setting next_dagrun for example_external_task_marker_child to None, run_after=None
[2024-07-11T18:05:01.891+0000] {logging_mixin.py:188} INFO - [2024-07-11T18:05:01.890+0000] {dag.py:3954} INFO - Setting next_dagrun for example_external_task_marker_parent to None, run_after=None
[2024-07-11T18:05:01.916+0000] {processor.py:183} INFO - Processing /home/airflow/.local/lib/python3.12/site-packages/airflow/example_dags/example_external_task_marker_dag.py took 0.102 seconds
[2024-07-11T18:05:32.734+0000] {processor.py:161} INFO - Started process (PID=975) to work on /home/airflow/.local/lib/python3.12/site-packages/airflow/example_dags/example_external_task_marker_dag.py
[2024-07-11T18:05:32.735+0000] {processor.py:830} INFO - Processing file /home/airflow/.local/lib/python3.12/site-packages/airflow/example_dags/example_external_task_marker_dag.py for tasks to queue
[2024-07-11T18:05:32.738+0000] {logging_mixin.py:188} INFO - [2024-07-11T18:05:32.737+0000] {dagbag.py:545} INFO - Filling up the DagBag from /home/airflow/.local/lib/python3.12/site-packages/airflow/example_dags/example_external_task_marker_dag.py
[2024-07-11T18:05:32.746+0000] {processor.py:840} INFO - DAG(s) 'example_external_task_marker_parent', 'example_external_task_marker_child' retrieved from /home/airflow/.local/lib/python3.12/site-packages/airflow/example_dags/example_external_task_marker_dag.py
[2024-07-11T18:05:32.774+0000] {logging_mixin.py:188} INFO - [2024-07-11T18:05:32.773+0000] {dag.py:3096} INFO - Sync 2 DAGs
[2024-07-11T18:05:32.792+0000] {logging_mixin.py:188} INFO - [2024-07-11T18:05:32.792+0000] {dag.py:3954} INFO - Setting next_dagrun for example_external_task_marker_child to None, run_after=None
[2024-07-11T18:05:32.798+0000] {logging_mixin.py:188} INFO - [2024-07-11T18:05:32.798+0000] {dag.py:3954} INFO - Setting next_dagrun for example_external_task_marker_parent to None, run_after=None
[2024-07-11T18:05:32.828+0000] {processor.py:183} INFO - Processing /home/airflow/.local/lib/python3.12/site-packages/airflow/example_dags/example_external_task_marker_dag.py took 0.101 seconds
[2024-07-11T18:06:03.362+0000] {processor.py:161} INFO - Started process (PID=1033) to work on /home/airflow/.local/lib/python3.12/site-packages/airflow/example_dags/example_external_task_marker_dag.py
[2024-07-11T18:06:03.363+0000] {processor.py:830} INFO - Processing file /home/airflow/.local/lib/python3.12/site-packages/airflow/example_dags/example_external_task_marker_dag.py for tasks to queue
[2024-07-11T18:06:03.366+0000] {logging_mixin.py:188} INFO - [2024-07-11T18:06:03.366+0000] {dagbag.py:545} INFO - Filling up the DagBag from /home/airflow/.local/lib/python3.12/site-packages/airflow/example_dags/example_external_task_marker_dag.py
[2024-07-11T18:06:03.377+0000] {processor.py:840} INFO - DAG(s) 'example_external_task_marker_parent', 'example_external_task_marker_child' retrieved from /home/airflow/.local/lib/python3.12/site-packages/airflow/example_dags/example_external_task_marker_dag.py
[2024-07-11T18:06:03.415+0000] {logging_mixin.py:188} INFO - [2024-07-11T18:06:03.414+0000] {dag.py:3096} INFO - Sync 2 DAGs
[2024-07-11T18:06:03.440+0000] {logging_mixin.py:188} INFO - [2024-07-11T18:06:03.439+0000] {dag.py:3954} INFO - Setting next_dagrun for example_external_task_marker_child to None, run_after=None
[2024-07-11T18:06:03.446+0000] {logging_mixin.py:188} INFO - [2024-07-11T18:06:03.446+0000] {dag.py:3954} INFO - Setting next_dagrun for example_external_task_marker_parent to None, run_after=None
[2024-07-11T18:06:03.476+0000] {processor.py:183} INFO - Processing /home/airflow/.local/lib/python3.12/site-packages/airflow/example_dags/example_external_task_marker_dag.py took 0.123 seconds
[2024-07-11T18:06:34.445+0000] {processor.py:161} INFO - Started process (PID=1091) to work on /home/airflow/.local/lib/python3.12/site-packages/airflow/example_dags/example_external_task_marker_dag.py
[2024-07-11T18:06:34.447+0000] {processor.py:830} INFO - Processing file /home/airflow/.local/lib/python3.12/site-packages/airflow/example_dags/example_external_task_marker_dag.py for tasks to queue
[2024-07-11T18:06:34.450+0000] {logging_mixin.py:188} INFO - [2024-07-11T18:06:34.449+0000] {dagbag.py:545} INFO - Filling up the DagBag from /home/airflow/.local/lib/python3.12/site-packages/airflow/example_dags/example_external_task_marker_dag.py
[2024-07-11T18:06:34.461+0000] {processor.py:840} INFO - DAG(s) 'example_external_task_marker_child', 'example_external_task_marker_parent' retrieved from /home/airflow/.local/lib/python3.12/site-packages/airflow/example_dags/example_external_task_marker_dag.py
[2024-07-11T18:06:34.502+0000] {logging_mixin.py:188} INFO - [2024-07-11T18:06:34.501+0000] {dag.py:3096} INFO - Sync 2 DAGs
[2024-07-11T18:06:34.523+0000] {logging_mixin.py:188} INFO - [2024-07-11T18:06:34.522+0000] {dag.py:3954} INFO - Setting next_dagrun for example_external_task_marker_child to None, run_after=None
[2024-07-11T18:06:34.530+0000] {logging_mixin.py:188} INFO - [2024-07-11T18:06:34.530+0000] {dag.py:3954} INFO - Setting next_dagrun for example_external_task_marker_parent to None, run_after=None
[2024-07-11T18:06:34.560+0000] {processor.py:183} INFO - Processing /home/airflow/.local/lib/python3.12/site-packages/airflow/example_dags/example_external_task_marker_dag.py took 0.125 seconds
[2024-07-11T18:07:04.624+0000] {processor.py:161} INFO - Started process (PID=1149) to work on /home/airflow/.local/lib/python3.12/site-packages/airflow/example_dags/example_external_task_marker_dag.py
[2024-07-11T18:07:04.625+0000] {processor.py:830} INFO - Processing file /home/airflow/.local/lib/python3.12/site-packages/airflow/example_dags/example_external_task_marker_dag.py for tasks to queue
[2024-07-11T18:07:04.628+0000] {logging_mixin.py:188} INFO - [2024-07-11T18:07:04.627+0000] {dagbag.py:545} INFO - Filling up the DagBag from /home/airflow/.local/lib/python3.12/site-packages/airflow/example_dags/example_external_task_marker_dag.py
[2024-07-11T18:07:04.636+0000] {processor.py:840} INFO - DAG(s) 'example_external_task_marker_parent', 'example_external_task_marker_child' retrieved from /home/airflow/.local/lib/python3.12/site-packages/airflow/example_dags/example_external_task_marker_dag.py
[2024-07-11T18:07:04.669+0000] {logging_mixin.py:188} INFO - [2024-07-11T18:07:04.668+0000] {dag.py:3096} INFO - Sync 2 DAGs
[2024-07-11T18:07:04.690+0000] {logging_mixin.py:188} INFO - [2024-07-11T18:07:04.690+0000] {dag.py:3954} INFO - Setting next_dagrun for example_external_task_marker_child to None, run_after=None
[2024-07-11T18:07:04.696+0000] {logging_mixin.py:188} INFO - [2024-07-11T18:07:04.695+0000] {dag.py:3954} INFO - Setting next_dagrun for example_external_task_marker_parent to None, run_after=None
[2024-07-11T18:07:04.721+0000] {processor.py:183} INFO - Processing /home/airflow/.local/lib/python3.12/site-packages/airflow/example_dags/example_external_task_marker_dag.py took 0.104 seconds
[2024-07-11T18:07:35.275+0000] {processor.py:161} INFO - Started process (PID=1208) to work on /home/airflow/.local/lib/python3.12/site-packages/airflow/example_dags/example_external_task_marker_dag.py
[2024-07-11T18:07:35.277+0000] {processor.py:830} INFO - Processing file /home/airflow/.local/lib/python3.12/site-packages/airflow/example_dags/example_external_task_marker_dag.py for tasks to queue
[2024-07-11T18:07:35.279+0000] {logging_mixin.py:188} INFO - [2024-07-11T18:07:35.279+0000] {dagbag.py:545} INFO - Filling up the DagBag from /home/airflow/.local/lib/python3.12/site-packages/airflow/example_dags/example_external_task_marker_dag.py
[2024-07-11T18:07:35.287+0000] {processor.py:840} INFO - DAG(s) 'example_external_task_marker_parent', 'example_external_task_marker_child' retrieved from /home/airflow/.local/lib/python3.12/site-packages/airflow/example_dags/example_external_task_marker_dag.py
[2024-07-11T18:07:35.317+0000] {logging_mixin.py:188} INFO - [2024-07-11T18:07:35.317+0000] {dag.py:3096} INFO - Sync 2 DAGs
[2024-07-11T18:07:35.337+0000] {logging_mixin.py:188} INFO - [2024-07-11T18:07:35.337+0000] {dag.py:3954} INFO - Setting next_dagrun for example_external_task_marker_child to None, run_after=None
[2024-07-11T18:07:35.342+0000] {logging_mixin.py:188} INFO - [2024-07-11T18:07:35.342+0000] {dag.py:3954} INFO - Setting next_dagrun for example_external_task_marker_parent to None, run_after=None
[2024-07-11T18:07:35.367+0000] {processor.py:183} INFO - Processing /home/airflow/.local/lib/python3.12/site-packages/airflow/example_dags/example_external_task_marker_dag.py took 0.099 seconds
[2024-07-11T18:08:05.873+0000] {processor.py:161} INFO - Started process (PID=1266) to work on /home/airflow/.local/lib/python3.12/site-packages/airflow/example_dags/example_external_task_marker_dag.py
[2024-07-11T18:08:05.874+0000] {processor.py:830} INFO - Processing file /home/airflow/.local/lib/python3.12/site-packages/airflow/example_dags/example_external_task_marker_dag.py for tasks to queue
[2024-07-11T18:08:05.877+0000] {logging_mixin.py:188} INFO - [2024-07-11T18:08:05.876+0000] {dagbag.py:545} INFO - Filling up the DagBag from /home/airflow/.local/lib/python3.12/site-packages/airflow/example_dags/example_external_task_marker_dag.py
[2024-07-11T18:08:05.886+0000] {processor.py:840} INFO - DAG(s) 'example_external_task_marker_parent', 'example_external_task_marker_child' retrieved from /home/airflow/.local/lib/python3.12/site-packages/airflow/example_dags/example_external_task_marker_dag.py
[2024-07-11T18:08:05.917+0000] {logging_mixin.py:188} INFO - [2024-07-11T18:08:05.917+0000] {dag.py:3096} INFO - Sync 2 DAGs
[2024-07-11T18:08:05.939+0000] {logging_mixin.py:188} INFO - [2024-07-11T18:08:05.939+0000] {dag.py:3954} INFO - Setting next_dagrun for example_external_task_marker_child to None, run_after=None
[2024-07-11T18:08:05.946+0000] {logging_mixin.py:188} INFO - [2024-07-11T18:08:05.946+0000] {dag.py:3954} INFO - Setting next_dagrun for example_external_task_marker_parent to None, run_after=None
[2024-07-11T18:08:05.976+0000] {processor.py:183} INFO - Processing /home/airflow/.local/lib/python3.12/site-packages/airflow/example_dags/example_external_task_marker_dag.py took 0.112 seconds
[2024-07-11T18:08:36.557+0000] {processor.py:161} INFO - Started process (PID=1324) to work on /home/airflow/.local/lib/python3.12/site-packages/airflow/example_dags/example_external_task_marker_dag.py
[2024-07-11T18:08:36.558+0000] {processor.py:830} INFO - Processing file /home/airflow/.local/lib/python3.12/site-packages/airflow/example_dags/example_external_task_marker_dag.py for tasks to queue
[2024-07-11T18:08:36.560+0000] {logging_mixin.py:188} INFO - [2024-07-11T18:08:36.560+0000] {dagbag.py:545} INFO - Filling up the DagBag from /home/airflow/.local/lib/python3.12/site-packages/airflow/example_dags/example_external_task_marker_dag.py
[2024-07-11T18:08:36.569+0000] {processor.py:840} INFO - DAG(s) 'example_external_task_marker_child', 'example_external_task_marker_parent' retrieved from /home/airflow/.local/lib/python3.12/site-packages/airflow/example_dags/example_external_task_marker_dag.py
[2024-07-11T18:08:36.600+0000] {logging_mixin.py:188} INFO - [2024-07-11T18:08:36.600+0000] {dag.py:3096} INFO - Sync 2 DAGs
[2024-07-11T18:08:36.619+0000] {logging_mixin.py:188} INFO - [2024-07-11T18:08:36.619+0000] {dag.py:3954} INFO - Setting next_dagrun for example_external_task_marker_child to None, run_after=None
[2024-07-11T18:08:36.625+0000] {logging_mixin.py:188} INFO - [2024-07-11T18:08:36.625+0000] {dag.py:3954} INFO - Setting next_dagrun for example_external_task_marker_parent to None, run_after=None
[2024-07-11T18:08:36.653+0000] {processor.py:183} INFO - Processing /home/airflow/.local/lib/python3.12/site-packages/airflow/example_dags/example_external_task_marker_dag.py took 0.105 seconds
[2024-07-11T18:09:07.310+0000] {processor.py:161} INFO - Started process (PID=1382) to work on /home/airflow/.local/lib/python3.12/site-packages/airflow/example_dags/example_external_task_marker_dag.py
[2024-07-11T18:09:07.312+0000] {processor.py:830} INFO - Processing file /home/airflow/.local/lib/python3.12/site-packages/airflow/example_dags/example_external_task_marker_dag.py for tasks to queue
[2024-07-11T18:09:07.314+0000] {logging_mixin.py:188} INFO - [2024-07-11T18:09:07.314+0000] {dagbag.py:545} INFO - Filling up the DagBag from /home/airflow/.local/lib/python3.12/site-packages/airflow/example_dags/example_external_task_marker_dag.py
[2024-07-11T18:09:07.323+0000] {processor.py:840} INFO - DAG(s) 'example_external_task_marker_child', 'example_external_task_marker_parent' retrieved from /home/airflow/.local/lib/python3.12/site-packages/airflow/example_dags/example_external_task_marker_dag.py
[2024-07-11T18:09:07.355+0000] {logging_mixin.py:188} INFO - [2024-07-11T18:09:07.355+0000] {dag.py:3096} INFO - Sync 2 DAGs
[2024-07-11T18:09:07.376+0000] {logging_mixin.py:188} INFO - [2024-07-11T18:09:07.375+0000] {dag.py:3954} INFO - Setting next_dagrun for example_external_task_marker_child to None, run_after=None
[2024-07-11T18:09:07.382+0000] {logging_mixin.py:188} INFO - [2024-07-11T18:09:07.382+0000] {dag.py:3954} INFO - Setting next_dagrun for example_external_task_marker_parent to None, run_after=None
[2024-07-11T18:09:07.411+0000] {processor.py:183} INFO - Processing /home/airflow/.local/lib/python3.12/site-packages/airflow/example_dags/example_external_task_marker_dag.py took 0.108 seconds
