[2024-07-11T17:57:45.305+0000] {processor.py:161} INFO - Started process (PID=66) to work on /home/airflow/.local/lib/python3.12/site-packages/airflow/example_dags/example_latest_only_with_trigger.py
[2024-07-11T17:57:45.307+0000] {processor.py:830} INFO - Processing file /home/airflow/.local/lib/python3.12/site-packages/airflow/example_dags/example_latest_only_with_trigger.py for tasks to queue
[2024-07-11T17:57:45.315+0000] {logging_mixin.py:188} INFO - [2024-07-11T17:57:45.313+0000] {dagbag.py:545} INFO - Filling up the DagBag from /home/airflow/.local/lib/python3.12/site-packages/airflow/example_dags/example_latest_only_with_trigger.py
[2024-07-11T17:57:45.360+0000] {processor.py:840} INFO - DAG(s) 'latest_only_with_trigger' retrieved from /home/airflow/.local/lib/python3.12/site-packages/airflow/example_dags/example_latest_only_with_trigger.py
[2024-07-11T17:57:45.990+0000] {logging_mixin.py:188} INFO - [2024-07-11T17:57:45.989+0000] {dag.py:3096} INFO - Sync 1 DAGs
[2024-07-11T17:57:46.031+0000] {logging_mixin.py:188} INFO - [2024-07-11T17:57:46.031+0000] {dag.py:3954} INFO - Setting next_dagrun for latest_only_with_trigger to 2024-07-11 12:00:00+00:00, run_after=2024-07-11 16:00:00+00:00
[2024-07-11T17:57:46.068+0000] {processor.py:183} INFO - Processing /home/airflow/.local/lib/python3.12/site-packages/airflow/example_dags/example_latest_only_with_trigger.py took 0.780 seconds
[2024-07-11T17:58:16.562+0000] {processor.py:161} INFO - Started process (PID=124) to work on /home/airflow/.local/lib/python3.12/site-packages/airflow/example_dags/example_latest_only_with_trigger.py
[2024-07-11T17:58:16.566+0000] {processor.py:830} INFO - Processing file /home/airflow/.local/lib/python3.12/site-packages/airflow/example_dags/example_latest_only_with_trigger.py for tasks to queue
[2024-07-11T17:58:16.571+0000] {logging_mixin.py:188} INFO - [2024-07-11T17:58:16.570+0000] {dagbag.py:545} INFO - Filling up the DagBag from /home/airflow/.local/lib/python3.12/site-packages/airflow/example_dags/example_latest_only_with_trigger.py
[2024-07-11T17:58:16.580+0000] {processor.py:840} INFO - DAG(s) 'latest_only_with_trigger' retrieved from /home/airflow/.local/lib/python3.12/site-packages/airflow/example_dags/example_latest_only_with_trigger.py
[2024-07-11T17:58:16.619+0000] {logging_mixin.py:188} INFO - [2024-07-11T17:58:16.619+0000] {dag.py:3096} INFO - Sync 1 DAGs
[2024-07-11T17:58:16.663+0000] {logging_mixin.py:188} INFO - [2024-07-11T17:58:16.663+0000] {dag.py:3954} INFO - Setting next_dagrun for latest_only_with_trigger to 2024-07-11 12:00:00+00:00, run_after=2024-07-11 16:00:00+00:00
[2024-07-11T17:58:16.696+0000] {processor.py:183} INFO - Processing /home/airflow/.local/lib/python3.12/site-packages/airflow/example_dags/example_latest_only_with_trigger.py took 0.145 seconds
[2024-07-11T17:58:46.950+0000] {processor.py:161} INFO - Started process (PID=182) to work on /home/airflow/.local/lib/python3.12/site-packages/airflow/example_dags/example_latest_only_with_trigger.py
[2024-07-11T17:58:46.951+0000] {processor.py:830} INFO - Processing file /home/airflow/.local/lib/python3.12/site-packages/airflow/example_dags/example_latest_only_with_trigger.py for tasks to queue
[2024-07-11T17:58:46.953+0000] {logging_mixin.py:188} INFO - [2024-07-11T17:58:46.953+0000] {dagbag.py:545} INFO - Filling up the DagBag from /home/airflow/.local/lib/python3.12/site-packages/airflow/example_dags/example_latest_only_with_trigger.py
[2024-07-11T17:58:46.960+0000] {processor.py:840} INFO - DAG(s) 'latest_only_with_trigger' retrieved from /home/airflow/.local/lib/python3.12/site-packages/airflow/example_dags/example_latest_only_with_trigger.py
[2024-07-11T17:58:46.984+0000] {logging_mixin.py:188} INFO - [2024-07-11T17:58:46.984+0000] {dag.py:3096} INFO - Sync 1 DAGs
[2024-07-11T17:58:47.008+0000] {logging_mixin.py:188} INFO - [2024-07-11T17:58:47.008+0000] {dag.py:3954} INFO - Setting next_dagrun for latest_only_with_trigger to 2024-07-11 12:00:00+00:00, run_after=2024-07-11 16:00:00+00:00
[2024-07-11T17:58:47.032+0000] {processor.py:183} INFO - Processing /home/airflow/.local/lib/python3.12/site-packages/airflow/example_dags/example_latest_only_with_trigger.py took 0.089 seconds
[2024-07-11T17:59:17.195+0000] {processor.py:161} INFO - Started process (PID=240) to work on /home/airflow/.local/lib/python3.12/site-packages/airflow/example_dags/example_latest_only_with_trigger.py
[2024-07-11T17:59:17.196+0000] {processor.py:830} INFO - Processing file /home/airflow/.local/lib/python3.12/site-packages/airflow/example_dags/example_latest_only_with_trigger.py for tasks to queue
[2024-07-11T17:59:17.199+0000] {logging_mixin.py:188} INFO - [2024-07-11T17:59:17.199+0000] {dagbag.py:545} INFO - Filling up the DagBag from /home/airflow/.local/lib/python3.12/site-packages/airflow/example_dags/example_latest_only_with_trigger.py
[2024-07-11T17:59:17.212+0000] {processor.py:840} INFO - DAG(s) 'latest_only_with_trigger' retrieved from /home/airflow/.local/lib/python3.12/site-packages/airflow/example_dags/example_latest_only_with_trigger.py
[2024-07-11T17:59:17.246+0000] {logging_mixin.py:188} INFO - [2024-07-11T17:59:17.245+0000] {dag.py:3096} INFO - Sync 1 DAGs
[2024-07-11T17:59:17.286+0000] {logging_mixin.py:188} INFO - [2024-07-11T17:59:17.286+0000] {dag.py:3954} INFO - Setting next_dagrun for latest_only_with_trigger to 2024-07-11 12:00:00+00:00, run_after=2024-07-11 16:00:00+00:00
[2024-07-11T17:59:17.321+0000] {processor.py:183} INFO - Processing /home/airflow/.local/lib/python3.12/site-packages/airflow/example_dags/example_latest_only_with_trigger.py took 0.137 seconds
[2024-07-11T17:59:47.695+0000] {processor.py:161} INFO - Started process (PID=298) to work on /home/airflow/.local/lib/python3.12/site-packages/airflow/example_dags/example_latest_only_with_trigger.py
[2024-07-11T17:59:47.697+0000] {processor.py:830} INFO - Processing file /home/airflow/.local/lib/python3.12/site-packages/airflow/example_dags/example_latest_only_with_trigger.py for tasks to queue
[2024-07-11T17:59:47.701+0000] {logging_mixin.py:188} INFO - [2024-07-11T17:59:47.700+0000] {dagbag.py:545} INFO - Filling up the DagBag from /home/airflow/.local/lib/python3.12/site-packages/airflow/example_dags/example_latest_only_with_trigger.py
[2024-07-11T17:59:47.711+0000] {processor.py:840} INFO - DAG(s) 'latest_only_with_trigger' retrieved from /home/airflow/.local/lib/python3.12/site-packages/airflow/example_dags/example_latest_only_with_trigger.py
[2024-07-11T17:59:47.748+0000] {logging_mixin.py:188} INFO - [2024-07-11T17:59:47.747+0000] {dag.py:3096} INFO - Sync 1 DAGs
[2024-07-11T17:59:47.786+0000] {logging_mixin.py:188} INFO - [2024-07-11T17:59:47.786+0000] {dag.py:3954} INFO - Setting next_dagrun for latest_only_with_trigger to 2024-07-11 12:00:00+00:00, run_after=2024-07-11 16:00:00+00:00
[2024-07-11T17:59:47.815+0000] {processor.py:183} INFO - Processing /home/airflow/.local/lib/python3.12/site-packages/airflow/example_dags/example_latest_only_with_trigger.py took 0.130 seconds
[2024-07-11T18:00:18.242+0000] {processor.py:161} INFO - Started process (PID=356) to work on /home/airflow/.local/lib/python3.12/site-packages/airflow/example_dags/example_latest_only_with_trigger.py
[2024-07-11T18:00:18.243+0000] {processor.py:830} INFO - Processing file /home/airflow/.local/lib/python3.12/site-packages/airflow/example_dags/example_latest_only_with_trigger.py for tasks to queue
[2024-07-11T18:00:18.245+0000] {logging_mixin.py:188} INFO - [2024-07-11T18:00:18.245+0000] {dagbag.py:545} INFO - Filling up the DagBag from /home/airflow/.local/lib/python3.12/site-packages/airflow/example_dags/example_latest_only_with_trigger.py
[2024-07-11T18:00:18.250+0000] {processor.py:840} INFO - DAG(s) 'latest_only_with_trigger' retrieved from /home/airflow/.local/lib/python3.12/site-packages/airflow/example_dags/example_latest_only_with_trigger.py
[2024-07-11T18:00:18.272+0000] {logging_mixin.py:188} INFO - [2024-07-11T18:00:18.272+0000] {dag.py:3096} INFO - Sync 1 DAGs
[2024-07-11T18:00:18.298+0000] {logging_mixin.py:188} INFO - [2024-07-11T18:00:18.297+0000] {dag.py:3954} INFO - Setting next_dagrun for latest_only_with_trigger to 2024-07-11 12:00:00+00:00, run_after=2024-07-11 16:00:00+00:00
[2024-07-11T18:00:18.346+0000] {processor.py:183} INFO - Processing /home/airflow/.local/lib/python3.12/site-packages/airflow/example_dags/example_latest_only_with_trigger.py took 0.110 seconds
[2024-07-11T18:00:48.458+0000] {processor.py:161} INFO - Started process (PID=414) to work on /home/airflow/.local/lib/python3.12/site-packages/airflow/example_dags/example_latest_only_with_trigger.py
[2024-07-11T18:00:48.459+0000] {processor.py:830} INFO - Processing file /home/airflow/.local/lib/python3.12/site-packages/airflow/example_dags/example_latest_only_with_trigger.py for tasks to queue
[2024-07-11T18:00:48.461+0000] {logging_mixin.py:188} INFO - [2024-07-11T18:00:48.461+0000] {dagbag.py:545} INFO - Filling up the DagBag from /home/airflow/.local/lib/python3.12/site-packages/airflow/example_dags/example_latest_only_with_trigger.py
[2024-07-11T18:00:48.468+0000] {processor.py:840} INFO - DAG(s) 'latest_only_with_trigger' retrieved from /home/airflow/.local/lib/python3.12/site-packages/airflow/example_dags/example_latest_only_with_trigger.py
[2024-07-11T18:00:48.496+0000] {logging_mixin.py:188} INFO - [2024-07-11T18:00:48.496+0000] {dag.py:3096} INFO - Sync 1 DAGs
[2024-07-11T18:00:48.527+0000] {logging_mixin.py:188} INFO - [2024-07-11T18:00:48.527+0000] {dag.py:3954} INFO - Setting next_dagrun for latest_only_with_trigger to 2024-07-11 12:00:00+00:00, run_after=2024-07-11 16:00:00+00:00
[2024-07-11T18:00:48.557+0000] {processor.py:183} INFO - Processing /home/airflow/.local/lib/python3.12/site-packages/airflow/example_dags/example_latest_only_with_trigger.py took 0.106 seconds
[2024-07-11T18:01:18.829+0000] {processor.py:161} INFO - Started process (PID=472) to work on /home/airflow/.local/lib/python3.12/site-packages/airflow/example_dags/example_latest_only_with_trigger.py
[2024-07-11T18:01:18.830+0000] {processor.py:830} INFO - Processing file /home/airflow/.local/lib/python3.12/site-packages/airflow/example_dags/example_latest_only_with_trigger.py for tasks to queue
[2024-07-11T18:01:18.831+0000] {logging_mixin.py:188} INFO - [2024-07-11T18:01:18.831+0000] {dagbag.py:545} INFO - Filling up the DagBag from /home/airflow/.local/lib/python3.12/site-packages/airflow/example_dags/example_latest_only_with_trigger.py
[2024-07-11T18:01:18.838+0000] {processor.py:840} INFO - DAG(s) 'latest_only_with_trigger' retrieved from /home/airflow/.local/lib/python3.12/site-packages/airflow/example_dags/example_latest_only_with_trigger.py
[2024-07-11T18:01:18.858+0000] {logging_mixin.py:188} INFO - [2024-07-11T18:01:18.858+0000] {dag.py:3096} INFO - Sync 1 DAGs
[2024-07-11T18:01:18.884+0000] {logging_mixin.py:188} INFO - [2024-07-11T18:01:18.884+0000] {dag.py:3954} INFO - Setting next_dagrun for latest_only_with_trigger to 2024-07-11 12:00:00+00:00, run_after=2024-07-11 16:00:00+00:00
[2024-07-11T18:01:18.909+0000] {processor.py:183} INFO - Processing /home/airflow/.local/lib/python3.12/site-packages/airflow/example_dags/example_latest_only_with_trigger.py took 0.086 seconds
[2024-07-11T18:01:48.974+0000] {processor.py:161} INFO - Started process (PID=530) to work on /home/airflow/.local/lib/python3.12/site-packages/airflow/example_dags/example_latest_only_with_trigger.py
[2024-07-11T18:01:48.975+0000] {processor.py:830} INFO - Processing file /home/airflow/.local/lib/python3.12/site-packages/airflow/example_dags/example_latest_only_with_trigger.py for tasks to queue
[2024-07-11T18:01:48.977+0000] {logging_mixin.py:188} INFO - [2024-07-11T18:01:48.977+0000] {dagbag.py:545} INFO - Filling up the DagBag from /home/airflow/.local/lib/python3.12/site-packages/airflow/example_dags/example_latest_only_with_trigger.py
[2024-07-11T18:01:48.983+0000] {processor.py:840} INFO - DAG(s) 'latest_only_with_trigger' retrieved from /home/airflow/.local/lib/python3.12/site-packages/airflow/example_dags/example_latest_only_with_trigger.py
[2024-07-11T18:01:49.007+0000] {logging_mixin.py:188} INFO - [2024-07-11T18:01:49.007+0000] {dag.py:3096} INFO - Sync 1 DAGs
[2024-07-11T18:01:49.037+0000] {logging_mixin.py:188} INFO - [2024-07-11T18:01:49.037+0000] {dag.py:3954} INFO - Setting next_dagrun for latest_only_with_trigger to 2024-07-11 12:00:00+00:00, run_after=2024-07-11 16:00:00+00:00
[2024-07-11T18:01:49.065+0000] {processor.py:183} INFO - Processing /home/airflow/.local/lib/python3.12/site-packages/airflow/example_dags/example_latest_only_with_trigger.py took 0.099 seconds
[2024-07-11T18:02:19.287+0000] {processor.py:161} INFO - Started process (PID=588) to work on /home/airflow/.local/lib/python3.12/site-packages/airflow/example_dags/example_latest_only_with_trigger.py
[2024-07-11T18:02:19.288+0000] {processor.py:830} INFO - Processing file /home/airflow/.local/lib/python3.12/site-packages/airflow/example_dags/example_latest_only_with_trigger.py for tasks to queue
[2024-07-11T18:02:19.291+0000] {logging_mixin.py:188} INFO - [2024-07-11T18:02:19.290+0000] {dagbag.py:545} INFO - Filling up the DagBag from /home/airflow/.local/lib/python3.12/site-packages/airflow/example_dags/example_latest_only_with_trigger.py
[2024-07-11T18:02:19.296+0000] {processor.py:840} INFO - DAG(s) 'latest_only_with_trigger' retrieved from /home/airflow/.local/lib/python3.12/site-packages/airflow/example_dags/example_latest_only_with_trigger.py
[2024-07-11T18:02:19.320+0000] {logging_mixin.py:188} INFO - [2024-07-11T18:02:19.320+0000] {dag.py:3096} INFO - Sync 1 DAGs
[2024-07-11T18:02:19.349+0000] {logging_mixin.py:188} INFO - [2024-07-11T18:02:19.349+0000] {dag.py:3954} INFO - Setting next_dagrun for latest_only_with_trigger to 2024-07-11 12:00:00+00:00, run_after=2024-07-11 16:00:00+00:00
[2024-07-11T18:02:19.374+0000] {processor.py:183} INFO - Processing /home/airflow/.local/lib/python3.12/site-packages/airflow/example_dags/example_latest_only_with_trigger.py took 0.093 seconds
[2024-07-11T18:02:49.509+0000] {processor.py:161} INFO - Started process (PID=646) to work on /home/airflow/.local/lib/python3.12/site-packages/airflow/example_dags/example_latest_only_with_trigger.py
[2024-07-11T18:02:49.510+0000] {processor.py:830} INFO - Processing file /home/airflow/.local/lib/python3.12/site-packages/airflow/example_dags/example_latest_only_with_trigger.py for tasks to queue
[2024-07-11T18:02:49.513+0000] {logging_mixin.py:188} INFO - [2024-07-11T18:02:49.513+0000] {dagbag.py:545} INFO - Filling up the DagBag from /home/airflow/.local/lib/python3.12/site-packages/airflow/example_dags/example_latest_only_with_trigger.py
[2024-07-11T18:02:49.520+0000] {processor.py:840} INFO - DAG(s) 'latest_only_with_trigger' retrieved from /home/airflow/.local/lib/python3.12/site-packages/airflow/example_dags/example_latest_only_with_trigger.py
[2024-07-11T18:02:49.549+0000] {logging_mixin.py:188} INFO - [2024-07-11T18:02:49.548+0000] {dag.py:3096} INFO - Sync 1 DAGs
[2024-07-11T18:02:49.579+0000] {logging_mixin.py:188} INFO - [2024-07-11T18:02:49.579+0000] {dag.py:3954} INFO - Setting next_dagrun for latest_only_with_trigger to 2024-07-11 12:00:00+00:00, run_after=2024-07-11 16:00:00+00:00
[2024-07-11T18:02:49.608+0000] {processor.py:183} INFO - Processing /home/airflow/.local/lib/python3.12/site-packages/airflow/example_dags/example_latest_only_with_trigger.py took 0.106 seconds
[2024-07-11T18:03:20.130+0000] {processor.py:161} INFO - Started process (PID=704) to work on /home/airflow/.local/lib/python3.12/site-packages/airflow/example_dags/example_latest_only_with_trigger.py
[2024-07-11T18:03:20.131+0000] {processor.py:830} INFO - Processing file /home/airflow/.local/lib/python3.12/site-packages/airflow/example_dags/example_latest_only_with_trigger.py for tasks to queue
[2024-07-11T18:03:20.133+0000] {logging_mixin.py:188} INFO - [2024-07-11T18:03:20.133+0000] {dagbag.py:545} INFO - Filling up the DagBag from /home/airflow/.local/lib/python3.12/site-packages/airflow/example_dags/example_latest_only_with_trigger.py
[2024-07-11T18:03:20.138+0000] {processor.py:840} INFO - DAG(s) 'latest_only_with_trigger' retrieved from /home/airflow/.local/lib/python3.12/site-packages/airflow/example_dags/example_latest_only_with_trigger.py
[2024-07-11T18:03:20.160+0000] {logging_mixin.py:188} INFO - [2024-07-11T18:03:20.160+0000] {dag.py:3096} INFO - Sync 1 DAGs
[2024-07-11T18:03:20.184+0000] {logging_mixin.py:188} INFO - [2024-07-11T18:03:20.184+0000] {dag.py:3954} INFO - Setting next_dagrun for latest_only_with_trigger to 2024-07-11 12:00:00+00:00, run_after=2024-07-11 16:00:00+00:00
[2024-07-11T18:03:20.207+0000] {processor.py:183} INFO - Processing /home/airflow/.local/lib/python3.12/site-packages/airflow/example_dags/example_latest_only_with_trigger.py took 0.083 seconds
[2024-07-11T18:03:51.021+0000] {processor.py:161} INFO - Started process (PID=762) to work on /home/airflow/.local/lib/python3.12/site-packages/airflow/example_dags/example_latest_only_with_trigger.py
[2024-07-11T18:03:51.022+0000] {processor.py:830} INFO - Processing file /home/airflow/.local/lib/python3.12/site-packages/airflow/example_dags/example_latest_only_with_trigger.py for tasks to queue
[2024-07-11T18:03:51.025+0000] {logging_mixin.py:188} INFO - [2024-07-11T18:03:51.025+0000] {dagbag.py:545} INFO - Filling up the DagBag from /home/airflow/.local/lib/python3.12/site-packages/airflow/example_dags/example_latest_only_with_trigger.py
[2024-07-11T18:03:51.030+0000] {processor.py:840} INFO - DAG(s) 'latest_only_with_trigger' retrieved from /home/airflow/.local/lib/python3.12/site-packages/airflow/example_dags/example_latest_only_with_trigger.py
[2024-07-11T18:03:51.058+0000] {logging_mixin.py:188} INFO - [2024-07-11T18:03:51.057+0000] {dag.py:3096} INFO - Sync 1 DAGs
[2024-07-11T18:03:51.095+0000] {logging_mixin.py:188} INFO - [2024-07-11T18:03:51.094+0000] {dag.py:3954} INFO - Setting next_dagrun for latest_only_with_trigger to 2024-07-11 12:00:00+00:00, run_after=2024-07-11 16:00:00+00:00
[2024-07-11T18:03:51.129+0000] {processor.py:183} INFO - Processing /home/airflow/.local/lib/python3.12/site-packages/airflow/example_dags/example_latest_only_with_trigger.py took 0.115 seconds
[2024-07-11T18:04:21.194+0000] {processor.py:161} INFO - Started process (PID=820) to work on /home/airflow/.local/lib/python3.12/site-packages/airflow/example_dags/example_latest_only_with_trigger.py
[2024-07-11T18:04:21.195+0000] {processor.py:830} INFO - Processing file /home/airflow/.local/lib/python3.12/site-packages/airflow/example_dags/example_latest_only_with_trigger.py for tasks to queue
[2024-07-11T18:04:21.198+0000] {logging_mixin.py:188} INFO - [2024-07-11T18:04:21.197+0000] {dagbag.py:545} INFO - Filling up the DagBag from /home/airflow/.local/lib/python3.12/site-packages/airflow/example_dags/example_latest_only_with_trigger.py
[2024-07-11T18:04:21.205+0000] {processor.py:840} INFO - DAG(s) 'latest_only_with_trigger' retrieved from /home/airflow/.local/lib/python3.12/site-packages/airflow/example_dags/example_latest_only_with_trigger.py
[2024-07-11T18:04:21.230+0000] {logging_mixin.py:188} INFO - [2024-07-11T18:04:21.230+0000] {dag.py:3096} INFO - Sync 1 DAGs
[2024-07-11T18:04:21.261+0000] {logging_mixin.py:188} INFO - [2024-07-11T18:04:21.260+0000] {dag.py:3954} INFO - Setting next_dagrun for latest_only_with_trigger to 2024-07-11 12:00:00+00:00, run_after=2024-07-11 16:00:00+00:00
[2024-07-11T18:04:21.288+0000] {processor.py:183} INFO - Processing /home/airflow/.local/lib/python3.12/site-packages/airflow/example_dags/example_latest_only_with_trigger.py took 0.102 seconds
[2024-07-11T18:04:51.509+0000] {processor.py:161} INFO - Started process (PID=878) to work on /home/airflow/.local/lib/python3.12/site-packages/airflow/example_dags/example_latest_only_with_trigger.py
[2024-07-11T18:04:51.510+0000] {processor.py:830} INFO - Processing file /home/airflow/.local/lib/python3.12/site-packages/airflow/example_dags/example_latest_only_with_trigger.py for tasks to queue
[2024-07-11T18:04:51.514+0000] {logging_mixin.py:188} INFO - [2024-07-11T18:04:51.513+0000] {dagbag.py:545} INFO - Filling up the DagBag from /home/airflow/.local/lib/python3.12/site-packages/airflow/example_dags/example_latest_only_with_trigger.py
[2024-07-11T18:04:51.520+0000] {processor.py:840} INFO - DAG(s) 'latest_only_with_trigger' retrieved from /home/airflow/.local/lib/python3.12/site-packages/airflow/example_dags/example_latest_only_with_trigger.py
[2024-07-11T18:04:51.548+0000] {logging_mixin.py:188} INFO - [2024-07-11T18:04:51.547+0000] {dag.py:3096} INFO - Sync 1 DAGs
[2024-07-11T18:04:51.583+0000] {logging_mixin.py:188} INFO - [2024-07-11T18:04:51.582+0000] {dag.py:3954} INFO - Setting next_dagrun for latest_only_with_trigger to 2024-07-11 12:00:00+00:00, run_after=2024-07-11 16:00:00+00:00
[2024-07-11T18:04:51.608+0000] {processor.py:183} INFO - Processing /home/airflow/.local/lib/python3.12/site-packages/airflow/example_dags/example_latest_only_with_trigger.py took 0.109 seconds
[2024-07-11T18:05:21.720+0000] {processor.py:161} INFO - Started process (PID=937) to work on /home/airflow/.local/lib/python3.12/site-packages/airflow/example_dags/example_latest_only_with_trigger.py
[2024-07-11T18:05:21.721+0000] {processor.py:830} INFO - Processing file /home/airflow/.local/lib/python3.12/site-packages/airflow/example_dags/example_latest_only_with_trigger.py for tasks to queue
[2024-07-11T18:05:21.722+0000] {logging_mixin.py:188} INFO - [2024-07-11T18:05:21.722+0000] {dagbag.py:545} INFO - Filling up the DagBag from /home/airflow/.local/lib/python3.12/site-packages/airflow/example_dags/example_latest_only_with_trigger.py
[2024-07-11T18:05:21.728+0000] {processor.py:840} INFO - DAG(s) 'latest_only_with_trigger' retrieved from /home/airflow/.local/lib/python3.12/site-packages/airflow/example_dags/example_latest_only_with_trigger.py
[2024-07-11T18:05:21.748+0000] {logging_mixin.py:188} INFO - [2024-07-11T18:05:21.748+0000] {dag.py:3096} INFO - Sync 1 DAGs
[2024-07-11T18:05:21.772+0000] {logging_mixin.py:188} INFO - [2024-07-11T18:05:21.772+0000] {dag.py:3954} INFO - Setting next_dagrun for latest_only_with_trigger to 2024-07-11 12:00:00+00:00, run_after=2024-07-11 16:00:00+00:00
[2024-07-11T18:05:21.798+0000] {processor.py:183} INFO - Processing /home/airflow/.local/lib/python3.12/site-packages/airflow/example_dags/example_latest_only_with_trigger.py took 0.084 seconds
[2024-07-11T18:05:52.131+0000] {processor.py:161} INFO - Started process (PID=995) to work on /home/airflow/.local/lib/python3.12/site-packages/airflow/example_dags/example_latest_only_with_trigger.py
[2024-07-11T18:05:52.132+0000] {processor.py:830} INFO - Processing file /home/airflow/.local/lib/python3.12/site-packages/airflow/example_dags/example_latest_only_with_trigger.py for tasks to queue
[2024-07-11T18:05:52.134+0000] {logging_mixin.py:188} INFO - [2024-07-11T18:05:52.134+0000] {dagbag.py:545} INFO - Filling up the DagBag from /home/airflow/.local/lib/python3.12/site-packages/airflow/example_dags/example_latest_only_with_trigger.py
[2024-07-11T18:05:52.140+0000] {processor.py:840} INFO - DAG(s) 'latest_only_with_trigger' retrieved from /home/airflow/.local/lib/python3.12/site-packages/airflow/example_dags/example_latest_only_with_trigger.py
[2024-07-11T18:05:52.161+0000] {logging_mixin.py:188} INFO - [2024-07-11T18:05:52.161+0000] {dag.py:3096} INFO - Sync 1 DAGs
[2024-07-11T18:05:52.185+0000] {logging_mixin.py:188} INFO - [2024-07-11T18:05:52.185+0000] {dag.py:3954} INFO - Setting next_dagrun for latest_only_with_trigger to 2024-07-11 12:00:00+00:00, run_after=2024-07-11 16:00:00+00:00
[2024-07-11T18:05:52.210+0000] {processor.py:183} INFO - Processing /home/airflow/.local/lib/python3.12/site-packages/airflow/example_dags/example_latest_only_with_trigger.py took 0.084 seconds
[2024-07-11T18:06:22.300+0000] {processor.py:161} INFO - Started process (PID=1053) to work on /home/airflow/.local/lib/python3.12/site-packages/airflow/example_dags/example_latest_only_with_trigger.py
[2024-07-11T18:06:22.301+0000] {processor.py:830} INFO - Processing file /home/airflow/.local/lib/python3.12/site-packages/airflow/example_dags/example_latest_only_with_trigger.py for tasks to queue
[2024-07-11T18:06:22.303+0000] {logging_mixin.py:188} INFO - [2024-07-11T18:06:22.303+0000] {dagbag.py:545} INFO - Filling up the DagBag from /home/airflow/.local/lib/python3.12/site-packages/airflow/example_dags/example_latest_only_with_trigger.py
[2024-07-11T18:06:22.309+0000] {processor.py:840} INFO - DAG(s) 'latest_only_with_trigger' retrieved from /home/airflow/.local/lib/python3.12/site-packages/airflow/example_dags/example_latest_only_with_trigger.py
[2024-07-11T18:06:22.331+0000] {logging_mixin.py:188} INFO - [2024-07-11T18:06:22.330+0000] {dag.py:3096} INFO - Sync 1 DAGs
[2024-07-11T18:06:22.356+0000] {logging_mixin.py:188} INFO - [2024-07-11T18:06:22.356+0000] {dag.py:3954} INFO - Setting next_dagrun for latest_only_with_trigger to 2024-07-11 12:00:00+00:00, run_after=2024-07-11 16:00:00+00:00
[2024-07-11T18:06:22.382+0000] {processor.py:183} INFO - Processing /home/airflow/.local/lib/python3.12/site-packages/airflow/example_dags/example_latest_only_with_trigger.py took 0.088 seconds
[2024-07-11T18:06:52.536+0000] {processor.py:161} INFO - Started process (PID=1111) to work on /home/airflow/.local/lib/python3.12/site-packages/airflow/example_dags/example_latest_only_with_trigger.py
[2024-07-11T18:06:52.537+0000] {processor.py:830} INFO - Processing file /home/airflow/.local/lib/python3.12/site-packages/airflow/example_dags/example_latest_only_with_trigger.py for tasks to queue
[2024-07-11T18:06:52.539+0000] {logging_mixin.py:188} INFO - [2024-07-11T18:06:52.539+0000] {dagbag.py:545} INFO - Filling up the DagBag from /home/airflow/.local/lib/python3.12/site-packages/airflow/example_dags/example_latest_only_with_trigger.py
[2024-07-11T18:06:52.546+0000] {processor.py:840} INFO - DAG(s) 'latest_only_with_trigger' retrieved from /home/airflow/.local/lib/python3.12/site-packages/airflow/example_dags/example_latest_only_with_trigger.py
[2024-07-11T18:06:52.570+0000] {logging_mixin.py:188} INFO - [2024-07-11T18:06:52.570+0000] {dag.py:3096} INFO - Sync 1 DAGs
[2024-07-11T18:06:52.596+0000] {logging_mixin.py:188} INFO - [2024-07-11T18:06:52.596+0000] {dag.py:3954} INFO - Setting next_dagrun for latest_only_with_trigger to 2024-07-11 12:00:00+00:00, run_after=2024-07-11 16:00:00+00:00
[2024-07-11T18:06:52.623+0000] {processor.py:183} INFO - Processing /home/airflow/.local/lib/python3.12/site-packages/airflow/example_dags/example_latest_only_with_trigger.py took 0.094 seconds
[2024-07-11T18:07:22.857+0000] {processor.py:161} INFO - Started process (PID=1170) to work on /home/airflow/.local/lib/python3.12/site-packages/airflow/example_dags/example_latest_only_with_trigger.py
[2024-07-11T18:07:22.858+0000] {processor.py:830} INFO - Processing file /home/airflow/.local/lib/python3.12/site-packages/airflow/example_dags/example_latest_only_with_trigger.py for tasks to queue
[2024-07-11T18:07:22.860+0000] {logging_mixin.py:188} INFO - [2024-07-11T18:07:22.860+0000] {dagbag.py:545} INFO - Filling up the DagBag from /home/airflow/.local/lib/python3.12/site-packages/airflow/example_dags/example_latest_only_with_trigger.py
[2024-07-11T18:07:22.865+0000] {processor.py:840} INFO - DAG(s) 'latest_only_with_trigger' retrieved from /home/airflow/.local/lib/python3.12/site-packages/airflow/example_dags/example_latest_only_with_trigger.py
[2024-07-11T18:07:22.885+0000] {logging_mixin.py:188} INFO - [2024-07-11T18:07:22.885+0000] {dag.py:3096} INFO - Sync 1 DAGs
[2024-07-11T18:07:22.907+0000] {logging_mixin.py:188} INFO - [2024-07-11T18:07:22.907+0000] {dag.py:3954} INFO - Setting next_dagrun for latest_only_with_trigger to 2024-07-11 12:00:00+00:00, run_after=2024-07-11 16:00:00+00:00
[2024-07-11T18:07:22.931+0000] {processor.py:183} INFO - Processing /home/airflow/.local/lib/python3.12/site-packages/airflow/example_dags/example_latest_only_with_trigger.py took 0.079 seconds
[2024-07-11T18:07:53.160+0000] {processor.py:161} INFO - Started process (PID=1228) to work on /home/airflow/.local/lib/python3.12/site-packages/airflow/example_dags/example_latest_only_with_trigger.py
[2024-07-11T18:07:53.161+0000] {processor.py:830} INFO - Processing file /home/airflow/.local/lib/python3.12/site-packages/airflow/example_dags/example_latest_only_with_trigger.py for tasks to queue
[2024-07-11T18:07:53.163+0000] {logging_mixin.py:188} INFO - [2024-07-11T18:07:53.163+0000] {dagbag.py:545} INFO - Filling up the DagBag from /home/airflow/.local/lib/python3.12/site-packages/airflow/example_dags/example_latest_only_with_trigger.py
[2024-07-11T18:07:53.169+0000] {processor.py:840} INFO - DAG(s) 'latest_only_with_trigger' retrieved from /home/airflow/.local/lib/python3.12/site-packages/airflow/example_dags/example_latest_only_with_trigger.py
[2024-07-11T18:07:53.195+0000] {logging_mixin.py:188} INFO - [2024-07-11T18:07:53.194+0000] {dag.py:3096} INFO - Sync 1 DAGs
[2024-07-11T18:07:53.228+0000] {logging_mixin.py:188} INFO - [2024-07-11T18:07:53.228+0000] {dag.py:3954} INFO - Setting next_dagrun for latest_only_with_trigger to 2024-07-11 12:00:00+00:00, run_after=2024-07-11 16:00:00+00:00
[2024-07-11T18:07:53.261+0000] {processor.py:183} INFO - Processing /home/airflow/.local/lib/python3.12/site-packages/airflow/example_dags/example_latest_only_with_trigger.py took 0.107 seconds
[2024-07-11T18:08:23.691+0000] {processor.py:161} INFO - Started process (PID=1286) to work on /home/airflow/.local/lib/python3.12/site-packages/airflow/example_dags/example_latest_only_with_trigger.py
[2024-07-11T18:08:23.692+0000] {processor.py:830} INFO - Processing file /home/airflow/.local/lib/python3.12/site-packages/airflow/example_dags/example_latest_only_with_trigger.py for tasks to queue
[2024-07-11T18:08:23.694+0000] {logging_mixin.py:188} INFO - [2024-07-11T18:08:23.693+0000] {dagbag.py:545} INFO - Filling up the DagBag from /home/airflow/.local/lib/python3.12/site-packages/airflow/example_dags/example_latest_only_with_trigger.py
[2024-07-11T18:08:23.699+0000] {processor.py:840} INFO - DAG(s) 'latest_only_with_trigger' retrieved from /home/airflow/.local/lib/python3.12/site-packages/airflow/example_dags/example_latest_only_with_trigger.py
[2024-07-11T18:08:23.719+0000] {logging_mixin.py:188} INFO - [2024-07-11T18:08:23.719+0000] {dag.py:3096} INFO - Sync 1 DAGs
[2024-07-11T18:08:23.746+0000] {logging_mixin.py:188} INFO - [2024-07-11T18:08:23.746+0000] {dag.py:3954} INFO - Setting next_dagrun for latest_only_with_trigger to 2024-07-11 12:00:00+00:00, run_after=2024-07-11 16:00:00+00:00
[2024-07-11T18:08:23.770+0000] {processor.py:183} INFO - Processing /home/airflow/.local/lib/python3.12/site-packages/airflow/example_dags/example_latest_only_with_trigger.py took 0.086 seconds
[2024-07-11T18:08:53.998+0000] {processor.py:161} INFO - Started process (PID=1344) to work on /home/airflow/.local/lib/python3.12/site-packages/airflow/example_dags/example_latest_only_with_trigger.py
[2024-07-11T18:08:53.999+0000] {processor.py:830} INFO - Processing file /home/airflow/.local/lib/python3.12/site-packages/airflow/example_dags/example_latest_only_with_trigger.py for tasks to queue
[2024-07-11T18:08:54.001+0000] {logging_mixin.py:188} INFO - [2024-07-11T18:08:54.001+0000] {dagbag.py:545} INFO - Filling up the DagBag from /home/airflow/.local/lib/python3.12/site-packages/airflow/example_dags/example_latest_only_with_trigger.py
[2024-07-11T18:08:54.007+0000] {processor.py:840} INFO - DAG(s) 'latest_only_with_trigger' retrieved from /home/airflow/.local/lib/python3.12/site-packages/airflow/example_dags/example_latest_only_with_trigger.py
[2024-07-11T18:08:54.029+0000] {logging_mixin.py:188} INFO - [2024-07-11T18:08:54.029+0000] {dag.py:3096} INFO - Sync 1 DAGs
[2024-07-11T18:08:54.053+0000] {logging_mixin.py:188} INFO - [2024-07-11T18:08:54.053+0000] {dag.py:3954} INFO - Setting next_dagrun for latest_only_with_trigger to 2024-07-11 12:00:00+00:00, run_after=2024-07-11 16:00:00+00:00
[2024-07-11T18:08:54.081+0000] {processor.py:183} INFO - Processing /home/airflow/.local/lib/python3.12/site-packages/airflow/example_dags/example_latest_only_with_trigger.py took 0.088 seconds
