[2024-07-11T17:57:50.872+0000] {processor.py:161} INFO - Started process (PID=87) to work on /home/airflow/.local/lib/python3.12/site-packages/airflow/example_dags/example_branch_labels.py
[2024-07-11T17:57:50.873+0000] {processor.py:830} INFO - Processing file /home/airflow/.local/lib/python3.12/site-packages/airflow/example_dags/example_branch_labels.py for tasks to queue
[2024-07-11T17:57:50.876+0000] {logging_mixin.py:188} INFO - [2024-07-11T17:57:50.875+0000] {dagbag.py:545} INFO - Filling up the DagBag from /home/airflow/.local/lib/python3.12/site-packages/airflow/example_dags/example_branch_labels.py
[2024-07-11T17:57:50.898+0000] {processor.py:840} INFO - DAG(s) 'example_branch_labels' retrieved from /home/airflow/.local/lib/python3.12/site-packages/airflow/example_dags/example_branch_labels.py
[2024-07-11T17:57:51.114+0000] {logging_mixin.py:188} INFO - [2024-07-11T17:57:51.114+0000] {dag.py:3096} INFO - Sync 1 DAGs
[2024-07-11T17:57:51.150+0000] {logging_mixin.py:188} INFO - [2024-07-11T17:57:51.150+0000] {dag.py:3954} INFO - Setting next_dagrun for example_branch_labels to 2024-07-10 00:00:00+00:00, run_after=2024-07-11 00:00:00+00:00
[2024-07-11T17:57:51.180+0000] {processor.py:183} INFO - Processing /home/airflow/.local/lib/python3.12/site-packages/airflow/example_dags/example_branch_labels.py took 0.318 seconds
[2024-07-11T17:58:21.244+0000] {processor.py:161} INFO - Started process (PID=145) to work on /home/airflow/.local/lib/python3.12/site-packages/airflow/example_dags/example_branch_labels.py
[2024-07-11T17:58:21.246+0000] {processor.py:830} INFO - Processing file /home/airflow/.local/lib/python3.12/site-packages/airflow/example_dags/example_branch_labels.py for tasks to queue
[2024-07-11T17:58:21.257+0000] {logging_mixin.py:188} INFO - [2024-07-11T17:58:21.257+0000] {dagbag.py:545} INFO - Filling up the DagBag from /home/airflow/.local/lib/python3.12/site-packages/airflow/example_dags/example_branch_labels.py
[2024-07-11T17:58:21.287+0000] {processor.py:840} INFO - DAG(s) 'example_branch_labels' retrieved from /home/airflow/.local/lib/python3.12/site-packages/airflow/example_dags/example_branch_labels.py
[2024-07-11T17:58:21.359+0000] {logging_mixin.py:188} INFO - [2024-07-11T17:58:21.359+0000] {dag.py:3096} INFO - Sync 1 DAGs
[2024-07-11T17:58:21.447+0000] {logging_mixin.py:188} INFO - [2024-07-11T17:58:21.446+0000] {dag.py:3954} INFO - Setting next_dagrun for example_branch_labels to 2024-07-10 00:00:00+00:00, run_after=2024-07-11 00:00:00+00:00
[2024-07-11T17:58:21.518+0000] {processor.py:183} INFO - Processing /home/airflow/.local/lib/python3.12/site-packages/airflow/example_dags/example_branch_labels.py took 0.285 seconds
[2024-07-11T17:58:51.681+0000] {processor.py:161} INFO - Started process (PID=203) to work on /home/airflow/.local/lib/python3.12/site-packages/airflow/example_dags/example_branch_labels.py
[2024-07-11T17:58:51.682+0000] {processor.py:830} INFO - Processing file /home/airflow/.local/lib/python3.12/site-packages/airflow/example_dags/example_branch_labels.py for tasks to queue
[2024-07-11T17:58:51.684+0000] {logging_mixin.py:188} INFO - [2024-07-11T17:58:51.684+0000] {dagbag.py:545} INFO - Filling up the DagBag from /home/airflow/.local/lib/python3.12/site-packages/airflow/example_dags/example_branch_labels.py
[2024-07-11T17:58:51.694+0000] {processor.py:840} INFO - DAG(s) 'example_branch_labels' retrieved from /home/airflow/.local/lib/python3.12/site-packages/airflow/example_dags/example_branch_labels.py
[2024-07-11T17:58:51.718+0000] {logging_mixin.py:188} INFO - [2024-07-11T17:58:51.718+0000] {dag.py:3096} INFO - Sync 1 DAGs
[2024-07-11T17:58:51.747+0000] {logging_mixin.py:188} INFO - [2024-07-11T17:58:51.747+0000] {dag.py:3954} INFO - Setting next_dagrun for example_branch_labels to 2024-07-10 00:00:00+00:00, run_after=2024-07-11 00:00:00+00:00
[2024-07-11T17:58:51.778+0000] {processor.py:183} INFO - Processing /home/airflow/.local/lib/python3.12/site-packages/airflow/example_dags/example_branch_labels.py took 0.104 seconds
[2024-07-11T17:59:22.601+0000] {processor.py:161} INFO - Started process (PID=261) to work on /home/airflow/.local/lib/python3.12/site-packages/airflow/example_dags/example_branch_labels.py
[2024-07-11T17:59:22.602+0000] {processor.py:830} INFO - Processing file /home/airflow/.local/lib/python3.12/site-packages/airflow/example_dags/example_branch_labels.py for tasks to queue
[2024-07-11T17:59:22.604+0000] {logging_mixin.py:188} INFO - [2024-07-11T17:59:22.604+0000] {dagbag.py:545} INFO - Filling up the DagBag from /home/airflow/.local/lib/python3.12/site-packages/airflow/example_dags/example_branch_labels.py
[2024-07-11T17:59:22.613+0000] {processor.py:840} INFO - DAG(s) 'example_branch_labels' retrieved from /home/airflow/.local/lib/python3.12/site-packages/airflow/example_dags/example_branch_labels.py
[2024-07-11T17:59:22.637+0000] {logging_mixin.py:188} INFO - [2024-07-11T17:59:22.636+0000] {dag.py:3096} INFO - Sync 1 DAGs
[2024-07-11T17:59:22.665+0000] {logging_mixin.py:188} INFO - [2024-07-11T17:59:22.664+0000] {dag.py:3954} INFO - Setting next_dagrun for example_branch_labels to 2024-07-10 00:00:00+00:00, run_after=2024-07-11 00:00:00+00:00
[2024-07-11T17:59:22.690+0000] {processor.py:183} INFO - Processing /home/airflow/.local/lib/python3.12/site-packages/airflow/example_dags/example_branch_labels.py took 0.096 seconds
[2024-07-11T17:59:53.219+0000] {processor.py:161} INFO - Started process (PID=319) to work on /home/airflow/.local/lib/python3.12/site-packages/airflow/example_dags/example_branch_labels.py
[2024-07-11T17:59:53.220+0000] {processor.py:830} INFO - Processing file /home/airflow/.local/lib/python3.12/site-packages/airflow/example_dags/example_branch_labels.py for tasks to queue
[2024-07-11T17:59:53.223+0000] {logging_mixin.py:188} INFO - [2024-07-11T17:59:53.222+0000] {dagbag.py:545} INFO - Filling up the DagBag from /home/airflow/.local/lib/python3.12/site-packages/airflow/example_dags/example_branch_labels.py
[2024-07-11T17:59:53.232+0000] {processor.py:840} INFO - DAG(s) 'example_branch_labels' retrieved from /home/airflow/.local/lib/python3.12/site-packages/airflow/example_dags/example_branch_labels.py
[2024-07-11T17:59:53.256+0000] {logging_mixin.py:188} INFO - [2024-07-11T17:59:53.255+0000] {dag.py:3096} INFO - Sync 1 DAGs
[2024-07-11T17:59:53.283+0000] {logging_mixin.py:188} INFO - [2024-07-11T17:59:53.282+0000] {dag.py:3954} INFO - Setting next_dagrun for example_branch_labels to 2024-07-10 00:00:00+00:00, run_after=2024-07-11 00:00:00+00:00
[2024-07-11T17:59:53.307+0000] {processor.py:183} INFO - Processing /home/airflow/.local/lib/python3.12/site-packages/airflow/example_dags/example_branch_labels.py took 0.095 seconds
[2024-07-11T18:00:24.141+0000] {processor.py:161} INFO - Started process (PID=377) to work on /home/airflow/.local/lib/python3.12/site-packages/airflow/example_dags/example_branch_labels.py
[2024-07-11T18:00:24.142+0000] {processor.py:830} INFO - Processing file /home/airflow/.local/lib/python3.12/site-packages/airflow/example_dags/example_branch_labels.py for tasks to queue
[2024-07-11T18:00:24.145+0000] {logging_mixin.py:188} INFO - [2024-07-11T18:00:24.145+0000] {dagbag.py:545} INFO - Filling up the DagBag from /home/airflow/.local/lib/python3.12/site-packages/airflow/example_dags/example_branch_labels.py
[2024-07-11T18:00:24.157+0000] {processor.py:840} INFO - DAG(s) 'example_branch_labels' retrieved from /home/airflow/.local/lib/python3.12/site-packages/airflow/example_dags/example_branch_labels.py
[2024-07-11T18:00:24.190+0000] {logging_mixin.py:188} INFO - [2024-07-11T18:00:24.190+0000] {dag.py:3096} INFO - Sync 1 DAGs
[2024-07-11T18:00:24.236+0000] {logging_mixin.py:188} INFO - [2024-07-11T18:00:24.235+0000] {dag.py:3954} INFO - Setting next_dagrun for example_branch_labels to 2024-07-10 00:00:00+00:00, run_after=2024-07-11 00:00:00+00:00
[2024-07-11T18:00:24.275+0000] {processor.py:183} INFO - Processing /home/airflow/.local/lib/python3.12/site-packages/airflow/example_dags/example_branch_labels.py took 0.145 seconds
[2024-07-11T18:00:54.737+0000] {processor.py:161} INFO - Started process (PID=435) to work on /home/airflow/.local/lib/python3.12/site-packages/airflow/example_dags/example_branch_labels.py
[2024-07-11T18:00:54.739+0000] {processor.py:830} INFO - Processing file /home/airflow/.local/lib/python3.12/site-packages/airflow/example_dags/example_branch_labels.py for tasks to queue
[2024-07-11T18:00:54.742+0000] {logging_mixin.py:188} INFO - [2024-07-11T18:00:54.741+0000] {dagbag.py:545} INFO - Filling up the DagBag from /home/airflow/.local/lib/python3.12/site-packages/airflow/example_dags/example_branch_labels.py
[2024-07-11T18:00:54.757+0000] {processor.py:840} INFO - DAG(s) 'example_branch_labels' retrieved from /home/airflow/.local/lib/python3.12/site-packages/airflow/example_dags/example_branch_labels.py
[2024-07-11T18:00:54.800+0000] {logging_mixin.py:188} INFO - [2024-07-11T18:00:54.799+0000] {dag.py:3096} INFO - Sync 1 DAGs
[2024-07-11T18:00:54.857+0000] {logging_mixin.py:188} INFO - [2024-07-11T18:00:54.857+0000] {dag.py:3954} INFO - Setting next_dagrun for example_branch_labels to 2024-07-10 00:00:00+00:00, run_after=2024-07-11 00:00:00+00:00
[2024-07-11T18:00:54.904+0000] {processor.py:183} INFO - Processing /home/airflow/.local/lib/python3.12/site-packages/airflow/example_dags/example_branch_labels.py took 0.177 seconds
[2024-07-11T18:01:25.008+0000] {processor.py:161} INFO - Started process (PID=492) to work on /home/airflow/.local/lib/python3.12/site-packages/airflow/example_dags/example_branch_labels.py
[2024-07-11T18:01:25.009+0000] {processor.py:830} INFO - Processing file /home/airflow/.local/lib/python3.12/site-packages/airflow/example_dags/example_branch_labels.py for tasks to queue
[2024-07-11T18:01:25.011+0000] {logging_mixin.py:188} INFO - [2024-07-11T18:01:25.011+0000] {dagbag.py:545} INFO - Filling up the DagBag from /home/airflow/.local/lib/python3.12/site-packages/airflow/example_dags/example_branch_labels.py
[2024-07-11T18:01:25.020+0000] {processor.py:840} INFO - DAG(s) 'example_branch_labels' retrieved from /home/airflow/.local/lib/python3.12/site-packages/airflow/example_dags/example_branch_labels.py
[2024-07-11T18:01:25.043+0000] {logging_mixin.py:188} INFO - [2024-07-11T18:01:25.042+0000] {dag.py:3096} INFO - Sync 1 DAGs
[2024-07-11T18:01:25.070+0000] {logging_mixin.py:188} INFO - [2024-07-11T18:01:25.069+0000] {dag.py:3954} INFO - Setting next_dagrun for example_branch_labels to 2024-07-10 00:00:00+00:00, run_after=2024-07-11 00:00:00+00:00
[2024-07-11T18:01:25.094+0000] {processor.py:183} INFO - Processing /home/airflow/.local/lib/python3.12/site-packages/airflow/example_dags/example_branch_labels.py took 0.093 seconds
[2024-07-11T18:01:55.214+0000] {processor.py:161} INFO - Started process (PID=550) to work on /home/airflow/.local/lib/python3.12/site-packages/airflow/example_dags/example_branch_labels.py
[2024-07-11T18:01:55.215+0000] {processor.py:830} INFO - Processing file /home/airflow/.local/lib/python3.12/site-packages/airflow/example_dags/example_branch_labels.py for tasks to queue
[2024-07-11T18:01:55.217+0000] {logging_mixin.py:188} INFO - [2024-07-11T18:01:55.217+0000] {dagbag.py:545} INFO - Filling up the DagBag from /home/airflow/.local/lib/python3.12/site-packages/airflow/example_dags/example_branch_labels.py
[2024-07-11T18:01:55.226+0000] {processor.py:840} INFO - DAG(s) 'example_branch_labels' retrieved from /home/airflow/.local/lib/python3.12/site-packages/airflow/example_dags/example_branch_labels.py
[2024-07-11T18:01:55.250+0000] {logging_mixin.py:188} INFO - [2024-07-11T18:01:55.250+0000] {dag.py:3096} INFO - Sync 1 DAGs
[2024-07-11T18:01:55.279+0000] {logging_mixin.py:188} INFO - [2024-07-11T18:01:55.279+0000] {dag.py:3954} INFO - Setting next_dagrun for example_branch_labels to 2024-07-10 00:00:00+00:00, run_after=2024-07-11 00:00:00+00:00
[2024-07-11T18:01:55.304+0000] {processor.py:183} INFO - Processing /home/airflow/.local/lib/python3.12/site-packages/airflow/example_dags/example_branch_labels.py took 0.097 seconds
[2024-07-11T18:02:25.866+0000] {processor.py:161} INFO - Started process (PID=608) to work on /home/airflow/.local/lib/python3.12/site-packages/airflow/example_dags/example_branch_labels.py
[2024-07-11T18:02:25.867+0000] {processor.py:830} INFO - Processing file /home/airflow/.local/lib/python3.12/site-packages/airflow/example_dags/example_branch_labels.py for tasks to queue
[2024-07-11T18:02:25.869+0000] {logging_mixin.py:188} INFO - [2024-07-11T18:02:25.869+0000] {dagbag.py:545} INFO - Filling up the DagBag from /home/airflow/.local/lib/python3.12/site-packages/airflow/example_dags/example_branch_labels.py
[2024-07-11T18:02:25.879+0000] {processor.py:840} INFO - DAG(s) 'example_branch_labels' retrieved from /home/airflow/.local/lib/python3.12/site-packages/airflow/example_dags/example_branch_labels.py
[2024-07-11T18:02:25.905+0000] {logging_mixin.py:188} INFO - [2024-07-11T18:02:25.904+0000] {dag.py:3096} INFO - Sync 1 DAGs
[2024-07-11T18:02:25.939+0000] {logging_mixin.py:188} INFO - [2024-07-11T18:02:25.938+0000] {dag.py:3954} INFO - Setting next_dagrun for example_branch_labels to 2024-07-10 00:00:00+00:00, run_after=2024-07-11 00:00:00+00:00
[2024-07-11T18:02:25.969+0000] {processor.py:183} INFO - Processing /home/airflow/.local/lib/python3.12/site-packages/airflow/example_dags/example_branch_labels.py took 0.111 seconds
[2024-07-11T18:02:56.051+0000] {processor.py:161} INFO - Started process (PID=666) to work on /home/airflow/.local/lib/python3.12/site-packages/airflow/example_dags/example_branch_labels.py
[2024-07-11T18:02:56.053+0000] {processor.py:830} INFO - Processing file /home/airflow/.local/lib/python3.12/site-packages/airflow/example_dags/example_branch_labels.py for tasks to queue
[2024-07-11T18:02:56.055+0000] {logging_mixin.py:188} INFO - [2024-07-11T18:02:56.055+0000] {dagbag.py:545} INFO - Filling up the DagBag from /home/airflow/.local/lib/python3.12/site-packages/airflow/example_dags/example_branch_labels.py
[2024-07-11T18:02:56.066+0000] {processor.py:840} INFO - DAG(s) 'example_branch_labels' retrieved from /home/airflow/.local/lib/python3.12/site-packages/airflow/example_dags/example_branch_labels.py
[2024-07-11T18:02:56.095+0000] {logging_mixin.py:188} INFO - [2024-07-11T18:02:56.095+0000] {dag.py:3096} INFO - Sync 1 DAGs
[2024-07-11T18:02:56.129+0000] {logging_mixin.py:188} INFO - [2024-07-11T18:02:56.129+0000] {dag.py:3954} INFO - Setting next_dagrun for example_branch_labels to 2024-07-10 00:00:00+00:00, run_after=2024-07-11 00:00:00+00:00
[2024-07-11T18:02:56.158+0000] {processor.py:183} INFO - Processing /home/airflow/.local/lib/python3.12/site-packages/airflow/example_dags/example_branch_labels.py took 0.120 seconds
[2024-07-11T18:03:26.365+0000] {processor.py:161} INFO - Started process (PID=724) to work on /home/airflow/.local/lib/python3.12/site-packages/airflow/example_dags/example_branch_labels.py
[2024-07-11T18:03:26.366+0000] {processor.py:830} INFO - Processing file /home/airflow/.local/lib/python3.12/site-packages/airflow/example_dags/example_branch_labels.py for tasks to queue
[2024-07-11T18:03:26.369+0000] {logging_mixin.py:188} INFO - [2024-07-11T18:03:26.368+0000] {dagbag.py:545} INFO - Filling up the DagBag from /home/airflow/.local/lib/python3.12/site-packages/airflow/example_dags/example_branch_labels.py
[2024-07-11T18:03:26.384+0000] {processor.py:840} INFO - DAG(s) 'example_branch_labels' retrieved from /home/airflow/.local/lib/python3.12/site-packages/airflow/example_dags/example_branch_labels.py
[2024-07-11T18:03:26.412+0000] {logging_mixin.py:188} INFO - [2024-07-11T18:03:26.411+0000] {dag.py:3096} INFO - Sync 1 DAGs
[2024-07-11T18:03:26.445+0000] {logging_mixin.py:188} INFO - [2024-07-11T18:03:26.444+0000] {dag.py:3954} INFO - Setting next_dagrun for example_branch_labels to 2024-07-10 00:00:00+00:00, run_after=2024-07-11 00:00:00+00:00
[2024-07-11T18:03:26.472+0000] {processor.py:183} INFO - Processing /home/airflow/.local/lib/python3.12/site-packages/airflow/example_dags/example_branch_labels.py took 0.118 seconds
[2024-07-11T18:03:56.677+0000] {processor.py:161} INFO - Started process (PID=782) to work on /home/airflow/.local/lib/python3.12/site-packages/airflow/example_dags/example_branch_labels.py
[2024-07-11T18:03:56.678+0000] {processor.py:830} INFO - Processing file /home/airflow/.local/lib/python3.12/site-packages/airflow/example_dags/example_branch_labels.py for tasks to queue
[2024-07-11T18:03:56.681+0000] {logging_mixin.py:188} INFO - [2024-07-11T18:03:56.680+0000] {dagbag.py:545} INFO - Filling up the DagBag from /home/airflow/.local/lib/python3.12/site-packages/airflow/example_dags/example_branch_labels.py
[2024-07-11T18:03:56.690+0000] {processor.py:840} INFO - DAG(s) 'example_branch_labels' retrieved from /home/airflow/.local/lib/python3.12/site-packages/airflow/example_dags/example_branch_labels.py
[2024-07-11T18:03:56.716+0000] {logging_mixin.py:188} INFO - [2024-07-11T18:03:56.716+0000] {dag.py:3096} INFO - Sync 1 DAGs
[2024-07-11T18:03:56.746+0000] {logging_mixin.py:188} INFO - [2024-07-11T18:03:56.746+0000] {dag.py:3954} INFO - Setting next_dagrun for example_branch_labels to 2024-07-10 00:00:00+00:00, run_after=2024-07-11 00:00:00+00:00
[2024-07-11T18:03:56.787+0000] {processor.py:183} INFO - Processing /home/airflow/.local/lib/python3.12/site-packages/airflow/example_dags/example_branch_labels.py took 0.118 seconds
[2024-07-11T18:04:26.925+0000] {processor.py:161} INFO - Started process (PID=840) to work on /home/airflow/.local/lib/python3.12/site-packages/airflow/example_dags/example_branch_labels.py
[2024-07-11T18:04:26.926+0000] {processor.py:830} INFO - Processing file /home/airflow/.local/lib/python3.12/site-packages/airflow/example_dags/example_branch_labels.py for tasks to queue
[2024-07-11T18:04:26.929+0000] {logging_mixin.py:188} INFO - [2024-07-11T18:04:26.928+0000] {dagbag.py:545} INFO - Filling up the DagBag from /home/airflow/.local/lib/python3.12/site-packages/airflow/example_dags/example_branch_labels.py
[2024-07-11T18:04:26.939+0000] {processor.py:840} INFO - DAG(s) 'example_branch_labels' retrieved from /home/airflow/.local/lib/python3.12/site-packages/airflow/example_dags/example_branch_labels.py
[2024-07-11T18:04:26.964+0000] {logging_mixin.py:188} INFO - [2024-07-11T18:04:26.963+0000] {dag.py:3096} INFO - Sync 1 DAGs
[2024-07-11T18:04:26.993+0000] {logging_mixin.py:188} INFO - [2024-07-11T18:04:26.993+0000] {dag.py:3954} INFO - Setting next_dagrun for example_branch_labels to 2024-07-10 00:00:00+00:00, run_after=2024-07-11 00:00:00+00:00
[2024-07-11T18:04:27.019+0000] {processor.py:183} INFO - Processing /home/airflow/.local/lib/python3.12/site-packages/airflow/example_dags/example_branch_labels.py took 0.103 seconds
[2024-07-11T18:04:57.163+0000] {processor.py:161} INFO - Started process (PID=898) to work on /home/airflow/.local/lib/python3.12/site-packages/airflow/example_dags/example_branch_labels.py
[2024-07-11T18:04:57.164+0000] {processor.py:830} INFO - Processing file /home/airflow/.local/lib/python3.12/site-packages/airflow/example_dags/example_branch_labels.py for tasks to queue
[2024-07-11T18:04:57.167+0000] {logging_mixin.py:188} INFO - [2024-07-11T18:04:57.167+0000] {dagbag.py:545} INFO - Filling up the DagBag from /home/airflow/.local/lib/python3.12/site-packages/airflow/example_dags/example_branch_labels.py
[2024-07-11T18:04:57.177+0000] {processor.py:840} INFO - DAG(s) 'example_branch_labels' retrieved from /home/airflow/.local/lib/python3.12/site-packages/airflow/example_dags/example_branch_labels.py
[2024-07-11T18:04:57.202+0000] {logging_mixin.py:188} INFO - [2024-07-11T18:04:57.202+0000] {dag.py:3096} INFO - Sync 1 DAGs
[2024-07-11T18:04:57.231+0000] {logging_mixin.py:188} INFO - [2024-07-11T18:04:57.231+0000] {dag.py:3954} INFO - Setting next_dagrun for example_branch_labels to 2024-07-10 00:00:00+00:00, run_after=2024-07-11 00:00:00+00:00
[2024-07-11T18:04:57.256+0000] {processor.py:183} INFO - Processing /home/airflow/.local/lib/python3.12/site-packages/airflow/example_dags/example_branch_labels.py took 0.100 seconds
[2024-07-11T18:05:28.207+0000] {processor.py:161} INFO - Started process (PID=957) to work on /home/airflow/.local/lib/python3.12/site-packages/airflow/example_dags/example_branch_labels.py
[2024-07-11T18:05:28.208+0000] {processor.py:830} INFO - Processing file /home/airflow/.local/lib/python3.12/site-packages/airflow/example_dags/example_branch_labels.py for tasks to queue
[2024-07-11T18:05:28.212+0000] {logging_mixin.py:188} INFO - [2024-07-11T18:05:28.211+0000] {dagbag.py:545} INFO - Filling up the DagBag from /home/airflow/.local/lib/python3.12/site-packages/airflow/example_dags/example_branch_labels.py
[2024-07-11T18:05:28.225+0000] {processor.py:840} INFO - DAG(s) 'example_branch_labels' retrieved from /home/airflow/.local/lib/python3.12/site-packages/airflow/example_dags/example_branch_labels.py
[2024-07-11T18:05:28.252+0000] {logging_mixin.py:188} INFO - [2024-07-11T18:05:28.252+0000] {dag.py:3096} INFO - Sync 1 DAGs
[2024-07-11T18:05:28.284+0000] {logging_mixin.py:188} INFO - [2024-07-11T18:05:28.283+0000] {dag.py:3954} INFO - Setting next_dagrun for example_branch_labels to 2024-07-10 00:00:00+00:00, run_after=2024-07-11 00:00:00+00:00
[2024-07-11T18:05:28.310+0000] {processor.py:183} INFO - Processing /home/airflow/.local/lib/python3.12/site-packages/airflow/example_dags/example_branch_labels.py took 0.112 seconds
[2024-07-11T18:05:58.755+0000] {processor.py:161} INFO - Started process (PID=1015) to work on /home/airflow/.local/lib/python3.12/site-packages/airflow/example_dags/example_branch_labels.py
[2024-07-11T18:05:58.757+0000] {processor.py:830} INFO - Processing file /home/airflow/.local/lib/python3.12/site-packages/airflow/example_dags/example_branch_labels.py for tasks to queue
[2024-07-11T18:05:58.760+0000] {logging_mixin.py:188} INFO - [2024-07-11T18:05:58.760+0000] {dagbag.py:545} INFO - Filling up the DagBag from /home/airflow/.local/lib/python3.12/site-packages/airflow/example_dags/example_branch_labels.py
[2024-07-11T18:05:58.772+0000] {processor.py:840} INFO - DAG(s) 'example_branch_labels' retrieved from /home/airflow/.local/lib/python3.12/site-packages/airflow/example_dags/example_branch_labels.py
[2024-07-11T18:05:58.802+0000] {logging_mixin.py:188} INFO - [2024-07-11T18:05:58.802+0000] {dag.py:3096} INFO - Sync 1 DAGs
[2024-07-11T18:05:58.838+0000] {logging_mixin.py:188} INFO - [2024-07-11T18:05:58.838+0000] {dag.py:3954} INFO - Setting next_dagrun for example_branch_labels to 2024-07-10 00:00:00+00:00, run_after=2024-07-11 00:00:00+00:00
[2024-07-11T18:05:58.870+0000] {processor.py:183} INFO - Processing /home/airflow/.local/lib/python3.12/site-packages/airflow/example_dags/example_branch_labels.py took 0.126 seconds
[2024-07-11T18:06:29.618+0000] {processor.py:161} INFO - Started process (PID=1073) to work on /home/airflow/.local/lib/python3.12/site-packages/airflow/example_dags/example_branch_labels.py
[2024-07-11T18:06:29.620+0000] {processor.py:830} INFO - Processing file /home/airflow/.local/lib/python3.12/site-packages/airflow/example_dags/example_branch_labels.py for tasks to queue
[2024-07-11T18:06:29.622+0000] {logging_mixin.py:188} INFO - [2024-07-11T18:06:29.621+0000] {dagbag.py:545} INFO - Filling up the DagBag from /home/airflow/.local/lib/python3.12/site-packages/airflow/example_dags/example_branch_labels.py
[2024-07-11T18:06:29.631+0000] {processor.py:840} INFO - DAG(s) 'example_branch_labels' retrieved from /home/airflow/.local/lib/python3.12/site-packages/airflow/example_dags/example_branch_labels.py
[2024-07-11T18:06:29.658+0000] {logging_mixin.py:188} INFO - [2024-07-11T18:06:29.658+0000] {dag.py:3096} INFO - Sync 1 DAGs
[2024-07-11T18:06:29.687+0000] {logging_mixin.py:188} INFO - [2024-07-11T18:06:29.687+0000] {dag.py:3954} INFO - Setting next_dagrun for example_branch_labels to 2024-07-10 00:00:00+00:00, run_after=2024-07-11 00:00:00+00:00
[2024-07-11T18:06:29.712+0000] {processor.py:183} INFO - Processing /home/airflow/.local/lib/python3.12/site-packages/airflow/example_dags/example_branch_labels.py took 0.101 seconds
[2024-07-11T18:06:59.971+0000] {processor.py:161} INFO - Started process (PID=1131) to work on /home/airflow/.local/lib/python3.12/site-packages/airflow/example_dags/example_branch_labels.py
[2024-07-11T18:06:59.973+0000] {processor.py:830} INFO - Processing file /home/airflow/.local/lib/python3.12/site-packages/airflow/example_dags/example_branch_labels.py for tasks to queue
[2024-07-11T18:06:59.975+0000] {logging_mixin.py:188} INFO - [2024-07-11T18:06:59.975+0000] {dagbag.py:545} INFO - Filling up the DagBag from /home/airflow/.local/lib/python3.12/site-packages/airflow/example_dags/example_branch_labels.py
[2024-07-11T18:06:59.985+0000] {processor.py:840} INFO - DAG(s) 'example_branch_labels' retrieved from /home/airflow/.local/lib/python3.12/site-packages/airflow/example_dags/example_branch_labels.py
[2024-07-11T18:07:00.013+0000] {logging_mixin.py:188} INFO - [2024-07-11T18:07:00.013+0000] {dag.py:3096} INFO - Sync 1 DAGs
[2024-07-11T18:07:00.043+0000] {logging_mixin.py:188} INFO - [2024-07-11T18:07:00.043+0000] {dag.py:3954} INFO - Setting next_dagrun for example_branch_labels to 2024-07-10 00:00:00+00:00, run_after=2024-07-11 00:00:00+00:00
[2024-07-11T18:07:00.069+0000] {processor.py:183} INFO - Processing /home/airflow/.local/lib/python3.12/site-packages/airflow/example_dags/example_branch_labels.py took 0.105 seconds
[2024-07-11T18:07:30.936+0000] {processor.py:161} INFO - Started process (PID=1190) to work on /home/airflow/.local/lib/python3.12/site-packages/airflow/example_dags/example_branch_labels.py
[2024-07-11T18:07:30.937+0000] {processor.py:830} INFO - Processing file /home/airflow/.local/lib/python3.12/site-packages/airflow/example_dags/example_branch_labels.py for tasks to queue
[2024-07-11T18:07:30.939+0000] {logging_mixin.py:188} INFO - [2024-07-11T18:07:30.938+0000] {dagbag.py:545} INFO - Filling up the DagBag from /home/airflow/.local/lib/python3.12/site-packages/airflow/example_dags/example_branch_labels.py
[2024-07-11T18:07:30.947+0000] {processor.py:840} INFO - DAG(s) 'example_branch_labels' retrieved from /home/airflow/.local/lib/python3.12/site-packages/airflow/example_dags/example_branch_labels.py
[2024-07-11T18:07:30.968+0000] {logging_mixin.py:188} INFO - [2024-07-11T18:07:30.968+0000] {dag.py:3096} INFO - Sync 1 DAGs
[2024-07-11T18:07:30.993+0000] {logging_mixin.py:188} INFO - [2024-07-11T18:07:30.993+0000] {dag.py:3954} INFO - Setting next_dagrun for example_branch_labels to 2024-07-10 00:00:00+00:00, run_after=2024-07-11 00:00:00+00:00
[2024-07-11T18:07:31.016+0000] {processor.py:183} INFO - Processing /home/airflow/.local/lib/python3.12/site-packages/airflow/example_dags/example_branch_labels.py took 0.086 seconds
[2024-07-11T18:08:01.436+0000] {processor.py:161} INFO - Started process (PID=1248) to work on /home/airflow/.local/lib/python3.12/site-packages/airflow/example_dags/example_branch_labels.py
[2024-07-11T18:08:01.437+0000] {processor.py:830} INFO - Processing file /home/airflow/.local/lib/python3.12/site-packages/airflow/example_dags/example_branch_labels.py for tasks to queue
[2024-07-11T18:08:01.439+0000] {logging_mixin.py:188} INFO - [2024-07-11T18:08:01.439+0000] {dagbag.py:545} INFO - Filling up the DagBag from /home/airflow/.local/lib/python3.12/site-packages/airflow/example_dags/example_branch_labels.py
[2024-07-11T18:08:01.449+0000] {processor.py:840} INFO - DAG(s) 'example_branch_labels' retrieved from /home/airflow/.local/lib/python3.12/site-packages/airflow/example_dags/example_branch_labels.py
[2024-07-11T18:08:01.473+0000] {logging_mixin.py:188} INFO - [2024-07-11T18:08:01.473+0000] {dag.py:3096} INFO - Sync 1 DAGs
[2024-07-11T18:08:01.506+0000] {logging_mixin.py:188} INFO - [2024-07-11T18:08:01.506+0000] {dag.py:3954} INFO - Setting next_dagrun for example_branch_labels to 2024-07-10 00:00:00+00:00, run_after=2024-07-11 00:00:00+00:00
[2024-07-11T18:08:01.536+0000] {processor.py:183} INFO - Processing /home/airflow/.local/lib/python3.12/site-packages/airflow/example_dags/example_branch_labels.py took 0.107 seconds
[2024-07-11T18:08:32.008+0000] {processor.py:161} INFO - Started process (PID=1306) to work on /home/airflow/.local/lib/python3.12/site-packages/airflow/example_dags/example_branch_labels.py
[2024-07-11T18:08:32.009+0000] {processor.py:830} INFO - Processing file /home/airflow/.local/lib/python3.12/site-packages/airflow/example_dags/example_branch_labels.py for tasks to queue
[2024-07-11T18:08:32.011+0000] {logging_mixin.py:188} INFO - [2024-07-11T18:08:32.011+0000] {dagbag.py:545} INFO - Filling up the DagBag from /home/airflow/.local/lib/python3.12/site-packages/airflow/example_dags/example_branch_labels.py
[2024-07-11T18:08:32.021+0000] {processor.py:840} INFO - DAG(s) 'example_branch_labels' retrieved from /home/airflow/.local/lib/python3.12/site-packages/airflow/example_dags/example_branch_labels.py
[2024-07-11T18:08:32.046+0000] {logging_mixin.py:188} INFO - [2024-07-11T18:08:32.046+0000] {dag.py:3096} INFO - Sync 1 DAGs
[2024-07-11T18:08:32.075+0000] {logging_mixin.py:188} INFO - [2024-07-11T18:08:32.075+0000] {dag.py:3954} INFO - Setting next_dagrun for example_branch_labels to 2024-07-10 00:00:00+00:00, run_after=2024-07-11 00:00:00+00:00
[2024-07-11T18:08:32.102+0000] {processor.py:183} INFO - Processing /home/airflow/.local/lib/python3.12/site-packages/airflow/example_dags/example_branch_labels.py took 0.101 seconds
[2024-07-11T18:09:02.578+0000] {processor.py:161} INFO - Started process (PID=1364) to work on /home/airflow/.local/lib/python3.12/site-packages/airflow/example_dags/example_branch_labels.py
[2024-07-11T18:09:02.579+0000] {processor.py:830} INFO - Processing file /home/airflow/.local/lib/python3.12/site-packages/airflow/example_dags/example_branch_labels.py for tasks to queue
[2024-07-11T18:09:02.582+0000] {logging_mixin.py:188} INFO - [2024-07-11T18:09:02.581+0000] {dagbag.py:545} INFO - Filling up the DagBag from /home/airflow/.local/lib/python3.12/site-packages/airflow/example_dags/example_branch_labels.py
[2024-07-11T18:09:02.591+0000] {processor.py:840} INFO - DAG(s) 'example_branch_labels' retrieved from /home/airflow/.local/lib/python3.12/site-packages/airflow/example_dags/example_branch_labels.py
[2024-07-11T18:09:02.619+0000] {logging_mixin.py:188} INFO - [2024-07-11T18:09:02.619+0000] {dag.py:3096} INFO - Sync 1 DAGs
[2024-07-11T18:09:02.652+0000] {logging_mixin.py:188} INFO - [2024-07-11T18:09:02.652+0000] {dag.py:3954} INFO - Setting next_dagrun for example_branch_labels to 2024-07-10 00:00:00+00:00, run_after=2024-07-11 00:00:00+00:00
[2024-07-11T18:09:02.679+0000] {processor.py:183} INFO - Processing /home/airflow/.local/lib/python3.12/site-packages/airflow/example_dags/example_branch_labels.py took 0.109 seconds
