[2024-07-11T17:57:51.933+0000] {processor.py:161} INFO - Started process (PID=92) to work on /home/airflow/.local/lib/python3.12/site-packages/airflow/example_dags/example_datasets.py
[2024-07-11T17:57:51.934+0000] {processor.py:830} INFO - Processing file /home/airflow/.local/lib/python3.12/site-packages/airflow/example_dags/example_datasets.py for tasks to queue
[2024-07-11T17:57:51.938+0000] {logging_mixin.py:188} INFO - [2024-07-11T17:57:51.937+0000] {dagbag.py:545} INFO - Filling up the DagBag from /home/airflow/.local/lib/python3.12/site-packages/airflow/example_dags/example_datasets.py
[2024-07-11T17:57:51.970+0000] {processor.py:840} INFO - DAG(s) 'dataset_consumes_1_and_2', 'consume_1_or_2_with_dataset_expressions', 'conditional_dataset_and_time_based_timetable', 'consume_1_and_2_with_dataset_expressions', 'dataset_produces_1', 'dataset_produces_2', 'dataset_consumes_1', 'consume_1_or_both_2_and_3_with_dataset_expressions', 'dataset_consumes_1_never_scheduled', 'dataset_consumes_unknown_never_scheduled' retrieved from /home/airflow/.local/lib/python3.12/site-packages/airflow/example_dags/example_datasets.py
[2024-07-11T17:57:52.348+0000] {logging_mixin.py:188} INFO - [2024-07-11T17:57:52.347+0000] {dag.py:3096} INFO - Sync 10 DAGs
[2024-07-11T17:57:52.381+0000] {logging_mixin.py:188} INFO - [2024-07-11T17:57:52.381+0000] {dag.py:3954} INFO - Setting next_dagrun for conditional_dataset_and_time_based_timetable to 2024-07-10 01:00:00+00:00, run_after=2024-07-10 01:00:00+00:00
[2024-07-11T17:57:52.388+0000] {logging_mixin.py:188} INFO - [2024-07-11T17:57:52.387+0000] {dag.py:3954} INFO - Setting next_dagrun for consume_1_and_2_with_dataset_expressions to None, run_after=None
[2024-07-11T17:57:52.390+0000] {logging_mixin.py:188} INFO - [2024-07-11T17:57:52.390+0000] {dag.py:3954} INFO - Setting next_dagrun for consume_1_or_2_with_dataset_expressions to None, run_after=None
[2024-07-11T17:57:52.393+0000] {logging_mixin.py:188} INFO - [2024-07-11T17:57:52.392+0000] {dag.py:3954} INFO - Setting next_dagrun for consume_1_or_both_2_and_3_with_dataset_expressions to None, run_after=None
[2024-07-11T17:57:52.396+0000] {logging_mixin.py:188} INFO - [2024-07-11T17:57:52.395+0000] {dag.py:3954} INFO - Setting next_dagrun for dataset_consumes_1 to None, run_after=None
[2024-07-11T17:57:52.398+0000] {logging_mixin.py:188} INFO - [2024-07-11T17:57:52.398+0000] {dag.py:3954} INFO - Setting next_dagrun for dataset_consumes_1_and_2 to None, run_after=None
[2024-07-11T17:57:52.401+0000] {logging_mixin.py:188} INFO - [2024-07-11T17:57:52.401+0000] {dag.py:3954} INFO - Setting next_dagrun for dataset_consumes_1_never_scheduled to None, run_after=None
[2024-07-11T17:57:52.403+0000] {logging_mixin.py:188} INFO - [2024-07-11T17:57:52.403+0000] {dag.py:3954} INFO - Setting next_dagrun for dataset_consumes_unknown_never_scheduled to None, run_after=None
[2024-07-11T17:57:52.407+0000] {logging_mixin.py:188} INFO - [2024-07-11T17:57:52.406+0000] {dag.py:3954} INFO - Setting next_dagrun for dataset_produces_1 to 2024-07-10 00:00:00+00:00, run_after=2024-07-11 00:00:00+00:00
[2024-07-11T17:57:52.409+0000] {logging_mixin.py:188} INFO - [2024-07-11T17:57:52.409+0000] {dag.py:3954} INFO - Setting next_dagrun for dataset_produces_2 to None, run_after=None
[2024-07-11T17:57:52.471+0000] {processor.py:183} INFO - Processing /home/airflow/.local/lib/python3.12/site-packages/airflow/example_dags/example_datasets.py took 0.548 seconds
[2024-07-11T17:58:23.226+0000] {processor.py:161} INFO - Started process (PID=150) to work on /home/airflow/.local/lib/python3.12/site-packages/airflow/example_dags/example_datasets.py
[2024-07-11T17:58:23.229+0000] {processor.py:830} INFO - Processing file /home/airflow/.local/lib/python3.12/site-packages/airflow/example_dags/example_datasets.py for tasks to queue
[2024-07-11T17:58:23.231+0000] {logging_mixin.py:188} INFO - [2024-07-11T17:58:23.230+0000] {dagbag.py:545} INFO - Filling up the DagBag from /home/airflow/.local/lib/python3.12/site-packages/airflow/example_dags/example_datasets.py
[2024-07-11T17:58:23.245+0000] {processor.py:840} INFO - DAG(s) 'dataset_produces_2', 'dataset_produces_1', 'consume_1_or_2_with_dataset_expressions', 'conditional_dataset_and_time_based_timetable', 'dataset_consumes_1_never_scheduled', 'consume_1_or_both_2_and_3_with_dataset_expressions', 'dataset_consumes_unknown_never_scheduled', 'dataset_consumes_1', 'dataset_consumes_1_and_2', 'consume_1_and_2_with_dataset_expressions' retrieved from /home/airflow/.local/lib/python3.12/site-packages/airflow/example_dags/example_datasets.py
[2024-07-11T17:58:23.300+0000] {logging_mixin.py:188} INFO - [2024-07-11T17:58:23.299+0000] {dag.py:3096} INFO - Sync 10 DAGs
[2024-07-11T17:58:23.328+0000] {logging_mixin.py:188} INFO - [2024-07-11T17:58:23.328+0000] {dag.py:3954} INFO - Setting next_dagrun for conditional_dataset_and_time_based_timetable to 2024-07-10 01:00:00+00:00, run_after=2024-07-10 01:00:00+00:00
[2024-07-11T17:58:23.333+0000] {logging_mixin.py:188} INFO - [2024-07-11T17:58:23.333+0000] {dag.py:3954} INFO - Setting next_dagrun for consume_1_and_2_with_dataset_expressions to None, run_after=None
[2024-07-11T17:58:23.335+0000] {logging_mixin.py:188} INFO - [2024-07-11T17:58:23.335+0000] {dag.py:3954} INFO - Setting next_dagrun for consume_1_or_2_with_dataset_expressions to None, run_after=None
[2024-07-11T17:58:23.337+0000] {logging_mixin.py:188} INFO - [2024-07-11T17:58:23.337+0000] {dag.py:3954} INFO - Setting next_dagrun for consume_1_or_both_2_and_3_with_dataset_expressions to None, run_after=None
[2024-07-11T17:58:23.339+0000] {logging_mixin.py:188} INFO - [2024-07-11T17:58:23.338+0000] {dag.py:3954} INFO - Setting next_dagrun for dataset_consumes_1 to None, run_after=None
[2024-07-11T17:58:23.340+0000] {logging_mixin.py:188} INFO - [2024-07-11T17:58:23.340+0000] {dag.py:3954} INFO - Setting next_dagrun for dataset_consumes_1_and_2 to None, run_after=None
[2024-07-11T17:58:23.342+0000] {logging_mixin.py:188} INFO - [2024-07-11T17:58:23.342+0000] {dag.py:3954} INFO - Setting next_dagrun for dataset_consumes_1_never_scheduled to None, run_after=None
[2024-07-11T17:58:23.344+0000] {logging_mixin.py:188} INFO - [2024-07-11T17:58:23.343+0000] {dag.py:3954} INFO - Setting next_dagrun for dataset_consumes_unknown_never_scheduled to None, run_after=None
[2024-07-11T17:58:23.347+0000] {logging_mixin.py:188} INFO - [2024-07-11T17:58:23.347+0000] {dag.py:3954} INFO - Setting next_dagrun for dataset_produces_1 to 2024-07-10 00:00:00+00:00, run_after=2024-07-11 00:00:00+00:00
[2024-07-11T17:58:23.349+0000] {logging_mixin.py:188} INFO - [2024-07-11T17:58:23.349+0000] {dag.py:3954} INFO - Setting next_dagrun for dataset_produces_2 to None, run_after=None
[2024-07-11T17:58:23.395+0000] {processor.py:183} INFO - Processing /home/airflow/.local/lib/python3.12/site-packages/airflow/example_dags/example_datasets.py took 0.175 seconds
[2024-07-11T17:58:54.356+0000] {processor.py:161} INFO - Started process (PID=208) to work on /home/airflow/.local/lib/python3.12/site-packages/airflow/example_dags/example_datasets.py
[2024-07-11T17:58:54.358+0000] {processor.py:830} INFO - Processing file /home/airflow/.local/lib/python3.12/site-packages/airflow/example_dags/example_datasets.py for tasks to queue
[2024-07-11T17:58:54.360+0000] {logging_mixin.py:188} INFO - [2024-07-11T17:58:54.360+0000] {dagbag.py:545} INFO - Filling up the DagBag from /home/airflow/.local/lib/python3.12/site-packages/airflow/example_dags/example_datasets.py
[2024-07-11T17:58:54.382+0000] {processor.py:840} INFO - DAG(s) 'dataset_consumes_1_and_2', 'dataset_consumes_1_never_scheduled', 'consume_1_or_both_2_and_3_with_dataset_expressions', 'dataset_consumes_unknown_never_scheduled', 'consume_1_and_2_with_dataset_expressions', 'conditional_dataset_and_time_based_timetable', 'dataset_produces_1', 'dataset_produces_2', 'consume_1_or_2_with_dataset_expressions', 'dataset_consumes_1' retrieved from /home/airflow/.local/lib/python3.12/site-packages/airflow/example_dags/example_datasets.py
[2024-07-11T17:58:54.448+0000] {logging_mixin.py:188} INFO - [2024-07-11T17:58:54.447+0000] {dag.py:3096} INFO - Sync 10 DAGs
[2024-07-11T17:58:54.478+0000] {logging_mixin.py:188} INFO - [2024-07-11T17:58:54.478+0000] {dag.py:3954} INFO - Setting next_dagrun for conditional_dataset_and_time_based_timetable to 2024-07-10 01:00:00+00:00, run_after=2024-07-10 01:00:00+00:00
[2024-07-11T17:58:54.483+0000] {logging_mixin.py:188} INFO - [2024-07-11T17:58:54.483+0000] {dag.py:3954} INFO - Setting next_dagrun for consume_1_and_2_with_dataset_expressions to None, run_after=None
[2024-07-11T17:58:54.485+0000] {logging_mixin.py:188} INFO - [2024-07-11T17:58:54.485+0000] {dag.py:3954} INFO - Setting next_dagrun for consume_1_or_2_with_dataset_expressions to None, run_after=None
[2024-07-11T17:58:54.487+0000] {logging_mixin.py:188} INFO - [2024-07-11T17:58:54.486+0000] {dag.py:3954} INFO - Setting next_dagrun for consume_1_or_both_2_and_3_with_dataset_expressions to None, run_after=None
[2024-07-11T17:58:54.488+0000] {logging_mixin.py:188} INFO - [2024-07-11T17:58:54.488+0000] {dag.py:3954} INFO - Setting next_dagrun for dataset_consumes_1 to None, run_after=None
[2024-07-11T17:58:54.490+0000] {logging_mixin.py:188} INFO - [2024-07-11T17:58:54.489+0000] {dag.py:3954} INFO - Setting next_dagrun for dataset_consumes_1_and_2 to None, run_after=None
[2024-07-11T17:58:54.491+0000] {logging_mixin.py:188} INFO - [2024-07-11T17:58:54.491+0000] {dag.py:3954} INFO - Setting next_dagrun for dataset_consumes_1_never_scheduled to None, run_after=None
[2024-07-11T17:58:54.493+0000] {logging_mixin.py:188} INFO - [2024-07-11T17:58:54.493+0000] {dag.py:3954} INFO - Setting next_dagrun for dataset_consumes_unknown_never_scheduled to None, run_after=None
[2024-07-11T17:58:54.496+0000] {logging_mixin.py:188} INFO - [2024-07-11T17:58:54.496+0000] {dag.py:3954} INFO - Setting next_dagrun for dataset_produces_1 to 2024-07-10 00:00:00+00:00, run_after=2024-07-11 00:00:00+00:00
[2024-07-11T17:58:54.497+0000] {logging_mixin.py:188} INFO - [2024-07-11T17:58:54.497+0000] {dag.py:3954} INFO - Setting next_dagrun for dataset_produces_2 to None, run_after=None
[2024-07-11T17:58:54.694+0000] {processor.py:183} INFO - Processing /home/airflow/.local/lib/python3.12/site-packages/airflow/example_dags/example_datasets.py took 0.346 seconds
[2024-07-11T17:59:24.964+0000] {processor.py:161} INFO - Started process (PID=266) to work on /home/airflow/.local/lib/python3.12/site-packages/airflow/example_dags/example_datasets.py
[2024-07-11T17:59:24.965+0000] {processor.py:830} INFO - Processing file /home/airflow/.local/lib/python3.12/site-packages/airflow/example_dags/example_datasets.py for tasks to queue
[2024-07-11T17:59:24.968+0000] {logging_mixin.py:188} INFO - [2024-07-11T17:59:24.967+0000] {dagbag.py:545} INFO - Filling up the DagBag from /home/airflow/.local/lib/python3.12/site-packages/airflow/example_dags/example_datasets.py
[2024-07-11T17:59:24.982+0000] {processor.py:840} INFO - DAG(s) 'dataset_consumes_1_and_2', 'consume_1_and_2_with_dataset_expressions', 'consume_1_or_both_2_and_3_with_dataset_expressions', 'dataset_consumes_unknown_never_scheduled', 'dataset_consumes_1', 'dataset_consumes_1_never_scheduled', 'dataset_produces_2', 'dataset_produces_1', 'consume_1_or_2_with_dataset_expressions', 'conditional_dataset_and_time_based_timetable' retrieved from /home/airflow/.local/lib/python3.12/site-packages/airflow/example_dags/example_datasets.py
[2024-07-11T17:59:25.035+0000] {logging_mixin.py:188} INFO - [2024-07-11T17:59:25.035+0000] {dag.py:3096} INFO - Sync 10 DAGs
[2024-07-11T17:59:25.064+0000] {logging_mixin.py:188} INFO - [2024-07-11T17:59:25.063+0000] {dag.py:3954} INFO - Setting next_dagrun for conditional_dataset_and_time_based_timetable to 2024-07-10 01:00:00+00:00, run_after=2024-07-10 01:00:00+00:00
[2024-07-11T17:59:25.068+0000] {logging_mixin.py:188} INFO - [2024-07-11T17:59:25.068+0000] {dag.py:3954} INFO - Setting next_dagrun for consume_1_and_2_with_dataset_expressions to None, run_after=None
[2024-07-11T17:59:25.070+0000] {logging_mixin.py:188} INFO - [2024-07-11T17:59:25.070+0000] {dag.py:3954} INFO - Setting next_dagrun for consume_1_or_2_with_dataset_expressions to None, run_after=None
[2024-07-11T17:59:25.071+0000] {logging_mixin.py:188} INFO - [2024-07-11T17:59:25.071+0000] {dag.py:3954} INFO - Setting next_dagrun for consume_1_or_both_2_and_3_with_dataset_expressions to None, run_after=None
[2024-07-11T17:59:25.073+0000] {logging_mixin.py:188} INFO - [2024-07-11T17:59:25.073+0000] {dag.py:3954} INFO - Setting next_dagrun for dataset_consumes_1 to None, run_after=None
[2024-07-11T17:59:25.075+0000] {logging_mixin.py:188} INFO - [2024-07-11T17:59:25.075+0000] {dag.py:3954} INFO - Setting next_dagrun for dataset_consumes_1_and_2 to None, run_after=None
[2024-07-11T17:59:25.077+0000] {logging_mixin.py:188} INFO - [2024-07-11T17:59:25.077+0000] {dag.py:3954} INFO - Setting next_dagrun for dataset_consumes_1_never_scheduled to None, run_after=None
[2024-07-11T17:59:25.079+0000] {logging_mixin.py:188} INFO - [2024-07-11T17:59:25.079+0000] {dag.py:3954} INFO - Setting next_dagrun for dataset_consumes_unknown_never_scheduled to None, run_after=None
[2024-07-11T17:59:25.082+0000] {logging_mixin.py:188} INFO - [2024-07-11T17:59:25.082+0000] {dag.py:3954} INFO - Setting next_dagrun for dataset_produces_1 to 2024-07-10 00:00:00+00:00, run_after=2024-07-11 00:00:00+00:00
[2024-07-11T17:59:25.084+0000] {logging_mixin.py:188} INFO - [2024-07-11T17:59:25.084+0000] {dag.py:3954} INFO - Setting next_dagrun for dataset_produces_2 to None, run_after=None
[2024-07-11T17:59:25.137+0000] {processor.py:183} INFO - Processing /home/airflow/.local/lib/python3.12/site-packages/airflow/example_dags/example_datasets.py took 0.179 seconds
[2024-07-11T17:59:55.511+0000] {processor.py:161} INFO - Started process (PID=324) to work on /home/airflow/.local/lib/python3.12/site-packages/airflow/example_dags/example_datasets.py
[2024-07-11T17:59:55.513+0000] {processor.py:830} INFO - Processing file /home/airflow/.local/lib/python3.12/site-packages/airflow/example_dags/example_datasets.py for tasks to queue
[2024-07-11T17:59:55.516+0000] {logging_mixin.py:188} INFO - [2024-07-11T17:59:55.515+0000] {dagbag.py:545} INFO - Filling up the DagBag from /home/airflow/.local/lib/python3.12/site-packages/airflow/example_dags/example_datasets.py
[2024-07-11T17:59:55.534+0000] {processor.py:840} INFO - DAG(s) 'dataset_consumes_unknown_never_scheduled', 'dataset_produces_2', 'consume_1_or_both_2_and_3_with_dataset_expressions', 'conditional_dataset_and_time_based_timetable', 'dataset_consumes_1_never_scheduled', 'consume_1_and_2_with_dataset_expressions', 'consume_1_or_2_with_dataset_expressions', 'dataset_consumes_1_and_2', 'dataset_consumes_1', 'dataset_produces_1' retrieved from /home/airflow/.local/lib/python3.12/site-packages/airflow/example_dags/example_datasets.py
[2024-07-11T17:59:55.594+0000] {logging_mixin.py:188} INFO - [2024-07-11T17:59:55.594+0000] {dag.py:3096} INFO - Sync 10 DAGs
[2024-07-11T17:59:55.626+0000] {logging_mixin.py:188} INFO - [2024-07-11T17:59:55.626+0000] {dag.py:3954} INFO - Setting next_dagrun for conditional_dataset_and_time_based_timetable to 2024-07-10 01:00:00+00:00, run_after=2024-07-10 01:00:00+00:00
[2024-07-11T17:59:55.633+0000] {logging_mixin.py:188} INFO - [2024-07-11T17:59:55.632+0000] {dag.py:3954} INFO - Setting next_dagrun for consume_1_and_2_with_dataset_expressions to None, run_after=None
[2024-07-11T17:59:55.635+0000] {logging_mixin.py:188} INFO - [2024-07-11T17:59:55.634+0000] {dag.py:3954} INFO - Setting next_dagrun for consume_1_or_2_with_dataset_expressions to None, run_after=None
[2024-07-11T17:59:55.637+0000] {logging_mixin.py:188} INFO - [2024-07-11T17:59:55.637+0000] {dag.py:3954} INFO - Setting next_dagrun for consume_1_or_both_2_and_3_with_dataset_expressions to None, run_after=None
[2024-07-11T17:59:55.639+0000] {logging_mixin.py:188} INFO - [2024-07-11T17:59:55.639+0000] {dag.py:3954} INFO - Setting next_dagrun for dataset_consumes_1 to None, run_after=None
[2024-07-11T17:59:55.641+0000] {logging_mixin.py:188} INFO - [2024-07-11T17:59:55.641+0000] {dag.py:3954} INFO - Setting next_dagrun for dataset_consumes_1_and_2 to None, run_after=None
[2024-07-11T17:59:55.643+0000] {logging_mixin.py:188} INFO - [2024-07-11T17:59:55.643+0000] {dag.py:3954} INFO - Setting next_dagrun for dataset_consumes_1_never_scheduled to None, run_after=None
[2024-07-11T17:59:55.646+0000] {logging_mixin.py:188} INFO - [2024-07-11T17:59:55.646+0000] {dag.py:3954} INFO - Setting next_dagrun for dataset_consumes_unknown_never_scheduled to None, run_after=None
[2024-07-11T17:59:55.650+0000] {logging_mixin.py:188} INFO - [2024-07-11T17:59:55.649+0000] {dag.py:3954} INFO - Setting next_dagrun for dataset_produces_1 to 2024-07-10 00:00:00+00:00, run_after=2024-07-11 00:00:00+00:00
[2024-07-11T17:59:55.652+0000] {logging_mixin.py:188} INFO - [2024-07-11T17:59:55.652+0000] {dag.py:3954} INFO - Setting next_dagrun for dataset_produces_2 to None, run_after=None
[2024-07-11T17:59:55.695+0000] {processor.py:183} INFO - Processing /home/airflow/.local/lib/python3.12/site-packages/airflow/example_dags/example_datasets.py took 0.192 seconds
[2024-07-11T18:00:26.546+0000] {processor.py:161} INFO - Started process (PID=382) to work on /home/airflow/.local/lib/python3.12/site-packages/airflow/example_dags/example_datasets.py
[2024-07-11T18:00:26.547+0000] {processor.py:830} INFO - Processing file /home/airflow/.local/lib/python3.12/site-packages/airflow/example_dags/example_datasets.py for tasks to queue
[2024-07-11T18:00:26.551+0000] {logging_mixin.py:188} INFO - [2024-07-11T18:00:26.550+0000] {dagbag.py:545} INFO - Filling up the DagBag from /home/airflow/.local/lib/python3.12/site-packages/airflow/example_dags/example_datasets.py
[2024-07-11T18:00:26.577+0000] {processor.py:840} INFO - DAG(s) 'conditional_dataset_and_time_based_timetable', 'dataset_consumes_1_never_scheduled', 'dataset_produces_2', 'dataset_consumes_1_and_2', 'consume_1_or_2_with_dataset_expressions', 'consume_1_and_2_with_dataset_expressions', 'dataset_consumes_unknown_never_scheduled', 'consume_1_or_both_2_and_3_with_dataset_expressions', 'dataset_consumes_1', 'dataset_produces_1' retrieved from /home/airflow/.local/lib/python3.12/site-packages/airflow/example_dags/example_datasets.py
[2024-07-11T18:00:26.686+0000] {logging_mixin.py:188} INFO - [2024-07-11T18:00:26.685+0000] {dag.py:3096} INFO - Sync 10 DAGs
[2024-07-11T18:00:26.739+0000] {logging_mixin.py:188} INFO - [2024-07-11T18:00:26.739+0000] {dag.py:3954} INFO - Setting next_dagrun for conditional_dataset_and_time_based_timetable to 2024-07-10 01:00:00+00:00, run_after=2024-07-10 01:00:00+00:00
[2024-07-11T18:00:26.753+0000] {logging_mixin.py:188} INFO - [2024-07-11T18:00:26.753+0000] {dag.py:3954} INFO - Setting next_dagrun for consume_1_and_2_with_dataset_expressions to None, run_after=None
[2024-07-11T18:00:26.756+0000] {logging_mixin.py:188} INFO - [2024-07-11T18:00:26.756+0000] {dag.py:3954} INFO - Setting next_dagrun for consume_1_or_2_with_dataset_expressions to None, run_after=None
[2024-07-11T18:00:26.759+0000] {logging_mixin.py:188} INFO - [2024-07-11T18:00:26.759+0000] {dag.py:3954} INFO - Setting next_dagrun for consume_1_or_both_2_and_3_with_dataset_expressions to None, run_after=None
[2024-07-11T18:00:26.762+0000] {logging_mixin.py:188} INFO - [2024-07-11T18:00:26.762+0000] {dag.py:3954} INFO - Setting next_dagrun for dataset_consumes_1 to None, run_after=None
[2024-07-11T18:00:26.765+0000] {logging_mixin.py:188} INFO - [2024-07-11T18:00:26.765+0000] {dag.py:3954} INFO - Setting next_dagrun for dataset_consumes_1_and_2 to None, run_after=None
[2024-07-11T18:00:26.776+0000] {logging_mixin.py:188} INFO - [2024-07-11T18:00:26.775+0000] {dag.py:3954} INFO - Setting next_dagrun for dataset_consumes_1_never_scheduled to None, run_after=None
[2024-07-11T18:00:26.791+0000] {logging_mixin.py:188} INFO - [2024-07-11T18:00:26.790+0000] {dag.py:3954} INFO - Setting next_dagrun for dataset_consumes_unknown_never_scheduled to None, run_after=None
[2024-07-11T18:00:26.797+0000] {logging_mixin.py:188} INFO - [2024-07-11T18:00:26.797+0000] {dag.py:3954} INFO - Setting next_dagrun for dataset_produces_1 to 2024-07-10 00:00:00+00:00, run_after=2024-07-11 00:00:00+00:00
[2024-07-11T18:00:26.810+0000] {logging_mixin.py:188} INFO - [2024-07-11T18:00:26.809+0000] {dag.py:3954} INFO - Setting next_dagrun for dataset_produces_2 to None, run_after=None
[2024-07-11T18:00:26.905+0000] {processor.py:183} INFO - Processing /home/airflow/.local/lib/python3.12/site-packages/airflow/example_dags/example_datasets.py took 0.370 seconds
[2024-07-11T18:00:57.414+0000] {processor.py:161} INFO - Started process (PID=440) to work on /home/airflow/.local/lib/python3.12/site-packages/airflow/example_dags/example_datasets.py
[2024-07-11T18:00:57.416+0000] {processor.py:830} INFO - Processing file /home/airflow/.local/lib/python3.12/site-packages/airflow/example_dags/example_datasets.py for tasks to queue
[2024-07-11T18:00:57.420+0000] {logging_mixin.py:188} INFO - [2024-07-11T18:00:57.419+0000] {dagbag.py:545} INFO - Filling up the DagBag from /home/airflow/.local/lib/python3.12/site-packages/airflow/example_dags/example_datasets.py
[2024-07-11T18:00:57.450+0000] {processor.py:840} INFO - DAG(s) 'dataset_produces_1', 'dataset_consumes_1_and_2', 'consume_1_and_2_with_dataset_expressions', 'dataset_consumes_1_never_scheduled', 'dataset_consumes_unknown_never_scheduled', 'dataset_consumes_1', 'consume_1_or_2_with_dataset_expressions', 'consume_1_or_both_2_and_3_with_dataset_expressions', 'dataset_produces_2', 'conditional_dataset_and_time_based_timetable' retrieved from /home/airflow/.local/lib/python3.12/site-packages/airflow/example_dags/example_datasets.py
[2024-07-11T18:00:57.557+0000] {logging_mixin.py:188} INFO - [2024-07-11T18:00:57.557+0000] {dag.py:3096} INFO - Sync 10 DAGs
[2024-07-11T18:00:57.609+0000] {logging_mixin.py:188} INFO - [2024-07-11T18:00:57.609+0000] {dag.py:3954} INFO - Setting next_dagrun for conditional_dataset_and_time_based_timetable to 2024-07-10 01:00:00+00:00, run_after=2024-07-10 01:00:00+00:00
[2024-07-11T18:00:57.618+0000] {logging_mixin.py:188} INFO - [2024-07-11T18:00:57.618+0000] {dag.py:3954} INFO - Setting next_dagrun for consume_1_and_2_with_dataset_expressions to None, run_after=None
[2024-07-11T18:00:57.621+0000] {logging_mixin.py:188} INFO - [2024-07-11T18:00:57.621+0000] {dag.py:3954} INFO - Setting next_dagrun for consume_1_or_2_with_dataset_expressions to None, run_after=None
[2024-07-11T18:00:57.625+0000] {logging_mixin.py:188} INFO - [2024-07-11T18:00:57.624+0000] {dag.py:3954} INFO - Setting next_dagrun for consume_1_or_both_2_and_3_with_dataset_expressions to None, run_after=None
[2024-07-11T18:00:57.629+0000] {logging_mixin.py:188} INFO - [2024-07-11T18:00:57.628+0000] {dag.py:3954} INFO - Setting next_dagrun for dataset_consumes_1 to None, run_after=None
[2024-07-11T18:00:57.633+0000] {logging_mixin.py:188} INFO - [2024-07-11T18:00:57.632+0000] {dag.py:3954} INFO - Setting next_dagrun for dataset_consumes_1_and_2 to None, run_after=None
[2024-07-11T18:00:57.636+0000] {logging_mixin.py:188} INFO - [2024-07-11T18:00:57.636+0000] {dag.py:3954} INFO - Setting next_dagrun for dataset_consumes_1_never_scheduled to None, run_after=None
[2024-07-11T18:00:57.639+0000] {logging_mixin.py:188} INFO - [2024-07-11T18:00:57.638+0000] {dag.py:3954} INFO - Setting next_dagrun for dataset_consumes_unknown_never_scheduled to None, run_after=None
[2024-07-11T18:00:57.645+0000] {logging_mixin.py:188} INFO - [2024-07-11T18:00:57.644+0000] {dag.py:3954} INFO - Setting next_dagrun for dataset_produces_1 to 2024-07-10 00:00:00+00:00, run_after=2024-07-11 00:00:00+00:00
[2024-07-11T18:00:57.648+0000] {logging_mixin.py:188} INFO - [2024-07-11T18:00:57.648+0000] {dag.py:3954} INFO - Setting next_dagrun for dataset_produces_2 to None, run_after=None
[2024-07-11T18:00:57.718+0000] {processor.py:183} INFO - Processing /home/airflow/.local/lib/python3.12/site-packages/airflow/example_dags/example_datasets.py took 0.317 seconds
[2024-07-11T18:01:27.762+0000] {processor.py:161} INFO - Started process (PID=498) to work on /home/airflow/.local/lib/python3.12/site-packages/airflow/example_dags/example_datasets.py
[2024-07-11T18:01:27.763+0000] {processor.py:830} INFO - Processing file /home/airflow/.local/lib/python3.12/site-packages/airflow/example_dags/example_datasets.py for tasks to queue
[2024-07-11T18:01:27.765+0000] {logging_mixin.py:188} INFO - [2024-07-11T18:01:27.765+0000] {dagbag.py:545} INFO - Filling up the DagBag from /home/airflow/.local/lib/python3.12/site-packages/airflow/example_dags/example_datasets.py
[2024-07-11T18:01:27.783+0000] {processor.py:840} INFO - DAG(s) 'dataset_consumes_1_and_2', 'dataset_consumes_unknown_never_scheduled', 'dataset_produces_1', 'consume_1_or_2_with_dataset_expressions', 'dataset_consumes_1', 'consume_1_and_2_with_dataset_expressions', 'conditional_dataset_and_time_based_timetable', 'consume_1_or_both_2_and_3_with_dataset_expressions', 'dataset_consumes_1_never_scheduled', 'dataset_produces_2' retrieved from /home/airflow/.local/lib/python3.12/site-packages/airflow/example_dags/example_datasets.py
[2024-07-11T18:01:27.852+0000] {logging_mixin.py:188} INFO - [2024-07-11T18:01:27.852+0000] {dag.py:3096} INFO - Sync 10 DAGs
[2024-07-11T18:01:27.888+0000] {logging_mixin.py:188} INFO - [2024-07-11T18:01:27.888+0000] {dag.py:3954} INFO - Setting next_dagrun for conditional_dataset_and_time_based_timetable to 2024-07-10 01:00:00+00:00, run_after=2024-07-10 01:00:00+00:00
[2024-07-11T18:01:27.894+0000] {logging_mixin.py:188} INFO - [2024-07-11T18:01:27.893+0000] {dag.py:3954} INFO - Setting next_dagrun for consume_1_and_2_with_dataset_expressions to None, run_after=None
[2024-07-11T18:01:27.896+0000] {logging_mixin.py:188} INFO - [2024-07-11T18:01:27.895+0000] {dag.py:3954} INFO - Setting next_dagrun for consume_1_or_2_with_dataset_expressions to None, run_after=None
[2024-07-11T18:01:27.898+0000] {logging_mixin.py:188} INFO - [2024-07-11T18:01:27.897+0000] {dag.py:3954} INFO - Setting next_dagrun for consume_1_or_both_2_and_3_with_dataset_expressions to None, run_after=None
[2024-07-11T18:01:27.899+0000] {logging_mixin.py:188} INFO - [2024-07-11T18:01:27.899+0000] {dag.py:3954} INFO - Setting next_dagrun for dataset_consumes_1 to None, run_after=None
[2024-07-11T18:01:27.901+0000] {logging_mixin.py:188} INFO - [2024-07-11T18:01:27.901+0000] {dag.py:3954} INFO - Setting next_dagrun for dataset_consumes_1_and_2 to None, run_after=None
[2024-07-11T18:01:27.903+0000] {logging_mixin.py:188} INFO - [2024-07-11T18:01:27.903+0000] {dag.py:3954} INFO - Setting next_dagrun for dataset_consumes_1_never_scheduled to None, run_after=None
[2024-07-11T18:01:27.905+0000] {logging_mixin.py:188} INFO - [2024-07-11T18:01:27.905+0000] {dag.py:3954} INFO - Setting next_dagrun for dataset_consumes_unknown_never_scheduled to None, run_after=None
[2024-07-11T18:01:27.909+0000] {logging_mixin.py:188} INFO - [2024-07-11T18:01:27.909+0000] {dag.py:3954} INFO - Setting next_dagrun for dataset_produces_1 to 2024-07-10 00:00:00+00:00, run_after=2024-07-11 00:00:00+00:00
[2024-07-11T18:01:27.911+0000] {logging_mixin.py:188} INFO - [2024-07-11T18:01:27.911+0000] {dag.py:3954} INFO - Setting next_dagrun for dataset_produces_2 to None, run_after=None
[2024-07-11T18:01:27.965+0000] {processor.py:183} INFO - Processing /home/airflow/.local/lib/python3.12/site-packages/airflow/example_dags/example_datasets.py took 0.210 seconds
[2024-07-11T18:01:58.620+0000] {processor.py:161} INFO - Started process (PID=556) to work on /home/airflow/.local/lib/python3.12/site-packages/airflow/example_dags/example_datasets.py
[2024-07-11T18:01:58.621+0000] {processor.py:830} INFO - Processing file /home/airflow/.local/lib/python3.12/site-packages/airflow/example_dags/example_datasets.py for tasks to queue
[2024-07-11T18:01:58.623+0000] {logging_mixin.py:188} INFO - [2024-07-11T18:01:58.623+0000] {dagbag.py:545} INFO - Filling up the DagBag from /home/airflow/.local/lib/python3.12/site-packages/airflow/example_dags/example_datasets.py
[2024-07-11T18:01:58.638+0000] {processor.py:840} INFO - DAG(s) 'consume_1_or_both_2_and_3_with_dataset_expressions', 'consume_1_or_2_with_dataset_expressions', 'consume_1_and_2_with_dataset_expressions', 'dataset_consumes_1', 'dataset_consumes_1_never_scheduled', 'dataset_consumes_1_and_2', 'conditional_dataset_and_time_based_timetable', 'dataset_consumes_unknown_never_scheduled', 'dataset_produces_1', 'dataset_produces_2' retrieved from /home/airflow/.local/lib/python3.12/site-packages/airflow/example_dags/example_datasets.py
[2024-07-11T18:01:58.694+0000] {logging_mixin.py:188} INFO - [2024-07-11T18:01:58.694+0000] {dag.py:3096} INFO - Sync 10 DAGs
[2024-07-11T18:01:58.724+0000] {logging_mixin.py:188} INFO - [2024-07-11T18:01:58.724+0000] {dag.py:3954} INFO - Setting next_dagrun for conditional_dataset_and_time_based_timetable to 2024-07-10 01:00:00+00:00, run_after=2024-07-10 01:00:00+00:00
[2024-07-11T18:01:58.729+0000] {logging_mixin.py:188} INFO - [2024-07-11T18:01:58.729+0000] {dag.py:3954} INFO - Setting next_dagrun for consume_1_and_2_with_dataset_expressions to None, run_after=None
[2024-07-11T18:01:58.731+0000] {logging_mixin.py:188} INFO - [2024-07-11T18:01:58.731+0000] {dag.py:3954} INFO - Setting next_dagrun for consume_1_or_2_with_dataset_expressions to None, run_after=None
[2024-07-11T18:01:58.733+0000] {logging_mixin.py:188} INFO - [2024-07-11T18:01:58.733+0000] {dag.py:3954} INFO - Setting next_dagrun for consume_1_or_both_2_and_3_with_dataset_expressions to None, run_after=None
[2024-07-11T18:01:58.735+0000] {logging_mixin.py:188} INFO - [2024-07-11T18:01:58.734+0000] {dag.py:3954} INFO - Setting next_dagrun for dataset_consumes_1 to None, run_after=None
[2024-07-11T18:01:58.737+0000] {logging_mixin.py:188} INFO - [2024-07-11T18:01:58.736+0000] {dag.py:3954} INFO - Setting next_dagrun for dataset_consumes_1_and_2 to None, run_after=None
[2024-07-11T18:01:58.739+0000] {logging_mixin.py:188} INFO - [2024-07-11T18:01:58.738+0000] {dag.py:3954} INFO - Setting next_dagrun for dataset_consumes_1_never_scheduled to None, run_after=None
[2024-07-11T18:01:58.740+0000] {logging_mixin.py:188} INFO - [2024-07-11T18:01:58.740+0000] {dag.py:3954} INFO - Setting next_dagrun for dataset_consumes_unknown_never_scheduled to None, run_after=None
[2024-07-11T18:01:58.745+0000] {logging_mixin.py:188} INFO - [2024-07-11T18:01:58.744+0000] {dag.py:3954} INFO - Setting next_dagrun for dataset_produces_1 to 2024-07-10 00:00:00+00:00, run_after=2024-07-11 00:00:00+00:00
[2024-07-11T18:01:58.747+0000] {logging_mixin.py:188} INFO - [2024-07-11T18:01:58.747+0000] {dag.py:3954} INFO - Setting next_dagrun for dataset_produces_2 to None, run_after=None
[2024-07-11T18:01:58.793+0000] {processor.py:183} INFO - Processing /home/airflow/.local/lib/python3.12/site-packages/airflow/example_dags/example_datasets.py took 0.182 seconds
[2024-07-11T18:02:29.295+0000] {processor.py:161} INFO - Started process (PID=614) to work on /home/airflow/.local/lib/python3.12/site-packages/airflow/example_dags/example_datasets.py
[2024-07-11T18:02:29.297+0000] {processor.py:830} INFO - Processing file /home/airflow/.local/lib/python3.12/site-packages/airflow/example_dags/example_datasets.py for tasks to queue
[2024-07-11T18:02:29.300+0000] {logging_mixin.py:188} INFO - [2024-07-11T18:02:29.299+0000] {dagbag.py:545} INFO - Filling up the DagBag from /home/airflow/.local/lib/python3.12/site-packages/airflow/example_dags/example_datasets.py
[2024-07-11T18:02:29.319+0000] {processor.py:840} INFO - DAG(s) 'dataset_produces_2', 'dataset_produces_1', 'dataset_consumes_1_never_scheduled', 'dataset_consumes_1_and_2', 'dataset_consumes_unknown_never_scheduled', 'dataset_consumes_1', 'consume_1_and_2_with_dataset_expressions', 'consume_1_or_2_with_dataset_expressions', 'consume_1_or_both_2_and_3_with_dataset_expressions', 'conditional_dataset_and_time_based_timetable' retrieved from /home/airflow/.local/lib/python3.12/site-packages/airflow/example_dags/example_datasets.py
[2024-07-11T18:02:29.379+0000] {logging_mixin.py:188} INFO - [2024-07-11T18:02:29.379+0000] {dag.py:3096} INFO - Sync 10 DAGs
[2024-07-11T18:02:29.412+0000] {logging_mixin.py:188} INFO - [2024-07-11T18:02:29.411+0000] {dag.py:3954} INFO - Setting next_dagrun for conditional_dataset_and_time_based_timetable to 2024-07-10 01:00:00+00:00, run_after=2024-07-10 01:00:00+00:00
[2024-07-11T18:02:29.417+0000] {logging_mixin.py:188} INFO - [2024-07-11T18:02:29.417+0000] {dag.py:3954} INFO - Setting next_dagrun for consume_1_and_2_with_dataset_expressions to None, run_after=None
[2024-07-11T18:02:29.419+0000] {logging_mixin.py:188} INFO - [2024-07-11T18:02:29.419+0000] {dag.py:3954} INFO - Setting next_dagrun for consume_1_or_2_with_dataset_expressions to None, run_after=None
[2024-07-11T18:02:29.421+0000] {logging_mixin.py:188} INFO - [2024-07-11T18:02:29.421+0000] {dag.py:3954} INFO - Setting next_dagrun for consume_1_or_both_2_and_3_with_dataset_expressions to None, run_after=None
[2024-07-11T18:02:29.425+0000] {logging_mixin.py:188} INFO - [2024-07-11T18:02:29.424+0000] {dag.py:3954} INFO - Setting next_dagrun for dataset_consumes_1 to None, run_after=None
[2024-07-11T18:02:29.427+0000] {logging_mixin.py:188} INFO - [2024-07-11T18:02:29.427+0000] {dag.py:3954} INFO - Setting next_dagrun for dataset_consumes_1_and_2 to None, run_after=None
[2024-07-11T18:02:29.430+0000] {logging_mixin.py:188} INFO - [2024-07-11T18:02:29.429+0000] {dag.py:3954} INFO - Setting next_dagrun for dataset_consumes_1_never_scheduled to None, run_after=None
[2024-07-11T18:02:29.432+0000] {logging_mixin.py:188} INFO - [2024-07-11T18:02:29.432+0000] {dag.py:3954} INFO - Setting next_dagrun for dataset_consumes_unknown_never_scheduled to None, run_after=None
[2024-07-11T18:02:29.436+0000] {logging_mixin.py:188} INFO - [2024-07-11T18:02:29.436+0000] {dag.py:3954} INFO - Setting next_dagrun for dataset_produces_1 to 2024-07-10 00:00:00+00:00, run_after=2024-07-11 00:00:00+00:00
[2024-07-11T18:02:29.438+0000] {logging_mixin.py:188} INFO - [2024-07-11T18:02:29.438+0000] {dag.py:3954} INFO - Setting next_dagrun for dataset_produces_2 to None, run_after=None
[2024-07-11T18:02:29.489+0000] {processor.py:183} INFO - Processing /home/airflow/.local/lib/python3.12/site-packages/airflow/example_dags/example_datasets.py took 0.201 seconds
[2024-07-11T18:02:59.627+0000] {processor.py:161} INFO - Started process (PID=673) to work on /home/airflow/.local/lib/python3.12/site-packages/airflow/example_dags/example_datasets.py
[2024-07-11T18:02:59.628+0000] {processor.py:830} INFO - Processing file /home/airflow/.local/lib/python3.12/site-packages/airflow/example_dags/example_datasets.py for tasks to queue
[2024-07-11T18:02:59.631+0000] {logging_mixin.py:188} INFO - [2024-07-11T18:02:59.630+0000] {dagbag.py:545} INFO - Filling up the DagBag from /home/airflow/.local/lib/python3.12/site-packages/airflow/example_dags/example_datasets.py
[2024-07-11T18:02:59.650+0000] {processor.py:840} INFO - DAG(s) 'dataset_consumes_1', 'dataset_consumes_1_never_scheduled', 'consume_1_or_2_with_dataset_expressions', 'consume_1_and_2_with_dataset_expressions', 'conditional_dataset_and_time_based_timetable', 'consume_1_or_both_2_and_3_with_dataset_expressions', 'dataset_consumes_1_and_2', 'dataset_produces_1', 'dataset_consumes_unknown_never_scheduled', 'dataset_produces_2' retrieved from /home/airflow/.local/lib/python3.12/site-packages/airflow/example_dags/example_datasets.py
[2024-07-11T18:02:59.715+0000] {logging_mixin.py:188} INFO - [2024-07-11T18:02:59.714+0000] {dag.py:3096} INFO - Sync 10 DAGs
[2024-07-11T18:02:59.746+0000] {logging_mixin.py:188} INFO - [2024-07-11T18:02:59.746+0000] {dag.py:3954} INFO - Setting next_dagrun for conditional_dataset_and_time_based_timetable to 2024-07-10 01:00:00+00:00, run_after=2024-07-10 01:00:00+00:00
[2024-07-11T18:02:59.753+0000] {logging_mixin.py:188} INFO - [2024-07-11T18:02:59.753+0000] {dag.py:3954} INFO - Setting next_dagrun for consume_1_and_2_with_dataset_expressions to None, run_after=None
[2024-07-11T18:02:59.756+0000] {logging_mixin.py:188} INFO - [2024-07-11T18:02:59.755+0000] {dag.py:3954} INFO - Setting next_dagrun for consume_1_or_2_with_dataset_expressions to None, run_after=None
[2024-07-11T18:02:59.758+0000] {logging_mixin.py:188} INFO - [2024-07-11T18:02:59.758+0000] {dag.py:3954} INFO - Setting next_dagrun for consume_1_or_both_2_and_3_with_dataset_expressions to None, run_after=None
[2024-07-11T18:02:59.760+0000] {logging_mixin.py:188} INFO - [2024-07-11T18:02:59.760+0000] {dag.py:3954} INFO - Setting next_dagrun for dataset_consumes_1 to None, run_after=None
[2024-07-11T18:02:59.763+0000] {logging_mixin.py:188} INFO - [2024-07-11T18:02:59.762+0000] {dag.py:3954} INFO - Setting next_dagrun for dataset_consumes_1_and_2 to None, run_after=None
[2024-07-11T18:02:59.765+0000] {logging_mixin.py:188} INFO - [2024-07-11T18:02:59.765+0000] {dag.py:3954} INFO - Setting next_dagrun for dataset_consumes_1_never_scheduled to None, run_after=None
[2024-07-11T18:02:59.768+0000] {logging_mixin.py:188} INFO - [2024-07-11T18:02:59.768+0000] {dag.py:3954} INFO - Setting next_dagrun for dataset_consumes_unknown_never_scheduled to None, run_after=None
[2024-07-11T18:02:59.772+0000] {logging_mixin.py:188} INFO - [2024-07-11T18:02:59.771+0000] {dag.py:3954} INFO - Setting next_dagrun for dataset_produces_1 to 2024-07-10 00:00:00+00:00, run_after=2024-07-11 00:00:00+00:00
[2024-07-11T18:02:59.774+0000] {logging_mixin.py:188} INFO - [2024-07-11T18:02:59.773+0000] {dag.py:3954} INFO - Setting next_dagrun for dataset_produces_2 to None, run_after=None
[2024-07-11T18:02:59.819+0000] {processor.py:183} INFO - Processing /home/airflow/.local/lib/python3.12/site-packages/airflow/example_dags/example_datasets.py took 0.198 seconds
[2024-07-11T18:03:29.978+0000] {processor.py:161} INFO - Started process (PID=732) to work on /home/airflow/.local/lib/python3.12/site-packages/airflow/example_dags/example_datasets.py
[2024-07-11T18:03:29.979+0000] {processor.py:830} INFO - Processing file /home/airflow/.local/lib/python3.12/site-packages/airflow/example_dags/example_datasets.py for tasks to queue
[2024-07-11T18:03:29.981+0000] {logging_mixin.py:188} INFO - [2024-07-11T18:03:29.981+0000] {dagbag.py:545} INFO - Filling up the DagBag from /home/airflow/.local/lib/python3.12/site-packages/airflow/example_dags/example_datasets.py
[2024-07-11T18:03:29.999+0000] {processor.py:840} INFO - DAG(s) 'dataset_consumes_1', 'conditional_dataset_and_time_based_timetable', 'consume_1_or_2_with_dataset_expressions', 'dataset_consumes_unknown_never_scheduled', 'consume_1_or_both_2_and_3_with_dataset_expressions', 'dataset_produces_2', 'dataset_consumes_1_never_scheduled', 'consume_1_and_2_with_dataset_expressions', 'dataset_produces_1', 'dataset_consumes_1_and_2' retrieved from /home/airflow/.local/lib/python3.12/site-packages/airflow/example_dags/example_datasets.py
[2024-07-11T18:03:30.060+0000] {logging_mixin.py:188} INFO - [2024-07-11T18:03:30.059+0000] {dag.py:3096} INFO - Sync 10 DAGs
[2024-07-11T18:03:30.091+0000] {logging_mixin.py:188} INFO - [2024-07-11T18:03:30.091+0000] {dag.py:3954} INFO - Setting next_dagrun for conditional_dataset_and_time_based_timetable to 2024-07-10 01:00:00+00:00, run_after=2024-07-10 01:00:00+00:00
[2024-07-11T18:03:30.096+0000] {logging_mixin.py:188} INFO - [2024-07-11T18:03:30.096+0000] {dag.py:3954} INFO - Setting next_dagrun for consume_1_and_2_with_dataset_expressions to None, run_after=None
[2024-07-11T18:03:30.098+0000] {logging_mixin.py:188} INFO - [2024-07-11T18:03:30.097+0000] {dag.py:3954} INFO - Setting next_dagrun for consume_1_or_2_with_dataset_expressions to None, run_after=None
[2024-07-11T18:03:30.100+0000] {logging_mixin.py:188} INFO - [2024-07-11T18:03:30.099+0000] {dag.py:3954} INFO - Setting next_dagrun for consume_1_or_both_2_and_3_with_dataset_expressions to None, run_after=None
[2024-07-11T18:03:30.101+0000] {logging_mixin.py:188} INFO - [2024-07-11T18:03:30.101+0000] {dag.py:3954} INFO - Setting next_dagrun for dataset_consumes_1 to None, run_after=None
[2024-07-11T18:03:30.104+0000] {logging_mixin.py:188} INFO - [2024-07-11T18:03:30.103+0000] {dag.py:3954} INFO - Setting next_dagrun for dataset_consumes_1_and_2 to None, run_after=None
[2024-07-11T18:03:30.105+0000] {logging_mixin.py:188} INFO - [2024-07-11T18:03:30.105+0000] {dag.py:3954} INFO - Setting next_dagrun for dataset_consumes_1_never_scheduled to None, run_after=None
[2024-07-11T18:03:30.107+0000] {logging_mixin.py:188} INFO - [2024-07-11T18:03:30.107+0000] {dag.py:3954} INFO - Setting next_dagrun for dataset_consumes_unknown_never_scheduled to None, run_after=None
[2024-07-11T18:03:30.110+0000] {logging_mixin.py:188} INFO - [2024-07-11T18:03:30.110+0000] {dag.py:3954} INFO - Setting next_dagrun for dataset_produces_1 to 2024-07-10 00:00:00+00:00, run_after=2024-07-11 00:00:00+00:00
[2024-07-11T18:03:30.112+0000] {logging_mixin.py:188} INFO - [2024-07-11T18:03:30.112+0000] {dag.py:3954} INFO - Setting next_dagrun for dataset_produces_2 to None, run_after=None
[2024-07-11T18:03:30.163+0000] {processor.py:183} INFO - Processing /home/airflow/.local/lib/python3.12/site-packages/airflow/example_dags/example_datasets.py took 0.193 seconds
[2024-07-11T18:04:00.305+0000] {processor.py:161} INFO - Started process (PID=788) to work on /home/airflow/.local/lib/python3.12/site-packages/airflow/example_dags/example_datasets.py
[2024-07-11T18:04:00.306+0000] {processor.py:830} INFO - Processing file /home/airflow/.local/lib/python3.12/site-packages/airflow/example_dags/example_datasets.py for tasks to queue
[2024-07-11T18:04:00.309+0000] {logging_mixin.py:188} INFO - [2024-07-11T18:04:00.308+0000] {dagbag.py:545} INFO - Filling up the DagBag from /home/airflow/.local/lib/python3.12/site-packages/airflow/example_dags/example_datasets.py
[2024-07-11T18:04:00.327+0000] {processor.py:840} INFO - DAG(s) 'dataset_produces_2', 'consume_1_or_both_2_and_3_with_dataset_expressions', 'consume_1_and_2_with_dataset_expressions', 'dataset_consumes_1', 'dataset_consumes_1_never_scheduled', 'dataset_consumes_unknown_never_scheduled', 'dataset_consumes_1_and_2', 'consume_1_or_2_with_dataset_expressions', 'conditional_dataset_and_time_based_timetable', 'dataset_produces_1' retrieved from /home/airflow/.local/lib/python3.12/site-packages/airflow/example_dags/example_datasets.py
[2024-07-11T18:04:00.386+0000] {logging_mixin.py:188} INFO - [2024-07-11T18:04:00.386+0000] {dag.py:3096} INFO - Sync 10 DAGs
[2024-07-11T18:04:00.416+0000] {logging_mixin.py:188} INFO - [2024-07-11T18:04:00.415+0000] {dag.py:3954} INFO - Setting next_dagrun for conditional_dataset_and_time_based_timetable to 2024-07-10 01:00:00+00:00, run_after=2024-07-10 01:00:00+00:00
[2024-07-11T18:04:00.421+0000] {logging_mixin.py:188} INFO - [2024-07-11T18:04:00.421+0000] {dag.py:3954} INFO - Setting next_dagrun for consume_1_and_2_with_dataset_expressions to None, run_after=None
[2024-07-11T18:04:00.423+0000] {logging_mixin.py:188} INFO - [2024-07-11T18:04:00.422+0000] {dag.py:3954} INFO - Setting next_dagrun for consume_1_or_2_with_dataset_expressions to None, run_after=None
[2024-07-11T18:04:00.424+0000] {logging_mixin.py:188} INFO - [2024-07-11T18:04:00.424+0000] {dag.py:3954} INFO - Setting next_dagrun for consume_1_or_both_2_and_3_with_dataset_expressions to None, run_after=None
[2024-07-11T18:04:00.426+0000] {logging_mixin.py:188} INFO - [2024-07-11T18:04:00.426+0000] {dag.py:3954} INFO - Setting next_dagrun for dataset_consumes_1 to None, run_after=None
[2024-07-11T18:04:00.428+0000] {logging_mixin.py:188} INFO - [2024-07-11T18:04:00.427+0000] {dag.py:3954} INFO - Setting next_dagrun for dataset_consumes_1_and_2 to None, run_after=None
[2024-07-11T18:04:00.430+0000] {logging_mixin.py:188} INFO - [2024-07-11T18:04:00.429+0000] {dag.py:3954} INFO - Setting next_dagrun for dataset_consumes_1_never_scheduled to None, run_after=None
[2024-07-11T18:04:00.432+0000] {logging_mixin.py:188} INFO - [2024-07-11T18:04:00.432+0000] {dag.py:3954} INFO - Setting next_dagrun for dataset_consumes_unknown_never_scheduled to None, run_after=None
[2024-07-11T18:04:00.435+0000] {logging_mixin.py:188} INFO - [2024-07-11T18:04:00.435+0000] {dag.py:3954} INFO - Setting next_dagrun for dataset_produces_1 to 2024-07-10 00:00:00+00:00, run_after=2024-07-11 00:00:00+00:00
[2024-07-11T18:04:00.437+0000] {logging_mixin.py:188} INFO - [2024-07-11T18:04:00.437+0000] {dag.py:3954} INFO - Setting next_dagrun for dataset_produces_2 to None, run_after=None
[2024-07-11T18:04:00.488+0000] {processor.py:183} INFO - Processing /home/airflow/.local/lib/python3.12/site-packages/airflow/example_dags/example_datasets.py took 0.190 seconds
[2024-07-11T18:04:30.654+0000] {processor.py:161} INFO - Started process (PID=847) to work on /home/airflow/.local/lib/python3.12/site-packages/airflow/example_dags/example_datasets.py
[2024-07-11T18:04:30.656+0000] {processor.py:830} INFO - Processing file /home/airflow/.local/lib/python3.12/site-packages/airflow/example_dags/example_datasets.py for tasks to queue
[2024-07-11T18:04:30.658+0000] {logging_mixin.py:188} INFO - [2024-07-11T18:04:30.658+0000] {dagbag.py:545} INFO - Filling up the DagBag from /home/airflow/.local/lib/python3.12/site-packages/airflow/example_dags/example_datasets.py
[2024-07-11T18:04:30.677+0000] {processor.py:840} INFO - DAG(s) 'dataset_produces_1', 'conditional_dataset_and_time_based_timetable', 'dataset_consumes_1_and_2', 'dataset_produces_2', 'dataset_consumes_1', 'consume_1_and_2_with_dataset_expressions', 'consume_1_or_both_2_and_3_with_dataset_expressions', 'dataset_consumes_unknown_never_scheduled', 'dataset_consumes_1_never_scheduled', 'consume_1_or_2_with_dataset_expressions' retrieved from /home/airflow/.local/lib/python3.12/site-packages/airflow/example_dags/example_datasets.py
[2024-07-11T18:04:30.736+0000] {logging_mixin.py:188} INFO - [2024-07-11T18:04:30.736+0000] {dag.py:3096} INFO - Sync 10 DAGs
[2024-07-11T18:04:30.769+0000] {logging_mixin.py:188} INFO - [2024-07-11T18:04:30.768+0000] {dag.py:3954} INFO - Setting next_dagrun for conditional_dataset_and_time_based_timetable to 2024-07-10 01:00:00+00:00, run_after=2024-07-10 01:00:00+00:00
[2024-07-11T18:04:30.774+0000] {logging_mixin.py:188} INFO - [2024-07-11T18:04:30.774+0000] {dag.py:3954} INFO - Setting next_dagrun for consume_1_and_2_with_dataset_expressions to None, run_after=None
[2024-07-11T18:04:30.777+0000] {logging_mixin.py:188} INFO - [2024-07-11T18:04:30.776+0000] {dag.py:3954} INFO - Setting next_dagrun for consume_1_or_2_with_dataset_expressions to None, run_after=None
[2024-07-11T18:04:30.779+0000] {logging_mixin.py:188} INFO - [2024-07-11T18:04:30.779+0000] {dag.py:3954} INFO - Setting next_dagrun for consume_1_or_both_2_and_3_with_dataset_expressions to None, run_after=None
[2024-07-11T18:04:30.781+0000] {logging_mixin.py:188} INFO - [2024-07-11T18:04:30.781+0000] {dag.py:3954} INFO - Setting next_dagrun for dataset_consumes_1 to None, run_after=None
[2024-07-11T18:04:30.784+0000] {logging_mixin.py:188} INFO - [2024-07-11T18:04:30.784+0000] {dag.py:3954} INFO - Setting next_dagrun for dataset_consumes_1_and_2 to None, run_after=None
[2024-07-11T18:04:30.786+0000] {logging_mixin.py:188} INFO - [2024-07-11T18:04:30.786+0000] {dag.py:3954} INFO - Setting next_dagrun for dataset_consumes_1_never_scheduled to None, run_after=None
[2024-07-11T18:04:30.789+0000] {logging_mixin.py:188} INFO - [2024-07-11T18:04:30.789+0000] {dag.py:3954} INFO - Setting next_dagrun for dataset_consumes_unknown_never_scheduled to None, run_after=None
[2024-07-11T18:04:30.793+0000] {logging_mixin.py:188} INFO - [2024-07-11T18:04:30.793+0000] {dag.py:3954} INFO - Setting next_dagrun for dataset_produces_1 to 2024-07-10 00:00:00+00:00, run_after=2024-07-11 00:00:00+00:00
[2024-07-11T18:04:30.795+0000] {logging_mixin.py:188} INFO - [2024-07-11T18:04:30.795+0000] {dag.py:3954} INFO - Setting next_dagrun for dataset_produces_2 to None, run_after=None
[2024-07-11T18:04:30.848+0000] {processor.py:183} INFO - Processing /home/airflow/.local/lib/python3.12/site-packages/airflow/example_dags/example_datasets.py took 0.201 seconds
[2024-07-11T18:05:00.967+0000] {processor.py:161} INFO - Started process (PID=904) to work on /home/airflow/.local/lib/python3.12/site-packages/airflow/example_dags/example_datasets.py
[2024-07-11T18:05:00.969+0000] {processor.py:830} INFO - Processing file /home/airflow/.local/lib/python3.12/site-packages/airflow/example_dags/example_datasets.py for tasks to queue
[2024-07-11T18:05:00.971+0000] {logging_mixin.py:188} INFO - [2024-07-11T18:05:00.970+0000] {dagbag.py:545} INFO - Filling up the DagBag from /home/airflow/.local/lib/python3.12/site-packages/airflow/example_dags/example_datasets.py
[2024-07-11T18:05:00.987+0000] {processor.py:840} INFO - DAG(s) 'consume_1_or_both_2_and_3_with_dataset_expressions', 'dataset_consumes_1_and_2', 'consume_1_or_2_with_dataset_expressions', 'dataset_consumes_1', 'dataset_consumes_unknown_never_scheduled', 'dataset_produces_2', 'conditional_dataset_and_time_based_timetable', 'consume_1_and_2_with_dataset_expressions', 'dataset_produces_1', 'dataset_consumes_1_never_scheduled' retrieved from /home/airflow/.local/lib/python3.12/site-packages/airflow/example_dags/example_datasets.py
[2024-07-11T18:05:01.044+0000] {logging_mixin.py:188} INFO - [2024-07-11T18:05:01.044+0000] {dag.py:3096} INFO - Sync 10 DAGs
[2024-07-11T18:05:01.079+0000] {logging_mixin.py:188} INFO - [2024-07-11T18:05:01.079+0000] {dag.py:3954} INFO - Setting next_dagrun for conditional_dataset_and_time_based_timetable to 2024-07-10 01:00:00+00:00, run_after=2024-07-10 01:00:00+00:00
[2024-07-11T18:05:01.086+0000] {logging_mixin.py:188} INFO - [2024-07-11T18:05:01.085+0000] {dag.py:3954} INFO - Setting next_dagrun for consume_1_and_2_with_dataset_expressions to None, run_after=None
[2024-07-11T18:05:01.088+0000] {logging_mixin.py:188} INFO - [2024-07-11T18:05:01.088+0000] {dag.py:3954} INFO - Setting next_dagrun for consume_1_or_2_with_dataset_expressions to None, run_after=None
[2024-07-11T18:05:01.090+0000] {logging_mixin.py:188} INFO - [2024-07-11T18:05:01.090+0000] {dag.py:3954} INFO - Setting next_dagrun for consume_1_or_both_2_and_3_with_dataset_expressions to None, run_after=None
[2024-07-11T18:05:01.093+0000] {logging_mixin.py:188} INFO - [2024-07-11T18:05:01.093+0000] {dag.py:3954} INFO - Setting next_dagrun for dataset_consumes_1 to None, run_after=None
[2024-07-11T18:05:01.096+0000] {logging_mixin.py:188} INFO - [2024-07-11T18:05:01.095+0000] {dag.py:3954} INFO - Setting next_dagrun for dataset_consumes_1_and_2 to None, run_after=None
[2024-07-11T18:05:01.098+0000] {logging_mixin.py:188} INFO - [2024-07-11T18:05:01.098+0000] {dag.py:3954} INFO - Setting next_dagrun for dataset_consumes_1_never_scheduled to None, run_after=None
[2024-07-11T18:05:01.100+0000] {logging_mixin.py:188} INFO - [2024-07-11T18:05:01.100+0000] {dag.py:3954} INFO - Setting next_dagrun for dataset_consumes_unknown_never_scheduled to None, run_after=None
[2024-07-11T18:05:01.104+0000] {logging_mixin.py:188} INFO - [2024-07-11T18:05:01.104+0000] {dag.py:3954} INFO - Setting next_dagrun for dataset_produces_1 to 2024-07-10 00:00:00+00:00, run_after=2024-07-11 00:00:00+00:00
[2024-07-11T18:05:01.107+0000] {logging_mixin.py:188} INFO - [2024-07-11T18:05:01.106+0000] {dag.py:3954} INFO - Setting next_dagrun for dataset_produces_2 to None, run_after=None
[2024-07-11T18:05:01.161+0000] {processor.py:183} INFO - Processing /home/airflow/.local/lib/python3.12/site-packages/airflow/example_dags/example_datasets.py took 0.200 seconds
[2024-07-11T18:05:31.641+0000] {processor.py:161} INFO - Started process (PID=963) to work on /home/airflow/.local/lib/python3.12/site-packages/airflow/example_dags/example_datasets.py
[2024-07-11T18:05:31.642+0000] {processor.py:830} INFO - Processing file /home/airflow/.local/lib/python3.12/site-packages/airflow/example_dags/example_datasets.py for tasks to queue
[2024-07-11T18:05:31.644+0000] {logging_mixin.py:188} INFO - [2024-07-11T18:05:31.643+0000] {dagbag.py:545} INFO - Filling up the DagBag from /home/airflow/.local/lib/python3.12/site-packages/airflow/example_dags/example_datasets.py
[2024-07-11T18:05:31.657+0000] {processor.py:840} INFO - DAG(s) 'conditional_dataset_and_time_based_timetable', 'dataset_consumes_1', 'dataset_consumes_unknown_never_scheduled', 'dataset_produces_2', 'consume_1_or_2_with_dataset_expressions', 'consume_1_and_2_with_dataset_expressions', 'dataset_produces_1', 'consume_1_or_both_2_and_3_with_dataset_expressions', 'dataset_consumes_1_never_scheduled', 'dataset_consumes_1_and_2' retrieved from /home/airflow/.local/lib/python3.12/site-packages/airflow/example_dags/example_datasets.py
[2024-07-11T18:05:31.711+0000] {logging_mixin.py:188} INFO - [2024-07-11T18:05:31.711+0000] {dag.py:3096} INFO - Sync 10 DAGs
[2024-07-11T18:05:31.743+0000] {logging_mixin.py:188} INFO - [2024-07-11T18:05:31.743+0000] {dag.py:3954} INFO - Setting next_dagrun for conditional_dataset_and_time_based_timetable to 2024-07-10 01:00:00+00:00, run_after=2024-07-10 01:00:00+00:00
[2024-07-11T18:05:31.749+0000] {logging_mixin.py:188} INFO - [2024-07-11T18:05:31.749+0000] {dag.py:3954} INFO - Setting next_dagrun for consume_1_and_2_with_dataset_expressions to None, run_after=None
[2024-07-11T18:05:31.751+0000] {logging_mixin.py:188} INFO - [2024-07-11T18:05:31.751+0000] {dag.py:3954} INFO - Setting next_dagrun for consume_1_or_2_with_dataset_expressions to None, run_after=None
[2024-07-11T18:05:31.753+0000] {logging_mixin.py:188} INFO - [2024-07-11T18:05:31.753+0000] {dag.py:3954} INFO - Setting next_dagrun for consume_1_or_both_2_and_3_with_dataset_expressions to None, run_after=None
[2024-07-11T18:05:31.755+0000] {logging_mixin.py:188} INFO - [2024-07-11T18:05:31.755+0000] {dag.py:3954} INFO - Setting next_dagrun for dataset_consumes_1 to None, run_after=None
[2024-07-11T18:05:31.757+0000] {logging_mixin.py:188} INFO - [2024-07-11T18:05:31.757+0000] {dag.py:3954} INFO - Setting next_dagrun for dataset_consumes_1_and_2 to None, run_after=None
[2024-07-11T18:05:31.759+0000] {logging_mixin.py:188} INFO - [2024-07-11T18:05:31.759+0000] {dag.py:3954} INFO - Setting next_dagrun for dataset_consumes_1_never_scheduled to None, run_after=None
[2024-07-11T18:05:31.761+0000] {logging_mixin.py:188} INFO - [2024-07-11T18:05:31.761+0000] {dag.py:3954} INFO - Setting next_dagrun for dataset_consumes_unknown_never_scheduled to None, run_after=None
[2024-07-11T18:05:31.764+0000] {logging_mixin.py:188} INFO - [2024-07-11T18:05:31.764+0000] {dag.py:3954} INFO - Setting next_dagrun for dataset_produces_1 to 2024-07-10 00:00:00+00:00, run_after=2024-07-11 00:00:00+00:00
[2024-07-11T18:05:31.766+0000] {logging_mixin.py:188} INFO - [2024-07-11T18:05:31.766+0000] {dag.py:3954} INFO - Setting next_dagrun for dataset_produces_2 to None, run_after=None
[2024-07-11T18:05:31.816+0000] {processor.py:183} INFO - Processing /home/airflow/.local/lib/python3.12/site-packages/airflow/example_dags/example_datasets.py took 0.181 seconds
[2024-07-11T18:06:02.153+0000] {processor.py:161} INFO - Started process (PID=1021) to work on /home/airflow/.local/lib/python3.12/site-packages/airflow/example_dags/example_datasets.py
[2024-07-11T18:06:02.154+0000] {processor.py:830} INFO - Processing file /home/airflow/.local/lib/python3.12/site-packages/airflow/example_dags/example_datasets.py for tasks to queue
[2024-07-11T18:06:02.156+0000] {logging_mixin.py:188} INFO - [2024-07-11T18:06:02.156+0000] {dagbag.py:545} INFO - Filling up the DagBag from /home/airflow/.local/lib/python3.12/site-packages/airflow/example_dags/example_datasets.py
[2024-07-11T18:06:02.176+0000] {processor.py:840} INFO - DAG(s) 'dataset_consumes_1_never_scheduled', 'dataset_consumes_1_and_2', 'consume_1_or_both_2_and_3_with_dataset_expressions', 'dataset_produces_1', 'conditional_dataset_and_time_based_timetable', 'dataset_consumes_unknown_never_scheduled', 'consume_1_or_2_with_dataset_expressions', 'consume_1_and_2_with_dataset_expressions', 'dataset_produces_2', 'dataset_consumes_1' retrieved from /home/airflow/.local/lib/python3.12/site-packages/airflow/example_dags/example_datasets.py
[2024-07-11T18:06:02.243+0000] {logging_mixin.py:188} INFO - [2024-07-11T18:06:02.242+0000] {dag.py:3096} INFO - Sync 10 DAGs
[2024-07-11T18:06:02.277+0000] {logging_mixin.py:188} INFO - [2024-07-11T18:06:02.277+0000] {dag.py:3954} INFO - Setting next_dagrun for conditional_dataset_and_time_based_timetable to 2024-07-10 01:00:00+00:00, run_after=2024-07-10 01:00:00+00:00
[2024-07-11T18:06:02.284+0000] {logging_mixin.py:188} INFO - [2024-07-11T18:06:02.284+0000] {dag.py:3954} INFO - Setting next_dagrun for consume_1_and_2_with_dataset_expressions to None, run_after=None
[2024-07-11T18:06:02.287+0000] {logging_mixin.py:188} INFO - [2024-07-11T18:06:02.286+0000] {dag.py:3954} INFO - Setting next_dagrun for consume_1_or_2_with_dataset_expressions to None, run_after=None
[2024-07-11T18:06:02.289+0000] {logging_mixin.py:188} INFO - [2024-07-11T18:06:02.289+0000] {dag.py:3954} INFO - Setting next_dagrun for consume_1_or_both_2_and_3_with_dataset_expressions to None, run_after=None
[2024-07-11T18:06:02.292+0000] {logging_mixin.py:188} INFO - [2024-07-11T18:06:02.292+0000] {dag.py:3954} INFO - Setting next_dagrun for dataset_consumes_1 to None, run_after=None
[2024-07-11T18:06:02.294+0000] {logging_mixin.py:188} INFO - [2024-07-11T18:06:02.294+0000] {dag.py:3954} INFO - Setting next_dagrun for dataset_consumes_1_and_2 to None, run_after=None
[2024-07-11T18:06:02.296+0000] {logging_mixin.py:188} INFO - [2024-07-11T18:06:02.296+0000] {dag.py:3954} INFO - Setting next_dagrun for dataset_consumes_1_never_scheduled to None, run_after=None
[2024-07-11T18:06:02.299+0000] {logging_mixin.py:188} INFO - [2024-07-11T18:06:02.298+0000] {dag.py:3954} INFO - Setting next_dagrun for dataset_consumes_unknown_never_scheduled to None, run_after=None
[2024-07-11T18:06:02.302+0000] {logging_mixin.py:188} INFO - [2024-07-11T18:06:02.302+0000] {dag.py:3954} INFO - Setting next_dagrun for dataset_produces_1 to 2024-07-10 00:00:00+00:00, run_after=2024-07-11 00:00:00+00:00
[2024-07-11T18:06:02.305+0000] {logging_mixin.py:188} INFO - [2024-07-11T18:06:02.305+0000] {dag.py:3954} INFO - Setting next_dagrun for dataset_produces_2 to None, run_after=None
[2024-07-11T18:06:02.358+0000] {processor.py:183} INFO - Processing /home/airflow/.local/lib/python3.12/site-packages/airflow/example_dags/example_datasets.py took 0.214 seconds
[2024-07-11T18:06:32.955+0000] {processor.py:161} INFO - Started process (PID=1079) to work on /home/airflow/.local/lib/python3.12/site-packages/airflow/example_dags/example_datasets.py
[2024-07-11T18:06:32.956+0000] {processor.py:830} INFO - Processing file /home/airflow/.local/lib/python3.12/site-packages/airflow/example_dags/example_datasets.py for tasks to queue
[2024-07-11T18:06:32.959+0000] {logging_mixin.py:188} INFO - [2024-07-11T18:06:32.958+0000] {dagbag.py:545} INFO - Filling up the DagBag from /home/airflow/.local/lib/python3.12/site-packages/airflow/example_dags/example_datasets.py
[2024-07-11T18:06:32.980+0000] {processor.py:840} INFO - DAG(s) 'dataset_produces_1', 'dataset_consumes_1', 'consume_1_and_2_with_dataset_expressions', 'dataset_consumes_1_and_2', 'consume_1_or_2_with_dataset_expressions', 'dataset_produces_2', 'conditional_dataset_and_time_based_timetable', 'dataset_consumes_1_never_scheduled', 'consume_1_or_both_2_and_3_with_dataset_expressions', 'dataset_consumes_unknown_never_scheduled' retrieved from /home/airflow/.local/lib/python3.12/site-packages/airflow/example_dags/example_datasets.py
[2024-07-11T18:06:33.046+0000] {logging_mixin.py:188} INFO - [2024-07-11T18:06:33.045+0000] {dag.py:3096} INFO - Sync 10 DAGs
[2024-07-11T18:06:33.089+0000] {logging_mixin.py:188} INFO - [2024-07-11T18:06:33.089+0000] {dag.py:3954} INFO - Setting next_dagrun for conditional_dataset_and_time_based_timetable to 2024-07-10 01:00:00+00:00, run_after=2024-07-10 01:00:00+00:00
[2024-07-11T18:06:33.094+0000] {logging_mixin.py:188} INFO - [2024-07-11T18:06:33.094+0000] {dag.py:3954} INFO - Setting next_dagrun for consume_1_and_2_with_dataset_expressions to None, run_after=None
[2024-07-11T18:06:33.097+0000] {logging_mixin.py:188} INFO - [2024-07-11T18:06:33.097+0000] {dag.py:3954} INFO - Setting next_dagrun for consume_1_or_2_with_dataset_expressions to None, run_after=None
[2024-07-11T18:06:33.099+0000] {logging_mixin.py:188} INFO - [2024-07-11T18:06:33.099+0000] {dag.py:3954} INFO - Setting next_dagrun for consume_1_or_both_2_and_3_with_dataset_expressions to None, run_after=None
[2024-07-11T18:06:33.101+0000] {logging_mixin.py:188} INFO - [2024-07-11T18:06:33.101+0000] {dag.py:3954} INFO - Setting next_dagrun for dataset_consumes_1 to None, run_after=None
[2024-07-11T18:06:33.103+0000] {logging_mixin.py:188} INFO - [2024-07-11T18:06:33.102+0000] {dag.py:3954} INFO - Setting next_dagrun for dataset_consumes_1_and_2 to None, run_after=None
[2024-07-11T18:06:33.104+0000] {logging_mixin.py:188} INFO - [2024-07-11T18:06:33.104+0000] {dag.py:3954} INFO - Setting next_dagrun for dataset_consumes_1_never_scheduled to None, run_after=None
[2024-07-11T18:06:33.106+0000] {logging_mixin.py:188} INFO - [2024-07-11T18:06:33.106+0000] {dag.py:3954} INFO - Setting next_dagrun for dataset_consumes_unknown_never_scheduled to None, run_after=None
[2024-07-11T18:06:33.110+0000] {logging_mixin.py:188} INFO - [2024-07-11T18:06:33.110+0000] {dag.py:3954} INFO - Setting next_dagrun for dataset_produces_1 to 2024-07-10 00:00:00+00:00, run_after=2024-07-11 00:00:00+00:00
[2024-07-11T18:06:33.112+0000] {logging_mixin.py:188} INFO - [2024-07-11T18:06:33.112+0000] {dag.py:3954} INFO - Setting next_dagrun for dataset_produces_2 to None, run_after=None
[2024-07-11T18:06:33.159+0000] {processor.py:183} INFO - Processing /home/airflow/.local/lib/python3.12/site-packages/airflow/example_dags/example_datasets.py took 0.213 seconds
[2024-07-11T18:07:03.224+0000] {processor.py:161} INFO - Started process (PID=1136) to work on /home/airflow/.local/lib/python3.12/site-packages/airflow/example_dags/example_datasets.py
[2024-07-11T18:07:03.225+0000] {processor.py:830} INFO - Processing file /home/airflow/.local/lib/python3.12/site-packages/airflow/example_dags/example_datasets.py for tasks to queue
[2024-07-11T18:07:03.227+0000] {logging_mixin.py:188} INFO - [2024-07-11T18:07:03.227+0000] {dagbag.py:545} INFO - Filling up the DagBag from /home/airflow/.local/lib/python3.12/site-packages/airflow/example_dags/example_datasets.py
[2024-07-11T18:07:03.242+0000] {processor.py:840} INFO - DAG(s) 'consume_1_or_both_2_and_3_with_dataset_expressions', 'dataset_consumes_1_and_2', 'dataset_consumes_1', 'conditional_dataset_and_time_based_timetable', 'dataset_consumes_unknown_never_scheduled', 'consume_1_or_2_with_dataset_expressions', 'dataset_produces_1', 'consume_1_and_2_with_dataset_expressions', 'dataset_produces_2', 'dataset_consumes_1_never_scheduled' retrieved from /home/airflow/.local/lib/python3.12/site-packages/airflow/example_dags/example_datasets.py
[2024-07-11T18:07:03.292+0000] {logging_mixin.py:188} INFO - [2024-07-11T18:07:03.291+0000] {dag.py:3096} INFO - Sync 10 DAGs
[2024-07-11T18:07:03.319+0000] {logging_mixin.py:188} INFO - [2024-07-11T18:07:03.319+0000] {dag.py:3954} INFO - Setting next_dagrun for conditional_dataset_and_time_based_timetable to 2024-07-10 01:00:00+00:00, run_after=2024-07-10 01:00:00+00:00
[2024-07-11T18:07:03.325+0000] {logging_mixin.py:188} INFO - [2024-07-11T18:07:03.324+0000] {dag.py:3954} INFO - Setting next_dagrun for consume_1_and_2_with_dataset_expressions to None, run_after=None
[2024-07-11T18:07:03.326+0000] {logging_mixin.py:188} INFO - [2024-07-11T18:07:03.326+0000] {dag.py:3954} INFO - Setting next_dagrun for consume_1_or_2_with_dataset_expressions to None, run_after=None
[2024-07-11T18:07:03.328+0000] {logging_mixin.py:188} INFO - [2024-07-11T18:07:03.328+0000] {dag.py:3954} INFO - Setting next_dagrun for consume_1_or_both_2_and_3_with_dataset_expressions to None, run_after=None
[2024-07-11T18:07:03.329+0000] {logging_mixin.py:188} INFO - [2024-07-11T18:07:03.329+0000] {dag.py:3954} INFO - Setting next_dagrun for dataset_consumes_1 to None, run_after=None
[2024-07-11T18:07:03.331+0000] {logging_mixin.py:188} INFO - [2024-07-11T18:07:03.331+0000] {dag.py:3954} INFO - Setting next_dagrun for dataset_consumes_1_and_2 to None, run_after=None
[2024-07-11T18:07:03.332+0000] {logging_mixin.py:188} INFO - [2024-07-11T18:07:03.332+0000] {dag.py:3954} INFO - Setting next_dagrun for dataset_consumes_1_never_scheduled to None, run_after=None
[2024-07-11T18:07:03.334+0000] {logging_mixin.py:188} INFO - [2024-07-11T18:07:03.334+0000] {dag.py:3954} INFO - Setting next_dagrun for dataset_consumes_unknown_never_scheduled to None, run_after=None
[2024-07-11T18:07:03.337+0000] {logging_mixin.py:188} INFO - [2024-07-11T18:07:03.336+0000] {dag.py:3954} INFO - Setting next_dagrun for dataset_produces_1 to 2024-07-10 00:00:00+00:00, run_after=2024-07-11 00:00:00+00:00
[2024-07-11T18:07:03.338+0000] {logging_mixin.py:188} INFO - [2024-07-11T18:07:03.338+0000] {dag.py:3954} INFO - Setting next_dagrun for dataset_produces_2 to None, run_after=None
[2024-07-11T18:07:03.378+0000] {processor.py:183} INFO - Processing /home/airflow/.local/lib/python3.12/site-packages/airflow/example_dags/example_datasets.py took 0.160 seconds
[2024-07-11T18:07:34.210+0000] {processor.py:161} INFO - Started process (PID=1196) to work on /home/airflow/.local/lib/python3.12/site-packages/airflow/example_dags/example_datasets.py
[2024-07-11T18:07:34.212+0000] {processor.py:830} INFO - Processing file /home/airflow/.local/lib/python3.12/site-packages/airflow/example_dags/example_datasets.py for tasks to queue
[2024-07-11T18:07:34.216+0000] {logging_mixin.py:188} INFO - [2024-07-11T18:07:34.215+0000] {dagbag.py:545} INFO - Filling up the DagBag from /home/airflow/.local/lib/python3.12/site-packages/airflow/example_dags/example_datasets.py
[2024-07-11T18:07:34.236+0000] {processor.py:840} INFO - DAG(s) 'dataset_produces_1', 'consume_1_or_2_with_dataset_expressions', 'dataset_consumes_1_and_2', 'dataset_consumes_unknown_never_scheduled', 'dataset_consumes_1_never_scheduled', 'dataset_produces_2', 'consume_1_and_2_with_dataset_expressions', 'conditional_dataset_and_time_based_timetable', 'dataset_consumes_1', 'consume_1_or_both_2_and_3_with_dataset_expressions' retrieved from /home/airflow/.local/lib/python3.12/site-packages/airflow/example_dags/example_datasets.py
[2024-07-11T18:07:34.301+0000] {logging_mixin.py:188} INFO - [2024-07-11T18:07:34.300+0000] {dag.py:3096} INFO - Sync 10 DAGs
[2024-07-11T18:07:34.330+0000] {logging_mixin.py:188} INFO - [2024-07-11T18:07:34.329+0000] {dag.py:3954} INFO - Setting next_dagrun for conditional_dataset_and_time_based_timetable to 2024-07-10 01:00:00+00:00, run_after=2024-07-10 01:00:00+00:00
[2024-07-11T18:07:34.336+0000] {logging_mixin.py:188} INFO - [2024-07-11T18:07:34.335+0000] {dag.py:3954} INFO - Setting next_dagrun for consume_1_and_2_with_dataset_expressions to None, run_after=None
[2024-07-11T18:07:34.337+0000] {logging_mixin.py:188} INFO - [2024-07-11T18:07:34.337+0000] {dag.py:3954} INFO - Setting next_dagrun for consume_1_or_2_with_dataset_expressions to None, run_after=None
[2024-07-11T18:07:34.339+0000] {logging_mixin.py:188} INFO - [2024-07-11T18:07:34.339+0000] {dag.py:3954} INFO - Setting next_dagrun for consume_1_or_both_2_and_3_with_dataset_expressions to None, run_after=None
[2024-07-11T18:07:34.341+0000] {logging_mixin.py:188} INFO - [2024-07-11T18:07:34.340+0000] {dag.py:3954} INFO - Setting next_dagrun for dataset_consumes_1 to None, run_after=None
[2024-07-11T18:07:34.342+0000] {logging_mixin.py:188} INFO - [2024-07-11T18:07:34.342+0000] {dag.py:3954} INFO - Setting next_dagrun for dataset_consumes_1_and_2 to None, run_after=None
[2024-07-11T18:07:34.344+0000] {logging_mixin.py:188} INFO - [2024-07-11T18:07:34.344+0000] {dag.py:3954} INFO - Setting next_dagrun for dataset_consumes_1_never_scheduled to None, run_after=None
[2024-07-11T18:07:34.345+0000] {logging_mixin.py:188} INFO - [2024-07-11T18:07:34.345+0000] {dag.py:3954} INFO - Setting next_dagrun for dataset_consumes_unknown_never_scheduled to None, run_after=None
[2024-07-11T18:07:34.349+0000] {logging_mixin.py:188} INFO - [2024-07-11T18:07:34.349+0000] {dag.py:3954} INFO - Setting next_dagrun for dataset_produces_1 to 2024-07-10 00:00:00+00:00, run_after=2024-07-11 00:00:00+00:00
[2024-07-11T18:07:34.350+0000] {logging_mixin.py:188} INFO - [2024-07-11T18:07:34.350+0000] {dag.py:3954} INFO - Setting next_dagrun for dataset_produces_2 to None, run_after=None
[2024-07-11T18:07:34.395+0000] {processor.py:183} INFO - Processing /home/airflow/.local/lib/python3.12/site-packages/airflow/example_dags/example_datasets.py took 0.193 seconds
[2024-07-11T18:08:04.745+0000] {processor.py:161} INFO - Started process (PID=1254) to work on /home/airflow/.local/lib/python3.12/site-packages/airflow/example_dags/example_datasets.py
[2024-07-11T18:08:04.746+0000] {processor.py:830} INFO - Processing file /home/airflow/.local/lib/python3.12/site-packages/airflow/example_dags/example_datasets.py for tasks to queue
[2024-07-11T18:08:04.748+0000] {logging_mixin.py:188} INFO - [2024-07-11T18:08:04.748+0000] {dagbag.py:545} INFO - Filling up the DagBag from /home/airflow/.local/lib/python3.12/site-packages/airflow/example_dags/example_datasets.py
[2024-07-11T18:08:04.763+0000] {processor.py:840} INFO - DAG(s) 'consume_1_and_2_with_dataset_expressions', 'dataset_consumes_1_never_scheduled', 'dataset_produces_1', 'dataset_consumes_unknown_never_scheduled', 'consume_1_or_2_with_dataset_expressions', 'dataset_consumes_1_and_2', 'consume_1_or_both_2_and_3_with_dataset_expressions', 'dataset_produces_2', 'dataset_consumes_1', 'conditional_dataset_and_time_based_timetable' retrieved from /home/airflow/.local/lib/python3.12/site-packages/airflow/example_dags/example_datasets.py
[2024-07-11T18:08:04.824+0000] {logging_mixin.py:188} INFO - [2024-07-11T18:08:04.823+0000] {dag.py:3096} INFO - Sync 10 DAGs
[2024-07-11T18:08:04.857+0000] {logging_mixin.py:188} INFO - [2024-07-11T18:08:04.856+0000] {dag.py:3954} INFO - Setting next_dagrun for conditional_dataset_and_time_based_timetable to 2024-07-10 01:00:00+00:00, run_after=2024-07-10 01:00:00+00:00
[2024-07-11T18:08:04.862+0000] {logging_mixin.py:188} INFO - [2024-07-11T18:08:04.861+0000] {dag.py:3954} INFO - Setting next_dagrun for consume_1_and_2_with_dataset_expressions to None, run_after=None
[2024-07-11T18:08:04.864+0000] {logging_mixin.py:188} INFO - [2024-07-11T18:08:04.863+0000] {dag.py:3954} INFO - Setting next_dagrun for consume_1_or_2_with_dataset_expressions to None, run_after=None
[2024-07-11T18:08:04.866+0000] {logging_mixin.py:188} INFO - [2024-07-11T18:08:04.866+0000] {dag.py:3954} INFO - Setting next_dagrun for consume_1_or_both_2_and_3_with_dataset_expressions to None, run_after=None
[2024-07-11T18:08:04.868+0000] {logging_mixin.py:188} INFO - [2024-07-11T18:08:04.867+0000] {dag.py:3954} INFO - Setting next_dagrun for dataset_consumes_1 to None, run_after=None
[2024-07-11T18:08:04.869+0000] {logging_mixin.py:188} INFO - [2024-07-11T18:08:04.869+0000] {dag.py:3954} INFO - Setting next_dagrun for dataset_consumes_1_and_2 to None, run_after=None
[2024-07-11T18:08:04.871+0000] {logging_mixin.py:188} INFO - [2024-07-11T18:08:04.871+0000] {dag.py:3954} INFO - Setting next_dagrun for dataset_consumes_1_never_scheduled to None, run_after=None
[2024-07-11T18:08:04.873+0000] {logging_mixin.py:188} INFO - [2024-07-11T18:08:04.873+0000] {dag.py:3954} INFO - Setting next_dagrun for dataset_consumes_unknown_never_scheduled to None, run_after=None
[2024-07-11T18:08:04.876+0000] {logging_mixin.py:188} INFO - [2024-07-11T18:08:04.876+0000] {dag.py:3954} INFO - Setting next_dagrun for dataset_produces_1 to 2024-07-10 00:00:00+00:00, run_after=2024-07-11 00:00:00+00:00
[2024-07-11T18:08:04.878+0000] {logging_mixin.py:188} INFO - [2024-07-11T18:08:04.878+0000] {dag.py:3954} INFO - Setting next_dagrun for dataset_produces_2 to None, run_after=None
[2024-07-11T18:08:04.932+0000] {processor.py:183} INFO - Processing /home/airflow/.local/lib/python3.12/site-packages/airflow/example_dags/example_datasets.py took 0.193 seconds
[2024-07-11T18:08:35.378+0000] {processor.py:161} INFO - Started process (PID=1312) to work on /home/airflow/.local/lib/python3.12/site-packages/airflow/example_dags/example_datasets.py
[2024-07-11T18:08:35.379+0000] {processor.py:830} INFO - Processing file /home/airflow/.local/lib/python3.12/site-packages/airflow/example_dags/example_datasets.py for tasks to queue
[2024-07-11T18:08:35.382+0000] {logging_mixin.py:188} INFO - [2024-07-11T18:08:35.381+0000] {dagbag.py:545} INFO - Filling up the DagBag from /home/airflow/.local/lib/python3.12/site-packages/airflow/example_dags/example_datasets.py
[2024-07-11T18:08:35.398+0000] {processor.py:840} INFO - DAG(s) 'consume_1_and_2_with_dataset_expressions', 'dataset_consumes_1_never_scheduled', 'dataset_produces_2', 'consume_1_or_2_with_dataset_expressions', 'consume_1_or_both_2_and_3_with_dataset_expressions', 'dataset_consumes_unknown_never_scheduled', 'conditional_dataset_and_time_based_timetable', 'dataset_produces_1', 'dataset_consumes_1', 'dataset_consumes_1_and_2' retrieved from /home/airflow/.local/lib/python3.12/site-packages/airflow/example_dags/example_datasets.py
[2024-07-11T18:08:35.462+0000] {logging_mixin.py:188} INFO - [2024-07-11T18:08:35.462+0000] {dag.py:3096} INFO - Sync 10 DAGs
[2024-07-11T18:08:35.494+0000] {logging_mixin.py:188} INFO - [2024-07-11T18:08:35.494+0000] {dag.py:3954} INFO - Setting next_dagrun for conditional_dataset_and_time_based_timetable to 2024-07-10 01:00:00+00:00, run_after=2024-07-10 01:00:00+00:00
[2024-07-11T18:08:35.500+0000] {logging_mixin.py:188} INFO - [2024-07-11T18:08:35.499+0000] {dag.py:3954} INFO - Setting next_dagrun for consume_1_and_2_with_dataset_expressions to None, run_after=None
[2024-07-11T18:08:35.502+0000] {logging_mixin.py:188} INFO - [2024-07-11T18:08:35.501+0000] {dag.py:3954} INFO - Setting next_dagrun for consume_1_or_2_with_dataset_expressions to None, run_after=None
[2024-07-11T18:08:35.503+0000] {logging_mixin.py:188} INFO - [2024-07-11T18:08:35.503+0000] {dag.py:3954} INFO - Setting next_dagrun for consume_1_or_both_2_and_3_with_dataset_expressions to None, run_after=None
[2024-07-11T18:08:35.505+0000] {logging_mixin.py:188} INFO - [2024-07-11T18:08:35.505+0000] {dag.py:3954} INFO - Setting next_dagrun for dataset_consumes_1 to None, run_after=None
[2024-07-11T18:08:35.507+0000] {logging_mixin.py:188} INFO - [2024-07-11T18:08:35.507+0000] {dag.py:3954} INFO - Setting next_dagrun for dataset_consumes_1_and_2 to None, run_after=None
[2024-07-11T18:08:35.509+0000] {logging_mixin.py:188} INFO - [2024-07-11T18:08:35.509+0000] {dag.py:3954} INFO - Setting next_dagrun for dataset_consumes_1_never_scheduled to None, run_after=None
[2024-07-11T18:08:35.511+0000] {logging_mixin.py:188} INFO - [2024-07-11T18:08:35.510+0000] {dag.py:3954} INFO - Setting next_dagrun for dataset_consumes_unknown_never_scheduled to None, run_after=None
[2024-07-11T18:08:35.514+0000] {logging_mixin.py:188} INFO - [2024-07-11T18:08:35.514+0000] {dag.py:3954} INFO - Setting next_dagrun for dataset_produces_1 to 2024-07-10 00:00:00+00:00, run_after=2024-07-11 00:00:00+00:00
[2024-07-11T18:08:35.516+0000] {logging_mixin.py:188} INFO - [2024-07-11T18:08:35.516+0000] {dag.py:3954} INFO - Setting next_dagrun for dataset_produces_2 to None, run_after=None
[2024-07-11T18:08:35.564+0000] {processor.py:183} INFO - Processing /home/airflow/.local/lib/python3.12/site-packages/airflow/example_dags/example_datasets.py took 0.194 seconds
[2024-07-11T18:09:05.912+0000] {processor.py:161} INFO - Started process (PID=1370) to work on /home/airflow/.local/lib/python3.12/site-packages/airflow/example_dags/example_datasets.py
[2024-07-11T18:09:05.913+0000] {processor.py:830} INFO - Processing file /home/airflow/.local/lib/python3.12/site-packages/airflow/example_dags/example_datasets.py for tasks to queue
[2024-07-11T18:09:05.915+0000] {logging_mixin.py:188} INFO - [2024-07-11T18:09:05.915+0000] {dagbag.py:545} INFO - Filling up the DagBag from /home/airflow/.local/lib/python3.12/site-packages/airflow/example_dags/example_datasets.py
[2024-07-11T18:09:05.930+0000] {processor.py:840} INFO - DAG(s) 'dataset_consumes_1_never_scheduled', 'dataset_consumes_unknown_never_scheduled', 'consume_1_and_2_with_dataset_expressions', 'consume_1_or_both_2_and_3_with_dataset_expressions', 'dataset_produces_2', 'dataset_produces_1', 'dataset_consumes_1', 'dataset_consumes_1_and_2', 'consume_1_or_2_with_dataset_expressions', 'conditional_dataset_and_time_based_timetable' retrieved from /home/airflow/.local/lib/python3.12/site-packages/airflow/example_dags/example_datasets.py
[2024-07-11T18:09:06.008+0000] {logging_mixin.py:188} INFO - [2024-07-11T18:09:06.008+0000] {dag.py:3096} INFO - Sync 10 DAGs
[2024-07-11T18:09:06.055+0000] {logging_mixin.py:188} INFO - [2024-07-11T18:09:06.055+0000] {dag.py:3954} INFO - Setting next_dagrun for conditional_dataset_and_time_based_timetable to 2024-07-10 01:00:00+00:00, run_after=2024-07-10 01:00:00+00:00
[2024-07-11T18:09:06.061+0000] {logging_mixin.py:188} INFO - [2024-07-11T18:09:06.061+0000] {dag.py:3954} INFO - Setting next_dagrun for consume_1_and_2_with_dataset_expressions to None, run_after=None
[2024-07-11T18:09:06.063+0000] {logging_mixin.py:188} INFO - [2024-07-11T18:09:06.063+0000] {dag.py:3954} INFO - Setting next_dagrun for consume_1_or_2_with_dataset_expressions to None, run_after=None
[2024-07-11T18:09:06.065+0000] {logging_mixin.py:188} INFO - [2024-07-11T18:09:06.065+0000] {dag.py:3954} INFO - Setting next_dagrun for consume_1_or_both_2_and_3_with_dataset_expressions to None, run_after=None
[2024-07-11T18:09:06.067+0000] {logging_mixin.py:188} INFO - [2024-07-11T18:09:06.066+0000] {dag.py:3954} INFO - Setting next_dagrun for dataset_consumes_1 to None, run_after=None
[2024-07-11T18:09:06.068+0000] {logging_mixin.py:188} INFO - [2024-07-11T18:09:06.068+0000] {dag.py:3954} INFO - Setting next_dagrun for dataset_consumes_1_and_2 to None, run_after=None
[2024-07-11T18:09:06.070+0000] {logging_mixin.py:188} INFO - [2024-07-11T18:09:06.070+0000] {dag.py:3954} INFO - Setting next_dagrun for dataset_consumes_1_never_scheduled to None, run_after=None
[2024-07-11T18:09:06.072+0000] {logging_mixin.py:188} INFO - [2024-07-11T18:09:06.072+0000] {dag.py:3954} INFO - Setting next_dagrun for dataset_consumes_unknown_never_scheduled to None, run_after=None
[2024-07-11T18:09:06.076+0000] {logging_mixin.py:188} INFO - [2024-07-11T18:09:06.076+0000] {dag.py:3954} INFO - Setting next_dagrun for dataset_produces_1 to 2024-07-10 00:00:00+00:00, run_after=2024-07-11 00:00:00+00:00
[2024-07-11T18:09:06.078+0000] {logging_mixin.py:188} INFO - [2024-07-11T18:09:06.078+0000] {dag.py:3954} INFO - Setting next_dagrun for dataset_produces_2 to None, run_after=None
[2024-07-11T18:09:06.133+0000] {processor.py:183} INFO - Processing /home/airflow/.local/lib/python3.12/site-packages/airflow/example_dags/example_datasets.py took 0.227 seconds
