[2024-07-11T17:57:50.243+0000] {processor.py:161} INFO - Started process (PID=84) to work on /home/airflow/.local/lib/python3.12/site-packages/airflow/example_dags/example_sla_dag.py
[2024-07-11T17:57:50.245+0000] {processor.py:830} INFO - Processing file /home/airflow/.local/lib/python3.12/site-packages/airflow/example_dags/example_sla_dag.py for tasks to queue
[2024-07-11T17:57:50.248+0000] {logging_mixin.py:188} INFO - [2024-07-11T17:57:50.248+0000] {dagbag.py:545} INFO - Filling up the DagBag from /home/airflow/.local/lib/python3.12/site-packages/airflow/example_dags/example_sla_dag.py
[2024-07-11T17:57:50.265+0000] {processor.py:840} INFO - DAG(s) 'example_sla_dag' retrieved from /home/airflow/.local/lib/python3.12/site-packages/airflow/example_dags/example_sla_dag.py
[2024-07-11T17:57:50.442+0000] {logging_mixin.py:188} INFO - [2024-07-11T17:57:50.441+0000] {dag.py:3096} INFO - Sync 1 DAGs
[2024-07-11T17:57:50.477+0000] {logging_mixin.py:188} INFO - [2024-07-11T17:57:50.476+0000] {dag.py:3954} INFO - Setting next_dagrun for example_sla_dag to 2024-07-11 17:54:00+00:00, run_after=2024-07-11 17:56:00+00:00
[2024-07-11T17:57:50.513+0000] {processor.py:183} INFO - Processing /home/airflow/.local/lib/python3.12/site-packages/airflow/example_dags/example_sla_dag.py took 0.280 seconds
[2024-07-11T17:58:20.999+0000] {processor.py:161} INFO - Started process (PID=142) to work on /home/airflow/.local/lib/python3.12/site-packages/airflow/example_dags/example_sla_dag.py
[2024-07-11T17:58:21.001+0000] {processor.py:830} INFO - Processing file /home/airflow/.local/lib/python3.12/site-packages/airflow/example_dags/example_sla_dag.py for tasks to queue
[2024-07-11T17:58:21.007+0000] {logging_mixin.py:188} INFO - [2024-07-11T17:58:21.006+0000] {dagbag.py:545} INFO - Filling up the DagBag from /home/airflow/.local/lib/python3.12/site-packages/airflow/example_dags/example_sla_dag.py
[2024-07-11T17:58:21.040+0000] {processor.py:840} INFO - DAG(s) 'example_sla_dag' retrieved from /home/airflow/.local/lib/python3.12/site-packages/airflow/example_dags/example_sla_dag.py
[2024-07-11T17:58:21.091+0000] {logging_mixin.py:188} INFO - [2024-07-11T17:58:21.091+0000] {dag.py:3096} INFO - Sync 1 DAGs
[2024-07-11T17:58:21.133+0000] {logging_mixin.py:188} INFO - [2024-07-11T17:58:21.133+0000] {dag.py:3954} INFO - Setting next_dagrun for example_sla_dag to 2024-07-11 17:56:00+00:00, run_after=2024-07-11 17:58:00+00:00
[2024-07-11T17:58:21.163+0000] {processor.py:183} INFO - Processing /home/airflow/.local/lib/python3.12/site-packages/airflow/example_dags/example_sla_dag.py took 0.179 seconds
[2024-07-11T17:58:51.477+0000] {processor.py:161} INFO - Started process (PID=200) to work on /home/airflow/.local/lib/python3.12/site-packages/airflow/example_dags/example_sla_dag.py
[2024-07-11T17:58:51.478+0000] {processor.py:830} INFO - Processing file /home/airflow/.local/lib/python3.12/site-packages/airflow/example_dags/example_sla_dag.py for tasks to queue
[2024-07-11T17:58:51.480+0000] {logging_mixin.py:188} INFO - [2024-07-11T17:58:51.480+0000] {dagbag.py:545} INFO - Filling up the DagBag from /home/airflow/.local/lib/python3.12/site-packages/airflow/example_dags/example_sla_dag.py
[2024-07-11T17:58:51.490+0000] {processor.py:840} INFO - DAG(s) 'example_sla_dag' retrieved from /home/airflow/.local/lib/python3.12/site-packages/airflow/example_dags/example_sla_dag.py
[2024-07-11T17:58:51.512+0000] {logging_mixin.py:188} INFO - [2024-07-11T17:58:51.512+0000] {dag.py:3096} INFO - Sync 1 DAGs
[2024-07-11T17:58:51.543+0000] {logging_mixin.py:188} INFO - [2024-07-11T17:58:51.542+0000] {dag.py:3954} INFO - Setting next_dagrun for example_sla_dag to 2024-07-11 17:56:00+00:00, run_after=2024-07-11 17:58:00+00:00
[2024-07-11T17:58:51.648+0000] {processor.py:183} INFO - Processing /home/airflow/.local/lib/python3.12/site-packages/airflow/example_dags/example_sla_dag.py took 0.178 seconds
[2024-07-11T17:59:22.256+0000] {processor.py:161} INFO - Started process (PID=258) to work on /home/airflow/.local/lib/python3.12/site-packages/airflow/example_dags/example_sla_dag.py
[2024-07-11T17:59:22.258+0000] {processor.py:830} INFO - Processing file /home/airflow/.local/lib/python3.12/site-packages/airflow/example_dags/example_sla_dag.py for tasks to queue
[2024-07-11T17:59:22.261+0000] {logging_mixin.py:188} INFO - [2024-07-11T17:59:22.261+0000] {dagbag.py:545} INFO - Filling up the DagBag from /home/airflow/.local/lib/python3.12/site-packages/airflow/example_dags/example_sla_dag.py
[2024-07-11T17:59:22.274+0000] {processor.py:840} INFO - DAG(s) 'example_sla_dag' retrieved from /home/airflow/.local/lib/python3.12/site-packages/airflow/example_dags/example_sla_dag.py
[2024-07-11T17:59:22.300+0000] {logging_mixin.py:188} INFO - [2024-07-11T17:59:22.300+0000] {dag.py:3096} INFO - Sync 1 DAGs
[2024-07-11T17:59:22.332+0000] {logging_mixin.py:188} INFO - [2024-07-11T17:59:22.332+0000] {dag.py:3954} INFO - Setting next_dagrun for example_sla_dag to 2024-07-11 17:56:00+00:00, run_after=2024-07-11 17:58:00+00:00
[2024-07-11T17:59:22.356+0000] {processor.py:183} INFO - Processing /home/airflow/.local/lib/python3.12/site-packages/airflow/example_dags/example_sla_dag.py took 0.109 seconds
[2024-07-11T17:59:52.860+0000] {processor.py:161} INFO - Started process (PID=316) to work on /home/airflow/.local/lib/python3.12/site-packages/airflow/example_dags/example_sla_dag.py
[2024-07-11T17:59:52.861+0000] {processor.py:830} INFO - Processing file /home/airflow/.local/lib/python3.12/site-packages/airflow/example_dags/example_sla_dag.py for tasks to queue
[2024-07-11T17:59:52.863+0000] {logging_mixin.py:188} INFO - [2024-07-11T17:59:52.863+0000] {dagbag.py:545} INFO - Filling up the DagBag from /home/airflow/.local/lib/python3.12/site-packages/airflow/example_dags/example_sla_dag.py
[2024-07-11T17:59:52.873+0000] {processor.py:840} INFO - DAG(s) 'example_sla_dag' retrieved from /home/airflow/.local/lib/python3.12/site-packages/airflow/example_dags/example_sla_dag.py
[2024-07-11T17:59:52.895+0000] {logging_mixin.py:188} INFO - [2024-07-11T17:59:52.895+0000] {dag.py:3096} INFO - Sync 1 DAGs
[2024-07-11T17:59:52.926+0000] {logging_mixin.py:188} INFO - [2024-07-11T17:59:52.925+0000] {dag.py:3954} INFO - Setting next_dagrun for example_sla_dag to 2024-07-11 17:56:00+00:00, run_after=2024-07-11 17:58:00+00:00
[2024-07-11T17:59:52.950+0000] {processor.py:183} INFO - Processing /home/airflow/.local/lib/python3.12/site-packages/airflow/example_dags/example_sla_dag.py took 0.097 seconds
[2024-07-11T18:00:23.496+0000] {processor.py:161} INFO - Started process (PID=374) to work on /home/airflow/.local/lib/python3.12/site-packages/airflow/example_dags/example_sla_dag.py
[2024-07-11T18:00:23.497+0000] {processor.py:830} INFO - Processing file /home/airflow/.local/lib/python3.12/site-packages/airflow/example_dags/example_sla_dag.py for tasks to queue
[2024-07-11T18:00:23.501+0000] {logging_mixin.py:188} INFO - [2024-07-11T18:00:23.500+0000] {dagbag.py:545} INFO - Filling up the DagBag from /home/airflow/.local/lib/python3.12/site-packages/airflow/example_dags/example_sla_dag.py
[2024-07-11T18:00:23.515+0000] {processor.py:840} INFO - DAG(s) 'example_sla_dag' retrieved from /home/airflow/.local/lib/python3.12/site-packages/airflow/example_dags/example_sla_dag.py
[2024-07-11T18:00:23.546+0000] {logging_mixin.py:188} INFO - [2024-07-11T18:00:23.546+0000] {dag.py:3096} INFO - Sync 1 DAGs
[2024-07-11T18:00:23.591+0000] {logging_mixin.py:188} INFO - [2024-07-11T18:00:23.590+0000] {dag.py:3954} INFO - Setting next_dagrun for example_sla_dag to 2024-07-11 17:58:00+00:00, run_after=2024-07-11 18:00:00+00:00
[2024-07-11T18:00:23.621+0000] {processor.py:183} INFO - Processing /home/airflow/.local/lib/python3.12/site-packages/airflow/example_dags/example_sla_dag.py took 0.134 seconds
[2024-07-11T18:00:54.051+0000] {processor.py:161} INFO - Started process (PID=431) to work on /home/airflow/.local/lib/python3.12/site-packages/airflow/example_dags/example_sla_dag.py
[2024-07-11T18:00:54.068+0000] {processor.py:830} INFO - Processing file /home/airflow/.local/lib/python3.12/site-packages/airflow/example_dags/example_sla_dag.py for tasks to queue
[2024-07-11T18:00:54.072+0000] {logging_mixin.py:188} INFO - [2024-07-11T18:00:54.072+0000] {dagbag.py:545} INFO - Filling up the DagBag from /home/airflow/.local/lib/python3.12/site-packages/airflow/example_dags/example_sla_dag.py
[2024-07-11T18:00:54.118+0000] {processor.py:840} INFO - DAG(s) 'example_sla_dag' retrieved from /home/airflow/.local/lib/python3.12/site-packages/airflow/example_dags/example_sla_dag.py
[2024-07-11T18:00:54.200+0000] {logging_mixin.py:188} INFO - [2024-07-11T18:00:54.200+0000] {dag.py:3096} INFO - Sync 1 DAGs
[2024-07-11T18:00:54.335+0000] {logging_mixin.py:188} INFO - [2024-07-11T18:00:54.334+0000] {dag.py:3954} INFO - Setting next_dagrun for example_sla_dag to 2024-07-11 17:58:00+00:00, run_after=2024-07-11 18:00:00+00:00
[2024-07-11T18:00:54.417+0000] {processor.py:183} INFO - Processing /home/airflow/.local/lib/python3.12/site-packages/airflow/example_dags/example_sla_dag.py took 0.387 seconds
[2024-07-11T18:01:24.768+0000] {processor.py:161} INFO - Started process (PID=489) to work on /home/airflow/.local/lib/python3.12/site-packages/airflow/example_dags/example_sla_dag.py
[2024-07-11T18:01:24.769+0000] {processor.py:830} INFO - Processing file /home/airflow/.local/lib/python3.12/site-packages/airflow/example_dags/example_sla_dag.py for tasks to queue
[2024-07-11T18:01:24.771+0000] {logging_mixin.py:188} INFO - [2024-07-11T18:01:24.771+0000] {dagbag.py:545} INFO - Filling up the DagBag from /home/airflow/.local/lib/python3.12/site-packages/airflow/example_dags/example_sla_dag.py
[2024-07-11T18:01:24.781+0000] {processor.py:840} INFO - DAG(s) 'example_sla_dag' retrieved from /home/airflow/.local/lib/python3.12/site-packages/airflow/example_dags/example_sla_dag.py
[2024-07-11T18:01:24.801+0000] {logging_mixin.py:188} INFO - [2024-07-11T18:01:24.801+0000] {dag.py:3096} INFO - Sync 1 DAGs
[2024-07-11T18:01:24.831+0000] {logging_mixin.py:188} INFO - [2024-07-11T18:01:24.831+0000] {dag.py:3954} INFO - Setting next_dagrun for example_sla_dag to 2024-07-11 17:58:00+00:00, run_after=2024-07-11 18:00:00+00:00
[2024-07-11T18:01:24.858+0000] {processor.py:183} INFO - Processing /home/airflow/.local/lib/python3.12/site-packages/airflow/example_dags/example_sla_dag.py took 0.096 seconds
[2024-07-11T18:01:54.978+0000] {processor.py:161} INFO - Started process (PID=547) to work on /home/airflow/.local/lib/python3.12/site-packages/airflow/example_dags/example_sla_dag.py
[2024-07-11T18:01:54.979+0000] {processor.py:830} INFO - Processing file /home/airflow/.local/lib/python3.12/site-packages/airflow/example_dags/example_sla_dag.py for tasks to queue
[2024-07-11T18:01:54.982+0000] {logging_mixin.py:188} INFO - [2024-07-11T18:01:54.981+0000] {dagbag.py:545} INFO - Filling up the DagBag from /home/airflow/.local/lib/python3.12/site-packages/airflow/example_dags/example_sla_dag.py
[2024-07-11T18:01:54.992+0000] {processor.py:840} INFO - DAG(s) 'example_sla_dag' retrieved from /home/airflow/.local/lib/python3.12/site-packages/airflow/example_dags/example_sla_dag.py
[2024-07-11T18:01:55.013+0000] {logging_mixin.py:188} INFO - [2024-07-11T18:01:55.013+0000] {dag.py:3096} INFO - Sync 1 DAGs
[2024-07-11T18:01:55.041+0000] {logging_mixin.py:188} INFO - [2024-07-11T18:01:55.041+0000] {dag.py:3954} INFO - Setting next_dagrun for example_sla_dag to 2024-07-11 17:58:00+00:00, run_after=2024-07-11 18:00:00+00:00
[2024-07-11T18:01:55.067+0000] {processor.py:183} INFO - Processing /home/airflow/.local/lib/python3.12/site-packages/airflow/example_dags/example_sla_dag.py took 0.096 seconds
[2024-07-11T18:02:25.564+0000] {processor.py:161} INFO - Started process (PID=605) to work on /home/airflow/.local/lib/python3.12/site-packages/airflow/example_dags/example_sla_dag.py
[2024-07-11T18:02:25.565+0000] {processor.py:830} INFO - Processing file /home/airflow/.local/lib/python3.12/site-packages/airflow/example_dags/example_sla_dag.py for tasks to queue
[2024-07-11T18:02:25.568+0000] {logging_mixin.py:188} INFO - [2024-07-11T18:02:25.567+0000] {dagbag.py:545} INFO - Filling up the DagBag from /home/airflow/.local/lib/python3.12/site-packages/airflow/example_dags/example_sla_dag.py
[2024-07-11T18:02:25.579+0000] {processor.py:840} INFO - DAG(s) 'example_sla_dag' retrieved from /home/airflow/.local/lib/python3.12/site-packages/airflow/example_dags/example_sla_dag.py
[2024-07-11T18:02:25.609+0000] {logging_mixin.py:188} INFO - [2024-07-11T18:02:25.608+0000] {dag.py:3096} INFO - Sync 1 DAGs
[2024-07-11T18:02:25.656+0000] {logging_mixin.py:188} INFO - [2024-07-11T18:02:25.655+0000] {dag.py:3954} INFO - Setting next_dagrun for example_sla_dag to 2024-07-11 18:00:00+00:00, run_after=2024-07-11 18:02:00+00:00
[2024-07-11T18:02:25.688+0000] {processor.py:183} INFO - Processing /home/airflow/.local/lib/python3.12/site-packages/airflow/example_dags/example_sla_dag.py took 0.131 seconds
[2024-07-11T18:02:55.740+0000] {processor.py:161} INFO - Started process (PID=663) to work on /home/airflow/.local/lib/python3.12/site-packages/airflow/example_dags/example_sla_dag.py
[2024-07-11T18:02:55.741+0000] {processor.py:830} INFO - Processing file /home/airflow/.local/lib/python3.12/site-packages/airflow/example_dags/example_sla_dag.py for tasks to queue
[2024-07-11T18:02:55.744+0000] {logging_mixin.py:188} INFO - [2024-07-11T18:02:55.743+0000] {dagbag.py:545} INFO - Filling up the DagBag from /home/airflow/.local/lib/python3.12/site-packages/airflow/example_dags/example_sla_dag.py
[2024-07-11T18:02:55.755+0000] {processor.py:840} INFO - DAG(s) 'example_sla_dag' retrieved from /home/airflow/.local/lib/python3.12/site-packages/airflow/example_dags/example_sla_dag.py
[2024-07-11T18:02:55.781+0000] {logging_mixin.py:188} INFO - [2024-07-11T18:02:55.781+0000] {dag.py:3096} INFO - Sync 1 DAGs
[2024-07-11T18:02:55.819+0000] {logging_mixin.py:188} INFO - [2024-07-11T18:02:55.819+0000] {dag.py:3954} INFO - Setting next_dagrun for example_sla_dag to 2024-07-11 18:00:00+00:00, run_after=2024-07-11 18:02:00+00:00
[2024-07-11T18:02:55.849+0000] {processor.py:183} INFO - Processing /home/airflow/.local/lib/python3.12/site-packages/airflow/example_dags/example_sla_dag.py took 0.119 seconds
[2024-07-11T18:03:26.086+0000] {processor.py:161} INFO - Started process (PID=721) to work on /home/airflow/.local/lib/python3.12/site-packages/airflow/example_dags/example_sla_dag.py
[2024-07-11T18:03:26.088+0000] {processor.py:830} INFO - Processing file /home/airflow/.local/lib/python3.12/site-packages/airflow/example_dags/example_sla_dag.py for tasks to queue
[2024-07-11T18:03:26.090+0000] {logging_mixin.py:188} INFO - [2024-07-11T18:03:26.090+0000] {dagbag.py:545} INFO - Filling up the DagBag from /home/airflow/.local/lib/python3.12/site-packages/airflow/example_dags/example_sla_dag.py
[2024-07-11T18:03:26.107+0000] {processor.py:840} INFO - DAG(s) 'example_sla_dag' retrieved from /home/airflow/.local/lib/python3.12/site-packages/airflow/example_dags/example_sla_dag.py
[2024-07-11T18:03:26.135+0000] {logging_mixin.py:188} INFO - [2024-07-11T18:03:26.135+0000] {dag.py:3096} INFO - Sync 1 DAGs
[2024-07-11T18:03:26.171+0000] {logging_mixin.py:188} INFO - [2024-07-11T18:03:26.170+0000] {dag.py:3954} INFO - Setting next_dagrun for example_sla_dag to 2024-07-11 18:00:00+00:00, run_after=2024-07-11 18:02:00+00:00
[2024-07-11T18:03:26.204+0000] {processor.py:183} INFO - Processing /home/airflow/.local/lib/python3.12/site-packages/airflow/example_dags/example_sla_dag.py took 0.126 seconds
[2024-07-11T18:03:56.347+0000] {processor.py:161} INFO - Started process (PID=779) to work on /home/airflow/.local/lib/python3.12/site-packages/airflow/example_dags/example_sla_dag.py
[2024-07-11T18:03:56.348+0000] {processor.py:830} INFO - Processing file /home/airflow/.local/lib/python3.12/site-packages/airflow/example_dags/example_sla_dag.py for tasks to queue
[2024-07-11T18:03:56.352+0000] {logging_mixin.py:188} INFO - [2024-07-11T18:03:56.351+0000] {dagbag.py:545} INFO - Filling up the DagBag from /home/airflow/.local/lib/python3.12/site-packages/airflow/example_dags/example_sla_dag.py
[2024-07-11T18:03:56.367+0000] {processor.py:840} INFO - DAG(s) 'example_sla_dag' retrieved from /home/airflow/.local/lib/python3.12/site-packages/airflow/example_dags/example_sla_dag.py
[2024-07-11T18:03:56.401+0000] {logging_mixin.py:188} INFO - [2024-07-11T18:03:56.400+0000] {dag.py:3096} INFO - Sync 1 DAGs
[2024-07-11T18:03:56.446+0000] {logging_mixin.py:188} INFO - [2024-07-11T18:03:56.445+0000] {dag.py:3954} INFO - Setting next_dagrun for example_sla_dag to 2024-07-11 18:00:00+00:00, run_after=2024-07-11 18:02:00+00:00
[2024-07-11T18:03:56.481+0000] {processor.py:183} INFO - Processing /home/airflow/.local/lib/python3.12/site-packages/airflow/example_dags/example_sla_dag.py took 0.143 seconds
[2024-07-11T18:04:26.639+0000] {processor.py:161} INFO - Started process (PID=837) to work on /home/airflow/.local/lib/python3.12/site-packages/airflow/example_dags/example_sla_dag.py
[2024-07-11T18:04:26.640+0000] {processor.py:830} INFO - Processing file /home/airflow/.local/lib/python3.12/site-packages/airflow/example_dags/example_sla_dag.py for tasks to queue
[2024-07-11T18:04:26.642+0000] {logging_mixin.py:188} INFO - [2024-07-11T18:04:26.642+0000] {dagbag.py:545} INFO - Filling up the DagBag from /home/airflow/.local/lib/python3.12/site-packages/airflow/example_dags/example_sla_dag.py
[2024-07-11T18:04:26.652+0000] {processor.py:840} INFO - DAG(s) 'example_sla_dag' retrieved from /home/airflow/.local/lib/python3.12/site-packages/airflow/example_dags/example_sla_dag.py
[2024-07-11T18:04:26.675+0000] {logging_mixin.py:188} INFO - [2024-07-11T18:04:26.674+0000] {dag.py:3096} INFO - Sync 1 DAGs
[2024-07-11T18:04:26.718+0000] {logging_mixin.py:188} INFO - [2024-07-11T18:04:26.717+0000] {dag.py:3954} INFO - Setting next_dagrun for example_sla_dag to 2024-07-11 18:02:00+00:00, run_after=2024-07-11 18:04:00+00:00
[2024-07-11T18:04:26.757+0000] {processor.py:183} INFO - Processing /home/airflow/.local/lib/python3.12/site-packages/airflow/example_dags/example_sla_dag.py took 0.125 seconds
[2024-07-11T18:04:56.939+0000] {processor.py:161} INFO - Started process (PID=895) to work on /home/airflow/.local/lib/python3.12/site-packages/airflow/example_dags/example_sla_dag.py
[2024-07-11T18:04:56.941+0000] {processor.py:830} INFO - Processing file /home/airflow/.local/lib/python3.12/site-packages/airflow/example_dags/example_sla_dag.py for tasks to queue
[2024-07-11T18:04:56.944+0000] {logging_mixin.py:188} INFO - [2024-07-11T18:04:56.943+0000] {dagbag.py:545} INFO - Filling up the DagBag from /home/airflow/.local/lib/python3.12/site-packages/airflow/example_dags/example_sla_dag.py
[2024-07-11T18:04:56.956+0000] {processor.py:840} INFO - DAG(s) 'example_sla_dag' retrieved from /home/airflow/.local/lib/python3.12/site-packages/airflow/example_dags/example_sla_dag.py
[2024-07-11T18:04:56.980+0000] {logging_mixin.py:188} INFO - [2024-07-11T18:04:56.980+0000] {dag.py:3096} INFO - Sync 1 DAGs
[2024-07-11T18:04:57.012+0000] {logging_mixin.py:188} INFO - [2024-07-11T18:04:57.011+0000] {dag.py:3954} INFO - Setting next_dagrun for example_sla_dag to 2024-07-11 18:02:00+00:00, run_after=2024-07-11 18:04:00+00:00
[2024-07-11T18:04:57.038+0000] {processor.py:183} INFO - Processing /home/airflow/.local/lib/python3.12/site-packages/airflow/example_dags/example_sla_dag.py took 0.109 seconds
[2024-07-11T18:05:27.940+0000] {processor.py:161} INFO - Started process (PID=954) to work on /home/airflow/.local/lib/python3.12/site-packages/airflow/example_dags/example_sla_dag.py
[2024-07-11T18:05:27.941+0000] {processor.py:830} INFO - Processing file /home/airflow/.local/lib/python3.12/site-packages/airflow/example_dags/example_sla_dag.py for tasks to queue
[2024-07-11T18:05:27.945+0000] {logging_mixin.py:188} INFO - [2024-07-11T18:05:27.944+0000] {dagbag.py:545} INFO - Filling up the DagBag from /home/airflow/.local/lib/python3.12/site-packages/airflow/example_dags/example_sla_dag.py
[2024-07-11T18:05:27.957+0000] {processor.py:840} INFO - DAG(s) 'example_sla_dag' retrieved from /home/airflow/.local/lib/python3.12/site-packages/airflow/example_dags/example_sla_dag.py
[2024-07-11T18:05:27.981+0000] {logging_mixin.py:188} INFO - [2024-07-11T18:05:27.980+0000] {dag.py:3096} INFO - Sync 1 DAGs
[2024-07-11T18:05:28.025+0000] {logging_mixin.py:188} INFO - [2024-07-11T18:05:28.024+0000] {dag.py:3954} INFO - Setting next_dagrun for example_sla_dag to 2024-07-11 18:02:00+00:00, run_after=2024-07-11 18:04:00+00:00
[2024-07-11T18:05:28.058+0000] {processor.py:183} INFO - Processing /home/airflow/.local/lib/python3.12/site-packages/airflow/example_dags/example_sla_dag.py took 0.127 seconds
[2024-07-11T18:05:58.455+0000] {processor.py:161} INFO - Started process (PID=1012) to work on /home/airflow/.local/lib/python3.12/site-packages/airflow/example_dags/example_sla_dag.py
[2024-07-11T18:05:58.456+0000] {processor.py:830} INFO - Processing file /home/airflow/.local/lib/python3.12/site-packages/airflow/example_dags/example_sla_dag.py for tasks to queue
[2024-07-11T18:05:58.460+0000] {logging_mixin.py:188} INFO - [2024-07-11T18:05:58.459+0000] {dagbag.py:545} INFO - Filling up the DagBag from /home/airflow/.local/lib/python3.12/site-packages/airflow/example_dags/example_sla_dag.py
[2024-07-11T18:05:58.475+0000] {processor.py:840} INFO - DAG(s) 'example_sla_dag' retrieved from /home/airflow/.local/lib/python3.12/site-packages/airflow/example_dags/example_sla_dag.py
[2024-07-11T18:05:58.505+0000] {logging_mixin.py:188} INFO - [2024-07-11T18:05:58.504+0000] {dag.py:3096} INFO - Sync 1 DAGs
[2024-07-11T18:05:58.546+0000] {logging_mixin.py:188} INFO - [2024-07-11T18:05:58.546+0000] {dag.py:3954} INFO - Setting next_dagrun for example_sla_dag to 2024-07-11 18:02:00+00:00, run_after=2024-07-11 18:04:00+00:00
[2024-07-11T18:05:58.581+0000] {processor.py:183} INFO - Processing /home/airflow/.local/lib/python3.12/site-packages/airflow/example_dags/example_sla_dag.py took 0.136 seconds
[2024-07-11T18:06:29.417+0000] {processor.py:161} INFO - Started process (PID=1070) to work on /home/airflow/.local/lib/python3.12/site-packages/airflow/example_dags/example_sla_dag.py
[2024-07-11T18:06:29.418+0000] {processor.py:830} INFO - Processing file /home/airflow/.local/lib/python3.12/site-packages/airflow/example_dags/example_sla_dag.py for tasks to queue
[2024-07-11T18:06:29.421+0000] {logging_mixin.py:188} INFO - [2024-07-11T18:06:29.420+0000] {dagbag.py:545} INFO - Filling up the DagBag from /home/airflow/.local/lib/python3.12/site-packages/airflow/example_dags/example_sla_dag.py
[2024-07-11T18:06:29.430+0000] {processor.py:840} INFO - DAG(s) 'example_sla_dag' retrieved from /home/airflow/.local/lib/python3.12/site-packages/airflow/example_dags/example_sla_dag.py
[2024-07-11T18:06:29.451+0000] {logging_mixin.py:188} INFO - [2024-07-11T18:06:29.451+0000] {dag.py:3096} INFO - Sync 1 DAGs
[2024-07-11T18:06:29.482+0000] {logging_mixin.py:188} INFO - [2024-07-11T18:06:29.482+0000] {dag.py:3954} INFO - Setting next_dagrun for example_sla_dag to 2024-07-11 18:04:00+00:00, run_after=2024-07-11 18:06:00+00:00
[2024-07-11T18:06:29.506+0000] {processor.py:183} INFO - Processing /home/airflow/.local/lib/python3.12/site-packages/airflow/example_dags/example_sla_dag.py took 0.096 seconds
[2024-07-11T18:06:59.714+0000] {processor.py:161} INFO - Started process (PID=1128) to work on /home/airflow/.local/lib/python3.12/site-packages/airflow/example_dags/example_sla_dag.py
[2024-07-11T18:06:59.715+0000] {processor.py:830} INFO - Processing file /home/airflow/.local/lib/python3.12/site-packages/airflow/example_dags/example_sla_dag.py for tasks to queue
[2024-07-11T18:06:59.718+0000] {logging_mixin.py:188} INFO - [2024-07-11T18:06:59.717+0000] {dagbag.py:545} INFO - Filling up the DagBag from /home/airflow/.local/lib/python3.12/site-packages/airflow/example_dags/example_sla_dag.py
[2024-07-11T18:06:59.729+0000] {processor.py:840} INFO - DAG(s) 'example_sla_dag' retrieved from /home/airflow/.local/lib/python3.12/site-packages/airflow/example_dags/example_sla_dag.py
[2024-07-11T18:06:59.753+0000] {logging_mixin.py:188} INFO - [2024-07-11T18:06:59.752+0000] {dag.py:3096} INFO - Sync 1 DAGs
[2024-07-11T18:06:59.783+0000] {logging_mixin.py:188} INFO - [2024-07-11T18:06:59.782+0000] {dag.py:3954} INFO - Setting next_dagrun for example_sla_dag to 2024-07-11 18:04:00+00:00, run_after=2024-07-11 18:06:00+00:00
[2024-07-11T18:06:59.810+0000] {processor.py:183} INFO - Processing /home/airflow/.local/lib/python3.12/site-packages/airflow/example_dags/example_sla_dag.py took 0.104 seconds
[2024-07-11T18:07:30.730+0000] {processor.py:161} INFO - Started process (PID=1187) to work on /home/airflow/.local/lib/python3.12/site-packages/airflow/example_dags/example_sla_dag.py
[2024-07-11T18:07:30.731+0000] {processor.py:830} INFO - Processing file /home/airflow/.local/lib/python3.12/site-packages/airflow/example_dags/example_sla_dag.py for tasks to queue
[2024-07-11T18:07:30.732+0000] {logging_mixin.py:188} INFO - [2024-07-11T18:07:30.732+0000] {dagbag.py:545} INFO - Filling up the DagBag from /home/airflow/.local/lib/python3.12/site-packages/airflow/example_dags/example_sla_dag.py
[2024-07-11T18:07:30.741+0000] {processor.py:840} INFO - DAG(s) 'example_sla_dag' retrieved from /home/airflow/.local/lib/python3.12/site-packages/airflow/example_dags/example_sla_dag.py
[2024-07-11T18:07:30.760+0000] {logging_mixin.py:188} INFO - [2024-07-11T18:07:30.760+0000] {dag.py:3096} INFO - Sync 1 DAGs
[2024-07-11T18:07:30.784+0000] {logging_mixin.py:188} INFO - [2024-07-11T18:07:30.784+0000] {dag.py:3954} INFO - Setting next_dagrun for example_sla_dag to 2024-07-11 18:04:00+00:00, run_after=2024-07-11 18:06:00+00:00
[2024-07-11T18:07:30.808+0000] {processor.py:183} INFO - Processing /home/airflow/.local/lib/python3.12/site-packages/airflow/example_dags/example_sla_dag.py took 0.084 seconds
[2024-07-11T18:08:01.310+0000] {processor.py:161} INFO - Started process (PID=1245) to work on /home/airflow/.local/lib/python3.12/site-packages/airflow/example_dags/example_sla_dag.py
[2024-07-11T18:08:01.311+0000] {processor.py:830} INFO - Processing file /home/airflow/.local/lib/python3.12/site-packages/airflow/example_dags/example_sla_dag.py for tasks to queue
[2024-07-11T18:08:01.313+0000] {logging_mixin.py:188} INFO - [2024-07-11T18:08:01.312+0000] {dagbag.py:545} INFO - Filling up the DagBag from /home/airflow/.local/lib/python3.12/site-packages/airflow/example_dags/example_sla_dag.py
[2024-07-11T18:08:01.322+0000] {processor.py:840} INFO - DAG(s) 'example_sla_dag' retrieved from /home/airflow/.local/lib/python3.12/site-packages/airflow/example_dags/example_sla_dag.py
[2024-07-11T18:08:01.342+0000] {logging_mixin.py:188} INFO - [2024-07-11T18:08:01.342+0000] {dag.py:3096} INFO - Sync 1 DAGs
[2024-07-11T18:08:01.373+0000] {logging_mixin.py:188} INFO - [2024-07-11T18:08:01.373+0000] {dag.py:3954} INFO - Setting next_dagrun for example_sla_dag to 2024-07-11 18:06:00+00:00, run_after=2024-07-11 18:08:00+00:00
[2024-07-11T18:08:01.401+0000] {processor.py:183} INFO - Processing /home/airflow/.local/lib/python3.12/site-packages/airflow/example_dags/example_sla_dag.py took 0.098 seconds
[2024-07-11T18:08:31.757+0000] {processor.py:161} INFO - Started process (PID=1303) to work on /home/airflow/.local/lib/python3.12/site-packages/airflow/example_dags/example_sla_dag.py
[2024-07-11T18:08:31.758+0000] {processor.py:830} INFO - Processing file /home/airflow/.local/lib/python3.12/site-packages/airflow/example_dags/example_sla_dag.py for tasks to queue
[2024-07-11T18:08:31.761+0000] {logging_mixin.py:188} INFO - [2024-07-11T18:08:31.760+0000] {dagbag.py:545} INFO - Filling up the DagBag from /home/airflow/.local/lib/python3.12/site-packages/airflow/example_dags/example_sla_dag.py
[2024-07-11T18:08:31.769+0000] {processor.py:840} INFO - DAG(s) 'example_sla_dag' retrieved from /home/airflow/.local/lib/python3.12/site-packages/airflow/example_dags/example_sla_dag.py
[2024-07-11T18:08:31.791+0000] {logging_mixin.py:188} INFO - [2024-07-11T18:08:31.790+0000] {dag.py:3096} INFO - Sync 1 DAGs
[2024-07-11T18:08:31.822+0000] {logging_mixin.py:188} INFO - [2024-07-11T18:08:31.822+0000] {dag.py:3954} INFO - Setting next_dagrun for example_sla_dag to 2024-07-11 18:06:00+00:00, run_after=2024-07-11 18:08:00+00:00
[2024-07-11T18:08:31.851+0000] {processor.py:183} INFO - Processing /home/airflow/.local/lib/python3.12/site-packages/airflow/example_dags/example_sla_dag.py took 0.101 seconds
[2024-07-11T18:09:02.294+0000] {processor.py:161} INFO - Started process (PID=1361) to work on /home/airflow/.local/lib/python3.12/site-packages/airflow/example_dags/example_sla_dag.py
[2024-07-11T18:09:02.296+0000] {processor.py:830} INFO - Processing file /home/airflow/.local/lib/python3.12/site-packages/airflow/example_dags/example_sla_dag.py for tasks to queue
[2024-07-11T18:09:02.299+0000] {logging_mixin.py:188} INFO - [2024-07-11T18:09:02.298+0000] {dagbag.py:545} INFO - Filling up the DagBag from /home/airflow/.local/lib/python3.12/site-packages/airflow/example_dags/example_sla_dag.py
[2024-07-11T18:09:02.310+0000] {processor.py:840} INFO - DAG(s) 'example_sla_dag' retrieved from /home/airflow/.local/lib/python3.12/site-packages/airflow/example_dags/example_sla_dag.py
[2024-07-11T18:09:02.338+0000] {logging_mixin.py:188} INFO - [2024-07-11T18:09:02.337+0000] {dag.py:3096} INFO - Sync 1 DAGs
[2024-07-11T18:09:02.377+0000] {logging_mixin.py:188} INFO - [2024-07-11T18:09:02.377+0000] {dag.py:3954} INFO - Setting next_dagrun for example_sla_dag to 2024-07-11 18:06:00+00:00, run_after=2024-07-11 18:08:00+00:00
[2024-07-11T18:09:02.409+0000] {processor.py:183} INFO - Processing /home/airflow/.local/lib/python3.12/site-packages/airflow/example_dags/example_sla_dag.py took 0.124 seconds
