[2024-07-11T17:57:55.446+0000] {processor.py:161} INFO - Started process (PID=109) to work on /home/airflow/.local/lib/python3.12/site-packages/airflow/example_dags/example_sensor_decorator.py
[2024-07-11T17:57:55.448+0000] {processor.py:830} INFO - Processing file /home/airflow/.local/lib/python3.12/site-packages/airflow/example_dags/example_sensor_decorator.py for tasks to queue
[2024-07-11T17:57:55.451+0000] {logging_mixin.py:188} INFO - [2024-07-11T17:57:55.451+0000] {dagbag.py:545} INFO - Filling up the DagBag from /home/airflow/.local/lib/python3.12/site-packages/airflow/example_dags/example_sensor_decorator.py
[2024-07-11T17:57:55.462+0000] {processor.py:840} INFO - DAG(s) 'example_sensor_decorator' retrieved from /home/airflow/.local/lib/python3.12/site-packages/airflow/example_dags/example_sensor_decorator.py
[2024-07-11T17:57:55.664+0000] {logging_mixin.py:188} INFO - [2024-07-11T17:57:55.663+0000] {dag.py:3096} INFO - Sync 1 DAGs
[2024-07-11T17:57:55.680+0000] {logging_mixin.py:188} INFO - [2024-07-11T17:57:55.680+0000] {dag.py:3954} INFO - Setting next_dagrun for example_sensor_decorator to None, run_after=None
[2024-07-11T17:57:55.712+0000] {processor.py:183} INFO - Processing /home/airflow/.local/lib/python3.12/site-packages/airflow/example_dags/example_sensor_decorator.py took 0.275 seconds
[2024-07-11T17:58:26.388+0000] {processor.py:161} INFO - Started process (PID=167) to work on /home/airflow/.local/lib/python3.12/site-packages/airflow/example_dags/example_sensor_decorator.py
[2024-07-11T17:58:26.389+0000] {processor.py:830} INFO - Processing file /home/airflow/.local/lib/python3.12/site-packages/airflow/example_dags/example_sensor_decorator.py for tasks to queue
[2024-07-11T17:58:26.391+0000] {logging_mixin.py:188} INFO - [2024-07-11T17:58:26.391+0000] {dagbag.py:545} INFO - Filling up the DagBag from /home/airflow/.local/lib/python3.12/site-packages/airflow/example_dags/example_sensor_decorator.py
[2024-07-11T17:58:26.399+0000] {processor.py:840} INFO - DAG(s) 'example_sensor_decorator' retrieved from /home/airflow/.local/lib/python3.12/site-packages/airflow/example_dags/example_sensor_decorator.py
[2024-07-11T17:58:26.423+0000] {logging_mixin.py:188} INFO - [2024-07-11T17:58:26.423+0000] {dag.py:3096} INFO - Sync 1 DAGs
[2024-07-11T17:58:26.440+0000] {logging_mixin.py:188} INFO - [2024-07-11T17:58:26.440+0000] {dag.py:3954} INFO - Setting next_dagrun for example_sensor_decorator to None, run_after=None
[2024-07-11T17:58:26.478+0000] {processor.py:183} INFO - Processing /home/airflow/.local/lib/python3.12/site-packages/airflow/example_dags/example_sensor_decorator.py took 0.099 seconds
[2024-07-11T17:58:56.686+0000] {processor.py:161} INFO - Started process (PID=224) to work on /home/airflow/.local/lib/python3.12/site-packages/airflow/example_dags/example_sensor_decorator.py
[2024-07-11T17:58:56.688+0000] {processor.py:830} INFO - Processing file /home/airflow/.local/lib/python3.12/site-packages/airflow/example_dags/example_sensor_decorator.py for tasks to queue
[2024-07-11T17:58:56.691+0000] {logging_mixin.py:188} INFO - [2024-07-11T17:58:56.690+0000] {dagbag.py:545} INFO - Filling up the DagBag from /home/airflow/.local/lib/python3.12/site-packages/airflow/example_dags/example_sensor_decorator.py
[2024-07-11T17:58:56.699+0000] {processor.py:840} INFO - DAG(s) 'example_sensor_decorator' retrieved from /home/airflow/.local/lib/python3.12/site-packages/airflow/example_dags/example_sensor_decorator.py
[2024-07-11T17:58:56.721+0000] {logging_mixin.py:188} INFO - [2024-07-11T17:58:56.721+0000] {dag.py:3096} INFO - Sync 1 DAGs
[2024-07-11T17:58:56.738+0000] {logging_mixin.py:188} INFO - [2024-07-11T17:58:56.738+0000] {dag.py:3954} INFO - Setting next_dagrun for example_sensor_decorator to None, run_after=None
[2024-07-11T17:58:56.773+0000] {processor.py:183} INFO - Processing /home/airflow/.local/lib/python3.12/site-packages/airflow/example_dags/example_sensor_decorator.py took 0.095 seconds
[2024-07-11T17:59:27.180+0000] {processor.py:161} INFO - Started process (PID=283) to work on /home/airflow/.local/lib/python3.12/site-packages/airflow/example_dags/example_sensor_decorator.py
[2024-07-11T17:59:27.181+0000] {processor.py:830} INFO - Processing file /home/airflow/.local/lib/python3.12/site-packages/airflow/example_dags/example_sensor_decorator.py for tasks to queue
[2024-07-11T17:59:27.184+0000] {logging_mixin.py:188} INFO - [2024-07-11T17:59:27.183+0000] {dagbag.py:545} INFO - Filling up the DagBag from /home/airflow/.local/lib/python3.12/site-packages/airflow/example_dags/example_sensor_decorator.py
[2024-07-11T17:59:27.191+0000] {processor.py:840} INFO - DAG(s) 'example_sensor_decorator' retrieved from /home/airflow/.local/lib/python3.12/site-packages/airflow/example_dags/example_sensor_decorator.py
[2024-07-11T17:59:27.211+0000] {logging_mixin.py:188} INFO - [2024-07-11T17:59:27.211+0000] {dag.py:3096} INFO - Sync 1 DAGs
[2024-07-11T17:59:27.226+0000] {logging_mixin.py:188} INFO - [2024-07-11T17:59:27.226+0000] {dag.py:3954} INFO - Setting next_dagrun for example_sensor_decorator to None, run_after=None
[2024-07-11T17:59:27.253+0000] {processor.py:183} INFO - Processing /home/airflow/.local/lib/python3.12/site-packages/airflow/example_dags/example_sensor_decorator.py took 0.079 seconds
[2024-07-11T17:59:57.701+0000] {processor.py:161} INFO - Started process (PID=341) to work on /home/airflow/.local/lib/python3.12/site-packages/airflow/example_dags/example_sensor_decorator.py
[2024-07-11T17:59:57.703+0000] {processor.py:830} INFO - Processing file /home/airflow/.local/lib/python3.12/site-packages/airflow/example_dags/example_sensor_decorator.py for tasks to queue
[2024-07-11T17:59:57.705+0000] {logging_mixin.py:188} INFO - [2024-07-11T17:59:57.705+0000] {dagbag.py:545} INFO - Filling up the DagBag from /home/airflow/.local/lib/python3.12/site-packages/airflow/example_dags/example_sensor_decorator.py
[2024-07-11T17:59:57.717+0000] {processor.py:840} INFO - DAG(s) 'example_sensor_decorator' retrieved from /home/airflow/.local/lib/python3.12/site-packages/airflow/example_dags/example_sensor_decorator.py
[2024-07-11T17:59:57.741+0000] {logging_mixin.py:188} INFO - [2024-07-11T17:59:57.741+0000] {dag.py:3096} INFO - Sync 1 DAGs
[2024-07-11T17:59:57.758+0000] {logging_mixin.py:188} INFO - [2024-07-11T17:59:57.757+0000] {dag.py:3954} INFO - Setting next_dagrun for example_sensor_decorator to None, run_after=None
[2024-07-11T17:59:57.785+0000] {processor.py:183} INFO - Processing /home/airflow/.local/lib/python3.12/site-packages/airflow/example_dags/example_sensor_decorator.py took 0.093 seconds
[2024-07-11T18:00:28.189+0000] {processor.py:161} INFO - Started process (PID=399) to work on /home/airflow/.local/lib/python3.12/site-packages/airflow/example_dags/example_sensor_decorator.py
[2024-07-11T18:00:28.190+0000] {processor.py:830} INFO - Processing file /home/airflow/.local/lib/python3.12/site-packages/airflow/example_dags/example_sensor_decorator.py for tasks to queue
[2024-07-11T18:00:28.193+0000] {logging_mixin.py:188} INFO - [2024-07-11T18:00:28.193+0000] {dagbag.py:545} INFO - Filling up the DagBag from /home/airflow/.local/lib/python3.12/site-packages/airflow/example_dags/example_sensor_decorator.py
[2024-07-11T18:00:28.203+0000] {processor.py:840} INFO - DAG(s) 'example_sensor_decorator' retrieved from /home/airflow/.local/lib/python3.12/site-packages/airflow/example_dags/example_sensor_decorator.py
[2024-07-11T18:00:28.229+0000] {logging_mixin.py:188} INFO - [2024-07-11T18:00:28.229+0000] {dag.py:3096} INFO - Sync 1 DAGs
[2024-07-11T18:00:28.252+0000] {logging_mixin.py:188} INFO - [2024-07-11T18:00:28.252+0000] {dag.py:3954} INFO - Setting next_dagrun for example_sensor_decorator to None, run_after=None
[2024-07-11T18:00:28.281+0000] {processor.py:183} INFO - Processing /home/airflow/.local/lib/python3.12/site-packages/airflow/example_dags/example_sensor_decorator.py took 0.101 seconds
[2024-07-11T18:00:59.195+0000] {processor.py:161} INFO - Started process (PID=457) to work on /home/airflow/.local/lib/python3.12/site-packages/airflow/example_dags/example_sensor_decorator.py
[2024-07-11T18:00:59.196+0000] {processor.py:830} INFO - Processing file /home/airflow/.local/lib/python3.12/site-packages/airflow/example_dags/example_sensor_decorator.py for tasks to queue
[2024-07-11T18:00:59.200+0000] {logging_mixin.py:188} INFO - [2024-07-11T18:00:59.199+0000] {dagbag.py:545} INFO - Filling up the DagBag from /home/airflow/.local/lib/python3.12/site-packages/airflow/example_dags/example_sensor_decorator.py
[2024-07-11T18:00:59.211+0000] {processor.py:840} INFO - DAG(s) 'example_sensor_decorator' retrieved from /home/airflow/.local/lib/python3.12/site-packages/airflow/example_dags/example_sensor_decorator.py
[2024-07-11T18:00:59.245+0000] {logging_mixin.py:188} INFO - [2024-07-11T18:00:59.245+0000] {dag.py:3096} INFO - Sync 1 DAGs
[2024-07-11T18:00:59.275+0000] {logging_mixin.py:188} INFO - [2024-07-11T18:00:59.275+0000] {dag.py:3954} INFO - Setting next_dagrun for example_sensor_decorator to None, run_after=None
[2024-07-11T18:00:59.319+0000] {processor.py:183} INFO - Processing /home/airflow/.local/lib/python3.12/site-packages/airflow/example_dags/example_sensor_decorator.py took 0.135 seconds
[2024-07-11T18:01:29.419+0000] {processor.py:161} INFO - Started process (PID=515) to work on /home/airflow/.local/lib/python3.12/site-packages/airflow/example_dags/example_sensor_decorator.py
[2024-07-11T18:01:29.421+0000] {processor.py:830} INFO - Processing file /home/airflow/.local/lib/python3.12/site-packages/airflow/example_dags/example_sensor_decorator.py for tasks to queue
[2024-07-11T18:01:29.423+0000] {logging_mixin.py:188} INFO - [2024-07-11T18:01:29.423+0000] {dagbag.py:545} INFO - Filling up the DagBag from /home/airflow/.local/lib/python3.12/site-packages/airflow/example_dags/example_sensor_decorator.py
[2024-07-11T18:01:29.431+0000] {processor.py:840} INFO - DAG(s) 'example_sensor_decorator' retrieved from /home/airflow/.local/lib/python3.12/site-packages/airflow/example_dags/example_sensor_decorator.py
[2024-07-11T18:01:29.460+0000] {logging_mixin.py:188} INFO - [2024-07-11T18:01:29.460+0000] {dag.py:3096} INFO - Sync 1 DAGs
[2024-07-11T18:01:29.481+0000] {logging_mixin.py:188} INFO - [2024-07-11T18:01:29.480+0000] {dag.py:3954} INFO - Setting next_dagrun for example_sensor_decorator to None, run_after=None
[2024-07-11T18:01:29.512+0000] {processor.py:183} INFO - Processing /home/airflow/.local/lib/python3.12/site-packages/airflow/example_dags/example_sensor_decorator.py took 0.100 seconds
[2024-07-11T18:01:59.781+0000] {processor.py:161} INFO - Started process (PID=573) to work on /home/airflow/.local/lib/python3.12/site-packages/airflow/example_dags/example_sensor_decorator.py
[2024-07-11T18:01:59.782+0000] {processor.py:830} INFO - Processing file /home/airflow/.local/lib/python3.12/site-packages/airflow/example_dags/example_sensor_decorator.py for tasks to queue
[2024-07-11T18:01:59.785+0000] {logging_mixin.py:188} INFO - [2024-07-11T18:01:59.784+0000] {dagbag.py:545} INFO - Filling up the DagBag from /home/airflow/.local/lib/python3.12/site-packages/airflow/example_dags/example_sensor_decorator.py
[2024-07-11T18:01:59.793+0000] {processor.py:840} INFO - DAG(s) 'example_sensor_decorator' retrieved from /home/airflow/.local/lib/python3.12/site-packages/airflow/example_dags/example_sensor_decorator.py
[2024-07-11T18:01:59.821+0000] {logging_mixin.py:188} INFO - [2024-07-11T18:01:59.821+0000] {dag.py:3096} INFO - Sync 1 DAGs
[2024-07-11T18:01:59.840+0000] {logging_mixin.py:188} INFO - [2024-07-11T18:01:59.840+0000] {dag.py:3954} INFO - Setting next_dagrun for example_sensor_decorator to None, run_after=None
[2024-07-11T18:01:59.869+0000] {processor.py:183} INFO - Processing /home/airflow/.local/lib/python3.12/site-packages/airflow/example_dags/example_sensor_decorator.py took 0.095 seconds
[2024-07-11T18:02:30.559+0000] {processor.py:161} INFO - Started process (PID=631) to work on /home/airflow/.local/lib/python3.12/site-packages/airflow/example_dags/example_sensor_decorator.py
[2024-07-11T18:02:30.560+0000] {processor.py:830} INFO - Processing file /home/airflow/.local/lib/python3.12/site-packages/airflow/example_dags/example_sensor_decorator.py for tasks to queue
[2024-07-11T18:02:30.563+0000] {logging_mixin.py:188} INFO - [2024-07-11T18:02:30.562+0000] {dagbag.py:545} INFO - Filling up the DagBag from /home/airflow/.local/lib/python3.12/site-packages/airflow/example_dags/example_sensor_decorator.py
[2024-07-11T18:02:30.571+0000] {processor.py:840} INFO - DAG(s) 'example_sensor_decorator' retrieved from /home/airflow/.local/lib/python3.12/site-packages/airflow/example_dags/example_sensor_decorator.py
[2024-07-11T18:02:30.598+0000] {logging_mixin.py:188} INFO - [2024-07-11T18:02:30.598+0000] {dag.py:3096} INFO - Sync 1 DAGs
[2024-07-11T18:02:30.617+0000] {logging_mixin.py:188} INFO - [2024-07-11T18:02:30.617+0000] {dag.py:3954} INFO - Setting next_dagrun for example_sensor_decorator to None, run_after=None
[2024-07-11T18:02:30.655+0000] {processor.py:183} INFO - Processing /home/airflow/.local/lib/python3.12/site-packages/airflow/example_dags/example_sensor_decorator.py took 0.104 seconds
[2024-07-11T18:03:00.774+0000] {processor.py:161} INFO - Started process (PID=689) to work on /home/airflow/.local/lib/python3.12/site-packages/airflow/example_dags/example_sensor_decorator.py
[2024-07-11T18:03:00.776+0000] {processor.py:830} INFO - Processing file /home/airflow/.local/lib/python3.12/site-packages/airflow/example_dags/example_sensor_decorator.py for tasks to queue
[2024-07-11T18:03:00.778+0000] {logging_mixin.py:188} INFO - [2024-07-11T18:03:00.778+0000] {dagbag.py:545} INFO - Filling up the DagBag from /home/airflow/.local/lib/python3.12/site-packages/airflow/example_dags/example_sensor_decorator.py
[2024-07-11T18:03:00.786+0000] {processor.py:840} INFO - DAG(s) 'example_sensor_decorator' retrieved from /home/airflow/.local/lib/python3.12/site-packages/airflow/example_dags/example_sensor_decorator.py
[2024-07-11T18:03:00.812+0000] {logging_mixin.py:188} INFO - [2024-07-11T18:03:00.812+0000] {dag.py:3096} INFO - Sync 1 DAGs
[2024-07-11T18:03:00.835+0000] {logging_mixin.py:188} INFO - [2024-07-11T18:03:00.835+0000] {dag.py:3954} INFO - Setting next_dagrun for example_sensor_decorator to None, run_after=None
[2024-07-11T18:03:00.865+0000] {processor.py:183} INFO - Processing /home/airflow/.local/lib/python3.12/site-packages/airflow/example_dags/example_sensor_decorator.py took 0.099 seconds
[2024-07-11T18:03:31.433+0000] {processor.py:161} INFO - Started process (PID=747) to work on /home/airflow/.local/lib/python3.12/site-packages/airflow/example_dags/example_sensor_decorator.py
[2024-07-11T18:03:31.434+0000] {processor.py:830} INFO - Processing file /home/airflow/.local/lib/python3.12/site-packages/airflow/example_dags/example_sensor_decorator.py for tasks to queue
[2024-07-11T18:03:31.437+0000] {logging_mixin.py:188} INFO - [2024-07-11T18:03:31.437+0000] {dagbag.py:545} INFO - Filling up the DagBag from /home/airflow/.local/lib/python3.12/site-packages/airflow/example_dags/example_sensor_decorator.py
[2024-07-11T18:03:31.446+0000] {processor.py:840} INFO - DAG(s) 'example_sensor_decorator' retrieved from /home/airflow/.local/lib/python3.12/site-packages/airflow/example_dags/example_sensor_decorator.py
[2024-07-11T18:03:31.471+0000] {logging_mixin.py:188} INFO - [2024-07-11T18:03:31.471+0000] {dag.py:3096} INFO - Sync 1 DAGs
[2024-07-11T18:03:31.489+0000] {logging_mixin.py:188} INFO - [2024-07-11T18:03:31.489+0000] {dag.py:3954} INFO - Setting next_dagrun for example_sensor_decorator to None, run_after=None
[2024-07-11T18:03:31.518+0000] {processor.py:183} INFO - Processing /home/airflow/.local/lib/python3.12/site-packages/airflow/example_dags/example_sensor_decorator.py took 0.094 seconds
[2024-07-11T18:04:01.637+0000] {processor.py:161} INFO - Started process (PID=805) to work on /home/airflow/.local/lib/python3.12/site-packages/airflow/example_dags/example_sensor_decorator.py
[2024-07-11T18:04:01.638+0000] {processor.py:830} INFO - Processing file /home/airflow/.local/lib/python3.12/site-packages/airflow/example_dags/example_sensor_decorator.py for tasks to queue
[2024-07-11T18:04:01.641+0000] {logging_mixin.py:188} INFO - [2024-07-11T18:04:01.641+0000] {dagbag.py:545} INFO - Filling up the DagBag from /home/airflow/.local/lib/python3.12/site-packages/airflow/example_dags/example_sensor_decorator.py
[2024-07-11T18:04:01.651+0000] {processor.py:840} INFO - DAG(s) 'example_sensor_decorator' retrieved from /home/airflow/.local/lib/python3.12/site-packages/airflow/example_dags/example_sensor_decorator.py
[2024-07-11T18:04:01.685+0000] {logging_mixin.py:188} INFO - [2024-07-11T18:04:01.685+0000] {dag.py:3096} INFO - Sync 1 DAGs
[2024-07-11T18:04:01.710+0000] {logging_mixin.py:188} INFO - [2024-07-11T18:04:01.710+0000] {dag.py:3954} INFO - Setting next_dagrun for example_sensor_decorator to None, run_after=None
[2024-07-11T18:04:01.748+0000] {processor.py:183} INFO - Processing /home/airflow/.local/lib/python3.12/site-packages/airflow/example_dags/example_sensor_decorator.py took 0.121 seconds
[2024-07-11T18:04:32.037+0000] {processor.py:161} INFO - Started process (PID=863) to work on /home/airflow/.local/lib/python3.12/site-packages/airflow/example_dags/example_sensor_decorator.py
[2024-07-11T18:04:32.038+0000] {processor.py:830} INFO - Processing file /home/airflow/.local/lib/python3.12/site-packages/airflow/example_dags/example_sensor_decorator.py for tasks to queue
[2024-07-11T18:04:32.040+0000] {logging_mixin.py:188} INFO - [2024-07-11T18:04:32.040+0000] {dagbag.py:545} INFO - Filling up the DagBag from /home/airflow/.local/lib/python3.12/site-packages/airflow/example_dags/example_sensor_decorator.py
[2024-07-11T18:04:32.047+0000] {processor.py:840} INFO - DAG(s) 'example_sensor_decorator' retrieved from /home/airflow/.local/lib/python3.12/site-packages/airflow/example_dags/example_sensor_decorator.py
[2024-07-11T18:04:32.070+0000] {logging_mixin.py:188} INFO - [2024-07-11T18:04:32.070+0000] {dag.py:3096} INFO - Sync 1 DAGs
[2024-07-11T18:04:32.088+0000] {logging_mixin.py:188} INFO - [2024-07-11T18:04:32.088+0000] {dag.py:3954} INFO - Setting next_dagrun for example_sensor_decorator to None, run_after=None
[2024-07-11T18:04:32.115+0000] {processor.py:183} INFO - Processing /home/airflow/.local/lib/python3.12/site-packages/airflow/example_dags/example_sensor_decorator.py took 0.085 seconds
[2024-07-11T18:05:02.207+0000] {processor.py:161} INFO - Started process (PID=921) to work on /home/airflow/.local/lib/python3.12/site-packages/airflow/example_dags/example_sensor_decorator.py
[2024-07-11T18:05:02.208+0000] {processor.py:830} INFO - Processing file /home/airflow/.local/lib/python3.12/site-packages/airflow/example_dags/example_sensor_decorator.py for tasks to queue
[2024-07-11T18:05:02.211+0000] {logging_mixin.py:188} INFO - [2024-07-11T18:05:02.210+0000] {dagbag.py:545} INFO - Filling up the DagBag from /home/airflow/.local/lib/python3.12/site-packages/airflow/example_dags/example_sensor_decorator.py
[2024-07-11T18:05:02.219+0000] {processor.py:840} INFO - DAG(s) 'example_sensor_decorator' retrieved from /home/airflow/.local/lib/python3.12/site-packages/airflow/example_dags/example_sensor_decorator.py
[2024-07-11T18:05:02.244+0000] {logging_mixin.py:188} INFO - [2024-07-11T18:05:02.244+0000] {dag.py:3096} INFO - Sync 1 DAGs
[2024-07-11T18:05:02.263+0000] {logging_mixin.py:188} INFO - [2024-07-11T18:05:02.263+0000] {dag.py:3954} INFO - Setting next_dagrun for example_sensor_decorator to None, run_after=None
[2024-07-11T18:05:02.292+0000] {processor.py:183} INFO - Processing /home/airflow/.local/lib/python3.12/site-packages/airflow/example_dags/example_sensor_decorator.py took 0.093 seconds
[2024-07-11T18:05:33.119+0000] {processor.py:161} INFO - Started process (PID=980) to work on /home/airflow/.local/lib/python3.12/site-packages/airflow/example_dags/example_sensor_decorator.py
[2024-07-11T18:05:33.121+0000] {processor.py:830} INFO - Processing file /home/airflow/.local/lib/python3.12/site-packages/airflow/example_dags/example_sensor_decorator.py for tasks to queue
[2024-07-11T18:05:33.123+0000] {logging_mixin.py:188} INFO - [2024-07-11T18:05:33.123+0000] {dagbag.py:545} INFO - Filling up the DagBag from /home/airflow/.local/lib/python3.12/site-packages/airflow/example_dags/example_sensor_decorator.py
[2024-07-11T18:05:33.131+0000] {processor.py:840} INFO - DAG(s) 'example_sensor_decorator' retrieved from /home/airflow/.local/lib/python3.12/site-packages/airflow/example_dags/example_sensor_decorator.py
[2024-07-11T18:05:33.159+0000] {logging_mixin.py:188} INFO - [2024-07-11T18:05:33.158+0000] {dag.py:3096} INFO - Sync 1 DAGs
[2024-07-11T18:05:33.177+0000] {logging_mixin.py:188} INFO - [2024-07-11T18:05:33.177+0000] {dag.py:3954} INFO - Setting next_dagrun for example_sensor_decorator to None, run_after=None
[2024-07-11T18:05:33.210+0000] {processor.py:183} INFO - Processing /home/airflow/.local/lib/python3.12/site-packages/airflow/example_dags/example_sensor_decorator.py took 0.098 seconds
[2024-07-11T18:06:03.779+0000] {processor.py:161} INFO - Started process (PID=1038) to work on /home/airflow/.local/lib/python3.12/site-packages/airflow/example_dags/example_sensor_decorator.py
[2024-07-11T18:06:03.781+0000] {processor.py:830} INFO - Processing file /home/airflow/.local/lib/python3.12/site-packages/airflow/example_dags/example_sensor_decorator.py for tasks to queue
[2024-07-11T18:06:03.783+0000] {logging_mixin.py:188} INFO - [2024-07-11T18:06:03.783+0000] {dagbag.py:545} INFO - Filling up the DagBag from /home/airflow/.local/lib/python3.12/site-packages/airflow/example_dags/example_sensor_decorator.py
[2024-07-11T18:06:03.792+0000] {processor.py:840} INFO - DAG(s) 'example_sensor_decorator' retrieved from /home/airflow/.local/lib/python3.12/site-packages/airflow/example_dags/example_sensor_decorator.py
[2024-07-11T18:06:03.819+0000] {logging_mixin.py:188} INFO - [2024-07-11T18:06:03.819+0000] {dag.py:3096} INFO - Sync 1 DAGs
[2024-07-11T18:06:03.838+0000] {logging_mixin.py:188} INFO - [2024-07-11T18:06:03.838+0000] {dag.py:3954} INFO - Setting next_dagrun for example_sensor_decorator to None, run_after=None
[2024-07-11T18:06:03.866+0000] {processor.py:183} INFO - Processing /home/airflow/.local/lib/python3.12/site-packages/airflow/example_dags/example_sensor_decorator.py took 0.094 seconds
[2024-07-11T18:06:34.952+0000] {processor.py:161} INFO - Started process (PID=1096) to work on /home/airflow/.local/lib/python3.12/site-packages/airflow/example_dags/example_sensor_decorator.py
[2024-07-11T18:06:34.954+0000] {processor.py:830} INFO - Processing file /home/airflow/.local/lib/python3.12/site-packages/airflow/example_dags/example_sensor_decorator.py for tasks to queue
[2024-07-11T18:06:34.957+0000] {logging_mixin.py:188} INFO - [2024-07-11T18:06:34.956+0000] {dagbag.py:545} INFO - Filling up the DagBag from /home/airflow/.local/lib/python3.12/site-packages/airflow/example_dags/example_sensor_decorator.py
[2024-07-11T18:06:34.965+0000] {processor.py:840} INFO - DAG(s) 'example_sensor_decorator' retrieved from /home/airflow/.local/lib/python3.12/site-packages/airflow/example_dags/example_sensor_decorator.py
[2024-07-11T18:06:34.997+0000] {logging_mixin.py:188} INFO - [2024-07-11T18:06:34.997+0000] {dag.py:3096} INFO - Sync 1 DAGs
[2024-07-11T18:06:35.032+0000] {logging_mixin.py:188} INFO - [2024-07-11T18:06:35.032+0000] {dag.py:3954} INFO - Setting next_dagrun for example_sensor_decorator to None, run_after=None
[2024-07-11T18:06:35.073+0000] {processor.py:183} INFO - Processing /home/airflow/.local/lib/python3.12/site-packages/airflow/example_dags/example_sensor_decorator.py took 0.131 seconds
[2024-07-11T18:07:05.902+0000] {processor.py:161} INFO - Started process (PID=1154) to work on /home/airflow/.local/lib/python3.12/site-packages/airflow/example_dags/example_sensor_decorator.py
[2024-07-11T18:07:05.903+0000] {processor.py:830} INFO - Processing file /home/airflow/.local/lib/python3.12/site-packages/airflow/example_dags/example_sensor_decorator.py for tasks to queue
[2024-07-11T18:07:05.906+0000] {logging_mixin.py:188} INFO - [2024-07-11T18:07:05.905+0000] {dagbag.py:545} INFO - Filling up the DagBag from /home/airflow/.local/lib/python3.12/site-packages/airflow/example_dags/example_sensor_decorator.py
[2024-07-11T18:07:05.914+0000] {processor.py:840} INFO - DAG(s) 'example_sensor_decorator' retrieved from /home/airflow/.local/lib/python3.12/site-packages/airflow/example_dags/example_sensor_decorator.py
[2024-07-11T18:07:05.942+0000] {logging_mixin.py:188} INFO - [2024-07-11T18:07:05.942+0000] {dag.py:3096} INFO - Sync 1 DAGs
[2024-07-11T18:07:05.968+0000] {logging_mixin.py:188} INFO - [2024-07-11T18:07:05.968+0000] {dag.py:3954} INFO - Setting next_dagrun for example_sensor_decorator to None, run_after=None
[2024-07-11T18:07:06.002+0000] {processor.py:183} INFO - Processing /home/airflow/.local/lib/python3.12/site-packages/airflow/example_dags/example_sensor_decorator.py took 0.108 seconds
[2024-07-11T18:07:36.635+0000] {processor.py:161} INFO - Started process (PID=1213) to work on /home/airflow/.local/lib/python3.12/site-packages/airflow/example_dags/example_sensor_decorator.py
[2024-07-11T18:07:36.636+0000] {processor.py:830} INFO - Processing file /home/airflow/.local/lib/python3.12/site-packages/airflow/example_dags/example_sensor_decorator.py for tasks to queue
[2024-07-11T18:07:36.640+0000] {logging_mixin.py:188} INFO - [2024-07-11T18:07:36.639+0000] {dagbag.py:545} INFO - Filling up the DagBag from /home/airflow/.local/lib/python3.12/site-packages/airflow/example_dags/example_sensor_decorator.py
[2024-07-11T18:07:36.649+0000] {processor.py:840} INFO - DAG(s) 'example_sensor_decorator' retrieved from /home/airflow/.local/lib/python3.12/site-packages/airflow/example_dags/example_sensor_decorator.py
[2024-07-11T18:07:36.673+0000] {logging_mixin.py:188} INFO - [2024-07-11T18:07:36.673+0000] {dag.py:3096} INFO - Sync 1 DAGs
[2024-07-11T18:07:36.690+0000] {logging_mixin.py:188} INFO - [2024-07-11T18:07:36.690+0000] {dag.py:3954} INFO - Setting next_dagrun for example_sensor_decorator to None, run_after=None
[2024-07-11T18:07:36.723+0000] {processor.py:183} INFO - Processing /home/airflow/.local/lib/python3.12/site-packages/airflow/example_dags/example_sensor_decorator.py took 0.095 seconds
[2024-07-11T18:08:07.261+0000] {processor.py:161} INFO - Started process (PID=1271) to work on /home/airflow/.local/lib/python3.12/site-packages/airflow/example_dags/example_sensor_decorator.py
[2024-07-11T18:08:07.262+0000] {processor.py:830} INFO - Processing file /home/airflow/.local/lib/python3.12/site-packages/airflow/example_dags/example_sensor_decorator.py for tasks to queue
[2024-07-11T18:08:07.265+0000] {logging_mixin.py:188} INFO - [2024-07-11T18:08:07.265+0000] {dagbag.py:545} INFO - Filling up the DagBag from /home/airflow/.local/lib/python3.12/site-packages/airflow/example_dags/example_sensor_decorator.py
[2024-07-11T18:08:07.275+0000] {processor.py:840} INFO - DAG(s) 'example_sensor_decorator' retrieved from /home/airflow/.local/lib/python3.12/site-packages/airflow/example_dags/example_sensor_decorator.py
[2024-07-11T18:08:07.301+0000] {logging_mixin.py:188} INFO - [2024-07-11T18:08:07.301+0000] {dag.py:3096} INFO - Sync 1 DAGs
[2024-07-11T18:08:07.319+0000] {logging_mixin.py:188} INFO - [2024-07-11T18:08:07.319+0000] {dag.py:3954} INFO - Setting next_dagrun for example_sensor_decorator to None, run_after=None
[2024-07-11T18:08:07.351+0000] {processor.py:183} INFO - Processing /home/airflow/.local/lib/python3.12/site-packages/airflow/example_dags/example_sensor_decorator.py took 0.098 seconds
[2024-07-11T18:08:37.932+0000] {processor.py:161} INFO - Started process (PID=1329) to work on /home/airflow/.local/lib/python3.12/site-packages/airflow/example_dags/example_sensor_decorator.py
[2024-07-11T18:08:37.933+0000] {processor.py:830} INFO - Processing file /home/airflow/.local/lib/python3.12/site-packages/airflow/example_dags/example_sensor_decorator.py for tasks to queue
[2024-07-11T18:08:37.936+0000] {logging_mixin.py:188} INFO - [2024-07-11T18:08:37.935+0000] {dagbag.py:545} INFO - Filling up the DagBag from /home/airflow/.local/lib/python3.12/site-packages/airflow/example_dags/example_sensor_decorator.py
[2024-07-11T18:08:37.945+0000] {processor.py:840} INFO - DAG(s) 'example_sensor_decorator' retrieved from /home/airflow/.local/lib/python3.12/site-packages/airflow/example_dags/example_sensor_decorator.py
[2024-07-11T18:08:37.971+0000] {logging_mixin.py:188} INFO - [2024-07-11T18:08:37.970+0000] {dag.py:3096} INFO - Sync 1 DAGs
[2024-07-11T18:08:37.988+0000] {logging_mixin.py:188} INFO - [2024-07-11T18:08:37.988+0000] {dag.py:3954} INFO - Setting next_dagrun for example_sensor_decorator to None, run_after=None
[2024-07-11T18:08:38.019+0000] {processor.py:183} INFO - Processing /home/airflow/.local/lib/python3.12/site-packages/airflow/example_dags/example_sensor_decorator.py took 0.094 seconds
[2024-07-11T18:09:08.571+0000] {processor.py:161} INFO - Started process (PID=1387) to work on /home/airflow/.local/lib/python3.12/site-packages/airflow/example_dags/example_sensor_decorator.py
[2024-07-11T18:09:08.573+0000] {processor.py:830} INFO - Processing file /home/airflow/.local/lib/python3.12/site-packages/airflow/example_dags/example_sensor_decorator.py for tasks to queue
[2024-07-11T18:09:08.575+0000] {logging_mixin.py:188} INFO - [2024-07-11T18:09:08.575+0000] {dagbag.py:545} INFO - Filling up the DagBag from /home/airflow/.local/lib/python3.12/site-packages/airflow/example_dags/example_sensor_decorator.py
[2024-07-11T18:09:08.583+0000] {processor.py:840} INFO - DAG(s) 'example_sensor_decorator' retrieved from /home/airflow/.local/lib/python3.12/site-packages/airflow/example_dags/example_sensor_decorator.py
[2024-07-11T18:09:08.612+0000] {logging_mixin.py:188} INFO - [2024-07-11T18:09:08.612+0000] {dag.py:3096} INFO - Sync 1 DAGs
[2024-07-11T18:09:08.631+0000] {logging_mixin.py:188} INFO - [2024-07-11T18:09:08.631+0000] {dag.py:3954} INFO - Setting next_dagrun for example_sensor_decorator to None, run_after=None
[2024-07-11T18:09:08.664+0000] {processor.py:183} INFO - Processing /home/airflow/.local/lib/python3.12/site-packages/airflow/example_dags/example_sensor_decorator.py took 0.101 seconds
