[2024-07-11T17:57:54.198+0000] {processor.py:161} INFO - Started process (PID=102) to work on /home/airflow/.local/lib/python3.12/site-packages/airflow/example_dags/example_short_circuit_operator.py
[2024-07-11T17:57:54.200+0000] {processor.py:830} INFO - Processing file /home/airflow/.local/lib/python3.12/site-packages/airflow/example_dags/example_short_circuit_operator.py for tasks to queue
[2024-07-11T17:57:54.203+0000] {logging_mixin.py:188} INFO - [2024-07-11T17:57:54.202+0000] {dagbag.py:545} INFO - Filling up the DagBag from /home/airflow/.local/lib/python3.12/site-packages/airflow/example_dags/example_short_circuit_operator.py
[2024-07-11T17:57:54.215+0000] {processor.py:840} INFO - DAG(s) 'example_short_circuit_operator' retrieved from /home/airflow/.local/lib/python3.12/site-packages/airflow/example_dags/example_short_circuit_operator.py
[2024-07-11T17:57:54.431+0000] {logging_mixin.py:188} INFO - [2024-07-11T17:57:54.431+0000] {dag.py:3096} INFO - Sync 1 DAGs
[2024-07-11T17:57:54.497+0000] {logging_mixin.py:188} INFO - [2024-07-11T17:57:54.493+0000] {dag.py:3954} INFO - Setting next_dagrun for example_short_circuit_operator to 2024-07-10 00:00:00+00:00, run_after=2024-07-11 00:00:00+00:00
[2024-07-11T17:57:54.579+0000] {processor.py:183} INFO - Processing /home/airflow/.local/lib/python3.12/site-packages/airflow/example_dags/example_short_circuit_operator.py took 0.391 seconds
[2024-07-11T17:58:24.980+0000] {processor.py:161} INFO - Started process (PID=160) to work on /home/airflow/.local/lib/python3.12/site-packages/airflow/example_dags/example_short_circuit_operator.py
[2024-07-11T17:58:24.981+0000] {processor.py:830} INFO - Processing file /home/airflow/.local/lib/python3.12/site-packages/airflow/example_dags/example_short_circuit_operator.py for tasks to queue
[2024-07-11T17:58:24.983+0000] {logging_mixin.py:188} INFO - [2024-07-11T17:58:24.983+0000] {dagbag.py:545} INFO - Filling up the DagBag from /home/airflow/.local/lib/python3.12/site-packages/airflow/example_dags/example_short_circuit_operator.py
[2024-07-11T17:58:24.992+0000] {processor.py:840} INFO - DAG(s) 'example_short_circuit_operator' retrieved from /home/airflow/.local/lib/python3.12/site-packages/airflow/example_dags/example_short_circuit_operator.py
[2024-07-11T17:58:25.019+0000] {logging_mixin.py:188} INFO - [2024-07-11T17:58:25.018+0000] {dag.py:3096} INFO - Sync 1 DAGs
[2024-07-11T17:58:25.046+0000] {logging_mixin.py:188} INFO - [2024-07-11T17:58:25.046+0000] {dag.py:3954} INFO - Setting next_dagrun for example_short_circuit_operator to 2024-07-10 00:00:00+00:00, run_after=2024-07-11 00:00:00+00:00
[2024-07-11T17:58:25.073+0000] {processor.py:183} INFO - Processing /home/airflow/.local/lib/python3.12/site-packages/airflow/example_dags/example_short_circuit_operator.py took 0.100 seconds
[2024-07-11T17:58:55.222+0000] {processor.py:161} INFO - Started process (PID=218) to work on /home/airflow/.local/lib/python3.12/site-packages/airflow/example_dags/example_short_circuit_operator.py
[2024-07-11T17:58:55.223+0000] {processor.py:830} INFO - Processing file /home/airflow/.local/lib/python3.12/site-packages/airflow/example_dags/example_short_circuit_operator.py for tasks to queue
[2024-07-11T17:58:55.226+0000] {logging_mixin.py:188} INFO - [2024-07-11T17:58:55.225+0000] {dagbag.py:545} INFO - Filling up the DagBag from /home/airflow/.local/lib/python3.12/site-packages/airflow/example_dags/example_short_circuit_operator.py
[2024-07-11T17:58:55.236+0000] {processor.py:840} INFO - DAG(s) 'example_short_circuit_operator' retrieved from /home/airflow/.local/lib/python3.12/site-packages/airflow/example_dags/example_short_circuit_operator.py
[2024-07-11T17:58:55.267+0000] {logging_mixin.py:188} INFO - [2024-07-11T17:58:55.267+0000] {dag.py:3096} INFO - Sync 1 DAGs
[2024-07-11T17:58:55.308+0000] {logging_mixin.py:188} INFO - [2024-07-11T17:58:55.307+0000] {dag.py:3954} INFO - Setting next_dagrun for example_short_circuit_operator to 2024-07-10 00:00:00+00:00, run_after=2024-07-11 00:00:00+00:00
[2024-07-11T17:58:55.342+0000] {processor.py:183} INFO - Processing /home/airflow/.local/lib/python3.12/site-packages/airflow/example_dags/example_short_circuit_operator.py took 0.127 seconds
[2024-07-11T17:59:25.618+0000] {processor.py:161} INFO - Started process (PID=276) to work on /home/airflow/.local/lib/python3.12/site-packages/airflow/example_dags/example_short_circuit_operator.py
[2024-07-11T17:59:25.620+0000] {processor.py:830} INFO - Processing file /home/airflow/.local/lib/python3.12/site-packages/airflow/example_dags/example_short_circuit_operator.py for tasks to queue
[2024-07-11T17:59:25.624+0000] {logging_mixin.py:188} INFO - [2024-07-11T17:59:25.623+0000] {dagbag.py:545} INFO - Filling up the DagBag from /home/airflow/.local/lib/python3.12/site-packages/airflow/example_dags/example_short_circuit_operator.py
[2024-07-11T17:59:25.638+0000] {processor.py:840} INFO - DAG(s) 'example_short_circuit_operator' retrieved from /home/airflow/.local/lib/python3.12/site-packages/airflow/example_dags/example_short_circuit_operator.py
[2024-07-11T17:59:25.681+0000] {logging_mixin.py:188} INFO - [2024-07-11T17:59:25.680+0000] {dag.py:3096} INFO - Sync 1 DAGs
[2024-07-11T17:59:25.720+0000] {logging_mixin.py:188} INFO - [2024-07-11T17:59:25.719+0000] {dag.py:3954} INFO - Setting next_dagrun for example_short_circuit_operator to 2024-07-10 00:00:00+00:00, run_after=2024-07-11 00:00:00+00:00
[2024-07-11T17:59:25.753+0000] {processor.py:183} INFO - Processing /home/airflow/.local/lib/python3.12/site-packages/airflow/example_dags/example_short_circuit_operator.py took 0.144 seconds
[2024-07-11T17:59:56.231+0000] {processor.py:161} INFO - Started process (PID=334) to work on /home/airflow/.local/lib/python3.12/site-packages/airflow/example_dags/example_short_circuit_operator.py
[2024-07-11T17:59:56.233+0000] {processor.py:830} INFO - Processing file /home/airflow/.local/lib/python3.12/site-packages/airflow/example_dags/example_short_circuit_operator.py for tasks to queue
[2024-07-11T17:59:56.235+0000] {logging_mixin.py:188} INFO - [2024-07-11T17:59:56.235+0000] {dagbag.py:545} INFO - Filling up the DagBag from /home/airflow/.local/lib/python3.12/site-packages/airflow/example_dags/example_short_circuit_operator.py
[2024-07-11T17:59:56.247+0000] {processor.py:840} INFO - DAG(s) 'example_short_circuit_operator' retrieved from /home/airflow/.local/lib/python3.12/site-packages/airflow/example_dags/example_short_circuit_operator.py
[2024-07-11T17:59:56.278+0000] {logging_mixin.py:188} INFO - [2024-07-11T17:59:56.278+0000] {dag.py:3096} INFO - Sync 1 DAGs
[2024-07-11T17:59:56.309+0000] {logging_mixin.py:188} INFO - [2024-07-11T17:59:56.309+0000] {dag.py:3954} INFO - Setting next_dagrun for example_short_circuit_operator to 2024-07-10 00:00:00+00:00, run_after=2024-07-11 00:00:00+00:00
[2024-07-11T17:59:56.340+0000] {processor.py:183} INFO - Processing /home/airflow/.local/lib/python3.12/site-packages/airflow/example_dags/example_short_circuit_operator.py took 0.117 seconds
[2024-07-11T18:00:27.567+0000] {processor.py:161} INFO - Started process (PID=392) to work on /home/airflow/.local/lib/python3.12/site-packages/airflow/example_dags/example_short_circuit_operator.py
[2024-07-11T18:00:27.569+0000] {processor.py:830} INFO - Processing file /home/airflow/.local/lib/python3.12/site-packages/airflow/example_dags/example_short_circuit_operator.py for tasks to queue
[2024-07-11T18:00:27.572+0000] {logging_mixin.py:188} INFO - [2024-07-11T18:00:27.571+0000] {dagbag.py:545} INFO - Filling up the DagBag from /home/airflow/.local/lib/python3.12/site-packages/airflow/example_dags/example_short_circuit_operator.py
[2024-07-11T18:00:27.587+0000] {processor.py:840} INFO - DAG(s) 'example_short_circuit_operator' retrieved from /home/airflow/.local/lib/python3.12/site-packages/airflow/example_dags/example_short_circuit_operator.py
[2024-07-11T18:00:27.630+0000] {logging_mixin.py:188} INFO - [2024-07-11T18:00:27.630+0000] {dag.py:3096} INFO - Sync 1 DAGs
[2024-07-11T18:00:27.679+0000] {logging_mixin.py:188} INFO - [2024-07-11T18:00:27.678+0000] {dag.py:3954} INFO - Setting next_dagrun for example_short_circuit_operator to 2024-07-10 00:00:00+00:00, run_after=2024-07-11 00:00:00+00:00
[2024-07-11T18:00:27.717+0000] {processor.py:183} INFO - Processing /home/airflow/.local/lib/python3.12/site-packages/airflow/example_dags/example_short_circuit_operator.py took 0.162 seconds
[2024-07-11T18:00:58.455+0000] {processor.py:161} INFO - Started process (PID=450) to work on /home/airflow/.local/lib/python3.12/site-packages/airflow/example_dags/example_short_circuit_operator.py
[2024-07-11T18:00:58.457+0000] {processor.py:830} INFO - Processing file /home/airflow/.local/lib/python3.12/site-packages/airflow/example_dags/example_short_circuit_operator.py for tasks to queue
[2024-07-11T18:00:58.460+0000] {logging_mixin.py:188} INFO - [2024-07-11T18:00:58.460+0000] {dagbag.py:545} INFO - Filling up the DagBag from /home/airflow/.local/lib/python3.12/site-packages/airflow/example_dags/example_short_circuit_operator.py
[2024-07-11T18:00:58.474+0000] {processor.py:840} INFO - DAG(s) 'example_short_circuit_operator' retrieved from /home/airflow/.local/lib/python3.12/site-packages/airflow/example_dags/example_short_circuit_operator.py
[2024-07-11T18:00:58.517+0000] {logging_mixin.py:188} INFO - [2024-07-11T18:00:58.516+0000] {dag.py:3096} INFO - Sync 1 DAGs
[2024-07-11T18:00:58.564+0000] {logging_mixin.py:188} INFO - [2024-07-11T18:00:58.563+0000] {dag.py:3954} INFO - Setting next_dagrun for example_short_circuit_operator to 2024-07-10 00:00:00+00:00, run_after=2024-07-11 00:00:00+00:00
[2024-07-11T18:00:58.601+0000] {processor.py:183} INFO - Processing /home/airflow/.local/lib/python3.12/site-packages/airflow/example_dags/example_short_circuit_operator.py took 0.157 seconds
[2024-07-11T18:01:28.699+0000] {processor.py:161} INFO - Started process (PID=508) to work on /home/airflow/.local/lib/python3.12/site-packages/airflow/example_dags/example_short_circuit_operator.py
[2024-07-11T18:01:28.700+0000] {processor.py:830} INFO - Processing file /home/airflow/.local/lib/python3.12/site-packages/airflow/example_dags/example_short_circuit_operator.py for tasks to queue
[2024-07-11T18:01:28.703+0000] {logging_mixin.py:188} INFO - [2024-07-11T18:01:28.702+0000] {dagbag.py:545} INFO - Filling up the DagBag from /home/airflow/.local/lib/python3.12/site-packages/airflow/example_dags/example_short_circuit_operator.py
[2024-07-11T18:01:28.714+0000] {processor.py:840} INFO - DAG(s) 'example_short_circuit_operator' retrieved from /home/airflow/.local/lib/python3.12/site-packages/airflow/example_dags/example_short_circuit_operator.py
[2024-07-11T18:01:28.747+0000] {logging_mixin.py:188} INFO - [2024-07-11T18:01:28.747+0000] {dag.py:3096} INFO - Sync 1 DAGs
[2024-07-11T18:01:28.780+0000] {logging_mixin.py:188} INFO - [2024-07-11T18:01:28.780+0000] {dag.py:3954} INFO - Setting next_dagrun for example_short_circuit_operator to 2024-07-10 00:00:00+00:00, run_after=2024-07-11 00:00:00+00:00
[2024-07-11T18:01:28.811+0000] {processor.py:183} INFO - Processing /home/airflow/.local/lib/python3.12/site-packages/airflow/example_dags/example_short_circuit_operator.py took 0.121 seconds
[2024-07-11T18:01:59.304+0000] {processor.py:161} INFO - Started process (PID=566) to work on /home/airflow/.local/lib/python3.12/site-packages/airflow/example_dags/example_short_circuit_operator.py
[2024-07-11T18:01:59.306+0000] {processor.py:830} INFO - Processing file /home/airflow/.local/lib/python3.12/site-packages/airflow/example_dags/example_short_circuit_operator.py for tasks to queue
[2024-07-11T18:01:59.308+0000] {logging_mixin.py:188} INFO - [2024-07-11T18:01:59.308+0000] {dagbag.py:545} INFO - Filling up the DagBag from /home/airflow/.local/lib/python3.12/site-packages/airflow/example_dags/example_short_circuit_operator.py
[2024-07-11T18:01:59.318+0000] {processor.py:840} INFO - DAG(s) 'example_short_circuit_operator' retrieved from /home/airflow/.local/lib/python3.12/site-packages/airflow/example_dags/example_short_circuit_operator.py
[2024-07-11T18:01:59.350+0000] {logging_mixin.py:188} INFO - [2024-07-11T18:01:59.349+0000] {dag.py:3096} INFO - Sync 1 DAGs
[2024-07-11T18:01:59.382+0000] {logging_mixin.py:188} INFO - [2024-07-11T18:01:59.381+0000] {dag.py:3954} INFO - Setting next_dagrun for example_short_circuit_operator to 2024-07-10 00:00:00+00:00, run_after=2024-07-11 00:00:00+00:00
[2024-07-11T18:01:59.411+0000] {processor.py:183} INFO - Processing /home/airflow/.local/lib/python3.12/site-packages/airflow/example_dags/example_short_circuit_operator.py took 0.114 seconds
[2024-07-11T18:02:30.023+0000] {processor.py:161} INFO - Started process (PID=624) to work on /home/airflow/.local/lib/python3.12/site-packages/airflow/example_dags/example_short_circuit_operator.py
[2024-07-11T18:02:30.024+0000] {processor.py:830} INFO - Processing file /home/airflow/.local/lib/python3.12/site-packages/airflow/example_dags/example_short_circuit_operator.py for tasks to queue
[2024-07-11T18:02:30.026+0000] {logging_mixin.py:188} INFO - [2024-07-11T18:02:30.026+0000] {dagbag.py:545} INFO - Filling up the DagBag from /home/airflow/.local/lib/python3.12/site-packages/airflow/example_dags/example_short_circuit_operator.py
[2024-07-11T18:02:30.036+0000] {processor.py:840} INFO - DAG(s) 'example_short_circuit_operator' retrieved from /home/airflow/.local/lib/python3.12/site-packages/airflow/example_dags/example_short_circuit_operator.py
[2024-07-11T18:02:30.070+0000] {logging_mixin.py:188} INFO - [2024-07-11T18:02:30.069+0000] {dag.py:3096} INFO - Sync 1 DAGs
[2024-07-11T18:02:30.108+0000] {logging_mixin.py:188} INFO - [2024-07-11T18:02:30.108+0000] {dag.py:3954} INFO - Setting next_dagrun for example_short_circuit_operator to 2024-07-10 00:00:00+00:00, run_after=2024-07-11 00:00:00+00:00
[2024-07-11T18:02:30.141+0000] {processor.py:183} INFO - Processing /home/airflow/.local/lib/python3.12/site-packages/airflow/example_dags/example_short_circuit_operator.py took 0.126 seconds
[2024-07-11T18:03:00.238+0000] {processor.py:161} INFO - Started process (PID=682) to work on /home/airflow/.local/lib/python3.12/site-packages/airflow/example_dags/example_short_circuit_operator.py
[2024-07-11T18:03:00.239+0000] {processor.py:830} INFO - Processing file /home/airflow/.local/lib/python3.12/site-packages/airflow/example_dags/example_short_circuit_operator.py for tasks to queue
[2024-07-11T18:03:00.242+0000] {logging_mixin.py:188} INFO - [2024-07-11T18:03:00.241+0000] {dagbag.py:545} INFO - Filling up the DagBag from /home/airflow/.local/lib/python3.12/site-packages/airflow/example_dags/example_short_circuit_operator.py
[2024-07-11T18:03:00.251+0000] {processor.py:840} INFO - DAG(s) 'example_short_circuit_operator' retrieved from /home/airflow/.local/lib/python3.12/site-packages/airflow/example_dags/example_short_circuit_operator.py
[2024-07-11T18:03:00.281+0000] {logging_mixin.py:188} INFO - [2024-07-11T18:03:00.281+0000] {dag.py:3096} INFO - Sync 1 DAGs
[2024-07-11T18:03:00.316+0000] {logging_mixin.py:188} INFO - [2024-07-11T18:03:00.315+0000] {dag.py:3954} INFO - Setting next_dagrun for example_short_circuit_operator to 2024-07-10 00:00:00+00:00, run_after=2024-07-11 00:00:00+00:00
[2024-07-11T18:03:00.345+0000] {processor.py:183} INFO - Processing /home/airflow/.local/lib/python3.12/site-packages/airflow/example_dags/example_short_circuit_operator.py took 0.114 seconds
[2024-07-11T18:03:30.790+0000] {processor.py:161} INFO - Started process (PID=740) to work on /home/airflow/.local/lib/python3.12/site-packages/airflow/example_dags/example_short_circuit_operator.py
[2024-07-11T18:03:30.792+0000] {processor.py:830} INFO - Processing file /home/airflow/.local/lib/python3.12/site-packages/airflow/example_dags/example_short_circuit_operator.py for tasks to queue
[2024-07-11T18:03:30.796+0000] {logging_mixin.py:188} INFO - [2024-07-11T18:03:30.795+0000] {dagbag.py:545} INFO - Filling up the DagBag from /home/airflow/.local/lib/python3.12/site-packages/airflow/example_dags/example_short_circuit_operator.py
[2024-07-11T18:03:30.812+0000] {processor.py:840} INFO - DAG(s) 'example_short_circuit_operator' retrieved from /home/airflow/.local/lib/python3.12/site-packages/airflow/example_dags/example_short_circuit_operator.py
[2024-07-11T18:03:30.854+0000] {logging_mixin.py:188} INFO - [2024-07-11T18:03:30.853+0000] {dag.py:3096} INFO - Sync 1 DAGs
[2024-07-11T18:03:30.912+0000] {logging_mixin.py:188} INFO - [2024-07-11T18:03:30.911+0000] {dag.py:3954} INFO - Setting next_dagrun for example_short_circuit_operator to 2024-07-10 00:00:00+00:00, run_after=2024-07-11 00:00:00+00:00
[2024-07-11T18:03:30.958+0000] {processor.py:183} INFO - Processing /home/airflow/.local/lib/python3.12/site-packages/airflow/example_dags/example_short_circuit_operator.py took 0.181 seconds
[2024-07-11T18:04:01.099+0000] {processor.py:161} INFO - Started process (PID=798) to work on /home/airflow/.local/lib/python3.12/site-packages/airflow/example_dags/example_short_circuit_operator.py
[2024-07-11T18:04:01.100+0000] {processor.py:830} INFO - Processing file /home/airflow/.local/lib/python3.12/site-packages/airflow/example_dags/example_short_circuit_operator.py for tasks to queue
[2024-07-11T18:04:01.103+0000] {logging_mixin.py:188} INFO - [2024-07-11T18:04:01.102+0000] {dagbag.py:545} INFO - Filling up the DagBag from /home/airflow/.local/lib/python3.12/site-packages/airflow/example_dags/example_short_circuit_operator.py
[2024-07-11T18:04:01.113+0000] {processor.py:840} INFO - DAG(s) 'example_short_circuit_operator' retrieved from /home/airflow/.local/lib/python3.12/site-packages/airflow/example_dags/example_short_circuit_operator.py
[2024-07-11T18:04:01.147+0000] {logging_mixin.py:188} INFO - [2024-07-11T18:04:01.146+0000] {dag.py:3096} INFO - Sync 1 DAGs
[2024-07-11T18:04:01.182+0000] {logging_mixin.py:188} INFO - [2024-07-11T18:04:01.181+0000] {dag.py:3954} INFO - Setting next_dagrun for example_short_circuit_operator to 2024-07-10 00:00:00+00:00, run_after=2024-07-11 00:00:00+00:00
[2024-07-11T18:04:01.218+0000] {processor.py:183} INFO - Processing /home/airflow/.local/lib/python3.12/site-packages/airflow/example_dags/example_short_circuit_operator.py took 0.127 seconds
[2024-07-11T18:04:31.269+0000] {processor.py:161} INFO - Started process (PID=856) to work on /home/airflow/.local/lib/python3.12/site-packages/airflow/example_dags/example_short_circuit_operator.py
[2024-07-11T18:04:31.271+0000] {processor.py:830} INFO - Processing file /home/airflow/.local/lib/python3.12/site-packages/airflow/example_dags/example_short_circuit_operator.py for tasks to queue
[2024-07-11T18:04:31.273+0000] {logging_mixin.py:188} INFO - [2024-07-11T18:04:31.273+0000] {dagbag.py:545} INFO - Filling up the DagBag from /home/airflow/.local/lib/python3.12/site-packages/airflow/example_dags/example_short_circuit_operator.py
[2024-07-11T18:04:31.284+0000] {processor.py:840} INFO - DAG(s) 'example_short_circuit_operator' retrieved from /home/airflow/.local/lib/python3.12/site-packages/airflow/example_dags/example_short_circuit_operator.py
[2024-07-11T18:04:31.313+0000] {logging_mixin.py:188} INFO - [2024-07-11T18:04:31.312+0000] {dag.py:3096} INFO - Sync 1 DAGs
[2024-07-11T18:04:31.346+0000] {logging_mixin.py:188} INFO - [2024-07-11T18:04:31.346+0000] {dag.py:3954} INFO - Setting next_dagrun for example_short_circuit_operator to 2024-07-10 00:00:00+00:00, run_after=2024-07-11 00:00:00+00:00
[2024-07-11T18:04:31.375+0000] {processor.py:183} INFO - Processing /home/airflow/.local/lib/python3.12/site-packages/airflow/example_dags/example_short_circuit_operator.py took 0.114 seconds
[2024-07-11T18:05:01.685+0000] {processor.py:161} INFO - Started process (PID=914) to work on /home/airflow/.local/lib/python3.12/site-packages/airflow/example_dags/example_short_circuit_operator.py
[2024-07-11T18:05:01.686+0000] {processor.py:830} INFO - Processing file /home/airflow/.local/lib/python3.12/site-packages/airflow/example_dags/example_short_circuit_operator.py for tasks to queue
[2024-07-11T18:05:01.688+0000] {logging_mixin.py:188} INFO - [2024-07-11T18:05:01.688+0000] {dagbag.py:545} INFO - Filling up the DagBag from /home/airflow/.local/lib/python3.12/site-packages/airflow/example_dags/example_short_circuit_operator.py
[2024-07-11T18:05:01.698+0000] {processor.py:840} INFO - DAG(s) 'example_short_circuit_operator' retrieved from /home/airflow/.local/lib/python3.12/site-packages/airflow/example_dags/example_short_circuit_operator.py
[2024-07-11T18:05:01.731+0000] {logging_mixin.py:188} INFO - [2024-07-11T18:05:01.730+0000] {dag.py:3096} INFO - Sync 1 DAGs
[2024-07-11T18:05:01.761+0000] {logging_mixin.py:188} INFO - [2024-07-11T18:05:01.760+0000] {dag.py:3954} INFO - Setting next_dagrun for example_short_circuit_operator to 2024-07-10 00:00:00+00:00, run_after=2024-07-11 00:00:00+00:00
[2024-07-11T18:05:01.789+0000] {processor.py:183} INFO - Processing /home/airflow/.local/lib/python3.12/site-packages/airflow/example_dags/example_short_circuit_operator.py took 0.111 seconds
[2024-07-11T18:05:32.591+0000] {processor.py:161} INFO - Started process (PID=973) to work on /home/airflow/.local/lib/python3.12/site-packages/airflow/example_dags/example_short_circuit_operator.py
[2024-07-11T18:05:32.592+0000] {processor.py:830} INFO - Processing file /home/airflow/.local/lib/python3.12/site-packages/airflow/example_dags/example_short_circuit_operator.py for tasks to queue
[2024-07-11T18:05:32.595+0000] {logging_mixin.py:188} INFO - [2024-07-11T18:05:32.594+0000] {dagbag.py:545} INFO - Filling up the DagBag from /home/airflow/.local/lib/python3.12/site-packages/airflow/example_dags/example_short_circuit_operator.py
[2024-07-11T18:05:32.604+0000] {processor.py:840} INFO - DAG(s) 'example_short_circuit_operator' retrieved from /home/airflow/.local/lib/python3.12/site-packages/airflow/example_dags/example_short_circuit_operator.py
[2024-07-11T18:05:32.638+0000] {logging_mixin.py:188} INFO - [2024-07-11T18:05:32.637+0000] {dag.py:3096} INFO - Sync 1 DAGs
[2024-07-11T18:05:32.668+0000] {logging_mixin.py:188} INFO - [2024-07-11T18:05:32.667+0000] {dag.py:3954} INFO - Setting next_dagrun for example_short_circuit_operator to 2024-07-10 00:00:00+00:00, run_after=2024-07-11 00:00:00+00:00
[2024-07-11T18:05:32.698+0000] {processor.py:183} INFO - Processing /home/airflow/.local/lib/python3.12/site-packages/airflow/example_dags/example_short_circuit_operator.py took 0.115 seconds
[2024-07-11T18:06:03.208+0000] {processor.py:161} INFO - Started process (PID=1031) to work on /home/airflow/.local/lib/python3.12/site-packages/airflow/example_dags/example_short_circuit_operator.py
[2024-07-11T18:06:03.209+0000] {processor.py:830} INFO - Processing file /home/airflow/.local/lib/python3.12/site-packages/airflow/example_dags/example_short_circuit_operator.py for tasks to queue
[2024-07-11T18:06:03.212+0000] {logging_mixin.py:188} INFO - [2024-07-11T18:06:03.211+0000] {dagbag.py:545} INFO - Filling up the DagBag from /home/airflow/.local/lib/python3.12/site-packages/airflow/example_dags/example_short_circuit_operator.py
[2024-07-11T18:06:03.223+0000] {processor.py:840} INFO - DAG(s) 'example_short_circuit_operator' retrieved from /home/airflow/.local/lib/python3.12/site-packages/airflow/example_dags/example_short_circuit_operator.py
[2024-07-11T18:06:03.256+0000] {logging_mixin.py:188} INFO - [2024-07-11T18:06:03.256+0000] {dag.py:3096} INFO - Sync 1 DAGs
[2024-07-11T18:06:03.288+0000] {logging_mixin.py:188} INFO - [2024-07-11T18:06:03.287+0000] {dag.py:3954} INFO - Setting next_dagrun for example_short_circuit_operator to 2024-07-10 00:00:00+00:00, run_after=2024-07-11 00:00:00+00:00
[2024-07-11T18:06:03.322+0000] {processor.py:183} INFO - Processing /home/airflow/.local/lib/python3.12/site-packages/airflow/example_dags/example_short_circuit_operator.py took 0.125 seconds
[2024-07-11T18:06:34.273+0000] {processor.py:161} INFO - Started process (PID=1089) to work on /home/airflow/.local/lib/python3.12/site-packages/airflow/example_dags/example_short_circuit_operator.py
[2024-07-11T18:06:34.274+0000] {processor.py:830} INFO - Processing file /home/airflow/.local/lib/python3.12/site-packages/airflow/example_dags/example_short_circuit_operator.py for tasks to queue
[2024-07-11T18:06:34.279+0000] {logging_mixin.py:188} INFO - [2024-07-11T18:06:34.278+0000] {dagbag.py:545} INFO - Filling up the DagBag from /home/airflow/.local/lib/python3.12/site-packages/airflow/example_dags/example_short_circuit_operator.py
[2024-07-11T18:06:34.292+0000] {processor.py:840} INFO - DAG(s) 'example_short_circuit_operator' retrieved from /home/airflow/.local/lib/python3.12/site-packages/airflow/example_dags/example_short_circuit_operator.py
[2024-07-11T18:06:34.329+0000] {logging_mixin.py:188} INFO - [2024-07-11T18:06:34.328+0000] {dag.py:3096} INFO - Sync 1 DAGs
[2024-07-11T18:06:34.373+0000] {logging_mixin.py:188} INFO - [2024-07-11T18:06:34.373+0000] {dag.py:3954} INFO - Setting next_dagrun for example_short_circuit_operator to 2024-07-10 00:00:00+00:00, run_after=2024-07-11 00:00:00+00:00
[2024-07-11T18:06:34.407+0000] {processor.py:183} INFO - Processing /home/airflow/.local/lib/python3.12/site-packages/airflow/example_dags/example_short_circuit_operator.py took 0.147 seconds
[2024-07-11T18:07:04.474+0000] {processor.py:161} INFO - Started process (PID=1147) to work on /home/airflow/.local/lib/python3.12/site-packages/airflow/example_dags/example_short_circuit_operator.py
[2024-07-11T18:07:04.475+0000] {processor.py:830} INFO - Processing file /home/airflow/.local/lib/python3.12/site-packages/airflow/example_dags/example_short_circuit_operator.py for tasks to queue
[2024-07-11T18:07:04.478+0000] {logging_mixin.py:188} INFO - [2024-07-11T18:07:04.477+0000] {dagbag.py:545} INFO - Filling up the DagBag from /home/airflow/.local/lib/python3.12/site-packages/airflow/example_dags/example_short_circuit_operator.py
[2024-07-11T18:07:04.489+0000] {processor.py:840} INFO - DAG(s) 'example_short_circuit_operator' retrieved from /home/airflow/.local/lib/python3.12/site-packages/airflow/example_dags/example_short_circuit_operator.py
[2024-07-11T18:07:04.524+0000] {logging_mixin.py:188} INFO - [2024-07-11T18:07:04.524+0000] {dag.py:3096} INFO - Sync 1 DAGs
[2024-07-11T18:07:04.556+0000] {logging_mixin.py:188} INFO - [2024-07-11T18:07:04.555+0000] {dag.py:3954} INFO - Setting next_dagrun for example_short_circuit_operator to 2024-07-10 00:00:00+00:00, run_after=2024-07-11 00:00:00+00:00
[2024-07-11T18:07:04.584+0000] {processor.py:183} INFO - Processing /home/airflow/.local/lib/python3.12/site-packages/airflow/example_dags/example_short_circuit_operator.py took 0.120 seconds
[2024-07-11T18:07:35.133+0000] {processor.py:161} INFO - Started process (PID=1206) to work on /home/airflow/.local/lib/python3.12/site-packages/airflow/example_dags/example_short_circuit_operator.py
[2024-07-11T18:07:35.135+0000] {processor.py:830} INFO - Processing file /home/airflow/.local/lib/python3.12/site-packages/airflow/example_dags/example_short_circuit_operator.py for tasks to queue
[2024-07-11T18:07:35.137+0000] {logging_mixin.py:188} INFO - [2024-07-11T18:07:35.137+0000] {dagbag.py:545} INFO - Filling up the DagBag from /home/airflow/.local/lib/python3.12/site-packages/airflow/example_dags/example_short_circuit_operator.py
[2024-07-11T18:07:35.148+0000] {processor.py:840} INFO - DAG(s) 'example_short_circuit_operator' retrieved from /home/airflow/.local/lib/python3.12/site-packages/airflow/example_dags/example_short_circuit_operator.py
[2024-07-11T18:07:35.182+0000] {logging_mixin.py:188} INFO - [2024-07-11T18:07:35.181+0000] {dag.py:3096} INFO - Sync 1 DAGs
[2024-07-11T18:07:35.212+0000] {logging_mixin.py:188} INFO - [2024-07-11T18:07:35.212+0000] {dag.py:3954} INFO - Setting next_dagrun for example_short_circuit_operator to 2024-07-10 00:00:00+00:00, run_after=2024-07-11 00:00:00+00:00
[2024-07-11T18:07:35.242+0000] {processor.py:183} INFO - Processing /home/airflow/.local/lib/python3.12/site-packages/airflow/example_dags/example_short_circuit_operator.py took 0.116 seconds
[2024-07-11T18:08:05.729+0000] {processor.py:161} INFO - Started process (PID=1264) to work on /home/airflow/.local/lib/python3.12/site-packages/airflow/example_dags/example_short_circuit_operator.py
[2024-07-11T18:08:05.730+0000] {processor.py:830} INFO - Processing file /home/airflow/.local/lib/python3.12/site-packages/airflow/example_dags/example_short_circuit_operator.py for tasks to queue
[2024-07-11T18:08:05.733+0000] {logging_mixin.py:188} INFO - [2024-07-11T18:08:05.732+0000] {dagbag.py:545} INFO - Filling up the DagBag from /home/airflow/.local/lib/python3.12/site-packages/airflow/example_dags/example_short_circuit_operator.py
[2024-07-11T18:08:05.743+0000] {processor.py:840} INFO - DAG(s) 'example_short_circuit_operator' retrieved from /home/airflow/.local/lib/python3.12/site-packages/airflow/example_dags/example_short_circuit_operator.py
[2024-07-11T18:08:05.776+0000] {logging_mixin.py:188} INFO - [2024-07-11T18:08:05.775+0000] {dag.py:3096} INFO - Sync 1 DAGs
[2024-07-11T18:08:05.808+0000] {logging_mixin.py:188} INFO - [2024-07-11T18:08:05.807+0000] {dag.py:3954} INFO - Setting next_dagrun for example_short_circuit_operator to 2024-07-10 00:00:00+00:00, run_after=2024-07-11 00:00:00+00:00
[2024-07-11T18:08:05.838+0000] {processor.py:183} INFO - Processing /home/airflow/.local/lib/python3.12/site-packages/airflow/example_dags/example_short_circuit_operator.py took 0.117 seconds
[2024-07-11T18:08:36.405+0000] {processor.py:161} INFO - Started process (PID=1322) to work on /home/airflow/.local/lib/python3.12/site-packages/airflow/example_dags/example_short_circuit_operator.py
[2024-07-11T18:08:36.406+0000] {processor.py:830} INFO - Processing file /home/airflow/.local/lib/python3.12/site-packages/airflow/example_dags/example_short_circuit_operator.py for tasks to queue
[2024-07-11T18:08:36.409+0000] {logging_mixin.py:188} INFO - [2024-07-11T18:08:36.408+0000] {dagbag.py:545} INFO - Filling up the DagBag from /home/airflow/.local/lib/python3.12/site-packages/airflow/example_dags/example_short_circuit_operator.py
[2024-07-11T18:08:36.422+0000] {processor.py:840} INFO - DAG(s) 'example_short_circuit_operator' retrieved from /home/airflow/.local/lib/python3.12/site-packages/airflow/example_dags/example_short_circuit_operator.py
[2024-07-11T18:08:36.458+0000] {logging_mixin.py:188} INFO - [2024-07-11T18:08:36.457+0000] {dag.py:3096} INFO - Sync 1 DAGs
[2024-07-11T18:08:36.489+0000] {logging_mixin.py:188} INFO - [2024-07-11T18:08:36.489+0000] {dag.py:3954} INFO - Setting next_dagrun for example_short_circuit_operator to 2024-07-10 00:00:00+00:00, run_after=2024-07-11 00:00:00+00:00
[2024-07-11T18:08:36.521+0000] {processor.py:183} INFO - Processing /home/airflow/.local/lib/python3.12/site-packages/airflow/example_dags/example_short_circuit_operator.py took 0.125 seconds
[2024-07-11T18:09:07.007+0000] {processor.py:161} INFO - Started process (PID=1380) to work on /home/airflow/.local/lib/python3.12/site-packages/airflow/example_dags/example_short_circuit_operator.py
[2024-07-11T18:09:07.010+0000] {processor.py:830} INFO - Processing file /home/airflow/.local/lib/python3.12/site-packages/airflow/example_dags/example_short_circuit_operator.py for tasks to queue
[2024-07-11T18:09:07.014+0000] {logging_mixin.py:188} INFO - [2024-07-11T18:09:07.014+0000] {dagbag.py:545} INFO - Filling up the DagBag from /home/airflow/.local/lib/python3.12/site-packages/airflow/example_dags/example_short_circuit_operator.py
[2024-07-11T18:09:07.029+0000] {processor.py:840} INFO - DAG(s) 'example_short_circuit_operator' retrieved from /home/airflow/.local/lib/python3.12/site-packages/airflow/example_dags/example_short_circuit_operator.py
[2024-07-11T18:09:07.065+0000] {logging_mixin.py:188} INFO - [2024-07-11T18:09:07.064+0000] {dag.py:3096} INFO - Sync 1 DAGs
[2024-07-11T18:09:07.100+0000] {logging_mixin.py:188} INFO - [2024-07-11T18:09:07.099+0000] {dag.py:3954} INFO - Setting next_dagrun for example_short_circuit_operator to 2024-07-10 00:00:00+00:00, run_after=2024-07-11 00:00:00+00:00
[2024-07-11T18:09:07.135+0000] {processor.py:183} INFO - Processing /home/airflow/.local/lib/python3.12/site-packages/airflow/example_dags/example_short_circuit_operator.py took 0.142 seconds
