[2024-07-11T17:57:48.087+0000] {processor.py:161} INFO - Started process (PID=76) to work on /home/airflow/.local/lib/python3.12/site-packages/airflow/example_dags/example_branch_python_dop_operator_3.py
[2024-07-11T17:57:48.088+0000] {processor.py:830} INFO - Processing file /home/airflow/.local/lib/python3.12/site-packages/airflow/example_dags/example_branch_python_dop_operator_3.py for tasks to queue
[2024-07-11T17:57:48.092+0000] {logging_mixin.py:188} INFO - [2024-07-11T17:57:48.091+0000] {dagbag.py:545} INFO - Filling up the DagBag from /home/airflow/.local/lib/python3.12/site-packages/airflow/example_dags/example_branch_python_dop_operator_3.py
[2024-07-11T17:57:48.109+0000] {processor.py:840} INFO - DAG(s) 'example_branch_dop_operator_v3' retrieved from /home/airflow/.local/lib/python3.12/site-packages/airflow/example_dags/example_branch_python_dop_operator_3.py
[2024-07-11T17:57:48.430+0000] {logging_mixin.py:188} INFO - [2024-07-11T17:57:48.430+0000] {dag.py:3096} INFO - Sync 1 DAGs
[2024-07-11T17:57:48.539+0000] {logging_mixin.py:188} INFO - [2024-07-11T17:57:48.538+0000] {dag.py:3954} INFO - Setting next_dagrun for example_branch_dop_operator_v3 to 2024-07-11 17:56:00+00:00, run_after=2024-07-11 17:57:00+00:00
[2024-07-11T17:57:48.594+0000] {processor.py:183} INFO - Processing /home/airflow/.local/lib/python3.12/site-packages/airflow/example_dags/example_branch_python_dop_operator_3.py took 0.516 seconds
[2024-07-11T17:58:19.218+0000] {processor.py:161} INFO - Started process (PID=134) to work on /home/airflow/.local/lib/python3.12/site-packages/airflow/example_dags/example_branch_python_dop_operator_3.py
[2024-07-11T17:58:19.220+0000] {processor.py:830} INFO - Processing file /home/airflow/.local/lib/python3.12/site-packages/airflow/example_dags/example_branch_python_dop_operator_3.py for tasks to queue
[2024-07-11T17:58:19.222+0000] {logging_mixin.py:188} INFO - [2024-07-11T17:58:19.222+0000] {dagbag.py:545} INFO - Filling up the DagBag from /home/airflow/.local/lib/python3.12/site-packages/airflow/example_dags/example_branch_python_dop_operator_3.py
[2024-07-11T17:58:19.230+0000] {processor.py:840} INFO - DAG(s) 'example_branch_dop_operator_v3' retrieved from /home/airflow/.local/lib/python3.12/site-packages/airflow/example_dags/example_branch_python_dop_operator_3.py
[2024-07-11T17:58:19.250+0000] {logging_mixin.py:188} INFO - [2024-07-11T17:58:19.250+0000] {dag.py:3096} INFO - Sync 1 DAGs
[2024-07-11T17:58:19.275+0000] {logging_mixin.py:188} INFO - [2024-07-11T17:58:19.275+0000] {dag.py:3954} INFO - Setting next_dagrun for example_branch_dop_operator_v3 to 2024-07-11 17:57:00+00:00, run_after=2024-07-11 17:58:00+00:00
[2024-07-11T17:58:19.299+0000] {processor.py:183} INFO - Processing /home/airflow/.local/lib/python3.12/site-packages/airflow/example_dags/example_branch_python_dop_operator_3.py took 0.087 seconds
[2024-07-11T17:58:49.358+0000] {processor.py:161} INFO - Started process (PID=192) to work on /home/airflow/.local/lib/python3.12/site-packages/airflow/example_dags/example_branch_python_dop_operator_3.py
[2024-07-11T17:58:49.359+0000] {processor.py:830} INFO - Processing file /home/airflow/.local/lib/python3.12/site-packages/airflow/example_dags/example_branch_python_dop_operator_3.py for tasks to queue
[2024-07-11T17:58:49.361+0000] {logging_mixin.py:188} INFO - [2024-07-11T17:58:49.361+0000] {dagbag.py:545} INFO - Filling up the DagBag from /home/airflow/.local/lib/python3.12/site-packages/airflow/example_dags/example_branch_python_dop_operator_3.py
[2024-07-11T17:58:49.370+0000] {processor.py:840} INFO - DAG(s) 'example_branch_dop_operator_v3' retrieved from /home/airflow/.local/lib/python3.12/site-packages/airflow/example_dags/example_branch_python_dop_operator_3.py
[2024-07-11T17:58:49.392+0000] {logging_mixin.py:188} INFO - [2024-07-11T17:58:49.392+0000] {dag.py:3096} INFO - Sync 1 DAGs
[2024-07-11T17:58:49.421+0000] {logging_mixin.py:188} INFO - [2024-07-11T17:58:49.420+0000] {dag.py:3954} INFO - Setting next_dagrun for example_branch_dop_operator_v3 to 2024-07-11 17:57:00+00:00, run_after=2024-07-11 17:58:00+00:00
[2024-07-11T17:58:49.448+0000] {processor.py:183} INFO - Processing /home/airflow/.local/lib/python3.12/site-packages/airflow/example_dags/example_branch_python_dop_operator_3.py took 0.096 seconds
[2024-07-11T17:59:19.744+0000] {processor.py:161} INFO - Started process (PID=250) to work on /home/airflow/.local/lib/python3.12/site-packages/airflow/example_dags/example_branch_python_dop_operator_3.py
[2024-07-11T17:59:19.745+0000] {processor.py:830} INFO - Processing file /home/airflow/.local/lib/python3.12/site-packages/airflow/example_dags/example_branch_python_dop_operator_3.py for tasks to queue
[2024-07-11T17:59:19.747+0000] {logging_mixin.py:188} INFO - [2024-07-11T17:59:19.747+0000] {dagbag.py:545} INFO - Filling up the DagBag from /home/airflow/.local/lib/python3.12/site-packages/airflow/example_dags/example_branch_python_dop_operator_3.py
[2024-07-11T17:59:19.756+0000] {processor.py:840} INFO - DAG(s) 'example_branch_dop_operator_v3' retrieved from /home/airflow/.local/lib/python3.12/site-packages/airflow/example_dags/example_branch_python_dop_operator_3.py
[2024-07-11T17:59:19.776+0000] {logging_mixin.py:188} INFO - [2024-07-11T17:59:19.776+0000] {dag.py:3096} INFO - Sync 1 DAGs
[2024-07-11T17:59:19.805+0000] {logging_mixin.py:188} INFO - [2024-07-11T17:59:19.805+0000] {dag.py:3954} INFO - Setting next_dagrun for example_branch_dop_operator_v3 to 2024-07-11 17:58:00+00:00, run_after=2024-07-11 17:59:00+00:00
[2024-07-11T17:59:19.832+0000] {processor.py:183} INFO - Processing /home/airflow/.local/lib/python3.12/site-packages/airflow/example_dags/example_branch_python_dop_operator_3.py took 0.093 seconds
[2024-07-11T17:59:50.257+0000] {processor.py:161} INFO - Started process (PID=308) to work on /home/airflow/.local/lib/python3.12/site-packages/airflow/example_dags/example_branch_python_dop_operator_3.py
[2024-07-11T17:59:50.258+0000] {processor.py:830} INFO - Processing file /home/airflow/.local/lib/python3.12/site-packages/airflow/example_dags/example_branch_python_dop_operator_3.py for tasks to queue
[2024-07-11T17:59:50.260+0000] {logging_mixin.py:188} INFO - [2024-07-11T17:59:50.260+0000] {dagbag.py:545} INFO - Filling up the DagBag from /home/airflow/.local/lib/python3.12/site-packages/airflow/example_dags/example_branch_python_dop_operator_3.py
[2024-07-11T17:59:50.271+0000] {processor.py:840} INFO - DAG(s) 'example_branch_dop_operator_v3' retrieved from /home/airflow/.local/lib/python3.12/site-packages/airflow/example_dags/example_branch_python_dop_operator_3.py
[2024-07-11T17:59:50.294+0000] {logging_mixin.py:188} INFO - [2024-07-11T17:59:50.294+0000] {dag.py:3096} INFO - Sync 1 DAGs
[2024-07-11T17:59:50.331+0000] {logging_mixin.py:188} INFO - [2024-07-11T17:59:50.331+0000] {dag.py:3954} INFO - Setting next_dagrun for example_branch_dop_operator_v3 to 2024-07-11 17:58:00+00:00, run_after=2024-07-11 17:59:00+00:00
[2024-07-11T17:59:50.363+0000] {processor.py:183} INFO - Processing /home/airflow/.local/lib/python3.12/site-packages/airflow/example_dags/example_branch_python_dop_operator_3.py took 0.114 seconds
[2024-07-11T18:00:20.863+0000] {processor.py:161} INFO - Started process (PID=366) to work on /home/airflow/.local/lib/python3.12/site-packages/airflow/example_dags/example_branch_python_dop_operator_3.py
[2024-07-11T18:00:20.864+0000] {processor.py:830} INFO - Processing file /home/airflow/.local/lib/python3.12/site-packages/airflow/example_dags/example_branch_python_dop_operator_3.py for tasks to queue
[2024-07-11T18:00:20.866+0000] {logging_mixin.py:188} INFO - [2024-07-11T18:00:20.866+0000] {dagbag.py:545} INFO - Filling up the DagBag from /home/airflow/.local/lib/python3.12/site-packages/airflow/example_dags/example_branch_python_dop_operator_3.py
[2024-07-11T18:00:20.880+0000] {processor.py:840} INFO - DAG(s) 'example_branch_dop_operator_v3' retrieved from /home/airflow/.local/lib/python3.12/site-packages/airflow/example_dags/example_branch_python_dop_operator_3.py
[2024-07-11T18:00:20.907+0000] {logging_mixin.py:188} INFO - [2024-07-11T18:00:20.906+0000] {dag.py:3096} INFO - Sync 1 DAGs
[2024-07-11T18:00:20.940+0000] {logging_mixin.py:188} INFO - [2024-07-11T18:00:20.940+0000] {dag.py:3954} INFO - Setting next_dagrun for example_branch_dop_operator_v3 to 2024-07-11 17:59:00+00:00, run_after=2024-07-11 18:00:00+00:00
[2024-07-11T18:00:20.969+0000] {processor.py:183} INFO - Processing /home/airflow/.local/lib/python3.12/site-packages/airflow/example_dags/example_branch_python_dop_operator_3.py took 0.115 seconds
[2024-07-11T18:00:51.174+0000] {processor.py:161} INFO - Started process (PID=424) to work on /home/airflow/.local/lib/python3.12/site-packages/airflow/example_dags/example_branch_python_dop_operator_3.py
[2024-07-11T18:00:51.175+0000] {processor.py:830} INFO - Processing file /home/airflow/.local/lib/python3.12/site-packages/airflow/example_dags/example_branch_python_dop_operator_3.py for tasks to queue
[2024-07-11T18:00:51.178+0000] {logging_mixin.py:188} INFO - [2024-07-11T18:00:51.177+0000] {dagbag.py:545} INFO - Filling up the DagBag from /home/airflow/.local/lib/python3.12/site-packages/airflow/example_dags/example_branch_python_dop_operator_3.py
[2024-07-11T18:00:51.192+0000] {processor.py:840} INFO - DAG(s) 'example_branch_dop_operator_v3' retrieved from /home/airflow/.local/lib/python3.12/site-packages/airflow/example_dags/example_branch_python_dop_operator_3.py
[2024-07-11T18:00:51.219+0000] {logging_mixin.py:188} INFO - [2024-07-11T18:00:51.218+0000] {dag.py:3096} INFO - Sync 1 DAGs
[2024-07-11T18:00:51.264+0000] {logging_mixin.py:188} INFO - [2024-07-11T18:00:51.264+0000] {dag.py:3954} INFO - Setting next_dagrun for example_branch_dop_operator_v3 to 2024-07-11 17:59:00+00:00, run_after=2024-07-11 18:00:00+00:00
[2024-07-11T18:00:51.297+0000] {processor.py:183} INFO - Processing /home/airflow/.local/lib/python3.12/site-packages/airflow/example_dags/example_branch_python_dop_operator_3.py took 0.130 seconds
[2024-07-11T18:01:21.351+0000] {processor.py:161} INFO - Started process (PID=482) to work on /home/airflow/.local/lib/python3.12/site-packages/airflow/example_dags/example_branch_python_dop_operator_3.py
[2024-07-11T18:01:21.352+0000] {processor.py:830} INFO - Processing file /home/airflow/.local/lib/python3.12/site-packages/airflow/example_dags/example_branch_python_dop_operator_3.py for tasks to queue
[2024-07-11T18:01:21.354+0000] {logging_mixin.py:188} INFO - [2024-07-11T18:01:21.354+0000] {dagbag.py:545} INFO - Filling up the DagBag from /home/airflow/.local/lib/python3.12/site-packages/airflow/example_dags/example_branch_python_dop_operator_3.py
[2024-07-11T18:01:21.365+0000] {processor.py:840} INFO - DAG(s) 'example_branch_dop_operator_v3' retrieved from /home/airflow/.local/lib/python3.12/site-packages/airflow/example_dags/example_branch_python_dop_operator_3.py
[2024-07-11T18:01:21.391+0000] {logging_mixin.py:188} INFO - [2024-07-11T18:01:21.390+0000] {dag.py:3096} INFO - Sync 1 DAGs
[2024-07-11T18:01:21.427+0000] {logging_mixin.py:188} INFO - [2024-07-11T18:01:21.426+0000] {dag.py:3954} INFO - Setting next_dagrun for example_branch_dop_operator_v3 to 2024-07-11 18:00:00+00:00, run_after=2024-07-11 18:01:00+00:00
[2024-07-11T18:01:21.456+0000] {processor.py:183} INFO - Processing /home/airflow/.local/lib/python3.12/site-packages/airflow/example_dags/example_branch_python_dop_operator_3.py took 0.110 seconds
[2024-07-11T18:01:51.586+0000] {processor.py:161} INFO - Started process (PID=540) to work on /home/airflow/.local/lib/python3.12/site-packages/airflow/example_dags/example_branch_python_dop_operator_3.py
[2024-07-11T18:01:51.587+0000] {processor.py:830} INFO - Processing file /home/airflow/.local/lib/python3.12/site-packages/airflow/example_dags/example_branch_python_dop_operator_3.py for tasks to queue
[2024-07-11T18:01:51.590+0000] {logging_mixin.py:188} INFO - [2024-07-11T18:01:51.589+0000] {dagbag.py:545} INFO - Filling up the DagBag from /home/airflow/.local/lib/python3.12/site-packages/airflow/example_dags/example_branch_python_dop_operator_3.py
[2024-07-11T18:01:51.599+0000] {processor.py:840} INFO - DAG(s) 'example_branch_dop_operator_v3' retrieved from /home/airflow/.local/lib/python3.12/site-packages/airflow/example_dags/example_branch_python_dop_operator_3.py
[2024-07-11T18:01:51.617+0000] {logging_mixin.py:188} INFO - [2024-07-11T18:01:51.617+0000] {dag.py:3096} INFO - Sync 1 DAGs
[2024-07-11T18:01:51.647+0000] {logging_mixin.py:188} INFO - [2024-07-11T18:01:51.647+0000] {dag.py:3954} INFO - Setting next_dagrun for example_branch_dop_operator_v3 to 2024-07-11 18:00:00+00:00, run_after=2024-07-11 18:01:00+00:00
[2024-07-11T18:01:51.670+0000] {processor.py:183} INFO - Processing /home/airflow/.local/lib/python3.12/site-packages/airflow/example_dags/example_branch_python_dop_operator_3.py took 0.090 seconds
[2024-07-11T18:02:21.927+0000] {processor.py:161} INFO - Started process (PID=598) to work on /home/airflow/.local/lib/python3.12/site-packages/airflow/example_dags/example_branch_python_dop_operator_3.py
[2024-07-11T18:02:21.930+0000] {processor.py:830} INFO - Processing file /home/airflow/.local/lib/python3.12/site-packages/airflow/example_dags/example_branch_python_dop_operator_3.py for tasks to queue
[2024-07-11T18:02:21.935+0000] {logging_mixin.py:188} INFO - [2024-07-11T18:02:21.934+0000] {dagbag.py:545} INFO - Filling up the DagBag from /home/airflow/.local/lib/python3.12/site-packages/airflow/example_dags/example_branch_python_dop_operator_3.py
[2024-07-11T18:02:21.958+0000] {processor.py:840} INFO - DAG(s) 'example_branch_dop_operator_v3' retrieved from /home/airflow/.local/lib/python3.12/site-packages/airflow/example_dags/example_branch_python_dop_operator_3.py
[2024-07-11T18:02:21.995+0000] {logging_mixin.py:188} INFO - [2024-07-11T18:02:21.994+0000] {dag.py:3096} INFO - Sync 1 DAGs
[2024-07-11T18:02:22.054+0000] {logging_mixin.py:188} INFO - [2024-07-11T18:02:22.054+0000] {dag.py:3954} INFO - Setting next_dagrun for example_branch_dop_operator_v3 to 2024-07-11 18:01:00+00:00, run_after=2024-07-11 18:02:00+00:00
[2024-07-11T18:02:22.101+0000] {processor.py:183} INFO - Processing /home/airflow/.local/lib/python3.12/site-packages/airflow/example_dags/example_branch_python_dop_operator_3.py took 0.184 seconds
[2024-07-11T18:02:52.202+0000] {processor.py:161} INFO - Started process (PID=656) to work on /home/airflow/.local/lib/python3.12/site-packages/airflow/example_dags/example_branch_python_dop_operator_3.py
[2024-07-11T18:02:52.203+0000] {processor.py:830} INFO - Processing file /home/airflow/.local/lib/python3.12/site-packages/airflow/example_dags/example_branch_python_dop_operator_3.py for tasks to queue
[2024-07-11T18:02:52.206+0000] {logging_mixin.py:188} INFO - [2024-07-11T18:02:52.205+0000] {dagbag.py:545} INFO - Filling up the DagBag from /home/airflow/.local/lib/python3.12/site-packages/airflow/example_dags/example_branch_python_dop_operator_3.py
[2024-07-11T18:02:52.216+0000] {processor.py:840} INFO - DAG(s) 'example_branch_dop_operator_v3' retrieved from /home/airflow/.local/lib/python3.12/site-packages/airflow/example_dags/example_branch_python_dop_operator_3.py
[2024-07-11T18:02:52.240+0000] {logging_mixin.py:188} INFO - [2024-07-11T18:02:52.239+0000] {dag.py:3096} INFO - Sync 1 DAGs
[2024-07-11T18:02:52.275+0000] {logging_mixin.py:188} INFO - [2024-07-11T18:02:52.275+0000] {dag.py:3954} INFO - Setting next_dagrun for example_branch_dop_operator_v3 to 2024-07-11 18:01:00+00:00, run_after=2024-07-11 18:02:00+00:00
[2024-07-11T18:02:52.304+0000] {processor.py:183} INFO - Processing /home/airflow/.local/lib/python3.12/site-packages/airflow/example_dags/example_branch_python_dop_operator_3.py took 0.110 seconds
[2024-07-11T18:03:22.673+0000] {processor.py:161} INFO - Started process (PID=714) to work on /home/airflow/.local/lib/python3.12/site-packages/airflow/example_dags/example_branch_python_dop_operator_3.py
[2024-07-11T18:03:22.674+0000] {processor.py:830} INFO - Processing file /home/airflow/.local/lib/python3.12/site-packages/airflow/example_dags/example_branch_python_dop_operator_3.py for tasks to queue
[2024-07-11T18:03:22.676+0000] {logging_mixin.py:188} INFO - [2024-07-11T18:03:22.676+0000] {dagbag.py:545} INFO - Filling up the DagBag from /home/airflow/.local/lib/python3.12/site-packages/airflow/example_dags/example_branch_python_dop_operator_3.py
[2024-07-11T18:03:22.686+0000] {processor.py:840} INFO - DAG(s) 'example_branch_dop_operator_v3' retrieved from /home/airflow/.local/lib/python3.12/site-packages/airflow/example_dags/example_branch_python_dop_operator_3.py
[2024-07-11T18:03:22.710+0000] {logging_mixin.py:188} INFO - [2024-07-11T18:03:22.709+0000] {dag.py:3096} INFO - Sync 1 DAGs
[2024-07-11T18:03:22.743+0000] {logging_mixin.py:188} INFO - [2024-07-11T18:03:22.742+0000] {dag.py:3954} INFO - Setting next_dagrun for example_branch_dop_operator_v3 to 2024-07-11 18:02:00+00:00, run_after=2024-07-11 18:03:00+00:00
[2024-07-11T18:03:22.770+0000] {processor.py:183} INFO - Processing /home/airflow/.local/lib/python3.12/site-packages/airflow/example_dags/example_branch_python_dop_operator_3.py took 0.104 seconds
[2024-07-11T18:03:53.764+0000] {processor.py:161} INFO - Started process (PID=772) to work on /home/airflow/.local/lib/python3.12/site-packages/airflow/example_dags/example_branch_python_dop_operator_3.py
[2024-07-11T18:03:53.765+0000] {processor.py:830} INFO - Processing file /home/airflow/.local/lib/python3.12/site-packages/airflow/example_dags/example_branch_python_dop_operator_3.py for tasks to queue
[2024-07-11T18:03:53.767+0000] {logging_mixin.py:188} INFO - [2024-07-11T18:03:53.767+0000] {dagbag.py:545} INFO - Filling up the DagBag from /home/airflow/.local/lib/python3.12/site-packages/airflow/example_dags/example_branch_python_dop_operator_3.py
[2024-07-11T18:03:53.777+0000] {processor.py:840} INFO - DAG(s) 'example_branch_dop_operator_v3' retrieved from /home/airflow/.local/lib/python3.12/site-packages/airflow/example_dags/example_branch_python_dop_operator_3.py
[2024-07-11T18:03:53.799+0000] {logging_mixin.py:188} INFO - [2024-07-11T18:03:53.799+0000] {dag.py:3096} INFO - Sync 1 DAGs
[2024-07-11T18:03:53.838+0000] {logging_mixin.py:188} INFO - [2024-07-11T18:03:53.837+0000] {dag.py:3954} INFO - Setting next_dagrun for example_branch_dop_operator_v3 to 2024-07-11 18:02:00+00:00, run_after=2024-07-11 18:03:00+00:00
[2024-07-11T18:03:53.867+0000] {processor.py:183} INFO - Processing /home/airflow/.local/lib/python3.12/site-packages/airflow/example_dags/example_branch_python_dop_operator_3.py took 0.109 seconds
[2024-07-11T18:04:24.047+0000] {processor.py:161} INFO - Started process (PID=830) to work on /home/airflow/.local/lib/python3.12/site-packages/airflow/example_dags/example_branch_python_dop_operator_3.py
[2024-07-11T18:04:24.048+0000] {processor.py:830} INFO - Processing file /home/airflow/.local/lib/python3.12/site-packages/airflow/example_dags/example_branch_python_dop_operator_3.py for tasks to queue
[2024-07-11T18:04:24.052+0000] {logging_mixin.py:188} INFO - [2024-07-11T18:04:24.051+0000] {dagbag.py:545} INFO - Filling up the DagBag from /home/airflow/.local/lib/python3.12/site-packages/airflow/example_dags/example_branch_python_dop_operator_3.py
[2024-07-11T18:04:24.071+0000] {processor.py:840} INFO - DAG(s) 'example_branch_dop_operator_v3' retrieved from /home/airflow/.local/lib/python3.12/site-packages/airflow/example_dags/example_branch_python_dop_operator_3.py
[2024-07-11T18:04:24.108+0000] {logging_mixin.py:188} INFO - [2024-07-11T18:04:24.108+0000] {dag.py:3096} INFO - Sync 1 DAGs
[2024-07-11T18:04:24.150+0000] {logging_mixin.py:188} INFO - [2024-07-11T18:04:24.150+0000] {dag.py:3954} INFO - Setting next_dagrun for example_branch_dop_operator_v3 to 2024-07-11 18:03:00+00:00, run_after=2024-07-11 18:04:00+00:00
[2024-07-11T18:04:24.179+0000] {processor.py:183} INFO - Processing /home/airflow/.local/lib/python3.12/site-packages/airflow/example_dags/example_branch_python_dop_operator_3.py took 0.145 seconds
[2024-07-11T18:04:54.323+0000] {processor.py:161} INFO - Started process (PID=888) to work on /home/airflow/.local/lib/python3.12/site-packages/airflow/example_dags/example_branch_python_dop_operator_3.py
[2024-07-11T18:04:54.324+0000] {processor.py:830} INFO - Processing file /home/airflow/.local/lib/python3.12/site-packages/airflow/example_dags/example_branch_python_dop_operator_3.py for tasks to queue
[2024-07-11T18:04:54.327+0000] {logging_mixin.py:188} INFO - [2024-07-11T18:04:54.327+0000] {dagbag.py:545} INFO - Filling up the DagBag from /home/airflow/.local/lib/python3.12/site-packages/airflow/example_dags/example_branch_python_dop_operator_3.py
[2024-07-11T18:04:54.342+0000] {processor.py:840} INFO - DAG(s) 'example_branch_dop_operator_v3' retrieved from /home/airflow/.local/lib/python3.12/site-packages/airflow/example_dags/example_branch_python_dop_operator_3.py
[2024-07-11T18:04:54.370+0000] {logging_mixin.py:188} INFO - [2024-07-11T18:04:54.369+0000] {dag.py:3096} INFO - Sync 1 DAGs
[2024-07-11T18:04:54.413+0000] {logging_mixin.py:188} INFO - [2024-07-11T18:04:54.412+0000] {dag.py:3954} INFO - Setting next_dagrun for example_branch_dop_operator_v3 to 2024-07-11 18:03:00+00:00, run_after=2024-07-11 18:04:00+00:00
[2024-07-11T18:04:54.455+0000] {processor.py:183} INFO - Processing /home/airflow/.local/lib/python3.12/site-packages/airflow/example_dags/example_branch_python_dop_operator_3.py took 0.141 seconds
[2024-07-11T18:05:25.347+0000] {processor.py:161} INFO - Started process (PID=947) to work on /home/airflow/.local/lib/python3.12/site-packages/airflow/example_dags/example_branch_python_dop_operator_3.py
[2024-07-11T18:05:25.348+0000] {processor.py:830} INFO - Processing file /home/airflow/.local/lib/python3.12/site-packages/airflow/example_dags/example_branch_python_dop_operator_3.py for tasks to queue
[2024-07-11T18:05:25.351+0000] {logging_mixin.py:188} INFO - [2024-07-11T18:05:25.351+0000] {dagbag.py:545} INFO - Filling up the DagBag from /home/airflow/.local/lib/python3.12/site-packages/airflow/example_dags/example_branch_python_dop_operator_3.py
[2024-07-11T18:05:25.366+0000] {processor.py:840} INFO - DAG(s) 'example_branch_dop_operator_v3' retrieved from /home/airflow/.local/lib/python3.12/site-packages/airflow/example_dags/example_branch_python_dop_operator_3.py
[2024-07-11T18:05:25.394+0000] {logging_mixin.py:188} INFO - [2024-07-11T18:05:25.394+0000] {dag.py:3096} INFO - Sync 1 DAGs
[2024-07-11T18:05:25.438+0000] {logging_mixin.py:188} INFO - [2024-07-11T18:05:25.438+0000] {dag.py:3954} INFO - Setting next_dagrun for example_branch_dop_operator_v3 to 2024-07-11 18:04:00+00:00, run_after=2024-07-11 18:05:00+00:00
[2024-07-11T18:05:25.472+0000] {processor.py:183} INFO - Processing /home/airflow/.local/lib/python3.12/site-packages/airflow/example_dags/example_branch_python_dop_operator_3.py took 0.132 seconds
[2024-07-11T18:05:55.797+0000] {processor.py:161} INFO - Started process (PID=1005) to work on /home/airflow/.local/lib/python3.12/site-packages/airflow/example_dags/example_branch_python_dop_operator_3.py
[2024-07-11T18:05:55.799+0000] {processor.py:830} INFO - Processing file /home/airflow/.local/lib/python3.12/site-packages/airflow/example_dags/example_branch_python_dop_operator_3.py for tasks to queue
[2024-07-11T18:05:55.804+0000] {logging_mixin.py:188} INFO - [2024-07-11T18:05:55.803+0000] {dagbag.py:545} INFO - Filling up the DagBag from /home/airflow/.local/lib/python3.12/site-packages/airflow/example_dags/example_branch_python_dop_operator_3.py
[2024-07-11T18:05:55.827+0000] {processor.py:840} INFO - DAG(s) 'example_branch_dop_operator_v3' retrieved from /home/airflow/.local/lib/python3.12/site-packages/airflow/example_dags/example_branch_python_dop_operator_3.py
[2024-07-11T18:05:55.861+0000] {logging_mixin.py:188} INFO - [2024-07-11T18:05:55.861+0000] {dag.py:3096} INFO - Sync 1 DAGs
[2024-07-11T18:05:55.919+0000] {logging_mixin.py:188} INFO - [2024-07-11T18:05:55.919+0000] {dag.py:3954} INFO - Setting next_dagrun for example_branch_dop_operator_v3 to 2024-07-11 18:04:00+00:00, run_after=2024-07-11 18:05:00+00:00
[2024-07-11T18:05:55.958+0000] {processor.py:183} INFO - Processing /home/airflow/.local/lib/python3.12/site-packages/airflow/example_dags/example_branch_python_dop_operator_3.py took 0.173 seconds
[2024-07-11T18:06:26.914+0000] {processor.py:161} INFO - Started process (PID=1063) to work on /home/airflow/.local/lib/python3.12/site-packages/airflow/example_dags/example_branch_python_dop_operator_3.py
[2024-07-11T18:06:26.915+0000] {processor.py:830} INFO - Processing file /home/airflow/.local/lib/python3.12/site-packages/airflow/example_dags/example_branch_python_dop_operator_3.py for tasks to queue
[2024-07-11T18:06:26.917+0000] {logging_mixin.py:188} INFO - [2024-07-11T18:06:26.917+0000] {dagbag.py:545} INFO - Filling up the DagBag from /home/airflow/.local/lib/python3.12/site-packages/airflow/example_dags/example_branch_python_dop_operator_3.py
[2024-07-11T18:06:26.926+0000] {processor.py:840} INFO - DAG(s) 'example_branch_dop_operator_v3' retrieved from /home/airflow/.local/lib/python3.12/site-packages/airflow/example_dags/example_branch_python_dop_operator_3.py
[2024-07-11T18:06:26.953+0000] {logging_mixin.py:188} INFO - [2024-07-11T18:06:26.952+0000] {dag.py:3096} INFO - Sync 1 DAGs
[2024-07-11T18:06:26.984+0000] {logging_mixin.py:188} INFO - [2024-07-11T18:06:26.984+0000] {dag.py:3954} INFO - Setting next_dagrun for example_branch_dop_operator_v3 to 2024-07-11 18:05:00+00:00, run_after=2024-07-11 18:06:00+00:00
[2024-07-11T18:06:27.011+0000] {processor.py:183} INFO - Processing /home/airflow/.local/lib/python3.12/site-packages/airflow/example_dags/example_branch_python_dop_operator_3.py took 0.102 seconds
[2024-07-11T18:06:57.095+0000] {processor.py:161} INFO - Started process (PID=1121) to work on /home/airflow/.local/lib/python3.12/site-packages/airflow/example_dags/example_branch_python_dop_operator_3.py
[2024-07-11T18:06:57.096+0000] {processor.py:830} INFO - Processing file /home/airflow/.local/lib/python3.12/site-packages/airflow/example_dags/example_branch_python_dop_operator_3.py for tasks to queue
[2024-07-11T18:06:57.098+0000] {logging_mixin.py:188} INFO - [2024-07-11T18:06:57.098+0000] {dagbag.py:545} INFO - Filling up the DagBag from /home/airflow/.local/lib/python3.12/site-packages/airflow/example_dags/example_branch_python_dop_operator_3.py
[2024-07-11T18:06:57.108+0000] {processor.py:840} INFO - DAG(s) 'example_branch_dop_operator_v3' retrieved from /home/airflow/.local/lib/python3.12/site-packages/airflow/example_dags/example_branch_python_dop_operator_3.py
[2024-07-11T18:06:57.132+0000] {logging_mixin.py:188} INFO - [2024-07-11T18:06:57.131+0000] {dag.py:3096} INFO - Sync 1 DAGs
[2024-07-11T18:06:57.163+0000] {logging_mixin.py:188} INFO - [2024-07-11T18:06:57.163+0000] {dag.py:3954} INFO - Setting next_dagrun for example_branch_dop_operator_v3 to 2024-07-11 18:05:00+00:00, run_after=2024-07-11 18:06:00+00:00
[2024-07-11T18:06:57.191+0000] {processor.py:183} INFO - Processing /home/airflow/.local/lib/python3.12/site-packages/airflow/example_dags/example_branch_python_dop_operator_3.py took 0.102 seconds
[2024-07-11T18:07:27.398+0000] {processor.py:161} INFO - Started process (PID=1180) to work on /home/airflow/.local/lib/python3.12/site-packages/airflow/example_dags/example_branch_python_dop_operator_3.py
[2024-07-11T18:07:27.399+0000] {processor.py:830} INFO - Processing file /home/airflow/.local/lib/python3.12/site-packages/airflow/example_dags/example_branch_python_dop_operator_3.py for tasks to queue
[2024-07-11T18:07:27.400+0000] {logging_mixin.py:188} INFO - [2024-07-11T18:07:27.400+0000] {dagbag.py:545} INFO - Filling up the DagBag from /home/airflow/.local/lib/python3.12/site-packages/airflow/example_dags/example_branch_python_dop_operator_3.py
[2024-07-11T18:07:27.410+0000] {processor.py:840} INFO - DAG(s) 'example_branch_dop_operator_v3' retrieved from /home/airflow/.local/lib/python3.12/site-packages/airflow/example_dags/example_branch_python_dop_operator_3.py
[2024-07-11T18:07:27.430+0000] {logging_mixin.py:188} INFO - [2024-07-11T18:07:27.430+0000] {dag.py:3096} INFO - Sync 1 DAGs
[2024-07-11T18:07:27.455+0000] {logging_mixin.py:188} INFO - [2024-07-11T18:07:27.455+0000] {dag.py:3954} INFO - Setting next_dagrun for example_branch_dop_operator_v3 to 2024-07-11 18:06:00+00:00, run_after=2024-07-11 18:07:00+00:00
[2024-07-11T18:07:27.476+0000] {processor.py:183} INFO - Processing /home/airflow/.local/lib/python3.12/site-packages/airflow/example_dags/example_branch_python_dop_operator_3.py took 0.083 seconds
[2024-07-11T18:07:57.768+0000] {processor.py:161} INFO - Started process (PID=1238) to work on /home/airflow/.local/lib/python3.12/site-packages/airflow/example_dags/example_branch_python_dop_operator_3.py
[2024-07-11T18:07:57.769+0000] {processor.py:830} INFO - Processing file /home/airflow/.local/lib/python3.12/site-packages/airflow/example_dags/example_branch_python_dop_operator_3.py for tasks to queue
[2024-07-11T18:07:57.772+0000] {logging_mixin.py:188} INFO - [2024-07-11T18:07:57.772+0000] {dagbag.py:545} INFO - Filling up the DagBag from /home/airflow/.local/lib/python3.12/site-packages/airflow/example_dags/example_branch_python_dop_operator_3.py
[2024-07-11T18:07:57.786+0000] {processor.py:840} INFO - DAG(s) 'example_branch_dop_operator_v3' retrieved from /home/airflow/.local/lib/python3.12/site-packages/airflow/example_dags/example_branch_python_dop_operator_3.py
[2024-07-11T18:07:57.814+0000] {logging_mixin.py:188} INFO - [2024-07-11T18:07:57.813+0000] {dag.py:3096} INFO - Sync 1 DAGs
[2024-07-11T18:07:57.853+0000] {logging_mixin.py:188} INFO - [2024-07-11T18:07:57.852+0000] {dag.py:3954} INFO - Setting next_dagrun for example_branch_dop_operator_v3 to 2024-07-11 18:06:00+00:00, run_after=2024-07-11 18:07:00+00:00
[2024-07-11T18:07:57.884+0000] {processor.py:183} INFO - Processing /home/airflow/.local/lib/python3.12/site-packages/airflow/example_dags/example_branch_python_dop_operator_3.py took 0.125 seconds
[2024-07-11T18:08:28.256+0000] {processor.py:161} INFO - Started process (PID=1296) to work on /home/airflow/.local/lib/python3.12/site-packages/airflow/example_dags/example_branch_python_dop_operator_3.py
[2024-07-11T18:08:28.258+0000] {processor.py:830} INFO - Processing file /home/airflow/.local/lib/python3.12/site-packages/airflow/example_dags/example_branch_python_dop_operator_3.py for tasks to queue
[2024-07-11T18:08:28.261+0000] {logging_mixin.py:188} INFO - [2024-07-11T18:08:28.260+0000] {dagbag.py:545} INFO - Filling up the DagBag from /home/airflow/.local/lib/python3.12/site-packages/airflow/example_dags/example_branch_python_dop_operator_3.py
[2024-07-11T18:08:28.271+0000] {processor.py:840} INFO - DAG(s) 'example_branch_dop_operator_v3' retrieved from /home/airflow/.local/lib/python3.12/site-packages/airflow/example_dags/example_branch_python_dop_operator_3.py
[2024-07-11T18:08:28.292+0000] {logging_mixin.py:188} INFO - [2024-07-11T18:08:28.292+0000] {dag.py:3096} INFO - Sync 1 DAGs
[2024-07-11T18:08:28.321+0000] {logging_mixin.py:188} INFO - [2024-07-11T18:08:28.321+0000] {dag.py:3954} INFO - Setting next_dagrun for example_branch_dop_operator_v3 to 2024-07-11 18:07:00+00:00, run_after=2024-07-11 18:08:00+00:00
[2024-07-11T18:08:28.353+0000] {processor.py:183} INFO - Processing /home/airflow/.local/lib/python3.12/site-packages/airflow/example_dags/example_branch_python_dop_operator_3.py took 0.104 seconds
[2024-07-11T18:08:58.673+0000] {processor.py:161} INFO - Started process (PID=1354) to work on /home/airflow/.local/lib/python3.12/site-packages/airflow/example_dags/example_branch_python_dop_operator_3.py
[2024-07-11T18:08:58.674+0000] {processor.py:830} INFO - Processing file /home/airflow/.local/lib/python3.12/site-packages/airflow/example_dags/example_branch_python_dop_operator_3.py for tasks to queue
[2024-07-11T18:08:58.677+0000] {logging_mixin.py:188} INFO - [2024-07-11T18:08:58.677+0000] {dagbag.py:545} INFO - Filling up the DagBag from /home/airflow/.local/lib/python3.12/site-packages/airflow/example_dags/example_branch_python_dop_operator_3.py
[2024-07-11T18:08:58.692+0000] {processor.py:840} INFO - DAG(s) 'example_branch_dop_operator_v3' retrieved from /home/airflow/.local/lib/python3.12/site-packages/airflow/example_dags/example_branch_python_dop_operator_3.py
[2024-07-11T18:08:58.717+0000] {logging_mixin.py:188} INFO - [2024-07-11T18:08:58.717+0000] {dag.py:3096} INFO - Sync 1 DAGs
[2024-07-11T18:08:58.753+0000] {logging_mixin.py:188} INFO - [2024-07-11T18:08:58.753+0000] {dag.py:3954} INFO - Setting next_dagrun for example_branch_dop_operator_v3 to 2024-07-11 18:07:00+00:00, run_after=2024-07-11 18:08:00+00:00
[2024-07-11T18:08:58.785+0000] {processor.py:183} INFO - Processing /home/airflow/.local/lib/python3.12/site-packages/airflow/example_dags/example_branch_python_dop_operator_3.py took 0.121 seconds
