[2024-07-11T17:57:47.129+0000] {processor.py:161} INFO - Started process (PID=71) to work on /home/airflow/.local/lib/python3.12/site-packages/airflow/example_dags/example_subdag_operator.py
[2024-07-11T17:57:47.131+0000] {processor.py:830} INFO - Processing file /home/airflow/.local/lib/python3.12/site-packages/airflow/example_dags/example_subdag_operator.py for tasks to queue
[2024-07-11T17:57:47.134+0000] {logging_mixin.py:188} INFO - [2024-07-11T17:57:47.134+0000] {dagbag.py:545} INFO - Filling up the DagBag from /home/airflow/.local/lib/python3.12/site-packages/airflow/example_dags/example_subdag_operator.py
[2024-07-11T17:57:47.176+0000] {processor.py:840} INFO - DAG(s) 'example_subdag_operator.section-1', 'example_subdag_operator.section-2', 'example_subdag_operator' retrieved from /home/airflow/.local/lib/python3.12/site-packages/airflow/example_dags/example_subdag_operator.py
[2024-07-11T17:57:47.460+0000] {logging_mixin.py:188} INFO - [2024-07-11T17:57:47.460+0000] {dag.py:3096} INFO - Sync 3 DAGs
[2024-07-11T17:57:47.518+0000] {logging_mixin.py:188} INFO - [2024-07-11T17:57:47.518+0000] {dag.py:3954} INFO - Setting next_dagrun for example_subdag_operator to 2022-01-01 00:00:00+00:00, run_after=2022-01-01 00:00:00+00:00
[2024-07-11T17:57:47.527+0000] {logging_mixin.py:188} INFO - [2024-07-11T17:57:47.527+0000] {dag.py:3954} INFO - Setting next_dagrun for example_subdag_operator.section-1 to None, run_after=None
[2024-07-11T17:57:47.531+0000] {logging_mixin.py:188} INFO - [2024-07-11T17:57:47.530+0000] {dag.py:3954} INFO - Setting next_dagrun for example_subdag_operator.section-2 to None, run_after=None
[2024-07-11T17:57:47.554+0000] {logging_mixin.py:188} INFO - [2024-07-11T17:57:47.553+0000] {dag.py:3096} INFO - Sync 2 DAGs
[2024-07-11T17:57:47.566+0000] {logging_mixin.py:188} INFO - [2024-07-11T17:57:47.565+0000] {dag.py:3954} INFO - Setting next_dagrun for example_subdag_operator.section-1 to None, run_after=None
[2024-07-11T17:57:47.567+0000] {logging_mixin.py:188} INFO - [2024-07-11T17:57:47.567+0000] {dag.py:3954} INFO - Setting next_dagrun for example_subdag_operator.section-2 to None, run_after=None
[2024-07-11T17:57:47.593+0000] {processor.py:183} INFO - Processing /home/airflow/.local/lib/python3.12/site-packages/airflow/example_dags/example_subdag_operator.py took 0.473 seconds
[2024-07-11T17:58:17.839+0000] {processor.py:161} INFO - Started process (PID=129) to work on /home/airflow/.local/lib/python3.12/site-packages/airflow/example_dags/example_subdag_operator.py
[2024-07-11T17:58:17.840+0000] {processor.py:830} INFO - Processing file /home/airflow/.local/lib/python3.12/site-packages/airflow/example_dags/example_subdag_operator.py for tasks to queue
[2024-07-11T17:58:17.842+0000] {logging_mixin.py:188} INFO - [2024-07-11T17:58:17.842+0000] {dagbag.py:545} INFO - Filling up the DagBag from /home/airflow/.local/lib/python3.12/site-packages/airflow/example_dags/example_subdag_operator.py
[2024-07-11T17:58:17.867+0000] {processor.py:840} INFO - DAG(s) 'example_subdag_operator.section-1', 'example_subdag_operator.section-2', 'example_subdag_operator' retrieved from /home/airflow/.local/lib/python3.12/site-packages/airflow/example_dags/example_subdag_operator.py
[2024-07-11T17:58:17.882+0000] {logging_mixin.py:188} INFO - [2024-07-11T17:58:17.882+0000] {dag.py:3096} INFO - Sync 3 DAGs
[2024-07-11T17:58:17.906+0000] {logging_mixin.py:188} INFO - [2024-07-11T17:58:17.906+0000] {dag.py:3954} INFO - Setting next_dagrun for example_subdag_operator to 2022-01-01 00:00:00+00:00, run_after=2022-01-01 00:00:00+00:00
[2024-07-11T17:58:17.911+0000] {logging_mixin.py:188} INFO - [2024-07-11T17:58:17.911+0000] {dag.py:3954} INFO - Setting next_dagrun for example_subdag_operator.section-1 to None, run_after=None
[2024-07-11T17:58:17.913+0000] {logging_mixin.py:188} INFO - [2024-07-11T17:58:17.913+0000] {dag.py:3954} INFO - Setting next_dagrun for example_subdag_operator.section-2 to None, run_after=None
[2024-07-11T17:58:17.922+0000] {logging_mixin.py:188} INFO - [2024-07-11T17:58:17.921+0000] {dag.py:3096} INFO - Sync 2 DAGs
[2024-07-11T17:58:17.928+0000] {logging_mixin.py:188} INFO - [2024-07-11T17:58:17.927+0000] {dag.py:3954} INFO - Setting next_dagrun for example_subdag_operator.section-1 to None, run_after=None
[2024-07-11T17:58:17.928+0000] {logging_mixin.py:188} INFO - [2024-07-11T17:58:17.928+0000] {dag.py:3954} INFO - Setting next_dagrun for example_subdag_operator.section-2 to None, run_after=None
[2024-07-11T17:58:17.944+0000] {processor.py:183} INFO - Processing /home/airflow/.local/lib/python3.12/site-packages/airflow/example_dags/example_subdag_operator.py took 0.110 seconds
[2024-07-11T17:58:48.089+0000] {processor.py:161} INFO - Started process (PID=187) to work on /home/airflow/.local/lib/python3.12/site-packages/airflow/example_dags/example_subdag_operator.py
[2024-07-11T17:58:48.091+0000] {processor.py:830} INFO - Processing file /home/airflow/.local/lib/python3.12/site-packages/airflow/example_dags/example_subdag_operator.py for tasks to queue
[2024-07-11T17:58:48.093+0000] {logging_mixin.py:188} INFO - [2024-07-11T17:58:48.093+0000] {dagbag.py:545} INFO - Filling up the DagBag from /home/airflow/.local/lib/python3.12/site-packages/airflow/example_dags/example_subdag_operator.py
[2024-07-11T17:58:48.117+0000] {processor.py:840} INFO - DAG(s) 'example_subdag_operator.section-1', 'example_subdag_operator.section-2', 'example_subdag_operator' retrieved from /home/airflow/.local/lib/python3.12/site-packages/airflow/example_dags/example_subdag_operator.py
[2024-07-11T17:58:48.135+0000] {logging_mixin.py:188} INFO - [2024-07-11T17:58:48.134+0000] {dag.py:3096} INFO - Sync 3 DAGs
[2024-07-11T17:58:48.161+0000] {logging_mixin.py:188} INFO - [2024-07-11T17:58:48.161+0000] {dag.py:3954} INFO - Setting next_dagrun for example_subdag_operator to 2022-01-01 00:00:00+00:00, run_after=2022-01-01 00:00:00+00:00
[2024-07-11T17:58:48.166+0000] {logging_mixin.py:188} INFO - [2024-07-11T17:58:48.166+0000] {dag.py:3954} INFO - Setting next_dagrun for example_subdag_operator.section-1 to None, run_after=None
[2024-07-11T17:58:48.168+0000] {logging_mixin.py:188} INFO - [2024-07-11T17:58:48.167+0000] {dag.py:3954} INFO - Setting next_dagrun for example_subdag_operator.section-2 to None, run_after=None
[2024-07-11T17:58:48.176+0000] {logging_mixin.py:188} INFO - [2024-07-11T17:58:48.176+0000] {dag.py:3096} INFO - Sync 2 DAGs
[2024-07-11T17:58:48.183+0000] {logging_mixin.py:188} INFO - [2024-07-11T17:58:48.183+0000] {dag.py:3954} INFO - Setting next_dagrun for example_subdag_operator.section-1 to None, run_after=None
[2024-07-11T17:58:48.184+0000] {logging_mixin.py:188} INFO - [2024-07-11T17:58:48.183+0000] {dag.py:3954} INFO - Setting next_dagrun for example_subdag_operator.section-2 to None, run_after=None
[2024-07-11T17:58:48.199+0000] {processor.py:183} INFO - Processing /home/airflow/.local/lib/python3.12/site-packages/airflow/example_dags/example_subdag_operator.py took 0.116 seconds
[2024-07-11T17:59:18.396+0000] {processor.py:161} INFO - Started process (PID=245) to work on /home/airflow/.local/lib/python3.12/site-packages/airflow/example_dags/example_subdag_operator.py
[2024-07-11T17:59:18.397+0000] {processor.py:830} INFO - Processing file /home/airflow/.local/lib/python3.12/site-packages/airflow/example_dags/example_subdag_operator.py for tasks to queue
[2024-07-11T17:59:18.400+0000] {logging_mixin.py:188} INFO - [2024-07-11T17:59:18.399+0000] {dagbag.py:545} INFO - Filling up the DagBag from /home/airflow/.local/lib/python3.12/site-packages/airflow/example_dags/example_subdag_operator.py
[2024-07-11T17:59:18.436+0000] {processor.py:840} INFO - DAG(s) 'example_subdag_operator.section-1', 'example_subdag_operator.section-2', 'example_subdag_operator' retrieved from /home/airflow/.local/lib/python3.12/site-packages/airflow/example_dags/example_subdag_operator.py
[2024-07-11T17:59:18.458+0000] {logging_mixin.py:188} INFO - [2024-07-11T17:59:18.457+0000] {dag.py:3096} INFO - Sync 3 DAGs
[2024-07-11T17:59:18.489+0000] {logging_mixin.py:188} INFO - [2024-07-11T17:59:18.488+0000] {dag.py:3954} INFO - Setting next_dagrun for example_subdag_operator to 2022-01-01 00:00:00+00:00, run_after=2022-01-01 00:00:00+00:00
[2024-07-11T17:59:18.494+0000] {logging_mixin.py:188} INFO - [2024-07-11T17:59:18.494+0000] {dag.py:3954} INFO - Setting next_dagrun for example_subdag_operator.section-1 to None, run_after=None
[2024-07-11T17:59:18.496+0000] {logging_mixin.py:188} INFO - [2024-07-11T17:59:18.495+0000] {dag.py:3954} INFO - Setting next_dagrun for example_subdag_operator.section-2 to None, run_after=None
[2024-07-11T17:59:18.507+0000] {logging_mixin.py:188} INFO - [2024-07-11T17:59:18.506+0000] {dag.py:3096} INFO - Sync 2 DAGs
[2024-07-11T17:59:18.514+0000] {logging_mixin.py:188} INFO - [2024-07-11T17:59:18.514+0000] {dag.py:3954} INFO - Setting next_dagrun for example_subdag_operator.section-1 to None, run_after=None
[2024-07-11T17:59:18.515+0000] {logging_mixin.py:188} INFO - [2024-07-11T17:59:18.515+0000] {dag.py:3954} INFO - Setting next_dagrun for example_subdag_operator.section-2 to None, run_after=None
[2024-07-11T17:59:18.533+0000] {processor.py:183} INFO - Processing /home/airflow/.local/lib/python3.12/site-packages/airflow/example_dags/example_subdag_operator.py took 0.145 seconds
[2024-07-11T17:59:48.881+0000] {processor.py:161} INFO - Started process (PID=303) to work on /home/airflow/.local/lib/python3.12/site-packages/airflow/example_dags/example_subdag_operator.py
[2024-07-11T17:59:48.881+0000] {processor.py:830} INFO - Processing file /home/airflow/.local/lib/python3.12/site-packages/airflow/example_dags/example_subdag_operator.py for tasks to queue
[2024-07-11T17:59:48.883+0000] {logging_mixin.py:188} INFO - [2024-07-11T17:59:48.883+0000] {dagbag.py:545} INFO - Filling up the DagBag from /home/airflow/.local/lib/python3.12/site-packages/airflow/example_dags/example_subdag_operator.py
[2024-07-11T17:59:48.908+0000] {processor.py:840} INFO - DAG(s) 'example_subdag_operator.section-1', 'example_subdag_operator.section-2', 'example_subdag_operator' retrieved from /home/airflow/.local/lib/python3.12/site-packages/airflow/example_dags/example_subdag_operator.py
[2024-07-11T17:59:48.925+0000] {logging_mixin.py:188} INFO - [2024-07-11T17:59:48.925+0000] {dag.py:3096} INFO - Sync 3 DAGs
[2024-07-11T17:59:48.950+0000] {logging_mixin.py:188} INFO - [2024-07-11T17:59:48.949+0000] {dag.py:3954} INFO - Setting next_dagrun for example_subdag_operator to 2022-01-01 00:00:00+00:00, run_after=2022-01-01 00:00:00+00:00
[2024-07-11T17:59:48.955+0000] {logging_mixin.py:188} INFO - [2024-07-11T17:59:48.955+0000] {dag.py:3954} INFO - Setting next_dagrun for example_subdag_operator.section-1 to None, run_after=None
[2024-07-11T17:59:48.957+0000] {logging_mixin.py:188} INFO - [2024-07-11T17:59:48.957+0000] {dag.py:3954} INFO - Setting next_dagrun for example_subdag_operator.section-2 to None, run_after=None
[2024-07-11T17:59:48.965+0000] {logging_mixin.py:188} INFO - [2024-07-11T17:59:48.965+0000] {dag.py:3096} INFO - Sync 2 DAGs
[2024-07-11T17:59:48.973+0000] {logging_mixin.py:188} INFO - [2024-07-11T17:59:48.973+0000] {dag.py:3954} INFO - Setting next_dagrun for example_subdag_operator.section-1 to None, run_after=None
[2024-07-11T17:59:48.974+0000] {logging_mixin.py:188} INFO - [2024-07-11T17:59:48.974+0000] {dag.py:3954} INFO - Setting next_dagrun for example_subdag_operator.section-2 to None, run_after=None
[2024-07-11T17:59:48.988+0000] {processor.py:183} INFO - Processing /home/airflow/.local/lib/python3.12/site-packages/airflow/example_dags/example_subdag_operator.py took 0.114 seconds
[2024-07-11T18:00:19.418+0000] {processor.py:161} INFO - Started process (PID=361) to work on /home/airflow/.local/lib/python3.12/site-packages/airflow/example_dags/example_subdag_operator.py
[2024-07-11T18:00:19.419+0000] {processor.py:830} INFO - Processing file /home/airflow/.local/lib/python3.12/site-packages/airflow/example_dags/example_subdag_operator.py for tasks to queue
[2024-07-11T18:00:19.421+0000] {logging_mixin.py:188} INFO - [2024-07-11T18:00:19.421+0000] {dagbag.py:545} INFO - Filling up the DagBag from /home/airflow/.local/lib/python3.12/site-packages/airflow/example_dags/example_subdag_operator.py
[2024-07-11T18:00:19.449+0000] {processor.py:840} INFO - DAG(s) 'example_subdag_operator.section-1', 'example_subdag_operator.section-2', 'example_subdag_operator' retrieved from /home/airflow/.local/lib/python3.12/site-packages/airflow/example_dags/example_subdag_operator.py
[2024-07-11T18:00:19.472+0000] {logging_mixin.py:188} INFO - [2024-07-11T18:00:19.472+0000] {dag.py:3096} INFO - Sync 3 DAGs
[2024-07-11T18:00:19.503+0000] {logging_mixin.py:188} INFO - [2024-07-11T18:00:19.503+0000] {dag.py:3954} INFO - Setting next_dagrun for example_subdag_operator to 2022-01-01 00:00:00+00:00, run_after=2022-01-01 00:00:00+00:00
[2024-07-11T18:00:19.509+0000] {logging_mixin.py:188} INFO - [2024-07-11T18:00:19.509+0000] {dag.py:3954} INFO - Setting next_dagrun for example_subdag_operator.section-1 to None, run_after=None
[2024-07-11T18:00:19.511+0000] {logging_mixin.py:188} INFO - [2024-07-11T18:00:19.511+0000] {dag.py:3954} INFO - Setting next_dagrun for example_subdag_operator.section-2 to None, run_after=None
[2024-07-11T18:00:19.521+0000] {logging_mixin.py:188} INFO - [2024-07-11T18:00:19.521+0000] {dag.py:3096} INFO - Sync 2 DAGs
[2024-07-11T18:00:19.530+0000] {logging_mixin.py:188} INFO - [2024-07-11T18:00:19.529+0000] {dag.py:3954} INFO - Setting next_dagrun for example_subdag_operator.section-1 to None, run_after=None
[2024-07-11T18:00:19.530+0000] {logging_mixin.py:188} INFO - [2024-07-11T18:00:19.530+0000] {dag.py:3954} INFO - Setting next_dagrun for example_subdag_operator.section-2 to None, run_after=None
[2024-07-11T18:00:19.548+0000] {processor.py:183} INFO - Processing /home/airflow/.local/lib/python3.12/site-packages/airflow/example_dags/example_subdag_operator.py took 0.137 seconds
[2024-07-11T18:00:49.782+0000] {processor.py:161} INFO - Started process (PID=419) to work on /home/airflow/.local/lib/python3.12/site-packages/airflow/example_dags/example_subdag_operator.py
[2024-07-11T18:00:49.783+0000] {processor.py:830} INFO - Processing file /home/airflow/.local/lib/python3.12/site-packages/airflow/example_dags/example_subdag_operator.py for tasks to queue
[2024-07-11T18:00:49.786+0000] {logging_mixin.py:188} INFO - [2024-07-11T18:00:49.786+0000] {dagbag.py:545} INFO - Filling up the DagBag from /home/airflow/.local/lib/python3.12/site-packages/airflow/example_dags/example_subdag_operator.py
[2024-07-11T18:00:49.819+0000] {processor.py:840} INFO - DAG(s) 'example_subdag_operator.section-1', 'example_subdag_operator.section-2', 'example_subdag_operator' retrieved from /home/airflow/.local/lib/python3.12/site-packages/airflow/example_dags/example_subdag_operator.py
[2024-07-11T18:00:49.848+0000] {logging_mixin.py:188} INFO - [2024-07-11T18:00:49.848+0000] {dag.py:3096} INFO - Sync 3 DAGs
[2024-07-11T18:00:49.882+0000] {logging_mixin.py:188} INFO - [2024-07-11T18:00:49.881+0000] {dag.py:3954} INFO - Setting next_dagrun for example_subdag_operator to 2022-01-01 00:00:00+00:00, run_after=2022-01-01 00:00:00+00:00
[2024-07-11T18:00:49.889+0000] {logging_mixin.py:188} INFO - [2024-07-11T18:00:49.889+0000] {dag.py:3954} INFO - Setting next_dagrun for example_subdag_operator.section-1 to None, run_after=None
[2024-07-11T18:00:49.891+0000] {logging_mixin.py:188} INFO - [2024-07-11T18:00:49.891+0000] {dag.py:3954} INFO - Setting next_dagrun for example_subdag_operator.section-2 to None, run_after=None
[2024-07-11T18:00:49.902+0000] {logging_mixin.py:188} INFO - [2024-07-11T18:00:49.901+0000] {dag.py:3096} INFO - Sync 2 DAGs
[2024-07-11T18:00:49.910+0000] {logging_mixin.py:188} INFO - [2024-07-11T18:00:49.910+0000] {dag.py:3954} INFO - Setting next_dagrun for example_subdag_operator.section-1 to None, run_after=None
[2024-07-11T18:00:49.911+0000] {logging_mixin.py:188} INFO - [2024-07-11T18:00:49.911+0000] {dag.py:3954} INFO - Setting next_dagrun for example_subdag_operator.section-2 to None, run_after=None
[2024-07-11T18:00:49.935+0000] {processor.py:183} INFO - Processing /home/airflow/.local/lib/python3.12/site-packages/airflow/example_dags/example_subdag_operator.py took 0.160 seconds
[2024-07-11T18:01:20.062+0000] {processor.py:161} INFO - Started process (PID=477) to work on /home/airflow/.local/lib/python3.12/site-packages/airflow/example_dags/example_subdag_operator.py
[2024-07-11T18:01:20.063+0000] {processor.py:830} INFO - Processing file /home/airflow/.local/lib/python3.12/site-packages/airflow/example_dags/example_subdag_operator.py for tasks to queue
[2024-07-11T18:01:20.065+0000] {logging_mixin.py:188} INFO - [2024-07-11T18:01:20.065+0000] {dagbag.py:545} INFO - Filling up the DagBag from /home/airflow/.local/lib/python3.12/site-packages/airflow/example_dags/example_subdag_operator.py
[2024-07-11T18:01:20.090+0000] {processor.py:840} INFO - DAG(s) 'example_subdag_operator.section-1', 'example_subdag_operator.section-2', 'example_subdag_operator' retrieved from /home/airflow/.local/lib/python3.12/site-packages/airflow/example_dags/example_subdag_operator.py
[2024-07-11T18:01:20.111+0000] {logging_mixin.py:188} INFO - [2024-07-11T18:01:20.111+0000] {dag.py:3096} INFO - Sync 3 DAGs
[2024-07-11T18:01:20.142+0000] {logging_mixin.py:188} INFO - [2024-07-11T18:01:20.141+0000] {dag.py:3954} INFO - Setting next_dagrun for example_subdag_operator to 2022-01-01 00:00:00+00:00, run_after=2022-01-01 00:00:00+00:00
[2024-07-11T18:01:20.148+0000] {logging_mixin.py:188} INFO - [2024-07-11T18:01:20.147+0000] {dag.py:3954} INFO - Setting next_dagrun for example_subdag_operator.section-1 to None, run_after=None
[2024-07-11T18:01:20.150+0000] {logging_mixin.py:188} INFO - [2024-07-11T18:01:20.149+0000] {dag.py:3954} INFO - Setting next_dagrun for example_subdag_operator.section-2 to None, run_after=None
[2024-07-11T18:01:20.161+0000] {logging_mixin.py:188} INFO - [2024-07-11T18:01:20.160+0000] {dag.py:3096} INFO - Sync 2 DAGs
[2024-07-11T18:01:20.167+0000] {logging_mixin.py:188} INFO - [2024-07-11T18:01:20.167+0000] {dag.py:3954} INFO - Setting next_dagrun for example_subdag_operator.section-1 to None, run_after=None
[2024-07-11T18:01:20.168+0000] {logging_mixin.py:188} INFO - [2024-07-11T18:01:20.168+0000] {dag.py:3954} INFO - Setting next_dagrun for example_subdag_operator.section-2 to None, run_after=None
[2024-07-11T18:01:20.185+0000] {processor.py:183} INFO - Processing /home/airflow/.local/lib/python3.12/site-packages/airflow/example_dags/example_subdag_operator.py took 0.128 seconds
[2024-07-11T18:01:50.225+0000] {processor.py:161} INFO - Started process (PID=534) to work on /home/airflow/.local/lib/python3.12/site-packages/airflow/example_dags/example_subdag_operator.py
[2024-07-11T18:01:50.226+0000] {processor.py:830} INFO - Processing file /home/airflow/.local/lib/python3.12/site-packages/airflow/example_dags/example_subdag_operator.py for tasks to queue
[2024-07-11T18:01:50.228+0000] {logging_mixin.py:188} INFO - [2024-07-11T18:01:50.227+0000] {dagbag.py:545} INFO - Filling up the DagBag from /home/airflow/.local/lib/python3.12/site-packages/airflow/example_dags/example_subdag_operator.py
[2024-07-11T18:01:50.251+0000] {processor.py:840} INFO - DAG(s) 'example_subdag_operator.section-1', 'example_subdag_operator.section-2', 'example_subdag_operator' retrieved from /home/airflow/.local/lib/python3.12/site-packages/airflow/example_dags/example_subdag_operator.py
[2024-07-11T18:01:50.267+0000] {logging_mixin.py:188} INFO - [2024-07-11T18:01:50.267+0000] {dag.py:3096} INFO - Sync 3 DAGs
[2024-07-11T18:01:50.292+0000] {logging_mixin.py:188} INFO - [2024-07-11T18:01:50.291+0000] {dag.py:3954} INFO - Setting next_dagrun for example_subdag_operator to 2022-01-01 00:00:00+00:00, run_after=2022-01-01 00:00:00+00:00
[2024-07-11T18:01:50.296+0000] {logging_mixin.py:188} INFO - [2024-07-11T18:01:50.296+0000] {dag.py:3954} INFO - Setting next_dagrun for example_subdag_operator.section-1 to None, run_after=None
[2024-07-11T18:01:50.298+0000] {logging_mixin.py:188} INFO - [2024-07-11T18:01:50.298+0000] {dag.py:3954} INFO - Setting next_dagrun for example_subdag_operator.section-2 to None, run_after=None
[2024-07-11T18:01:50.306+0000] {logging_mixin.py:188} INFO - [2024-07-11T18:01:50.306+0000] {dag.py:3096} INFO - Sync 2 DAGs
[2024-07-11T18:01:50.312+0000] {logging_mixin.py:188} INFO - [2024-07-11T18:01:50.312+0000] {dag.py:3954} INFO - Setting next_dagrun for example_subdag_operator.section-1 to None, run_after=None
[2024-07-11T18:01:50.313+0000] {logging_mixin.py:188} INFO - [2024-07-11T18:01:50.313+0000] {dag.py:3954} INFO - Setting next_dagrun for example_subdag_operator.section-2 to None, run_after=None
[2024-07-11T18:01:50.329+0000] {processor.py:183} INFO - Processing /home/airflow/.local/lib/python3.12/site-packages/airflow/example_dags/example_subdag_operator.py took 0.109 seconds
[2024-07-11T18:02:20.536+0000] {processor.py:161} INFO - Started process (PID=593) to work on /home/airflow/.local/lib/python3.12/site-packages/airflow/example_dags/example_subdag_operator.py
[2024-07-11T18:02:20.537+0000] {processor.py:830} INFO - Processing file /home/airflow/.local/lib/python3.12/site-packages/airflow/example_dags/example_subdag_operator.py for tasks to queue
[2024-07-11T18:02:20.539+0000] {logging_mixin.py:188} INFO - [2024-07-11T18:02:20.539+0000] {dagbag.py:545} INFO - Filling up the DagBag from /home/airflow/.local/lib/python3.12/site-packages/airflow/example_dags/example_subdag_operator.py
[2024-07-11T18:02:20.567+0000] {processor.py:840} INFO - DAG(s) 'example_subdag_operator.section-1', 'example_subdag_operator.section-2', 'example_subdag_operator' retrieved from /home/airflow/.local/lib/python3.12/site-packages/airflow/example_dags/example_subdag_operator.py
[2024-07-11T18:02:20.586+0000] {logging_mixin.py:188} INFO - [2024-07-11T18:02:20.586+0000] {dag.py:3096} INFO - Sync 3 DAGs
[2024-07-11T18:02:20.614+0000] {logging_mixin.py:188} INFO - [2024-07-11T18:02:20.613+0000] {dag.py:3954} INFO - Setting next_dagrun for example_subdag_operator to 2022-01-01 00:00:00+00:00, run_after=2022-01-01 00:00:00+00:00
[2024-07-11T18:02:20.619+0000] {logging_mixin.py:188} INFO - [2024-07-11T18:02:20.619+0000] {dag.py:3954} INFO - Setting next_dagrun for example_subdag_operator.section-1 to None, run_after=None
[2024-07-11T18:02:20.621+0000] {logging_mixin.py:188} INFO - [2024-07-11T18:02:20.620+0000] {dag.py:3954} INFO - Setting next_dagrun for example_subdag_operator.section-2 to None, run_after=None
[2024-07-11T18:02:20.633+0000] {logging_mixin.py:188} INFO - [2024-07-11T18:02:20.633+0000] {dag.py:3096} INFO - Sync 2 DAGs
[2024-07-11T18:02:20.644+0000] {logging_mixin.py:188} INFO - [2024-07-11T18:02:20.643+0000] {dag.py:3954} INFO - Setting next_dagrun for example_subdag_operator.section-1 to None, run_after=None
[2024-07-11T18:02:20.645+0000] {logging_mixin.py:188} INFO - [2024-07-11T18:02:20.644+0000] {dag.py:3954} INFO - Setting next_dagrun for example_subdag_operator.section-2 to None, run_after=None
[2024-07-11T18:02:20.665+0000] {processor.py:183} INFO - Processing /home/airflow/.local/lib/python3.12/site-packages/airflow/example_dags/example_subdag_operator.py took 0.135 seconds
[2024-07-11T18:02:50.789+0000] {processor.py:161} INFO - Started process (PID=651) to work on /home/airflow/.local/lib/python3.12/site-packages/airflow/example_dags/example_subdag_operator.py
[2024-07-11T18:02:50.790+0000] {processor.py:830} INFO - Processing file /home/airflow/.local/lib/python3.12/site-packages/airflow/example_dags/example_subdag_operator.py for tasks to queue
[2024-07-11T18:02:50.792+0000] {logging_mixin.py:188} INFO - [2024-07-11T18:02:50.792+0000] {dagbag.py:545} INFO - Filling up the DagBag from /home/airflow/.local/lib/python3.12/site-packages/airflow/example_dags/example_subdag_operator.py
[2024-07-11T18:02:50.818+0000] {processor.py:840} INFO - DAG(s) 'example_subdag_operator.section-1', 'example_subdag_operator.section-2', 'example_subdag_operator' retrieved from /home/airflow/.local/lib/python3.12/site-packages/airflow/example_dags/example_subdag_operator.py
[2024-07-11T18:02:50.837+0000] {logging_mixin.py:188} INFO - [2024-07-11T18:02:50.837+0000] {dag.py:3096} INFO - Sync 3 DAGs
[2024-07-11T18:02:50.866+0000] {logging_mixin.py:188} INFO - [2024-07-11T18:02:50.865+0000] {dag.py:3954} INFO - Setting next_dagrun for example_subdag_operator to 2022-01-01 00:00:00+00:00, run_after=2022-01-01 00:00:00+00:00
[2024-07-11T18:02:50.871+0000] {logging_mixin.py:188} INFO - [2024-07-11T18:02:50.871+0000] {dag.py:3954} INFO - Setting next_dagrun for example_subdag_operator.section-1 to None, run_after=None
[2024-07-11T18:02:50.873+0000] {logging_mixin.py:188} INFO - [2024-07-11T18:02:50.873+0000] {dag.py:3954} INFO - Setting next_dagrun for example_subdag_operator.section-2 to None, run_after=None
[2024-07-11T18:02:50.882+0000] {logging_mixin.py:188} INFO - [2024-07-11T18:02:50.882+0000] {dag.py:3096} INFO - Sync 2 DAGs
[2024-07-11T18:02:50.890+0000] {logging_mixin.py:188} INFO - [2024-07-11T18:02:50.889+0000] {dag.py:3954} INFO - Setting next_dagrun for example_subdag_operator.section-1 to None, run_after=None
[2024-07-11T18:02:50.891+0000] {logging_mixin.py:188} INFO - [2024-07-11T18:02:50.890+0000] {dag.py:3954} INFO - Setting next_dagrun for example_subdag_operator.section-2 to None, run_after=None
[2024-07-11T18:02:50.908+0000] {processor.py:183} INFO - Processing /home/airflow/.local/lib/python3.12/site-packages/airflow/example_dags/example_subdag_operator.py took 0.125 seconds
[2024-07-11T18:03:21.371+0000] {processor.py:161} INFO - Started process (PID=709) to work on /home/airflow/.local/lib/python3.12/site-packages/airflow/example_dags/example_subdag_operator.py
[2024-07-11T18:03:21.372+0000] {processor.py:830} INFO - Processing file /home/airflow/.local/lib/python3.12/site-packages/airflow/example_dags/example_subdag_operator.py for tasks to queue
[2024-07-11T18:03:21.374+0000] {logging_mixin.py:188} INFO - [2024-07-11T18:03:21.374+0000] {dagbag.py:545} INFO - Filling up the DagBag from /home/airflow/.local/lib/python3.12/site-packages/airflow/example_dags/example_subdag_operator.py
[2024-07-11T18:03:21.398+0000] {processor.py:840} INFO - DAG(s) 'example_subdag_operator.section-1', 'example_subdag_operator.section-2', 'example_subdag_operator' retrieved from /home/airflow/.local/lib/python3.12/site-packages/airflow/example_dags/example_subdag_operator.py
[2024-07-11T18:03:21.417+0000] {logging_mixin.py:188} INFO - [2024-07-11T18:03:21.416+0000] {dag.py:3096} INFO - Sync 3 DAGs
[2024-07-11T18:03:21.445+0000] {logging_mixin.py:188} INFO - [2024-07-11T18:03:21.445+0000] {dag.py:3954} INFO - Setting next_dagrun for example_subdag_operator to 2022-01-01 00:00:00+00:00, run_after=2022-01-01 00:00:00+00:00
[2024-07-11T18:03:21.450+0000] {logging_mixin.py:188} INFO - [2024-07-11T18:03:21.450+0000] {dag.py:3954} INFO - Setting next_dagrun for example_subdag_operator.section-1 to None, run_after=None
[2024-07-11T18:03:21.452+0000] {logging_mixin.py:188} INFO - [2024-07-11T18:03:21.452+0000] {dag.py:3954} INFO - Setting next_dagrun for example_subdag_operator.section-2 to None, run_after=None
[2024-07-11T18:03:21.461+0000] {logging_mixin.py:188} INFO - [2024-07-11T18:03:21.461+0000] {dag.py:3096} INFO - Sync 2 DAGs
[2024-07-11T18:03:21.467+0000] {logging_mixin.py:188} INFO - [2024-07-11T18:03:21.467+0000] {dag.py:3954} INFO - Setting next_dagrun for example_subdag_operator.section-1 to None, run_after=None
[2024-07-11T18:03:21.468+0000] {logging_mixin.py:188} INFO - [2024-07-11T18:03:21.468+0000] {dag.py:3954} INFO - Setting next_dagrun for example_subdag_operator.section-2 to None, run_after=None
[2024-07-11T18:03:21.485+0000] {processor.py:183} INFO - Processing /home/airflow/.local/lib/python3.12/site-packages/airflow/example_dags/example_subdag_operator.py took 0.119 seconds
[2024-07-11T18:03:52.333+0000] {processor.py:161} INFO - Started process (PID=767) to work on /home/airflow/.local/lib/python3.12/site-packages/airflow/example_dags/example_subdag_operator.py
[2024-07-11T18:03:52.335+0000] {processor.py:830} INFO - Processing file /home/airflow/.local/lib/python3.12/site-packages/airflow/example_dags/example_subdag_operator.py for tasks to queue
[2024-07-11T18:03:52.338+0000] {logging_mixin.py:188} INFO - [2024-07-11T18:03:52.337+0000] {dagbag.py:545} INFO - Filling up the DagBag from /home/airflow/.local/lib/python3.12/site-packages/airflow/example_dags/example_subdag_operator.py
[2024-07-11T18:03:52.366+0000] {processor.py:840} INFO - DAG(s) 'example_subdag_operator.section-1', 'example_subdag_operator.section-2', 'example_subdag_operator' retrieved from /home/airflow/.local/lib/python3.12/site-packages/airflow/example_dags/example_subdag_operator.py
[2024-07-11T18:03:52.389+0000] {logging_mixin.py:188} INFO - [2024-07-11T18:03:52.389+0000] {dag.py:3096} INFO - Sync 3 DAGs
[2024-07-11T18:03:52.424+0000] {logging_mixin.py:188} INFO - [2024-07-11T18:03:52.423+0000] {dag.py:3954} INFO - Setting next_dagrun for example_subdag_operator to 2022-01-01 00:00:00+00:00, run_after=2022-01-01 00:00:00+00:00
[2024-07-11T18:03:52.429+0000] {logging_mixin.py:188} INFO - [2024-07-11T18:03:52.429+0000] {dag.py:3954} INFO - Setting next_dagrun for example_subdag_operator.section-1 to None, run_after=None
[2024-07-11T18:03:52.431+0000] {logging_mixin.py:188} INFO - [2024-07-11T18:03:52.431+0000] {dag.py:3954} INFO - Setting next_dagrun for example_subdag_operator.section-2 to None, run_after=None
[2024-07-11T18:03:52.442+0000] {logging_mixin.py:188} INFO - [2024-07-11T18:03:52.442+0000] {dag.py:3096} INFO - Sync 2 DAGs
[2024-07-11T18:03:52.449+0000] {logging_mixin.py:188} INFO - [2024-07-11T18:03:52.449+0000] {dag.py:3954} INFO - Setting next_dagrun for example_subdag_operator.section-1 to None, run_after=None
[2024-07-11T18:03:52.450+0000] {logging_mixin.py:188} INFO - [2024-07-11T18:03:52.450+0000] {dag.py:3954} INFO - Setting next_dagrun for example_subdag_operator.section-2 to None, run_after=None
[2024-07-11T18:03:52.472+0000] {processor.py:183} INFO - Processing /home/airflow/.local/lib/python3.12/site-packages/airflow/example_dags/example_subdag_operator.py took 0.146 seconds
[2024-07-11T18:04:22.634+0000] {processor.py:161} INFO - Started process (PID=825) to work on /home/airflow/.local/lib/python3.12/site-packages/airflow/example_dags/example_subdag_operator.py
[2024-07-11T18:04:22.635+0000] {processor.py:830} INFO - Processing file /home/airflow/.local/lib/python3.12/site-packages/airflow/example_dags/example_subdag_operator.py for tasks to queue
[2024-07-11T18:04:22.638+0000] {logging_mixin.py:188} INFO - [2024-07-11T18:04:22.638+0000] {dagbag.py:545} INFO - Filling up the DagBag from /home/airflow/.local/lib/python3.12/site-packages/airflow/example_dags/example_subdag_operator.py
[2024-07-11T18:04:22.680+0000] {processor.py:840} INFO - DAG(s) 'example_subdag_operator.section-1', 'example_subdag_operator.section-2', 'example_subdag_operator' retrieved from /home/airflow/.local/lib/python3.12/site-packages/airflow/example_dags/example_subdag_operator.py
[2024-07-11T18:04:22.710+0000] {logging_mixin.py:188} INFO - [2024-07-11T18:04:22.710+0000] {dag.py:3096} INFO - Sync 3 DAGs
[2024-07-11T18:04:22.742+0000] {logging_mixin.py:188} INFO - [2024-07-11T18:04:22.741+0000] {dag.py:3954} INFO - Setting next_dagrun for example_subdag_operator to 2022-01-01 00:00:00+00:00, run_after=2022-01-01 00:00:00+00:00
[2024-07-11T18:04:22.748+0000] {logging_mixin.py:188} INFO - [2024-07-11T18:04:22.747+0000] {dag.py:3954} INFO - Setting next_dagrun for example_subdag_operator.section-1 to None, run_after=None
[2024-07-11T18:04:22.750+0000] {logging_mixin.py:188} INFO - [2024-07-11T18:04:22.750+0000] {dag.py:3954} INFO - Setting next_dagrun for example_subdag_operator.section-2 to None, run_after=None
[2024-07-11T18:04:22.761+0000] {logging_mixin.py:188} INFO - [2024-07-11T18:04:22.760+0000] {dag.py:3096} INFO - Sync 2 DAGs
[2024-07-11T18:04:22.772+0000] {logging_mixin.py:188} INFO - [2024-07-11T18:04:22.771+0000] {dag.py:3954} INFO - Setting next_dagrun for example_subdag_operator.section-1 to None, run_after=None
[2024-07-11T18:04:22.773+0000] {logging_mixin.py:188} INFO - [2024-07-11T18:04:22.772+0000] {dag.py:3954} INFO - Setting next_dagrun for example_subdag_operator.section-2 to None, run_after=None
[2024-07-11T18:04:22.793+0000] {processor.py:183} INFO - Processing /home/airflow/.local/lib/python3.12/site-packages/airflow/example_dags/example_subdag_operator.py took 0.171 seconds
[2024-07-11T18:04:53.818+0000] {processor.py:161} INFO - Started process (PID=883) to work on /home/airflow/.local/lib/python3.12/site-packages/airflow/example_dags/example_subdag_operator.py
[2024-07-11T18:04:53.819+0000] {processor.py:830} INFO - Processing file /home/airflow/.local/lib/python3.12/site-packages/airflow/example_dags/example_subdag_operator.py for tasks to queue
[2024-07-11T18:04:53.821+0000] {logging_mixin.py:188} INFO - [2024-07-11T18:04:53.821+0000] {dagbag.py:545} INFO - Filling up the DagBag from /home/airflow/.local/lib/python3.12/site-packages/airflow/example_dags/example_subdag_operator.py
[2024-07-11T18:04:53.852+0000] {processor.py:840} INFO - DAG(s) 'example_subdag_operator.section-1', 'example_subdag_operator.section-2', 'example_subdag_operator' retrieved from /home/airflow/.local/lib/python3.12/site-packages/airflow/example_dags/example_subdag_operator.py
[2024-07-11T18:04:53.878+0000] {logging_mixin.py:188} INFO - [2024-07-11T18:04:53.877+0000] {dag.py:3096} INFO - Sync 3 DAGs
[2024-07-11T18:04:53.907+0000] {logging_mixin.py:188} INFO - [2024-07-11T18:04:53.906+0000] {dag.py:3954} INFO - Setting next_dagrun for example_subdag_operator to 2022-01-01 00:00:00+00:00, run_after=2022-01-01 00:00:00+00:00
[2024-07-11T18:04:53.913+0000] {logging_mixin.py:188} INFO - [2024-07-11T18:04:53.913+0000] {dag.py:3954} INFO - Setting next_dagrun for example_subdag_operator.section-1 to None, run_after=None
[2024-07-11T18:04:53.916+0000] {logging_mixin.py:188} INFO - [2024-07-11T18:04:53.916+0000] {dag.py:3954} INFO - Setting next_dagrun for example_subdag_operator.section-2 to None, run_after=None
[2024-07-11T18:04:53.928+0000] {logging_mixin.py:188} INFO - [2024-07-11T18:04:53.927+0000] {dag.py:3096} INFO - Sync 2 DAGs
[2024-07-11T18:04:53.935+0000] {logging_mixin.py:188} INFO - [2024-07-11T18:04:53.934+0000] {dag.py:3954} INFO - Setting next_dagrun for example_subdag_operator.section-1 to None, run_after=None
[2024-07-11T18:04:53.935+0000] {logging_mixin.py:188} INFO - [2024-07-11T18:04:53.935+0000] {dag.py:3954} INFO - Setting next_dagrun for example_subdag_operator.section-2 to None, run_after=None
[2024-07-11T18:04:53.953+0000] {processor.py:183} INFO - Processing /home/airflow/.local/lib/python3.12/site-packages/airflow/example_dags/example_subdag_operator.py took 0.144 seconds
[2024-07-11T18:05:24.869+0000] {processor.py:161} INFO - Started process (PID=942) to work on /home/airflow/.local/lib/python3.12/site-packages/airflow/example_dags/example_subdag_operator.py
[2024-07-11T18:05:24.870+0000] {processor.py:830} INFO - Processing file /home/airflow/.local/lib/python3.12/site-packages/airflow/example_dags/example_subdag_operator.py for tasks to queue
[2024-07-11T18:05:24.873+0000] {logging_mixin.py:188} INFO - [2024-07-11T18:05:24.872+0000] {dagbag.py:545} INFO - Filling up the DagBag from /home/airflow/.local/lib/python3.12/site-packages/airflow/example_dags/example_subdag_operator.py
[2024-07-11T18:05:24.904+0000] {processor.py:840} INFO - DAG(s) 'example_subdag_operator.section-1', 'example_subdag_operator.section-2', 'example_subdag_operator' retrieved from /home/airflow/.local/lib/python3.12/site-packages/airflow/example_dags/example_subdag_operator.py
[2024-07-11T18:05:24.929+0000] {logging_mixin.py:188} INFO - [2024-07-11T18:05:24.929+0000] {dag.py:3096} INFO - Sync 3 DAGs
[2024-07-11T18:05:24.972+0000] {logging_mixin.py:188} INFO - [2024-07-11T18:05:24.971+0000] {dag.py:3954} INFO - Setting next_dagrun for example_subdag_operator to 2022-01-01 00:00:00+00:00, run_after=2022-01-01 00:00:00+00:00
[2024-07-11T18:05:24.978+0000] {logging_mixin.py:188} INFO - [2024-07-11T18:05:24.978+0000] {dag.py:3954} INFO - Setting next_dagrun for example_subdag_operator.section-1 to None, run_after=None
[2024-07-11T18:05:24.981+0000] {logging_mixin.py:188} INFO - [2024-07-11T18:05:24.980+0000] {dag.py:3954} INFO - Setting next_dagrun for example_subdag_operator.section-2 to None, run_after=None
[2024-07-11T18:05:24.991+0000] {logging_mixin.py:188} INFO - [2024-07-11T18:05:24.991+0000] {dag.py:3096} INFO - Sync 2 DAGs
[2024-07-11T18:05:25.000+0000] {logging_mixin.py:188} INFO - [2024-07-11T18:05:25.000+0000] {dag.py:3954} INFO - Setting next_dagrun for example_subdag_operator.section-1 to None, run_after=None
[2024-07-11T18:05:25.001+0000] {logging_mixin.py:188} INFO - [2024-07-11T18:05:25.001+0000] {dag.py:3954} INFO - Setting next_dagrun for example_subdag_operator.section-2 to None, run_after=None
[2024-07-11T18:05:25.021+0000] {processor.py:183} INFO - Processing /home/airflow/.local/lib/python3.12/site-packages/airflow/example_dags/example_subdag_operator.py took 0.159 seconds
[2024-07-11T18:05:55.372+0000] {processor.py:161} INFO - Started process (PID=1000) to work on /home/airflow/.local/lib/python3.12/site-packages/airflow/example_dags/example_subdag_operator.py
[2024-07-11T18:05:55.373+0000] {processor.py:830} INFO - Processing file /home/airflow/.local/lib/python3.12/site-packages/airflow/example_dags/example_subdag_operator.py for tasks to queue
[2024-07-11T18:05:55.374+0000] {logging_mixin.py:188} INFO - [2024-07-11T18:05:55.374+0000] {dagbag.py:545} INFO - Filling up the DagBag from /home/airflow/.local/lib/python3.12/site-packages/airflow/example_dags/example_subdag_operator.py
[2024-07-11T18:05:55.399+0000] {processor.py:840} INFO - DAG(s) 'example_subdag_operator.section-1', 'example_subdag_operator.section-2', 'example_subdag_operator' retrieved from /home/airflow/.local/lib/python3.12/site-packages/airflow/example_dags/example_subdag_operator.py
[2024-07-11T18:05:55.416+0000] {logging_mixin.py:188} INFO - [2024-07-11T18:05:55.416+0000] {dag.py:3096} INFO - Sync 3 DAGs
[2024-07-11T18:05:55.443+0000] {logging_mixin.py:188} INFO - [2024-07-11T18:05:55.442+0000] {dag.py:3954} INFO - Setting next_dagrun for example_subdag_operator to 2022-01-01 00:00:00+00:00, run_after=2022-01-01 00:00:00+00:00
[2024-07-11T18:05:55.447+0000] {logging_mixin.py:188} INFO - [2024-07-11T18:05:55.447+0000] {dag.py:3954} INFO - Setting next_dagrun for example_subdag_operator.section-1 to None, run_after=None
[2024-07-11T18:05:55.449+0000] {logging_mixin.py:188} INFO - [2024-07-11T18:05:55.448+0000] {dag.py:3954} INFO - Setting next_dagrun for example_subdag_operator.section-2 to None, run_after=None
[2024-07-11T18:05:55.456+0000] {logging_mixin.py:188} INFO - [2024-07-11T18:05:55.456+0000] {dag.py:3096} INFO - Sync 2 DAGs
[2024-07-11T18:05:55.463+0000] {logging_mixin.py:188} INFO - [2024-07-11T18:05:55.462+0000] {dag.py:3954} INFO - Setting next_dagrun for example_subdag_operator.section-1 to None, run_after=None
[2024-07-11T18:05:55.463+0000] {logging_mixin.py:188} INFO - [2024-07-11T18:05:55.463+0000] {dag.py:3954} INFO - Setting next_dagrun for example_subdag_operator.section-2 to None, run_after=None
[2024-07-11T18:05:55.480+0000] {processor.py:183} INFO - Processing /home/airflow/.local/lib/python3.12/site-packages/airflow/example_dags/example_subdag_operator.py took 0.113 seconds
[2024-07-11T18:06:25.555+0000] {processor.py:161} INFO - Started process (PID=1058) to work on /home/airflow/.local/lib/python3.12/site-packages/airflow/example_dags/example_subdag_operator.py
[2024-07-11T18:06:25.556+0000] {processor.py:830} INFO - Processing file /home/airflow/.local/lib/python3.12/site-packages/airflow/example_dags/example_subdag_operator.py for tasks to queue
[2024-07-11T18:06:25.558+0000] {logging_mixin.py:188} INFO - [2024-07-11T18:06:25.558+0000] {dagbag.py:545} INFO - Filling up the DagBag from /home/airflow/.local/lib/python3.12/site-packages/airflow/example_dags/example_subdag_operator.py
[2024-07-11T18:06:25.582+0000] {processor.py:840} INFO - DAG(s) 'example_subdag_operator.section-1', 'example_subdag_operator.section-2', 'example_subdag_operator' retrieved from /home/airflow/.local/lib/python3.12/site-packages/airflow/example_dags/example_subdag_operator.py
[2024-07-11T18:06:25.599+0000] {logging_mixin.py:188} INFO - [2024-07-11T18:06:25.599+0000] {dag.py:3096} INFO - Sync 3 DAGs
[2024-07-11T18:06:25.624+0000] {logging_mixin.py:188} INFO - [2024-07-11T18:06:25.624+0000] {dag.py:3954} INFO - Setting next_dagrun for example_subdag_operator to 2022-01-01 00:00:00+00:00, run_after=2022-01-01 00:00:00+00:00
[2024-07-11T18:06:25.629+0000] {logging_mixin.py:188} INFO - [2024-07-11T18:06:25.629+0000] {dag.py:3954} INFO - Setting next_dagrun for example_subdag_operator.section-1 to None, run_after=None
[2024-07-11T18:06:25.631+0000] {logging_mixin.py:188} INFO - [2024-07-11T18:06:25.631+0000] {dag.py:3954} INFO - Setting next_dagrun for example_subdag_operator.section-2 to None, run_after=None
[2024-07-11T18:06:25.639+0000] {logging_mixin.py:188} INFO - [2024-07-11T18:06:25.639+0000] {dag.py:3096} INFO - Sync 2 DAGs
[2024-07-11T18:06:25.646+0000] {logging_mixin.py:188} INFO - [2024-07-11T18:06:25.646+0000] {dag.py:3954} INFO - Setting next_dagrun for example_subdag_operator.section-1 to None, run_after=None
[2024-07-11T18:06:25.647+0000] {logging_mixin.py:188} INFO - [2024-07-11T18:06:25.647+0000] {dag.py:3954} INFO - Setting next_dagrun for example_subdag_operator.section-2 to None, run_after=None
[2024-07-11T18:06:25.664+0000] {processor.py:183} INFO - Processing /home/airflow/.local/lib/python3.12/site-packages/airflow/example_dags/example_subdag_operator.py took 0.114 seconds
[2024-07-11T18:06:55.813+0000] {processor.py:161} INFO - Started process (PID=1116) to work on /home/airflow/.local/lib/python3.12/site-packages/airflow/example_dags/example_subdag_operator.py
[2024-07-11T18:06:55.814+0000] {processor.py:830} INFO - Processing file /home/airflow/.local/lib/python3.12/site-packages/airflow/example_dags/example_subdag_operator.py for tasks to queue
[2024-07-11T18:06:55.816+0000] {logging_mixin.py:188} INFO - [2024-07-11T18:06:55.816+0000] {dagbag.py:545} INFO - Filling up the DagBag from /home/airflow/.local/lib/python3.12/site-packages/airflow/example_dags/example_subdag_operator.py
[2024-07-11T18:06:55.841+0000] {processor.py:840} INFO - DAG(s) 'example_subdag_operator.section-1', 'example_subdag_operator.section-2', 'example_subdag_operator' retrieved from /home/airflow/.local/lib/python3.12/site-packages/airflow/example_dags/example_subdag_operator.py
[2024-07-11T18:06:55.859+0000] {logging_mixin.py:188} INFO - [2024-07-11T18:06:55.859+0000] {dag.py:3096} INFO - Sync 3 DAGs
[2024-07-11T18:06:55.890+0000] {logging_mixin.py:188} INFO - [2024-07-11T18:06:55.890+0000] {dag.py:3954} INFO - Setting next_dagrun for example_subdag_operator to 2022-01-01 00:00:00+00:00, run_after=2022-01-01 00:00:00+00:00
[2024-07-11T18:06:55.896+0000] {logging_mixin.py:188} INFO - [2024-07-11T18:06:55.896+0000] {dag.py:3954} INFO - Setting next_dagrun for example_subdag_operator.section-1 to None, run_after=None
[2024-07-11T18:06:55.898+0000] {logging_mixin.py:188} INFO - [2024-07-11T18:06:55.898+0000] {dag.py:3954} INFO - Setting next_dagrun for example_subdag_operator.section-2 to None, run_after=None
[2024-07-11T18:06:55.906+0000] {logging_mixin.py:188} INFO - [2024-07-11T18:06:55.906+0000] {dag.py:3096} INFO - Sync 2 DAGs
[2024-07-11T18:06:55.912+0000] {logging_mixin.py:188} INFO - [2024-07-11T18:06:55.912+0000] {dag.py:3954} INFO - Setting next_dagrun for example_subdag_operator.section-1 to None, run_after=None
[2024-07-11T18:06:55.913+0000] {logging_mixin.py:188} INFO - [2024-07-11T18:06:55.913+0000] {dag.py:3954} INFO - Setting next_dagrun for example_subdag_operator.section-2 to None, run_after=None
[2024-07-11T18:06:55.929+0000] {processor.py:183} INFO - Processing /home/airflow/.local/lib/python3.12/site-packages/airflow/example_dags/example_subdag_operator.py took 0.122 seconds
[2024-07-11T18:07:26.078+0000] {processor.py:161} INFO - Started process (PID=1175) to work on /home/airflow/.local/lib/python3.12/site-packages/airflow/example_dags/example_subdag_operator.py
[2024-07-11T18:07:26.078+0000] {processor.py:830} INFO - Processing file /home/airflow/.local/lib/python3.12/site-packages/airflow/example_dags/example_subdag_operator.py for tasks to queue
[2024-07-11T18:07:26.080+0000] {logging_mixin.py:188} INFO - [2024-07-11T18:07:26.080+0000] {dagbag.py:545} INFO - Filling up the DagBag from /home/airflow/.local/lib/python3.12/site-packages/airflow/example_dags/example_subdag_operator.py
[2024-07-11T18:07:26.103+0000] {processor.py:840} INFO - DAG(s) 'example_subdag_operator.section-1', 'example_subdag_operator.section-2', 'example_subdag_operator' retrieved from /home/airflow/.local/lib/python3.12/site-packages/airflow/example_dags/example_subdag_operator.py
[2024-07-11T18:07:26.120+0000] {logging_mixin.py:188} INFO - [2024-07-11T18:07:26.120+0000] {dag.py:3096} INFO - Sync 3 DAGs
[2024-07-11T18:07:26.141+0000] {logging_mixin.py:188} INFO - [2024-07-11T18:07:26.141+0000] {dag.py:3954} INFO - Setting next_dagrun for example_subdag_operator to 2022-01-01 00:00:00+00:00, run_after=2022-01-01 00:00:00+00:00
[2024-07-11T18:07:26.145+0000] {logging_mixin.py:188} INFO - [2024-07-11T18:07:26.145+0000] {dag.py:3954} INFO - Setting next_dagrun for example_subdag_operator.section-1 to None, run_after=None
[2024-07-11T18:07:26.146+0000] {logging_mixin.py:188} INFO - [2024-07-11T18:07:26.146+0000] {dag.py:3954} INFO - Setting next_dagrun for example_subdag_operator.section-2 to None, run_after=None
[2024-07-11T18:07:26.154+0000] {logging_mixin.py:188} INFO - [2024-07-11T18:07:26.153+0000] {dag.py:3096} INFO - Sync 2 DAGs
[2024-07-11T18:07:26.159+0000] {logging_mixin.py:188} INFO - [2024-07-11T18:07:26.159+0000] {dag.py:3954} INFO - Setting next_dagrun for example_subdag_operator.section-1 to None, run_after=None
[2024-07-11T18:07:26.160+0000] {logging_mixin.py:188} INFO - [2024-07-11T18:07:26.160+0000] {dag.py:3954} INFO - Setting next_dagrun for example_subdag_operator.section-2 to None, run_after=None
[2024-07-11T18:07:26.182+0000] {processor.py:183} INFO - Processing /home/airflow/.local/lib/python3.12/site-packages/airflow/example_dags/example_subdag_operator.py took 0.110 seconds
[2024-07-11T18:07:56.455+0000] {processor.py:161} INFO - Started process (PID=1233) to work on /home/airflow/.local/lib/python3.12/site-packages/airflow/example_dags/example_subdag_operator.py
[2024-07-11T18:07:56.456+0000] {processor.py:830} INFO - Processing file /home/airflow/.local/lib/python3.12/site-packages/airflow/example_dags/example_subdag_operator.py for tasks to queue
[2024-07-11T18:07:56.458+0000] {logging_mixin.py:188} INFO - [2024-07-11T18:07:56.458+0000] {dagbag.py:545} INFO - Filling up the DagBag from /home/airflow/.local/lib/python3.12/site-packages/airflow/example_dags/example_subdag_operator.py
[2024-07-11T18:07:56.486+0000] {processor.py:840} INFO - DAG(s) 'example_subdag_operator.section-1', 'example_subdag_operator.section-2', 'example_subdag_operator' retrieved from /home/airflow/.local/lib/python3.12/site-packages/airflow/example_dags/example_subdag_operator.py
[2024-07-11T18:07:56.505+0000] {logging_mixin.py:188} INFO - [2024-07-11T18:07:56.505+0000] {dag.py:3096} INFO - Sync 3 DAGs
[2024-07-11T18:07:56.532+0000] {logging_mixin.py:188} INFO - [2024-07-11T18:07:56.532+0000] {dag.py:3954} INFO - Setting next_dagrun for example_subdag_operator to 2022-01-01 00:00:00+00:00, run_after=2022-01-01 00:00:00+00:00
[2024-07-11T18:07:56.539+0000] {logging_mixin.py:188} INFO - [2024-07-11T18:07:56.539+0000] {dag.py:3954} INFO - Setting next_dagrun for example_subdag_operator.section-1 to None, run_after=None
[2024-07-11T18:07:56.541+0000] {logging_mixin.py:188} INFO - [2024-07-11T18:07:56.540+0000] {dag.py:3954} INFO - Setting next_dagrun for example_subdag_operator.section-2 to None, run_after=None
[2024-07-11T18:07:56.550+0000] {logging_mixin.py:188} INFO - [2024-07-11T18:07:56.550+0000] {dag.py:3096} INFO - Sync 2 DAGs
[2024-07-11T18:07:56.556+0000] {logging_mixin.py:188} INFO - [2024-07-11T18:07:56.556+0000] {dag.py:3954} INFO - Setting next_dagrun for example_subdag_operator.section-1 to None, run_after=None
[2024-07-11T18:07:56.557+0000] {logging_mixin.py:188} INFO - [2024-07-11T18:07:56.557+0000] {dag.py:3954} INFO - Setting next_dagrun for example_subdag_operator.section-2 to None, run_after=None
[2024-07-11T18:07:56.578+0000] {processor.py:183} INFO - Processing /home/airflow/.local/lib/python3.12/site-packages/airflow/example_dags/example_subdag_operator.py took 0.129 seconds
[2024-07-11T18:08:26.931+0000] {processor.py:161} INFO - Started process (PID=1291) to work on /home/airflow/.local/lib/python3.12/site-packages/airflow/example_dags/example_subdag_operator.py
[2024-07-11T18:08:26.932+0000] {processor.py:830} INFO - Processing file /home/airflow/.local/lib/python3.12/site-packages/airflow/example_dags/example_subdag_operator.py for tasks to queue
[2024-07-11T18:08:26.934+0000] {logging_mixin.py:188} INFO - [2024-07-11T18:08:26.934+0000] {dagbag.py:545} INFO - Filling up the DagBag from /home/airflow/.local/lib/python3.12/site-packages/airflow/example_dags/example_subdag_operator.py
[2024-07-11T18:08:26.969+0000] {processor.py:840} INFO - DAG(s) 'example_subdag_operator.section-1', 'example_subdag_operator.section-2', 'example_subdag_operator' retrieved from /home/airflow/.local/lib/python3.12/site-packages/airflow/example_dags/example_subdag_operator.py
[2024-07-11T18:08:26.992+0000] {logging_mixin.py:188} INFO - [2024-07-11T18:08:26.992+0000] {dag.py:3096} INFO - Sync 3 DAGs
[2024-07-11T18:08:27.021+0000] {logging_mixin.py:188} INFO - [2024-07-11T18:08:27.021+0000] {dag.py:3954} INFO - Setting next_dagrun for example_subdag_operator to 2022-01-01 00:00:00+00:00, run_after=2022-01-01 00:00:00+00:00
[2024-07-11T18:08:27.027+0000] {logging_mixin.py:188} INFO - [2024-07-11T18:08:27.027+0000] {dag.py:3954} INFO - Setting next_dagrun for example_subdag_operator.section-1 to None, run_after=None
[2024-07-11T18:08:27.031+0000] {logging_mixin.py:188} INFO - [2024-07-11T18:08:27.031+0000] {dag.py:3954} INFO - Setting next_dagrun for example_subdag_operator.section-2 to None, run_after=None
[2024-07-11T18:08:27.041+0000] {logging_mixin.py:188} INFO - [2024-07-11T18:08:27.041+0000] {dag.py:3096} INFO - Sync 2 DAGs
[2024-07-11T18:08:27.049+0000] {logging_mixin.py:188} INFO - [2024-07-11T18:08:27.048+0000] {dag.py:3954} INFO - Setting next_dagrun for example_subdag_operator.section-1 to None, run_after=None
[2024-07-11T18:08:27.049+0000] {logging_mixin.py:188} INFO - [2024-07-11T18:08:27.049+0000] {dag.py:3954} INFO - Setting next_dagrun for example_subdag_operator.section-2 to None, run_after=None
[2024-07-11T18:08:27.067+0000] {processor.py:183} INFO - Processing /home/airflow/.local/lib/python3.12/site-packages/airflow/example_dags/example_subdag_operator.py took 0.143 seconds
[2024-07-11T18:08:57.297+0000] {processor.py:161} INFO - Started process (PID=1349) to work on /home/airflow/.local/lib/python3.12/site-packages/airflow/example_dags/example_subdag_operator.py
[2024-07-11T18:08:57.299+0000] {processor.py:830} INFO - Processing file /home/airflow/.local/lib/python3.12/site-packages/airflow/example_dags/example_subdag_operator.py for tasks to queue
[2024-07-11T18:08:57.302+0000] {logging_mixin.py:188} INFO - [2024-07-11T18:08:57.302+0000] {dagbag.py:545} INFO - Filling up the DagBag from /home/airflow/.local/lib/python3.12/site-packages/airflow/example_dags/example_subdag_operator.py
[2024-07-11T18:08:57.344+0000] {processor.py:840} INFO - DAG(s) 'example_subdag_operator.section-1', 'example_subdag_operator.section-2', 'example_subdag_operator' retrieved from /home/airflow/.local/lib/python3.12/site-packages/airflow/example_dags/example_subdag_operator.py
[2024-07-11T18:08:57.370+0000] {logging_mixin.py:188} INFO - [2024-07-11T18:08:57.369+0000] {dag.py:3096} INFO - Sync 3 DAGs
[2024-07-11T18:08:57.404+0000] {logging_mixin.py:188} INFO - [2024-07-11T18:08:57.403+0000] {dag.py:3954} INFO - Setting next_dagrun for example_subdag_operator to 2022-01-01 00:00:00+00:00, run_after=2022-01-01 00:00:00+00:00
[2024-07-11T18:08:57.410+0000] {logging_mixin.py:188} INFO - [2024-07-11T18:08:57.409+0000] {dag.py:3954} INFO - Setting next_dagrun for example_subdag_operator.section-1 to None, run_after=None
[2024-07-11T18:08:57.412+0000] {logging_mixin.py:188} INFO - [2024-07-11T18:08:57.412+0000] {dag.py:3954} INFO - Setting next_dagrun for example_subdag_operator.section-2 to None, run_after=None
[2024-07-11T18:08:57.423+0000] {logging_mixin.py:188} INFO - [2024-07-11T18:08:57.422+0000] {dag.py:3096} INFO - Sync 2 DAGs
[2024-07-11T18:08:57.431+0000] {logging_mixin.py:188} INFO - [2024-07-11T18:08:57.431+0000] {dag.py:3954} INFO - Setting next_dagrun for example_subdag_operator.section-1 to None, run_after=None
[2024-07-11T18:08:57.432+0000] {logging_mixin.py:188} INFO - [2024-07-11T18:08:57.432+0000] {dag.py:3954} INFO - Setting next_dagrun for example_subdag_operator.section-2 to None, run_after=None
[2024-07-11T18:08:57.454+0000] {processor.py:183} INFO - Processing /home/airflow/.local/lib/python3.12/site-packages/airflow/example_dags/example_subdag_operator.py took 0.166 seconds
