[2024-07-11T17:57:53.176+0000] {processor.py:161} INFO - Started process (PID=98) to work on /home/airflow/.local/lib/python3.12/site-packages/airflow/example_dags/example_display_name.py
[2024-07-11T17:57:53.177+0000] {processor.py:830} INFO - Processing file /home/airflow/.local/lib/python3.12/site-packages/airflow/example_dags/example_display_name.py for tasks to queue
[2024-07-11T17:57:53.180+0000] {logging_mixin.py:188} INFO - [2024-07-11T17:57:53.179+0000] {dagbag.py:545} INFO - Filling up the DagBag from /home/airflow/.local/lib/python3.12/site-packages/airflow/example_dags/example_display_name.py
[2024-07-11T17:57:53.189+0000] {processor.py:840} INFO - DAG(s) 'example_display_name' retrieved from /home/airflow/.local/lib/python3.12/site-packages/airflow/example_dags/example_display_name.py
[2024-07-11T17:57:53.358+0000] {logging_mixin.py:188} INFO - [2024-07-11T17:57:53.358+0000] {dag.py:3096} INFO - Sync 1 DAGs
[2024-07-11T17:57:53.376+0000] {logging_mixin.py:188} INFO - [2024-07-11T17:57:53.375+0000] {dag.py:3954} INFO - Setting next_dagrun for example_display_name to None, run_after=None
[2024-07-11T17:57:53.408+0000] {processor.py:183} INFO - Processing /home/airflow/.local/lib/python3.12/site-packages/airflow/example_dags/example_display_name.py took 0.241 seconds
[2024-07-11T17:58:23.678+0000] {processor.py:161} INFO - Started process (PID=156) to work on /home/airflow/.local/lib/python3.12/site-packages/airflow/example_dags/example_display_name.py
[2024-07-11T17:58:23.680+0000] {processor.py:830} INFO - Processing file /home/airflow/.local/lib/python3.12/site-packages/airflow/example_dags/example_display_name.py for tasks to queue
[2024-07-11T17:58:23.683+0000] {logging_mixin.py:188} INFO - [2024-07-11T17:58:23.682+0000] {dagbag.py:545} INFO - Filling up the DagBag from /home/airflow/.local/lib/python3.12/site-packages/airflow/example_dags/example_display_name.py
[2024-07-11T17:58:23.691+0000] {processor.py:840} INFO - DAG(s) 'example_display_name' retrieved from /home/airflow/.local/lib/python3.12/site-packages/airflow/example_dags/example_display_name.py
[2024-07-11T17:58:23.713+0000] {logging_mixin.py:188} INFO - [2024-07-11T17:58:23.712+0000] {dag.py:3096} INFO - Sync 1 DAGs
[2024-07-11T17:58:23.731+0000] {logging_mixin.py:188} INFO - [2024-07-11T17:58:23.730+0000] {dag.py:3954} INFO - Setting next_dagrun for example_display_name to None, run_after=None
[2024-07-11T17:58:23.769+0000] {processor.py:183} INFO - Processing /home/airflow/.local/lib/python3.12/site-packages/airflow/example_dags/example_display_name.py took 0.098 seconds
[2024-07-11T17:58:54.975+0000] {processor.py:161} INFO - Started process (PID=214) to work on /home/airflow/.local/lib/python3.12/site-packages/airflow/example_dags/example_display_name.py
[2024-07-11T17:58:54.977+0000] {processor.py:830} INFO - Processing file /home/airflow/.local/lib/python3.12/site-packages/airflow/example_dags/example_display_name.py for tasks to queue
[2024-07-11T17:58:54.979+0000] {logging_mixin.py:188} INFO - [2024-07-11T17:58:54.979+0000] {dagbag.py:545} INFO - Filling up the DagBag from /home/airflow/.local/lib/python3.12/site-packages/airflow/example_dags/example_display_name.py
[2024-07-11T17:58:54.987+0000] {processor.py:840} INFO - DAG(s) 'example_display_name' retrieved from /home/airflow/.local/lib/python3.12/site-packages/airflow/example_dags/example_display_name.py
[2024-07-11T17:58:55.010+0000] {logging_mixin.py:188} INFO - [2024-07-11T17:58:55.010+0000] {dag.py:3096} INFO - Sync 1 DAGs
[2024-07-11T17:58:55.030+0000] {logging_mixin.py:188} INFO - [2024-07-11T17:58:55.029+0000] {dag.py:3954} INFO - Setting next_dagrun for example_display_name to None, run_after=None
[2024-07-11T17:58:55.060+0000] {processor.py:183} INFO - Processing /home/airflow/.local/lib/python3.12/site-packages/airflow/example_dags/example_display_name.py took 0.092 seconds
[2024-07-11T17:59:25.384+0000] {processor.py:161} INFO - Started process (PID=272) to work on /home/airflow/.local/lib/python3.12/site-packages/airflow/example_dags/example_display_name.py
[2024-07-11T17:59:25.385+0000] {processor.py:830} INFO - Processing file /home/airflow/.local/lib/python3.12/site-packages/airflow/example_dags/example_display_name.py for tasks to queue
[2024-07-11T17:59:25.388+0000] {logging_mixin.py:188} INFO - [2024-07-11T17:59:25.387+0000] {dagbag.py:545} INFO - Filling up the DagBag from /home/airflow/.local/lib/python3.12/site-packages/airflow/example_dags/example_display_name.py
[2024-07-11T17:59:25.396+0000] {processor.py:840} INFO - DAG(s) 'example_display_name' retrieved from /home/airflow/.local/lib/python3.12/site-packages/airflow/example_dags/example_display_name.py
[2024-07-11T17:59:25.419+0000] {logging_mixin.py:188} INFO - [2024-07-11T17:59:25.419+0000] {dag.py:3096} INFO - Sync 1 DAGs
[2024-07-11T17:59:25.435+0000] {logging_mixin.py:188} INFO - [2024-07-11T17:59:25.434+0000] {dag.py:3954} INFO - Setting next_dagrun for example_display_name to None, run_after=None
[2024-07-11T17:59:25.460+0000] {processor.py:183} INFO - Processing /home/airflow/.local/lib/python3.12/site-packages/airflow/example_dags/example_display_name.py took 0.084 seconds
[2024-07-11T17:59:55.979+0000] {processor.py:161} INFO - Started process (PID=330) to work on /home/airflow/.local/lib/python3.12/site-packages/airflow/example_dags/example_display_name.py
[2024-07-11T17:59:55.980+0000] {processor.py:830} INFO - Processing file /home/airflow/.local/lib/python3.12/site-packages/airflow/example_dags/example_display_name.py for tasks to queue
[2024-07-11T17:59:55.983+0000] {logging_mixin.py:188} INFO - [2024-07-11T17:59:55.983+0000] {dagbag.py:545} INFO - Filling up the DagBag from /home/airflow/.local/lib/python3.12/site-packages/airflow/example_dags/example_display_name.py
[2024-07-11T17:59:55.990+0000] {processor.py:840} INFO - DAG(s) 'example_display_name' retrieved from /home/airflow/.local/lib/python3.12/site-packages/airflow/example_dags/example_display_name.py
[2024-07-11T17:59:56.015+0000] {logging_mixin.py:188} INFO - [2024-07-11T17:59:56.015+0000] {dag.py:3096} INFO - Sync 1 DAGs
[2024-07-11T17:59:56.033+0000] {logging_mixin.py:188} INFO - [2024-07-11T17:59:56.033+0000] {dag.py:3954} INFO - Setting next_dagrun for example_display_name to None, run_after=None
[2024-07-11T17:59:56.060+0000] {processor.py:183} INFO - Processing /home/airflow/.local/lib/python3.12/site-packages/airflow/example_dags/example_display_name.py took 0.091 seconds
[2024-07-11T18:00:27.258+0000] {processor.py:161} INFO - Started process (PID=388) to work on /home/airflow/.local/lib/python3.12/site-packages/airflow/example_dags/example_display_name.py
[2024-07-11T18:00:27.260+0000] {processor.py:830} INFO - Processing file /home/airflow/.local/lib/python3.12/site-packages/airflow/example_dags/example_display_name.py for tasks to queue
[2024-07-11T18:00:27.265+0000] {logging_mixin.py:188} INFO - [2024-07-11T18:00:27.264+0000] {dagbag.py:545} INFO - Filling up the DagBag from /home/airflow/.local/lib/python3.12/site-packages/airflow/example_dags/example_display_name.py
[2024-07-11T18:00:27.275+0000] {processor.py:840} INFO - DAG(s) 'example_display_name' retrieved from /home/airflow/.local/lib/python3.12/site-packages/airflow/example_dags/example_display_name.py
[2024-07-11T18:00:27.312+0000] {logging_mixin.py:188} INFO - [2024-07-11T18:00:27.312+0000] {dag.py:3096} INFO - Sync 1 DAGs
[2024-07-11T18:00:27.340+0000] {logging_mixin.py:188} INFO - [2024-07-11T18:00:27.340+0000] {dag.py:3954} INFO - Setting next_dagrun for example_display_name to None, run_after=None
[2024-07-11T18:00:27.380+0000] {processor.py:183} INFO - Processing /home/airflow/.local/lib/python3.12/site-packages/airflow/example_dags/example_display_name.py took 0.131 seconds
[2024-07-11T18:00:58.087+0000] {processor.py:161} INFO - Started process (PID=446) to work on /home/airflow/.local/lib/python3.12/site-packages/airflow/example_dags/example_display_name.py
[2024-07-11T18:00:58.089+0000] {processor.py:830} INFO - Processing file /home/airflow/.local/lib/python3.12/site-packages/airflow/example_dags/example_display_name.py for tasks to queue
[2024-07-11T18:00:58.095+0000] {logging_mixin.py:188} INFO - [2024-07-11T18:00:58.094+0000] {dagbag.py:545} INFO - Filling up the DagBag from /home/airflow/.local/lib/python3.12/site-packages/airflow/example_dags/example_display_name.py
[2024-07-11T18:00:58.107+0000] {processor.py:840} INFO - DAG(s) 'example_display_name' retrieved from /home/airflow/.local/lib/python3.12/site-packages/airflow/example_dags/example_display_name.py
[2024-07-11T18:00:58.145+0000] {logging_mixin.py:188} INFO - [2024-07-11T18:00:58.144+0000] {dag.py:3096} INFO - Sync 1 DAGs
[2024-07-11T18:00:58.183+0000] {logging_mixin.py:188} INFO - [2024-07-11T18:00:58.182+0000] {dag.py:3954} INFO - Setting next_dagrun for example_display_name to None, run_after=None
[2024-07-11T18:00:58.221+0000] {processor.py:183} INFO - Processing /home/airflow/.local/lib/python3.12/site-packages/airflow/example_dags/example_display_name.py took 0.146 seconds
[2024-07-11T18:01:28.285+0000] {processor.py:161} INFO - Started process (PID=504) to work on /home/airflow/.local/lib/python3.12/site-packages/airflow/example_dags/example_display_name.py
[2024-07-11T18:01:28.286+0000] {processor.py:830} INFO - Processing file /home/airflow/.local/lib/python3.12/site-packages/airflow/example_dags/example_display_name.py for tasks to queue
[2024-07-11T18:01:28.289+0000] {logging_mixin.py:188} INFO - [2024-07-11T18:01:28.288+0000] {dagbag.py:545} INFO - Filling up the DagBag from /home/airflow/.local/lib/python3.12/site-packages/airflow/example_dags/example_display_name.py
[2024-07-11T18:01:28.297+0000] {processor.py:840} INFO - DAG(s) 'example_display_name' retrieved from /home/airflow/.local/lib/python3.12/site-packages/airflow/example_dags/example_display_name.py
[2024-07-11T18:01:28.321+0000] {logging_mixin.py:188} INFO - [2024-07-11T18:01:28.321+0000] {dag.py:3096} INFO - Sync 1 DAGs
[2024-07-11T18:01:28.342+0000] {logging_mixin.py:188} INFO - [2024-07-11T18:01:28.342+0000] {dag.py:3954} INFO - Setting next_dagrun for example_display_name to None, run_after=None
[2024-07-11T18:01:28.370+0000] {processor.py:183} INFO - Processing /home/airflow/.local/lib/python3.12/site-packages/airflow/example_dags/example_display_name.py took 0.094 seconds
[2024-07-11T18:01:59.040+0000] {processor.py:161} INFO - Started process (PID=562) to work on /home/airflow/.local/lib/python3.12/site-packages/airflow/example_dags/example_display_name.py
[2024-07-11T18:01:59.041+0000] {processor.py:830} INFO - Processing file /home/airflow/.local/lib/python3.12/site-packages/airflow/example_dags/example_display_name.py for tasks to queue
[2024-07-11T18:01:59.044+0000] {logging_mixin.py:188} INFO - [2024-07-11T18:01:59.043+0000] {dagbag.py:545} INFO - Filling up the DagBag from /home/airflow/.local/lib/python3.12/site-packages/airflow/example_dags/example_display_name.py
[2024-07-11T18:01:59.053+0000] {processor.py:840} INFO - DAG(s) 'example_display_name' retrieved from /home/airflow/.local/lib/python3.12/site-packages/airflow/example_dags/example_display_name.py
[2024-07-11T18:01:59.081+0000] {logging_mixin.py:188} INFO - [2024-07-11T18:01:59.080+0000] {dag.py:3096} INFO - Sync 1 DAGs
[2024-07-11T18:01:59.099+0000] {logging_mixin.py:188} INFO - [2024-07-11T18:01:59.099+0000] {dag.py:3954} INFO - Setting next_dagrun for example_display_name to None, run_after=None
[2024-07-11T18:01:59.130+0000] {processor.py:183} INFO - Processing /home/airflow/.local/lib/python3.12/site-packages/airflow/example_dags/example_display_name.py took 0.097 seconds
[2024-07-11T18:02:29.777+0000] {processor.py:161} INFO - Started process (PID=620) to work on /home/airflow/.local/lib/python3.12/site-packages/airflow/example_dags/example_display_name.py
[2024-07-11T18:02:29.778+0000] {processor.py:830} INFO - Processing file /home/airflow/.local/lib/python3.12/site-packages/airflow/example_dags/example_display_name.py for tasks to queue
[2024-07-11T18:02:29.781+0000] {logging_mixin.py:188} INFO - [2024-07-11T18:02:29.780+0000] {dagbag.py:545} INFO - Filling up the DagBag from /home/airflow/.local/lib/python3.12/site-packages/airflow/example_dags/example_display_name.py
[2024-07-11T18:02:29.789+0000] {processor.py:840} INFO - DAG(s) 'example_display_name' retrieved from /home/airflow/.local/lib/python3.12/site-packages/airflow/example_dags/example_display_name.py
[2024-07-11T18:02:29.817+0000] {logging_mixin.py:188} INFO - [2024-07-11T18:02:29.817+0000] {dag.py:3096} INFO - Sync 1 DAGs
[2024-07-11T18:02:29.834+0000] {logging_mixin.py:188} INFO - [2024-07-11T18:02:29.834+0000] {dag.py:3954} INFO - Setting next_dagrun for example_display_name to None, run_after=None
[2024-07-11T18:02:29.862+0000] {processor.py:183} INFO - Processing /home/airflow/.local/lib/python3.12/site-packages/airflow/example_dags/example_display_name.py took 0.094 seconds
[2024-07-11T18:02:59.982+0000] {processor.py:161} INFO - Started process (PID=678) to work on /home/airflow/.local/lib/python3.12/site-packages/airflow/example_dags/example_display_name.py
[2024-07-11T18:02:59.983+0000] {processor.py:830} INFO - Processing file /home/airflow/.local/lib/python3.12/site-packages/airflow/example_dags/example_display_name.py for tasks to queue
[2024-07-11T18:02:59.985+0000] {logging_mixin.py:188} INFO - [2024-07-11T18:02:59.985+0000] {dagbag.py:545} INFO - Filling up the DagBag from /home/airflow/.local/lib/python3.12/site-packages/airflow/example_dags/example_display_name.py
[2024-07-11T18:02:59.993+0000] {processor.py:840} INFO - DAG(s) 'example_display_name' retrieved from /home/airflow/.local/lib/python3.12/site-packages/airflow/example_dags/example_display_name.py
[2024-07-11T18:03:00.024+0000] {logging_mixin.py:188} INFO - [2024-07-11T18:03:00.024+0000] {dag.py:3096} INFO - Sync 1 DAGs
[2024-07-11T18:03:00.044+0000] {logging_mixin.py:188} INFO - [2024-07-11T18:03:00.044+0000] {dag.py:3954} INFO - Setting next_dagrun for example_display_name to None, run_after=None
[2024-07-11T18:03:00.075+0000] {processor.py:183} INFO - Processing /home/airflow/.local/lib/python3.12/site-packages/airflow/example_dags/example_display_name.py took 0.100 seconds
[2024-07-11T18:03:30.484+0000] {processor.py:161} INFO - Started process (PID=736) to work on /home/airflow/.local/lib/python3.12/site-packages/airflow/example_dags/example_display_name.py
[2024-07-11T18:03:30.485+0000] {processor.py:830} INFO - Processing file /home/airflow/.local/lib/python3.12/site-packages/airflow/example_dags/example_display_name.py for tasks to queue
[2024-07-11T18:03:30.488+0000] {logging_mixin.py:188} INFO - [2024-07-11T18:03:30.488+0000] {dagbag.py:545} INFO - Filling up the DagBag from /home/airflow/.local/lib/python3.12/site-packages/airflow/example_dags/example_display_name.py
[2024-07-11T18:03:30.495+0000] {processor.py:840} INFO - DAG(s) 'example_display_name' retrieved from /home/airflow/.local/lib/python3.12/site-packages/airflow/example_dags/example_display_name.py
[2024-07-11T18:03:30.520+0000] {logging_mixin.py:188} INFO - [2024-07-11T18:03:30.520+0000] {dag.py:3096} INFO - Sync 1 DAGs
[2024-07-11T18:03:30.538+0000] {logging_mixin.py:188} INFO - [2024-07-11T18:03:30.538+0000] {dag.py:3954} INFO - Setting next_dagrun for example_display_name to None, run_after=None
[2024-07-11T18:03:30.573+0000] {processor.py:183} INFO - Processing /home/airflow/.local/lib/python3.12/site-packages/airflow/example_dags/example_display_name.py took 0.096 seconds
[2024-07-11T18:04:00.800+0000] {processor.py:161} INFO - Started process (PID=794) to work on /home/airflow/.local/lib/python3.12/site-packages/airflow/example_dags/example_display_name.py
[2024-07-11T18:04:00.801+0000] {processor.py:830} INFO - Processing file /home/airflow/.local/lib/python3.12/site-packages/airflow/example_dags/example_display_name.py for tasks to queue
[2024-07-11T18:04:00.804+0000] {logging_mixin.py:188} INFO - [2024-07-11T18:04:00.804+0000] {dagbag.py:545} INFO - Filling up the DagBag from /home/airflow/.local/lib/python3.12/site-packages/airflow/example_dags/example_display_name.py
[2024-07-11T18:04:00.813+0000] {processor.py:840} INFO - DAG(s) 'example_display_name' retrieved from /home/airflow/.local/lib/python3.12/site-packages/airflow/example_dags/example_display_name.py
[2024-07-11T18:04:00.840+0000] {logging_mixin.py:188} INFO - [2024-07-11T18:04:00.840+0000] {dag.py:3096} INFO - Sync 1 DAGs
[2024-07-11T18:04:00.858+0000] {logging_mixin.py:188} INFO - [2024-07-11T18:04:00.857+0000] {dag.py:3954} INFO - Setting next_dagrun for example_display_name to None, run_after=None
[2024-07-11T18:04:00.892+0000] {processor.py:183} INFO - Processing /home/airflow/.local/lib/python3.12/site-packages/airflow/example_dags/example_display_name.py took 0.101 seconds
[2024-07-11T18:04:31.015+0000] {processor.py:161} INFO - Started process (PID=852) to work on /home/airflow/.local/lib/python3.12/site-packages/airflow/example_dags/example_display_name.py
[2024-07-11T18:04:31.016+0000] {processor.py:830} INFO - Processing file /home/airflow/.local/lib/python3.12/site-packages/airflow/example_dags/example_display_name.py for tasks to queue
[2024-07-11T18:04:31.018+0000] {logging_mixin.py:188} INFO - [2024-07-11T18:04:31.018+0000] {dagbag.py:545} INFO - Filling up the DagBag from /home/airflow/.local/lib/python3.12/site-packages/airflow/example_dags/example_display_name.py
[2024-07-11T18:04:31.025+0000] {processor.py:840} INFO - DAG(s) 'example_display_name' retrieved from /home/airflow/.local/lib/python3.12/site-packages/airflow/example_dags/example_display_name.py
[2024-07-11T18:04:31.050+0000] {logging_mixin.py:188} INFO - [2024-07-11T18:04:31.050+0000] {dag.py:3096} INFO - Sync 1 DAGs
[2024-07-11T18:04:31.070+0000] {logging_mixin.py:188} INFO - [2024-07-11T18:04:31.070+0000] {dag.py:3954} INFO - Setting next_dagrun for example_display_name to None, run_after=None
[2024-07-11T18:04:31.097+0000] {processor.py:183} INFO - Processing /home/airflow/.local/lib/python3.12/site-packages/airflow/example_dags/example_display_name.py took 0.090 seconds
[2024-07-11T18:05:01.431+0000] {processor.py:161} INFO - Started process (PID=910) to work on /home/airflow/.local/lib/python3.12/site-packages/airflow/example_dags/example_display_name.py
[2024-07-11T18:05:01.432+0000] {processor.py:830} INFO - Processing file /home/airflow/.local/lib/python3.12/site-packages/airflow/example_dags/example_display_name.py for tasks to queue
[2024-07-11T18:05:01.434+0000] {logging_mixin.py:188} INFO - [2024-07-11T18:05:01.434+0000] {dagbag.py:545} INFO - Filling up the DagBag from /home/airflow/.local/lib/python3.12/site-packages/airflow/example_dags/example_display_name.py
[2024-07-11T18:05:01.442+0000] {processor.py:840} INFO - DAG(s) 'example_display_name' retrieved from /home/airflow/.local/lib/python3.12/site-packages/airflow/example_dags/example_display_name.py
[2024-07-11T18:05:01.466+0000] {logging_mixin.py:188} INFO - [2024-07-11T18:05:01.466+0000] {dag.py:3096} INFO - Sync 1 DAGs
[2024-07-11T18:05:01.485+0000] {logging_mixin.py:188} INFO - [2024-07-11T18:05:01.485+0000] {dag.py:3954} INFO - Setting next_dagrun for example_display_name to None, run_after=None
[2024-07-11T18:05:01.516+0000] {processor.py:183} INFO - Processing /home/airflow/.local/lib/python3.12/site-packages/airflow/example_dags/example_display_name.py took 0.093 seconds
[2024-07-11T18:05:32.325+0000] {processor.py:161} INFO - Started process (PID=969) to work on /home/airflow/.local/lib/python3.12/site-packages/airflow/example_dags/example_display_name.py
[2024-07-11T18:05:32.326+0000] {processor.py:830} INFO - Processing file /home/airflow/.local/lib/python3.12/site-packages/airflow/example_dags/example_display_name.py for tasks to queue
[2024-07-11T18:05:32.329+0000] {logging_mixin.py:188} INFO - [2024-07-11T18:05:32.328+0000] {dagbag.py:545} INFO - Filling up the DagBag from /home/airflow/.local/lib/python3.12/site-packages/airflow/example_dags/example_display_name.py
[2024-07-11T18:05:32.336+0000] {processor.py:840} INFO - DAG(s) 'example_display_name' retrieved from /home/airflow/.local/lib/python3.12/site-packages/airflow/example_dags/example_display_name.py
[2024-07-11T18:05:32.362+0000] {logging_mixin.py:188} INFO - [2024-07-11T18:05:32.362+0000] {dag.py:3096} INFO - Sync 1 DAGs
[2024-07-11T18:05:32.380+0000] {logging_mixin.py:188} INFO - [2024-07-11T18:05:32.379+0000] {dag.py:3954} INFO - Setting next_dagrun for example_display_name to None, run_after=None
[2024-07-11T18:05:32.409+0000] {processor.py:183} INFO - Processing /home/airflow/.local/lib/python3.12/site-packages/airflow/example_dags/example_display_name.py took 0.093 seconds
[2024-07-11T18:06:02.896+0000] {processor.py:161} INFO - Started process (PID=1027) to work on /home/airflow/.local/lib/python3.12/site-packages/airflow/example_dags/example_display_name.py
[2024-07-11T18:06:02.897+0000] {processor.py:830} INFO - Processing file /home/airflow/.local/lib/python3.12/site-packages/airflow/example_dags/example_display_name.py for tasks to queue
[2024-07-11T18:06:02.900+0000] {logging_mixin.py:188} INFO - [2024-07-11T18:06:02.900+0000] {dagbag.py:545} INFO - Filling up the DagBag from /home/airflow/.local/lib/python3.12/site-packages/airflow/example_dags/example_display_name.py
[2024-07-11T18:06:02.910+0000] {processor.py:840} INFO - DAG(s) 'example_display_name' retrieved from /home/airflow/.local/lib/python3.12/site-packages/airflow/example_dags/example_display_name.py
[2024-07-11T18:06:02.938+0000] {logging_mixin.py:188} INFO - [2024-07-11T18:06:02.938+0000] {dag.py:3096} INFO - Sync 1 DAGs
[2024-07-11T18:06:02.958+0000] {logging_mixin.py:188} INFO - [2024-07-11T18:06:02.958+0000] {dag.py:3954} INFO - Setting next_dagrun for example_display_name to None, run_after=None
[2024-07-11T18:06:02.990+0000] {processor.py:183} INFO - Processing /home/airflow/.local/lib/python3.12/site-packages/airflow/example_dags/example_display_name.py took 0.102 seconds
[2024-07-11T18:06:33.742+0000] {processor.py:161} INFO - Started process (PID=1085) to work on /home/airflow/.local/lib/python3.12/site-packages/airflow/example_dags/example_display_name.py
[2024-07-11T18:06:33.743+0000] {processor.py:830} INFO - Processing file /home/airflow/.local/lib/python3.12/site-packages/airflow/example_dags/example_display_name.py for tasks to queue
[2024-07-11T18:06:33.746+0000] {logging_mixin.py:188} INFO - [2024-07-11T18:06:33.745+0000] {dagbag.py:545} INFO - Filling up the DagBag from /home/airflow/.local/lib/python3.12/site-packages/airflow/example_dags/example_display_name.py
[2024-07-11T18:06:33.754+0000] {processor.py:840} INFO - DAG(s) 'example_display_name' retrieved from /home/airflow/.local/lib/python3.12/site-packages/airflow/example_dags/example_display_name.py
[2024-07-11T18:06:33.786+0000] {logging_mixin.py:188} INFO - [2024-07-11T18:06:33.785+0000] {dag.py:3096} INFO - Sync 1 DAGs
[2024-07-11T18:06:33.811+0000] {logging_mixin.py:188} INFO - [2024-07-11T18:06:33.811+0000] {dag.py:3954} INFO - Setting next_dagrun for example_display_name to None, run_after=None
[2024-07-11T18:06:33.847+0000] {processor.py:183} INFO - Processing /home/airflow/.local/lib/python3.12/site-packages/airflow/example_dags/example_display_name.py took 0.114 seconds
[2024-07-11T18:07:04.070+0000] {processor.py:161} INFO - Started process (PID=1143) to work on /home/airflow/.local/lib/python3.12/site-packages/airflow/example_dags/example_display_name.py
[2024-07-11T18:07:04.072+0000] {processor.py:830} INFO - Processing file /home/airflow/.local/lib/python3.12/site-packages/airflow/example_dags/example_display_name.py for tasks to queue
[2024-07-11T18:07:04.075+0000] {logging_mixin.py:188} INFO - [2024-07-11T18:07:04.075+0000] {dagbag.py:545} INFO - Filling up the DagBag from /home/airflow/.local/lib/python3.12/site-packages/airflow/example_dags/example_display_name.py
[2024-07-11T18:07:04.085+0000] {processor.py:840} INFO - DAG(s) 'example_display_name' retrieved from /home/airflow/.local/lib/python3.12/site-packages/airflow/example_dags/example_display_name.py
[2024-07-11T18:07:04.119+0000] {logging_mixin.py:188} INFO - [2024-07-11T18:07:04.118+0000] {dag.py:3096} INFO - Sync 1 DAGs
[2024-07-11T18:07:04.149+0000] {logging_mixin.py:188} INFO - [2024-07-11T18:07:04.148+0000] {dag.py:3954} INFO - Setting next_dagrun for example_display_name to None, run_after=None
[2024-07-11T18:07:04.195+0000] {processor.py:183} INFO - Processing /home/airflow/.local/lib/python3.12/site-packages/airflow/example_dags/example_display_name.py took 0.134 seconds
[2024-07-11T18:07:34.872+0000] {processor.py:161} INFO - Started process (PID=1202) to work on /home/airflow/.local/lib/python3.12/site-packages/airflow/example_dags/example_display_name.py
[2024-07-11T18:07:34.873+0000] {processor.py:830} INFO - Processing file /home/airflow/.local/lib/python3.12/site-packages/airflow/example_dags/example_display_name.py for tasks to queue
[2024-07-11T18:07:34.876+0000] {logging_mixin.py:188} INFO - [2024-07-11T18:07:34.875+0000] {dagbag.py:545} INFO - Filling up the DagBag from /home/airflow/.local/lib/python3.12/site-packages/airflow/example_dags/example_display_name.py
[2024-07-11T18:07:34.883+0000] {processor.py:840} INFO - DAG(s) 'example_display_name' retrieved from /home/airflow/.local/lib/python3.12/site-packages/airflow/example_dags/example_display_name.py
[2024-07-11T18:07:34.907+0000] {logging_mixin.py:188} INFO - [2024-07-11T18:07:34.907+0000] {dag.py:3096} INFO - Sync 1 DAGs
[2024-07-11T18:07:34.924+0000] {logging_mixin.py:188} INFO - [2024-07-11T18:07:34.924+0000] {dag.py:3954} INFO - Setting next_dagrun for example_display_name to None, run_after=None
[2024-07-11T18:07:34.961+0000] {processor.py:183} INFO - Processing /home/airflow/.local/lib/python3.12/site-packages/airflow/example_dags/example_display_name.py took 0.096 seconds
[2024-07-11T18:08:05.445+0000] {processor.py:161} INFO - Started process (PID=1260) to work on /home/airflow/.local/lib/python3.12/site-packages/airflow/example_dags/example_display_name.py
[2024-07-11T18:08:05.446+0000] {processor.py:830} INFO - Processing file /home/airflow/.local/lib/python3.12/site-packages/airflow/example_dags/example_display_name.py for tasks to queue
[2024-07-11T18:08:05.449+0000] {logging_mixin.py:188} INFO - [2024-07-11T18:08:05.448+0000] {dagbag.py:545} INFO - Filling up the DagBag from /home/airflow/.local/lib/python3.12/site-packages/airflow/example_dags/example_display_name.py
[2024-07-11T18:08:05.458+0000] {processor.py:840} INFO - DAG(s) 'example_display_name' retrieved from /home/airflow/.local/lib/python3.12/site-packages/airflow/example_dags/example_display_name.py
[2024-07-11T18:08:05.483+0000] {logging_mixin.py:188} INFO - [2024-07-11T18:08:05.483+0000] {dag.py:3096} INFO - Sync 1 DAGs
[2024-07-11T18:08:05.503+0000] {logging_mixin.py:188} INFO - [2024-07-11T18:08:05.502+0000] {dag.py:3954} INFO - Setting next_dagrun for example_display_name to None, run_after=None
[2024-07-11T18:08:05.534+0000] {processor.py:183} INFO - Processing /home/airflow/.local/lib/python3.12/site-packages/airflow/example_dags/example_display_name.py took 0.097 seconds
[2024-07-11T18:08:36.114+0000] {processor.py:161} INFO - Started process (PID=1318) to work on /home/airflow/.local/lib/python3.12/site-packages/airflow/example_dags/example_display_name.py
[2024-07-11T18:08:36.115+0000] {processor.py:830} INFO - Processing file /home/airflow/.local/lib/python3.12/site-packages/airflow/example_dags/example_display_name.py for tasks to queue
[2024-07-11T18:08:36.118+0000] {logging_mixin.py:188} INFO - [2024-07-11T18:08:36.117+0000] {dagbag.py:545} INFO - Filling up the DagBag from /home/airflow/.local/lib/python3.12/site-packages/airflow/example_dags/example_display_name.py
[2024-07-11T18:08:36.126+0000] {processor.py:840} INFO - DAG(s) 'example_display_name' retrieved from /home/airflow/.local/lib/python3.12/site-packages/airflow/example_dags/example_display_name.py
[2024-07-11T18:08:36.151+0000] {logging_mixin.py:188} INFO - [2024-07-11T18:08:36.151+0000] {dag.py:3096} INFO - Sync 1 DAGs
[2024-07-11T18:08:36.175+0000] {logging_mixin.py:188} INFO - [2024-07-11T18:08:36.175+0000] {dag.py:3954} INFO - Setting next_dagrun for example_display_name to None, run_after=None
[2024-07-11T18:08:36.209+0000] {processor.py:183} INFO - Processing /home/airflow/.local/lib/python3.12/site-packages/airflow/example_dags/example_display_name.py took 0.103 seconds
[2024-07-11T18:09:06.528+0000] {processor.py:161} INFO - Started process (PID=1376) to work on /home/airflow/.local/lib/python3.12/site-packages/airflow/example_dags/example_display_name.py
[2024-07-11T18:09:06.529+0000] {processor.py:830} INFO - Processing file /home/airflow/.local/lib/python3.12/site-packages/airflow/example_dags/example_display_name.py for tasks to queue
[2024-07-11T18:09:06.532+0000] {logging_mixin.py:188} INFO - [2024-07-11T18:09:06.532+0000] {dagbag.py:545} INFO - Filling up the DagBag from /home/airflow/.local/lib/python3.12/site-packages/airflow/example_dags/example_display_name.py
[2024-07-11T18:09:06.541+0000] {processor.py:840} INFO - DAG(s) 'example_display_name' retrieved from /home/airflow/.local/lib/python3.12/site-packages/airflow/example_dags/example_display_name.py
[2024-07-11T18:09:06.571+0000] {logging_mixin.py:188} INFO - [2024-07-11T18:09:06.571+0000] {dag.py:3096} INFO - Sync 1 DAGs
[2024-07-11T18:09:06.595+0000] {logging_mixin.py:188} INFO - [2024-07-11T18:09:06.594+0000] {dag.py:3954} INFO - Setting next_dagrun for example_display_name to None, run_after=None
[2024-07-11T18:09:06.629+0000] {processor.py:183} INFO - Processing /home/airflow/.local/lib/python3.12/site-packages/airflow/example_dags/example_display_name.py took 0.111 seconds
