[2024-07-11T17:57:47.570+0000] {processor.py:161} INFO - Started process (PID=73) to work on /home/airflow/.local/lib/python3.12/site-packages/airflow/example_dags/tutorial_dag.py
[2024-07-11T17:57:47.572+0000] {processor.py:830} INFO - Processing file /home/airflow/.local/lib/python3.12/site-packages/airflow/example_dags/tutorial_dag.py for tasks to queue
[2024-07-11T17:57:47.576+0000] {logging_mixin.py:188} INFO - [2024-07-11T17:57:47.576+0000] {dagbag.py:545} INFO - Filling up the DagBag from /home/airflow/.local/lib/python3.12/site-packages/airflow/example_dags/tutorial_dag.py
[2024-07-11T17:57:47.591+0000] {processor.py:840} INFO - DAG(s) 'tutorial_dag' retrieved from /home/airflow/.local/lib/python3.12/site-packages/airflow/example_dags/tutorial_dag.py
[2024-07-11T17:57:47.846+0000] {logging_mixin.py:188} INFO - [2024-07-11T17:57:47.846+0000] {dag.py:3096} INFO - Sync 1 DAGs
[2024-07-11T17:57:47.867+0000] {logging_mixin.py:188} INFO - [2024-07-11T17:57:47.867+0000] {dag.py:3954} INFO - Setting next_dagrun for tutorial_dag to None, run_after=None
[2024-07-11T17:57:47.915+0000] {processor.py:183} INFO - Processing /home/airflow/.local/lib/python3.12/site-packages/airflow/example_dags/tutorial_dag.py took 0.358 seconds
[2024-07-11T17:58:18.092+0000] {processor.py:161} INFO - Started process (PID=131) to work on /home/airflow/.local/lib/python3.12/site-packages/airflow/example_dags/tutorial_dag.py
[2024-07-11T17:58:18.094+0000] {processor.py:830} INFO - Processing file /home/airflow/.local/lib/python3.12/site-packages/airflow/example_dags/tutorial_dag.py for tasks to queue
[2024-07-11T17:58:18.096+0000] {logging_mixin.py:188} INFO - [2024-07-11T17:58:18.096+0000] {dagbag.py:545} INFO - Filling up the DagBag from /home/airflow/.local/lib/python3.12/site-packages/airflow/example_dags/tutorial_dag.py
[2024-07-11T17:58:18.105+0000] {processor.py:840} INFO - DAG(s) 'tutorial_dag' retrieved from /home/airflow/.local/lib/python3.12/site-packages/airflow/example_dags/tutorial_dag.py
[2024-07-11T17:58:18.134+0000] {logging_mixin.py:188} INFO - [2024-07-11T17:58:18.134+0000] {dag.py:3096} INFO - Sync 1 DAGs
[2024-07-11T17:58:18.156+0000] {logging_mixin.py:188} INFO - [2024-07-11T17:58:18.156+0000] {dag.py:3954} INFO - Setting next_dagrun for tutorial_dag to None, run_after=None
[2024-07-11T17:58:18.184+0000] {processor.py:183} INFO - Processing /home/airflow/.local/lib/python3.12/site-packages/airflow/example_dags/tutorial_dag.py took 0.099 seconds
[2024-07-11T17:58:48.242+0000] {processor.py:161} INFO - Started process (PID=189) to work on /home/airflow/.local/lib/python3.12/site-packages/airflow/example_dags/tutorial_dag.py
[2024-07-11T17:58:48.243+0000] {processor.py:830} INFO - Processing file /home/airflow/.local/lib/python3.12/site-packages/airflow/example_dags/tutorial_dag.py for tasks to queue
[2024-07-11T17:58:48.246+0000] {logging_mixin.py:188} INFO - [2024-07-11T17:58:48.246+0000] {dagbag.py:545} INFO - Filling up the DagBag from /home/airflow/.local/lib/python3.12/site-packages/airflow/example_dags/tutorial_dag.py
[2024-07-11T17:58:48.252+0000] {processor.py:840} INFO - DAG(s) 'tutorial_dag' retrieved from /home/airflow/.local/lib/python3.12/site-packages/airflow/example_dags/tutorial_dag.py
[2024-07-11T17:58:48.275+0000] {logging_mixin.py:188} INFO - [2024-07-11T17:58:48.275+0000] {dag.py:3096} INFO - Sync 1 DAGs
[2024-07-11T17:58:48.291+0000] {logging_mixin.py:188} INFO - [2024-07-11T17:58:48.291+0000] {dag.py:3954} INFO - Setting next_dagrun for tutorial_dag to None, run_after=None
[2024-07-11T17:58:48.316+0000] {processor.py:183} INFO - Processing /home/airflow/.local/lib/python3.12/site-packages/airflow/example_dags/tutorial_dag.py took 0.082 seconds
[2024-07-11T17:59:18.588+0000] {processor.py:161} INFO - Started process (PID=247) to work on /home/airflow/.local/lib/python3.12/site-packages/airflow/example_dags/tutorial_dag.py
[2024-07-11T17:59:18.590+0000] {processor.py:830} INFO - Processing file /home/airflow/.local/lib/python3.12/site-packages/airflow/example_dags/tutorial_dag.py for tasks to queue
[2024-07-11T17:59:18.593+0000] {logging_mixin.py:188} INFO - [2024-07-11T17:59:18.592+0000] {dagbag.py:545} INFO - Filling up the DagBag from /home/airflow/.local/lib/python3.12/site-packages/airflow/example_dags/tutorial_dag.py
[2024-07-11T17:59:18.602+0000] {processor.py:840} INFO - DAG(s) 'tutorial_dag' retrieved from /home/airflow/.local/lib/python3.12/site-packages/airflow/example_dags/tutorial_dag.py
[2024-07-11T17:59:18.637+0000] {logging_mixin.py:188} INFO - [2024-07-11T17:59:18.637+0000] {dag.py:3096} INFO - Sync 1 DAGs
[2024-07-11T17:59:18.663+0000] {logging_mixin.py:188} INFO - [2024-07-11T17:59:18.663+0000] {dag.py:3954} INFO - Setting next_dagrun for tutorial_dag to None, run_after=None
[2024-07-11T17:59:18.701+0000] {processor.py:183} INFO - Processing /home/airflow/.local/lib/python3.12/site-packages/airflow/example_dags/tutorial_dag.py took 0.122 seconds
[2024-07-11T17:59:49.134+0000] {processor.py:161} INFO - Started process (PID=305) to work on /home/airflow/.local/lib/python3.12/site-packages/airflow/example_dags/tutorial_dag.py
[2024-07-11T17:59:49.135+0000] {processor.py:830} INFO - Processing file /home/airflow/.local/lib/python3.12/site-packages/airflow/example_dags/tutorial_dag.py for tasks to queue
[2024-07-11T17:59:49.137+0000] {logging_mixin.py:188} INFO - [2024-07-11T17:59:49.137+0000] {dagbag.py:545} INFO - Filling up the DagBag from /home/airflow/.local/lib/python3.12/site-packages/airflow/example_dags/tutorial_dag.py
[2024-07-11T17:59:49.143+0000] {processor.py:840} INFO - DAG(s) 'tutorial_dag' retrieved from /home/airflow/.local/lib/python3.12/site-packages/airflow/example_dags/tutorial_dag.py
[2024-07-11T17:59:49.166+0000] {logging_mixin.py:188} INFO - [2024-07-11T17:59:49.166+0000] {dag.py:3096} INFO - Sync 1 DAGs
[2024-07-11T17:59:49.182+0000] {logging_mixin.py:188} INFO - [2024-07-11T17:59:49.181+0000] {dag.py:3954} INFO - Setting next_dagrun for tutorial_dag to None, run_after=None
[2024-07-11T17:59:49.212+0000] {processor.py:183} INFO - Processing /home/airflow/.local/lib/python3.12/site-packages/airflow/example_dags/tutorial_dag.py took 0.085 seconds
[2024-07-11T18:00:19.710+0000] {processor.py:161} INFO - Started process (PID=363) to work on /home/airflow/.local/lib/python3.12/site-packages/airflow/example_dags/tutorial_dag.py
[2024-07-11T18:00:19.712+0000] {processor.py:830} INFO - Processing file /home/airflow/.local/lib/python3.12/site-packages/airflow/example_dags/tutorial_dag.py for tasks to queue
[2024-07-11T18:00:19.716+0000] {logging_mixin.py:188} INFO - [2024-07-11T18:00:19.715+0000] {dagbag.py:545} INFO - Filling up the DagBag from /home/airflow/.local/lib/python3.12/site-packages/airflow/example_dags/tutorial_dag.py
[2024-07-11T18:00:19.724+0000] {processor.py:840} INFO - DAG(s) 'tutorial_dag' retrieved from /home/airflow/.local/lib/python3.12/site-packages/airflow/example_dags/tutorial_dag.py
[2024-07-11T18:00:19.759+0000] {logging_mixin.py:188} INFO - [2024-07-11T18:00:19.758+0000] {dag.py:3096} INFO - Sync 1 DAGs
[2024-07-11T18:00:19.784+0000] {logging_mixin.py:188} INFO - [2024-07-11T18:00:19.783+0000] {dag.py:3954} INFO - Setting next_dagrun for tutorial_dag to None, run_after=None
[2024-07-11T18:00:19.817+0000] {processor.py:183} INFO - Processing /home/airflow/.local/lib/python3.12/site-packages/airflow/example_dags/tutorial_dag.py took 0.117 seconds
[2024-07-11T18:00:50.007+0000] {processor.py:161} INFO - Started process (PID=421) to work on /home/airflow/.local/lib/python3.12/site-packages/airflow/example_dags/tutorial_dag.py
[2024-07-11T18:00:50.009+0000] {processor.py:830} INFO - Processing file /home/airflow/.local/lib/python3.12/site-packages/airflow/example_dags/tutorial_dag.py for tasks to queue
[2024-07-11T18:00:50.012+0000] {logging_mixin.py:188} INFO - [2024-07-11T18:00:50.012+0000] {dagbag.py:545} INFO - Filling up the DagBag from /home/airflow/.local/lib/python3.12/site-packages/airflow/example_dags/tutorial_dag.py
[2024-07-11T18:00:50.024+0000] {processor.py:840} INFO - DAG(s) 'tutorial_dag' retrieved from /home/airflow/.local/lib/python3.12/site-packages/airflow/example_dags/tutorial_dag.py
[2024-07-11T18:00:50.068+0000] {logging_mixin.py:188} INFO - [2024-07-11T18:00:50.067+0000] {dag.py:3096} INFO - Sync 1 DAGs
[2024-07-11T18:00:50.091+0000] {logging_mixin.py:188} INFO - [2024-07-11T18:00:50.091+0000] {dag.py:3954} INFO - Setting next_dagrun for tutorial_dag to None, run_after=None
[2024-07-11T18:00:50.127+0000] {processor.py:183} INFO - Processing /home/airflow/.local/lib/python3.12/site-packages/airflow/example_dags/tutorial_dag.py took 0.133 seconds
[2024-07-11T18:01:20.239+0000] {processor.py:161} INFO - Started process (PID=479) to work on /home/airflow/.local/lib/python3.12/site-packages/airflow/example_dags/tutorial_dag.py
[2024-07-11T18:01:20.241+0000] {processor.py:830} INFO - Processing file /home/airflow/.local/lib/python3.12/site-packages/airflow/example_dags/tutorial_dag.py for tasks to queue
[2024-07-11T18:01:20.243+0000] {logging_mixin.py:188} INFO - [2024-07-11T18:01:20.243+0000] {dagbag.py:545} INFO - Filling up the DagBag from /home/airflow/.local/lib/python3.12/site-packages/airflow/example_dags/tutorial_dag.py
[2024-07-11T18:01:20.249+0000] {processor.py:840} INFO - DAG(s) 'tutorial_dag' retrieved from /home/airflow/.local/lib/python3.12/site-packages/airflow/example_dags/tutorial_dag.py
[2024-07-11T18:01:20.272+0000] {logging_mixin.py:188} INFO - [2024-07-11T18:01:20.272+0000] {dag.py:3096} INFO - Sync 1 DAGs
[2024-07-11T18:01:20.288+0000] {logging_mixin.py:188} INFO - [2024-07-11T18:01:20.288+0000] {dag.py:3954} INFO - Setting next_dagrun for tutorial_dag to None, run_after=None
[2024-07-11T18:01:20.314+0000] {processor.py:183} INFO - Processing /home/airflow/.local/lib/python3.12/site-packages/airflow/example_dags/tutorial_dag.py took 0.084 seconds
[2024-07-11T18:01:50.378+0000] {processor.py:161} INFO - Started process (PID=537) to work on /home/airflow/.local/lib/python3.12/site-packages/airflow/example_dags/tutorial_dag.py
[2024-07-11T18:01:50.379+0000] {processor.py:830} INFO - Processing file /home/airflow/.local/lib/python3.12/site-packages/airflow/example_dags/tutorial_dag.py for tasks to queue
[2024-07-11T18:01:50.381+0000] {logging_mixin.py:188} INFO - [2024-07-11T18:01:50.381+0000] {dagbag.py:545} INFO - Filling up the DagBag from /home/airflow/.local/lib/python3.12/site-packages/airflow/example_dags/tutorial_dag.py
[2024-07-11T18:01:50.387+0000] {processor.py:840} INFO - DAG(s) 'tutorial_dag' retrieved from /home/airflow/.local/lib/python3.12/site-packages/airflow/example_dags/tutorial_dag.py
[2024-07-11T18:01:50.409+0000] {logging_mixin.py:188} INFO - [2024-07-11T18:01:50.409+0000] {dag.py:3096} INFO - Sync 1 DAGs
[2024-07-11T18:01:50.425+0000] {logging_mixin.py:188} INFO - [2024-07-11T18:01:50.424+0000] {dag.py:3954} INFO - Setting next_dagrun for tutorial_dag to None, run_after=None
[2024-07-11T18:01:50.452+0000] {processor.py:183} INFO - Processing /home/airflow/.local/lib/python3.12/site-packages/airflow/example_dags/tutorial_dag.py took 0.081 seconds
[2024-07-11T18:02:20.728+0000] {processor.py:161} INFO - Started process (PID=595) to work on /home/airflow/.local/lib/python3.12/site-packages/airflow/example_dags/tutorial_dag.py
[2024-07-11T18:02:20.731+0000] {processor.py:830} INFO - Processing file /home/airflow/.local/lib/python3.12/site-packages/airflow/example_dags/tutorial_dag.py for tasks to queue
[2024-07-11T18:02:20.734+0000] {logging_mixin.py:188} INFO - [2024-07-11T18:02:20.734+0000] {dagbag.py:545} INFO - Filling up the DagBag from /home/airflow/.local/lib/python3.12/site-packages/airflow/example_dags/tutorial_dag.py
[2024-07-11T18:02:20.743+0000] {processor.py:840} INFO - DAG(s) 'tutorial_dag' retrieved from /home/airflow/.local/lib/python3.12/site-packages/airflow/example_dags/tutorial_dag.py
[2024-07-11T18:02:20.778+0000] {logging_mixin.py:188} INFO - [2024-07-11T18:02:20.777+0000] {dag.py:3096} INFO - Sync 1 DAGs
[2024-07-11T18:02:20.813+0000] {logging_mixin.py:188} INFO - [2024-07-11T18:02:20.812+0000] {dag.py:3954} INFO - Setting next_dagrun for tutorial_dag to None, run_after=None
[2024-07-11T18:02:20.850+0000] {processor.py:183} INFO - Processing /home/airflow/.local/lib/python3.12/site-packages/airflow/example_dags/tutorial_dag.py took 0.133 seconds
[2024-07-11T18:02:50.957+0000] {processor.py:161} INFO - Started process (PID=653) to work on /home/airflow/.local/lib/python3.12/site-packages/airflow/example_dags/tutorial_dag.py
[2024-07-11T18:02:50.958+0000] {processor.py:830} INFO - Processing file /home/airflow/.local/lib/python3.12/site-packages/airflow/example_dags/tutorial_dag.py for tasks to queue
[2024-07-11T18:02:50.961+0000] {logging_mixin.py:188} INFO - [2024-07-11T18:02:50.960+0000] {dagbag.py:545} INFO - Filling up the DagBag from /home/airflow/.local/lib/python3.12/site-packages/airflow/example_dags/tutorial_dag.py
[2024-07-11T18:02:50.968+0000] {processor.py:840} INFO - DAG(s) 'tutorial_dag' retrieved from /home/airflow/.local/lib/python3.12/site-packages/airflow/example_dags/tutorial_dag.py
[2024-07-11T18:02:50.997+0000] {logging_mixin.py:188} INFO - [2024-07-11T18:02:50.996+0000] {dag.py:3096} INFO - Sync 1 DAGs
[2024-07-11T18:02:51.015+0000] {logging_mixin.py:188} INFO - [2024-07-11T18:02:51.015+0000] {dag.py:3954} INFO - Setting next_dagrun for tutorial_dag to None, run_after=None
[2024-07-11T18:02:51.044+0000] {processor.py:183} INFO - Processing /home/airflow/.local/lib/python3.12/site-packages/airflow/example_dags/tutorial_dag.py took 0.095 seconds
[2024-07-11T18:03:21.535+0000] {processor.py:161} INFO - Started process (PID=711) to work on /home/airflow/.local/lib/python3.12/site-packages/airflow/example_dags/tutorial_dag.py
[2024-07-11T18:03:21.536+0000] {processor.py:830} INFO - Processing file /home/airflow/.local/lib/python3.12/site-packages/airflow/example_dags/tutorial_dag.py for tasks to queue
[2024-07-11T18:03:21.539+0000] {logging_mixin.py:188} INFO - [2024-07-11T18:03:21.538+0000] {dagbag.py:545} INFO - Filling up the DagBag from /home/airflow/.local/lib/python3.12/site-packages/airflow/example_dags/tutorial_dag.py
[2024-07-11T18:03:21.547+0000] {processor.py:840} INFO - DAG(s) 'tutorial_dag' retrieved from /home/airflow/.local/lib/python3.12/site-packages/airflow/example_dags/tutorial_dag.py
[2024-07-11T18:03:21.577+0000] {logging_mixin.py:188} INFO - [2024-07-11T18:03:21.577+0000] {dag.py:3096} INFO - Sync 1 DAGs
[2024-07-11T18:03:21.596+0000] {logging_mixin.py:188} INFO - [2024-07-11T18:03:21.595+0000] {dag.py:3954} INFO - Setting next_dagrun for tutorial_dag to None, run_after=None
[2024-07-11T18:03:21.628+0000] {processor.py:183} INFO - Processing /home/airflow/.local/lib/python3.12/site-packages/airflow/example_dags/tutorial_dag.py took 0.100 seconds
[2024-07-11T18:03:52.628+0000] {processor.py:161} INFO - Started process (PID=769) to work on /home/airflow/.local/lib/python3.12/site-packages/airflow/example_dags/tutorial_dag.py
[2024-07-11T18:03:52.629+0000] {processor.py:830} INFO - Processing file /home/airflow/.local/lib/python3.12/site-packages/airflow/example_dags/tutorial_dag.py for tasks to queue
[2024-07-11T18:03:52.631+0000] {logging_mixin.py:188} INFO - [2024-07-11T18:03:52.631+0000] {dagbag.py:545} INFO - Filling up the DagBag from /home/airflow/.local/lib/python3.12/site-packages/airflow/example_dags/tutorial_dag.py
[2024-07-11T18:03:52.637+0000] {processor.py:840} INFO - DAG(s) 'tutorial_dag' retrieved from /home/airflow/.local/lib/python3.12/site-packages/airflow/example_dags/tutorial_dag.py
[2024-07-11T18:03:52.666+0000] {logging_mixin.py:188} INFO - [2024-07-11T18:03:52.666+0000] {dag.py:3096} INFO - Sync 1 DAGs
[2024-07-11T18:03:52.685+0000] {logging_mixin.py:188} INFO - [2024-07-11T18:03:52.685+0000] {dag.py:3954} INFO - Setting next_dagrun for tutorial_dag to None, run_after=None
[2024-07-11T18:03:52.717+0000] {processor.py:183} INFO - Processing /home/airflow/.local/lib/python3.12/site-packages/airflow/example_dags/tutorial_dag.py took 0.097 seconds
[2024-07-11T18:04:22.862+0000] {processor.py:161} INFO - Started process (PID=827) to work on /home/airflow/.local/lib/python3.12/site-packages/airflow/example_dags/tutorial_dag.py
[2024-07-11T18:04:22.863+0000] {processor.py:830} INFO - Processing file /home/airflow/.local/lib/python3.12/site-packages/airflow/example_dags/tutorial_dag.py for tasks to queue
[2024-07-11T18:04:22.867+0000] {logging_mixin.py:188} INFO - [2024-07-11T18:04:22.866+0000] {dagbag.py:545} INFO - Filling up the DagBag from /home/airflow/.local/lib/python3.12/site-packages/airflow/example_dags/tutorial_dag.py
[2024-07-11T18:04:22.877+0000] {processor.py:840} INFO - DAG(s) 'tutorial_dag' retrieved from /home/airflow/.local/lib/python3.12/site-packages/airflow/example_dags/tutorial_dag.py
[2024-07-11T18:04:22.914+0000] {logging_mixin.py:188} INFO - [2024-07-11T18:04:22.914+0000] {dag.py:3096} INFO - Sync 1 DAGs
[2024-07-11T18:04:22.941+0000] {logging_mixin.py:188} INFO - [2024-07-11T18:04:22.940+0000] {dag.py:3954} INFO - Setting next_dagrun for tutorial_dag to None, run_after=None
[2024-07-11T18:04:22.981+0000] {processor.py:183} INFO - Processing /home/airflow/.local/lib/python3.12/site-packages/airflow/example_dags/tutorial_dag.py took 0.133 seconds
[2024-07-11T18:04:54.172+0000] {processor.py:161} INFO - Started process (PID=885) to work on /home/airflow/.local/lib/python3.12/site-packages/airflow/example_dags/tutorial_dag.py
[2024-07-11T18:04:54.173+0000] {processor.py:830} INFO - Processing file /home/airflow/.local/lib/python3.12/site-packages/airflow/example_dags/tutorial_dag.py for tasks to queue
[2024-07-11T18:04:54.176+0000] {logging_mixin.py:188} INFO - [2024-07-11T18:04:54.175+0000] {dagbag.py:545} INFO - Filling up the DagBag from /home/airflow/.local/lib/python3.12/site-packages/airflow/example_dags/tutorial_dag.py
[2024-07-11T18:04:54.182+0000] {processor.py:840} INFO - DAG(s) 'tutorial_dag' retrieved from /home/airflow/.local/lib/python3.12/site-packages/airflow/example_dags/tutorial_dag.py
[2024-07-11T18:04:54.214+0000] {logging_mixin.py:188} INFO - [2024-07-11T18:04:54.214+0000] {dag.py:3096} INFO - Sync 1 DAGs
[2024-07-11T18:04:54.233+0000] {logging_mixin.py:188} INFO - [2024-07-11T18:04:54.233+0000] {dag.py:3954} INFO - Setting next_dagrun for tutorial_dag to None, run_after=None
[2024-07-11T18:04:54.263+0000] {processor.py:183} INFO - Processing /home/airflow/.local/lib/python3.12/site-packages/airflow/example_dags/tutorial_dag.py took 0.100 seconds
[2024-07-11T18:05:25.073+0000] {processor.py:161} INFO - Started process (PID=944) to work on /home/airflow/.local/lib/python3.12/site-packages/airflow/example_dags/tutorial_dag.py
[2024-07-11T18:05:25.074+0000] {processor.py:830} INFO - Processing file /home/airflow/.local/lib/python3.12/site-packages/airflow/example_dags/tutorial_dag.py for tasks to queue
[2024-07-11T18:05:25.076+0000] {logging_mixin.py:188} INFO - [2024-07-11T18:05:25.076+0000] {dagbag.py:545} INFO - Filling up the DagBag from /home/airflow/.local/lib/python3.12/site-packages/airflow/example_dags/tutorial_dag.py
[2024-07-11T18:05:25.084+0000] {processor.py:840} INFO - DAG(s) 'tutorial_dag' retrieved from /home/airflow/.local/lib/python3.12/site-packages/airflow/example_dags/tutorial_dag.py
[2024-07-11T18:05:25.117+0000] {logging_mixin.py:188} INFO - [2024-07-11T18:05:25.116+0000] {dag.py:3096} INFO - Sync 1 DAGs
[2024-07-11T18:05:25.137+0000] {logging_mixin.py:188} INFO - [2024-07-11T18:05:25.137+0000] {dag.py:3954} INFO - Setting next_dagrun for tutorial_dag to None, run_after=None
[2024-07-11T18:05:25.168+0000] {processor.py:183} INFO - Processing /home/airflow/.local/lib/python3.12/site-packages/airflow/example_dags/tutorial_dag.py took 0.104 seconds
[2024-07-11T18:05:55.616+0000] {processor.py:161} INFO - Started process (PID=1002) to work on /home/airflow/.local/lib/python3.12/site-packages/airflow/example_dags/tutorial_dag.py
[2024-07-11T18:05:55.617+0000] {processor.py:830} INFO - Processing file /home/airflow/.local/lib/python3.12/site-packages/airflow/example_dags/tutorial_dag.py for tasks to queue
[2024-07-11T18:05:55.619+0000] {logging_mixin.py:188} INFO - [2024-07-11T18:05:55.619+0000] {dagbag.py:545} INFO - Filling up the DagBag from /home/airflow/.local/lib/python3.12/site-packages/airflow/example_dags/tutorial_dag.py
[2024-07-11T18:05:55.625+0000] {processor.py:840} INFO - DAG(s) 'tutorial_dag' retrieved from /home/airflow/.local/lib/python3.12/site-packages/airflow/example_dags/tutorial_dag.py
[2024-07-11T18:05:55.664+0000] {logging_mixin.py:188} INFO - [2024-07-11T18:05:55.664+0000] {dag.py:3096} INFO - Sync 1 DAGs
[2024-07-11T18:05:55.686+0000] {logging_mixin.py:188} INFO - [2024-07-11T18:05:55.685+0000] {dag.py:3954} INFO - Setting next_dagrun for tutorial_dag to None, run_after=None
[2024-07-11T18:05:55.724+0000] {processor.py:183} INFO - Processing /home/airflow/.local/lib/python3.12/site-packages/airflow/example_dags/tutorial_dag.py took 0.115 seconds
[2024-07-11T18:06:25.799+0000] {processor.py:161} INFO - Started process (PID=1060) to work on /home/airflow/.local/lib/python3.12/site-packages/airflow/example_dags/tutorial_dag.py
[2024-07-11T18:06:25.800+0000] {processor.py:830} INFO - Processing file /home/airflow/.local/lib/python3.12/site-packages/airflow/example_dags/tutorial_dag.py for tasks to queue
[2024-07-11T18:06:25.802+0000] {logging_mixin.py:188} INFO - [2024-07-11T18:06:25.802+0000] {dagbag.py:545} INFO - Filling up the DagBag from /home/airflow/.local/lib/python3.12/site-packages/airflow/example_dags/tutorial_dag.py
[2024-07-11T18:06:25.808+0000] {processor.py:840} INFO - DAG(s) 'tutorial_dag' retrieved from /home/airflow/.local/lib/python3.12/site-packages/airflow/example_dags/tutorial_dag.py
[2024-07-11T18:06:25.833+0000] {logging_mixin.py:188} INFO - [2024-07-11T18:06:25.832+0000] {dag.py:3096} INFO - Sync 1 DAGs
[2024-07-11T18:06:25.853+0000] {logging_mixin.py:188} INFO - [2024-07-11T18:06:25.853+0000] {dag.py:3954} INFO - Setting next_dagrun for tutorial_dag to None, run_after=None
[2024-07-11T18:06:25.879+0000] {processor.py:183} INFO - Processing /home/airflow/.local/lib/python3.12/site-packages/airflow/example_dags/tutorial_dag.py took 0.087 seconds
[2024-07-11T18:06:55.976+0000] {processor.py:161} INFO - Started process (PID=1118) to work on /home/airflow/.local/lib/python3.12/site-packages/airflow/example_dags/tutorial_dag.py
[2024-07-11T18:06:55.977+0000] {processor.py:830} INFO - Processing file /home/airflow/.local/lib/python3.12/site-packages/airflow/example_dags/tutorial_dag.py for tasks to queue
[2024-07-11T18:06:55.980+0000] {logging_mixin.py:188} INFO - [2024-07-11T18:06:55.979+0000] {dagbag.py:545} INFO - Filling up the DagBag from /home/airflow/.local/lib/python3.12/site-packages/airflow/example_dags/tutorial_dag.py
[2024-07-11T18:06:55.985+0000] {processor.py:840} INFO - DAG(s) 'tutorial_dag' retrieved from /home/airflow/.local/lib/python3.12/site-packages/airflow/example_dags/tutorial_dag.py
[2024-07-11T18:06:56.008+0000] {logging_mixin.py:188} INFO - [2024-07-11T18:06:56.008+0000] {dag.py:3096} INFO - Sync 1 DAGs
[2024-07-11T18:06:56.024+0000] {logging_mixin.py:188} INFO - [2024-07-11T18:06:56.024+0000] {dag.py:3954} INFO - Setting next_dagrun for tutorial_dag to None, run_after=None
[2024-07-11T18:06:56.052+0000] {processor.py:183} INFO - Processing /home/airflow/.local/lib/python3.12/site-packages/airflow/example_dags/tutorial_dag.py took 0.084 seconds
[2024-07-11T18:07:26.302+0000] {processor.py:161} INFO - Started process (PID=1177) to work on /home/airflow/.local/lib/python3.12/site-packages/airflow/example_dags/tutorial_dag.py
[2024-07-11T18:07:26.303+0000] {processor.py:830} INFO - Processing file /home/airflow/.local/lib/python3.12/site-packages/airflow/example_dags/tutorial_dag.py for tasks to queue
[2024-07-11T18:07:26.305+0000] {logging_mixin.py:188} INFO - [2024-07-11T18:07:26.305+0000] {dagbag.py:545} INFO - Filling up the DagBag from /home/airflow/.local/lib/python3.12/site-packages/airflow/example_dags/tutorial_dag.py
[2024-07-11T18:07:26.311+0000] {processor.py:840} INFO - DAG(s) 'tutorial_dag' retrieved from /home/airflow/.local/lib/python3.12/site-packages/airflow/example_dags/tutorial_dag.py
[2024-07-11T18:07:26.330+0000] {logging_mixin.py:188} INFO - [2024-07-11T18:07:26.330+0000] {dag.py:3096} INFO - Sync 1 DAGs
[2024-07-11T18:07:26.343+0000] {logging_mixin.py:188} INFO - [2024-07-11T18:07:26.343+0000] {dag.py:3954} INFO - Setting next_dagrun for tutorial_dag to None, run_after=None
[2024-07-11T18:07:26.364+0000] {processor.py:183} INFO - Processing /home/airflow/.local/lib/python3.12/site-packages/airflow/example_dags/tutorial_dag.py took 0.067 seconds
[2024-07-11T18:07:56.624+0000] {processor.py:161} INFO - Started process (PID=1235) to work on /home/airflow/.local/lib/python3.12/site-packages/airflow/example_dags/tutorial_dag.py
[2024-07-11T18:07:56.625+0000] {processor.py:830} INFO - Processing file /home/airflow/.local/lib/python3.12/site-packages/airflow/example_dags/tutorial_dag.py for tasks to queue
[2024-07-11T18:07:56.627+0000] {logging_mixin.py:188} INFO - [2024-07-11T18:07:56.627+0000] {dagbag.py:545} INFO - Filling up the DagBag from /home/airflow/.local/lib/python3.12/site-packages/airflow/example_dags/tutorial_dag.py
[2024-07-11T18:07:56.633+0000] {processor.py:840} INFO - DAG(s) 'tutorial_dag' retrieved from /home/airflow/.local/lib/python3.12/site-packages/airflow/example_dags/tutorial_dag.py
[2024-07-11T18:07:56.659+0000] {logging_mixin.py:188} INFO - [2024-07-11T18:07:56.659+0000] {dag.py:3096} INFO - Sync 1 DAGs
[2024-07-11T18:07:56.679+0000] {logging_mixin.py:188} INFO - [2024-07-11T18:07:56.678+0000] {dag.py:3954} INFO - Setting next_dagrun for tutorial_dag to None, run_after=None
[2024-07-11T18:07:56.717+0000] {processor.py:183} INFO - Processing /home/airflow/.local/lib/python3.12/site-packages/airflow/example_dags/tutorial_dag.py took 0.101 seconds
[2024-07-11T18:08:27.124+0000] {processor.py:161} INFO - Started process (PID=1293) to work on /home/airflow/.local/lib/python3.12/site-packages/airflow/example_dags/tutorial_dag.py
[2024-07-11T18:08:27.125+0000] {processor.py:830} INFO - Processing file /home/airflow/.local/lib/python3.12/site-packages/airflow/example_dags/tutorial_dag.py for tasks to queue
[2024-07-11T18:08:27.127+0000] {logging_mixin.py:188} INFO - [2024-07-11T18:08:27.127+0000] {dagbag.py:545} INFO - Filling up the DagBag from /home/airflow/.local/lib/python3.12/site-packages/airflow/example_dags/tutorial_dag.py
[2024-07-11T18:08:27.134+0000] {processor.py:840} INFO - DAG(s) 'tutorial_dag' retrieved from /home/airflow/.local/lib/python3.12/site-packages/airflow/example_dags/tutorial_dag.py
[2024-07-11T18:08:27.160+0000] {logging_mixin.py:188} INFO - [2024-07-11T18:08:27.159+0000] {dag.py:3096} INFO - Sync 1 DAGs
[2024-07-11T18:08:27.178+0000] {logging_mixin.py:188} INFO - [2024-07-11T18:08:27.177+0000] {dag.py:3954} INFO - Setting next_dagrun for tutorial_dag to None, run_after=None
[2024-07-11T18:08:27.211+0000] {processor.py:183} INFO - Processing /home/airflow/.local/lib/python3.12/site-packages/airflow/example_dags/tutorial_dag.py took 0.095 seconds
[2024-07-11T18:08:57.510+0000] {processor.py:161} INFO - Started process (PID=1351) to work on /home/airflow/.local/lib/python3.12/site-packages/airflow/example_dags/tutorial_dag.py
[2024-07-11T18:08:57.512+0000] {processor.py:830} INFO - Processing file /home/airflow/.local/lib/python3.12/site-packages/airflow/example_dags/tutorial_dag.py for tasks to queue
[2024-07-11T18:08:57.515+0000] {logging_mixin.py:188} INFO - [2024-07-11T18:08:57.514+0000] {dagbag.py:545} INFO - Filling up the DagBag from /home/airflow/.local/lib/python3.12/site-packages/airflow/example_dags/tutorial_dag.py
[2024-07-11T18:08:57.522+0000] {processor.py:840} INFO - DAG(s) 'tutorial_dag' retrieved from /home/airflow/.local/lib/python3.12/site-packages/airflow/example_dags/tutorial_dag.py
[2024-07-11T18:08:57.557+0000] {logging_mixin.py:188} INFO - [2024-07-11T18:08:57.556+0000] {dag.py:3096} INFO - Sync 1 DAGs
[2024-07-11T18:08:57.582+0000] {logging_mixin.py:188} INFO - [2024-07-11T18:08:57.581+0000] {dag.py:3954} INFO - Setting next_dagrun for tutorial_dag to None, run_after=None
[2024-07-11T18:08:57.620+0000] {processor.py:183} INFO - Processing /home/airflow/.local/lib/python3.12/site-packages/airflow/example_dags/tutorial_dag.py took 0.119 seconds
