[2024-07-11T17:57:49.004+0000] {processor.py:161} INFO - Started process (PID=79) to work on /home/airflow/.local/lib/python3.12/site-packages/airflow/example_dags/tutorial.py
[2024-07-11T17:57:49.005+0000] {processor.py:830} INFO - Processing file /home/airflow/.local/lib/python3.12/site-packages/airflow/example_dags/tutorial.py for tasks to queue
[2024-07-11T17:57:49.009+0000] {logging_mixin.py:188} INFO - [2024-07-11T17:57:49.008+0000] {dagbag.py:545} INFO - Filling up the DagBag from /home/airflow/.local/lib/python3.12/site-packages/airflow/example_dags/tutorial.py
[2024-07-11T17:57:49.021+0000] {processor.py:840} INFO - DAG(s) 'tutorial' retrieved from /home/airflow/.local/lib/python3.12/site-packages/airflow/example_dags/tutorial.py
[2024-07-11T17:57:49.219+0000] {logging_mixin.py:188} INFO - [2024-07-11T17:57:49.219+0000] {dag.py:3096} INFO - Sync 1 DAGs
[2024-07-11T17:57:49.255+0000] {logging_mixin.py:188} INFO - [2024-07-11T17:57:49.255+0000] {dag.py:3954} INFO - Setting next_dagrun for tutorial to 2024-07-10 00:00:00+00:00, run_after=2024-07-11 00:00:00+00:00
[2024-07-11T17:57:49.289+0000] {processor.py:183} INFO - Processing /home/airflow/.local/lib/python3.12/site-packages/airflow/example_dags/tutorial.py took 0.297 seconds
[2024-07-11T17:58:19.561+0000] {processor.py:161} INFO - Started process (PID=137) to work on /home/airflow/.local/lib/python3.12/site-packages/airflow/example_dags/tutorial.py
[2024-07-11T17:58:19.562+0000] {processor.py:830} INFO - Processing file /home/airflow/.local/lib/python3.12/site-packages/airflow/example_dags/tutorial.py for tasks to queue
[2024-07-11T17:58:19.564+0000] {logging_mixin.py:188} INFO - [2024-07-11T17:58:19.564+0000] {dagbag.py:545} INFO - Filling up the DagBag from /home/airflow/.local/lib/python3.12/site-packages/airflow/example_dags/tutorial.py
[2024-07-11T17:58:19.571+0000] {processor.py:840} INFO - DAG(s) 'tutorial' retrieved from /home/airflow/.local/lib/python3.12/site-packages/airflow/example_dags/tutorial.py
[2024-07-11T17:58:19.592+0000] {logging_mixin.py:188} INFO - [2024-07-11T17:58:19.591+0000] {dag.py:3096} INFO - Sync 1 DAGs
[2024-07-11T17:58:19.617+0000] {logging_mixin.py:188} INFO - [2024-07-11T17:58:19.616+0000] {dag.py:3954} INFO - Setting next_dagrun for tutorial to 2024-07-10 00:00:00+00:00, run_after=2024-07-11 00:00:00+00:00
[2024-07-11T17:58:19.642+0000] {processor.py:183} INFO - Processing /home/airflow/.local/lib/python3.12/site-packages/airflow/example_dags/tutorial.py took 0.087 seconds
[2024-07-11T17:58:49.754+0000] {processor.py:161} INFO - Started process (PID=195) to work on /home/airflow/.local/lib/python3.12/site-packages/airflow/example_dags/tutorial.py
[2024-07-11T17:58:49.755+0000] {processor.py:830} INFO - Processing file /home/airflow/.local/lib/python3.12/site-packages/airflow/example_dags/tutorial.py for tasks to queue
[2024-07-11T17:58:49.757+0000] {logging_mixin.py:188} INFO - [2024-07-11T17:58:49.757+0000] {dagbag.py:545} INFO - Filling up the DagBag from /home/airflow/.local/lib/python3.12/site-packages/airflow/example_dags/tutorial.py
[2024-07-11T17:58:49.764+0000] {processor.py:840} INFO - DAG(s) 'tutorial' retrieved from /home/airflow/.local/lib/python3.12/site-packages/airflow/example_dags/tutorial.py
[2024-07-11T17:58:49.787+0000] {logging_mixin.py:188} INFO - [2024-07-11T17:58:49.786+0000] {dag.py:3096} INFO - Sync 1 DAGs
[2024-07-11T17:58:49.813+0000] {logging_mixin.py:188} INFO - [2024-07-11T17:58:49.812+0000] {dag.py:3954} INFO - Setting next_dagrun for tutorial to 2024-07-10 00:00:00+00:00, run_after=2024-07-11 00:00:00+00:00
[2024-07-11T17:58:49.837+0000] {processor.py:183} INFO - Processing /home/airflow/.local/lib/python3.12/site-packages/airflow/example_dags/tutorial.py took 0.090 seconds
[2024-07-11T17:59:19.983+0000] {processor.py:161} INFO - Started process (PID=253) to work on /home/airflow/.local/lib/python3.12/site-packages/airflow/example_dags/tutorial.py
[2024-07-11T17:59:19.984+0000] {processor.py:830} INFO - Processing file /home/airflow/.local/lib/python3.12/site-packages/airflow/example_dags/tutorial.py for tasks to queue
[2024-07-11T17:59:19.986+0000] {logging_mixin.py:188} INFO - [2024-07-11T17:59:19.986+0000] {dagbag.py:545} INFO - Filling up the DagBag from /home/airflow/.local/lib/python3.12/site-packages/airflow/example_dags/tutorial.py
[2024-07-11T17:59:19.993+0000] {processor.py:840} INFO - DAG(s) 'tutorial' retrieved from /home/airflow/.local/lib/python3.12/site-packages/airflow/example_dags/tutorial.py
[2024-07-11T17:59:20.016+0000] {logging_mixin.py:188} INFO - [2024-07-11T17:59:20.016+0000] {dag.py:3096} INFO - Sync 1 DAGs
[2024-07-11T17:59:20.043+0000] {logging_mixin.py:188} INFO - [2024-07-11T17:59:20.043+0000] {dag.py:3954} INFO - Setting next_dagrun for tutorial to 2024-07-10 00:00:00+00:00, run_after=2024-07-11 00:00:00+00:00
[2024-07-11T17:59:20.070+0000] {processor.py:183} INFO - Processing /home/airflow/.local/lib/python3.12/site-packages/airflow/example_dags/tutorial.py took 0.093 seconds
[2024-07-11T17:59:50.565+0000] {processor.py:161} INFO - Started process (PID=311) to work on /home/airflow/.local/lib/python3.12/site-packages/airflow/example_dags/tutorial.py
[2024-07-11T17:59:50.567+0000] {processor.py:830} INFO - Processing file /home/airflow/.local/lib/python3.12/site-packages/airflow/example_dags/tutorial.py for tasks to queue
[2024-07-11T17:59:50.570+0000] {logging_mixin.py:188} INFO - [2024-07-11T17:59:50.569+0000] {dagbag.py:545} INFO - Filling up the DagBag from /home/airflow/.local/lib/python3.12/site-packages/airflow/example_dags/tutorial.py
[2024-07-11T17:59:50.579+0000] {processor.py:840} INFO - DAG(s) 'tutorial' retrieved from /home/airflow/.local/lib/python3.12/site-packages/airflow/example_dags/tutorial.py
[2024-07-11T17:59:50.617+0000] {logging_mixin.py:188} INFO - [2024-07-11T17:59:50.616+0000] {dag.py:3096} INFO - Sync 1 DAGs
[2024-07-11T17:59:50.651+0000] {logging_mixin.py:188} INFO - [2024-07-11T17:59:50.651+0000] {dag.py:3954} INFO - Setting next_dagrun for tutorial to 2024-07-10 00:00:00+00:00, run_after=2024-07-11 00:00:00+00:00
[2024-07-11T17:59:50.679+0000] {processor.py:183} INFO - Processing /home/airflow/.local/lib/python3.12/site-packages/airflow/example_dags/tutorial.py took 0.125 seconds
[2024-07-11T18:00:21.175+0000] {processor.py:161} INFO - Started process (PID=369) to work on /home/airflow/.local/lib/python3.12/site-packages/airflow/example_dags/tutorial.py
[2024-07-11T18:00:21.176+0000] {processor.py:830} INFO - Processing file /home/airflow/.local/lib/python3.12/site-packages/airflow/example_dags/tutorial.py for tasks to queue
[2024-07-11T18:00:21.179+0000] {logging_mixin.py:188} INFO - [2024-07-11T18:00:21.178+0000] {dagbag.py:545} INFO - Filling up the DagBag from /home/airflow/.local/lib/python3.12/site-packages/airflow/example_dags/tutorial.py
[2024-07-11T18:00:21.186+0000] {processor.py:840} INFO - DAG(s) 'tutorial' retrieved from /home/airflow/.local/lib/python3.12/site-packages/airflow/example_dags/tutorial.py
[2024-07-11T18:00:21.214+0000] {logging_mixin.py:188} INFO - [2024-07-11T18:00:21.214+0000] {dag.py:3096} INFO - Sync 1 DAGs
[2024-07-11T18:00:21.243+0000] {logging_mixin.py:188} INFO - [2024-07-11T18:00:21.243+0000] {dag.py:3954} INFO - Setting next_dagrun for tutorial to 2024-07-10 00:00:00+00:00, run_after=2024-07-11 00:00:00+00:00
[2024-07-11T18:00:21.272+0000] {processor.py:183} INFO - Processing /home/airflow/.local/lib/python3.12/site-packages/airflow/example_dags/tutorial.py took 0.105 seconds
[2024-07-11T18:00:51.503+0000] {processor.py:161} INFO - Started process (PID=427) to work on /home/airflow/.local/lib/python3.12/site-packages/airflow/example_dags/tutorial.py
[2024-07-11T18:00:51.505+0000] {processor.py:830} INFO - Processing file /home/airflow/.local/lib/python3.12/site-packages/airflow/example_dags/tutorial.py for tasks to queue
[2024-07-11T18:00:51.510+0000] {logging_mixin.py:188} INFO - [2024-07-11T18:00:51.509+0000] {dagbag.py:545} INFO - Filling up the DagBag from /home/airflow/.local/lib/python3.12/site-packages/airflow/example_dags/tutorial.py
[2024-07-11T18:00:51.526+0000] {processor.py:840} INFO - DAG(s) 'tutorial' retrieved from /home/airflow/.local/lib/python3.12/site-packages/airflow/example_dags/tutorial.py
[2024-07-11T18:00:51.579+0000] {logging_mixin.py:188} INFO - [2024-07-11T18:00:51.578+0000] {dag.py:3096} INFO - Sync 1 DAGs
[2024-07-11T18:00:51.622+0000] {logging_mixin.py:188} INFO - [2024-07-11T18:00:51.622+0000] {dag.py:3954} INFO - Setting next_dagrun for tutorial to 2024-07-10 00:00:00+00:00, run_after=2024-07-11 00:00:00+00:00
[2024-07-11T18:00:51.658+0000] {processor.py:183} INFO - Processing /home/airflow/.local/lib/python3.12/site-packages/airflow/example_dags/tutorial.py took 0.167 seconds
[2024-07-11T18:01:22.504+0000] {processor.py:161} INFO - Started process (PID=485) to work on /home/airflow/.local/lib/python3.12/site-packages/airflow/example_dags/tutorial.py
[2024-07-11T18:01:22.505+0000] {processor.py:830} INFO - Processing file /home/airflow/.local/lib/python3.12/site-packages/airflow/example_dags/tutorial.py for tasks to queue
[2024-07-11T18:01:22.508+0000] {logging_mixin.py:188} INFO - [2024-07-11T18:01:22.507+0000] {dagbag.py:545} INFO - Filling up the DagBag from /home/airflow/.local/lib/python3.12/site-packages/airflow/example_dags/tutorial.py
[2024-07-11T18:01:22.515+0000] {processor.py:840} INFO - DAG(s) 'tutorial' retrieved from /home/airflow/.local/lib/python3.12/site-packages/airflow/example_dags/tutorial.py
[2024-07-11T18:01:22.539+0000] {logging_mixin.py:188} INFO - [2024-07-11T18:01:22.539+0000] {dag.py:3096} INFO - Sync 1 DAGs
[2024-07-11T18:01:22.569+0000] {logging_mixin.py:188} INFO - [2024-07-11T18:01:22.568+0000] {dag.py:3954} INFO - Setting next_dagrun for tutorial to 2024-07-10 00:00:00+00:00, run_after=2024-07-11 00:00:00+00:00
[2024-07-11T18:01:22.596+0000] {processor.py:183} INFO - Processing /home/airflow/.local/lib/python3.12/site-packages/airflow/example_dags/tutorial.py took 0.099 seconds
[2024-07-11T18:01:52.710+0000] {processor.py:161} INFO - Started process (PID=543) to work on /home/airflow/.local/lib/python3.12/site-packages/airflow/example_dags/tutorial.py
[2024-07-11T18:01:52.711+0000] {processor.py:830} INFO - Processing file /home/airflow/.local/lib/python3.12/site-packages/airflow/example_dags/tutorial.py for tasks to queue
[2024-07-11T18:01:52.713+0000] {logging_mixin.py:188} INFO - [2024-07-11T18:01:52.713+0000] {dagbag.py:545} INFO - Filling up the DagBag from /home/airflow/.local/lib/python3.12/site-packages/airflow/example_dags/tutorial.py
[2024-07-11T18:01:52.720+0000] {processor.py:840} INFO - DAG(s) 'tutorial' retrieved from /home/airflow/.local/lib/python3.12/site-packages/airflow/example_dags/tutorial.py
[2024-07-11T18:01:52.742+0000] {logging_mixin.py:188} INFO - [2024-07-11T18:01:52.742+0000] {dag.py:3096} INFO - Sync 1 DAGs
[2024-07-11T18:01:52.767+0000] {logging_mixin.py:188} INFO - [2024-07-11T18:01:52.767+0000] {dag.py:3954} INFO - Setting next_dagrun for tutorial to 2024-07-10 00:00:00+00:00, run_after=2024-07-11 00:00:00+00:00
[2024-07-11T18:01:52.793+0000] {processor.py:183} INFO - Processing /home/airflow/.local/lib/python3.12/site-packages/airflow/example_dags/tutorial.py took 0.088 seconds
[2024-07-11T18:02:23.163+0000] {processor.py:161} INFO - Started process (PID=601) to work on /home/airflow/.local/lib/python3.12/site-packages/airflow/example_dags/tutorial.py
[2024-07-11T18:02:23.164+0000] {processor.py:830} INFO - Processing file /home/airflow/.local/lib/python3.12/site-packages/airflow/example_dags/tutorial.py for tasks to queue
[2024-07-11T18:02:23.167+0000] {logging_mixin.py:188} INFO - [2024-07-11T18:02:23.167+0000] {dagbag.py:545} INFO - Filling up the DagBag from /home/airflow/.local/lib/python3.12/site-packages/airflow/example_dags/tutorial.py
[2024-07-11T18:02:23.175+0000] {processor.py:840} INFO - DAG(s) 'tutorial' retrieved from /home/airflow/.local/lib/python3.12/site-packages/airflow/example_dags/tutorial.py
[2024-07-11T18:02:23.207+0000] {logging_mixin.py:188} INFO - [2024-07-11T18:02:23.207+0000] {dag.py:3096} INFO - Sync 1 DAGs
[2024-07-11T18:02:23.250+0000] {logging_mixin.py:188} INFO - [2024-07-11T18:02:23.249+0000] {dag.py:3954} INFO - Setting next_dagrun for tutorial to 2024-07-10 00:00:00+00:00, run_after=2024-07-11 00:00:00+00:00
[2024-07-11T18:02:23.293+0000] {processor.py:183} INFO - Processing /home/airflow/.local/lib/python3.12/site-packages/airflow/example_dags/tutorial.py took 0.140 seconds
[2024-07-11T18:02:53.357+0000] {processor.py:161} INFO - Started process (PID=659) to work on /home/airflow/.local/lib/python3.12/site-packages/airflow/example_dags/tutorial.py
[2024-07-11T18:02:53.358+0000] {processor.py:830} INFO - Processing file /home/airflow/.local/lib/python3.12/site-packages/airflow/example_dags/tutorial.py for tasks to queue
[2024-07-11T18:02:53.360+0000] {logging_mixin.py:188} INFO - [2024-07-11T18:02:53.359+0000] {dagbag.py:545} INFO - Filling up the DagBag from /home/airflow/.local/lib/python3.12/site-packages/airflow/example_dags/tutorial.py
[2024-07-11T18:02:53.366+0000] {processor.py:840} INFO - DAG(s) 'tutorial' retrieved from /home/airflow/.local/lib/python3.12/site-packages/airflow/example_dags/tutorial.py
[2024-07-11T18:02:53.392+0000] {logging_mixin.py:188} INFO - [2024-07-11T18:02:53.391+0000] {dag.py:3096} INFO - Sync 1 DAGs
[2024-07-11T18:02:53.420+0000] {logging_mixin.py:188} INFO - [2024-07-11T18:02:53.420+0000] {dag.py:3954} INFO - Setting next_dagrun for tutorial to 2024-07-10 00:00:00+00:00, run_after=2024-07-11 00:00:00+00:00
[2024-07-11T18:02:53.449+0000] {processor.py:183} INFO - Processing /home/airflow/.local/lib/python3.12/site-packages/airflow/example_dags/tutorial.py took 0.100 seconds
[2024-07-11T18:03:23.815+0000] {processor.py:161} INFO - Started process (PID=717) to work on /home/airflow/.local/lib/python3.12/site-packages/airflow/example_dags/tutorial.py
[2024-07-11T18:03:23.816+0000] {processor.py:830} INFO - Processing file /home/airflow/.local/lib/python3.12/site-packages/airflow/example_dags/tutorial.py for tasks to queue
[2024-07-11T18:03:23.818+0000] {logging_mixin.py:188} INFO - [2024-07-11T18:03:23.818+0000] {dagbag.py:545} INFO - Filling up the DagBag from /home/airflow/.local/lib/python3.12/site-packages/airflow/example_dags/tutorial.py
[2024-07-11T18:03:23.825+0000] {processor.py:840} INFO - DAG(s) 'tutorial' retrieved from /home/airflow/.local/lib/python3.12/site-packages/airflow/example_dags/tutorial.py
[2024-07-11T18:03:23.849+0000] {logging_mixin.py:188} INFO - [2024-07-11T18:03:23.849+0000] {dag.py:3096} INFO - Sync 1 DAGs
[2024-07-11T18:03:23.881+0000] {logging_mixin.py:188} INFO - [2024-07-11T18:03:23.881+0000] {dag.py:3954} INFO - Setting next_dagrun for tutorial to 2024-07-10 00:00:00+00:00, run_after=2024-07-11 00:00:00+00:00
[2024-07-11T18:03:23.912+0000] {processor.py:183} INFO - Processing /home/airflow/.local/lib/python3.12/site-packages/airflow/example_dags/tutorial.py took 0.103 seconds
[2024-07-11T18:03:54.101+0000] {processor.py:161} INFO - Started process (PID=775) to work on /home/airflow/.local/lib/python3.12/site-packages/airflow/example_dags/tutorial.py
[2024-07-11T18:03:54.103+0000] {processor.py:830} INFO - Processing file /home/airflow/.local/lib/python3.12/site-packages/airflow/example_dags/tutorial.py for tasks to queue
[2024-07-11T18:03:54.107+0000] {logging_mixin.py:188} INFO - [2024-07-11T18:03:54.105+0000] {dagbag.py:545} INFO - Filling up the DagBag from /home/airflow/.local/lib/python3.12/site-packages/airflow/example_dags/tutorial.py
[2024-07-11T18:03:54.119+0000] {processor.py:840} INFO - DAG(s) 'tutorial' retrieved from /home/airflow/.local/lib/python3.12/site-packages/airflow/example_dags/tutorial.py
[2024-07-11T18:03:54.147+0000] {logging_mixin.py:188} INFO - [2024-07-11T18:03:54.147+0000] {dag.py:3096} INFO - Sync 1 DAGs
[2024-07-11T18:03:54.180+0000] {logging_mixin.py:188} INFO - [2024-07-11T18:03:54.179+0000] {dag.py:3954} INFO - Setting next_dagrun for tutorial to 2024-07-10 00:00:00+00:00, run_after=2024-07-11 00:00:00+00:00
[2024-07-11T18:03:54.209+0000] {processor.py:183} INFO - Processing /home/airflow/.local/lib/python3.12/site-packages/airflow/example_dags/tutorial.py took 0.119 seconds
[2024-07-11T18:04:24.371+0000] {processor.py:161} INFO - Started process (PID=833) to work on /home/airflow/.local/lib/python3.12/site-packages/airflow/example_dags/tutorial.py
[2024-07-11T18:04:24.373+0000] {processor.py:830} INFO - Processing file /home/airflow/.local/lib/python3.12/site-packages/airflow/example_dags/tutorial.py for tasks to queue
[2024-07-11T18:04:24.375+0000] {logging_mixin.py:188} INFO - [2024-07-11T18:04:24.375+0000] {dagbag.py:545} INFO - Filling up the DagBag from /home/airflow/.local/lib/python3.12/site-packages/airflow/example_dags/tutorial.py
[2024-07-11T18:04:24.384+0000] {processor.py:840} INFO - DAG(s) 'tutorial' retrieved from /home/airflow/.local/lib/python3.12/site-packages/airflow/example_dags/tutorial.py
[2024-07-11T18:04:24.409+0000] {logging_mixin.py:188} INFO - [2024-07-11T18:04:24.409+0000] {dag.py:3096} INFO - Sync 1 DAGs
[2024-07-11T18:04:24.442+0000] {logging_mixin.py:188} INFO - [2024-07-11T18:04:24.442+0000] {dag.py:3954} INFO - Setting next_dagrun for tutorial to 2024-07-10 00:00:00+00:00, run_after=2024-07-11 00:00:00+00:00
[2024-07-11T18:04:24.473+0000] {processor.py:183} INFO - Processing /home/airflow/.local/lib/python3.12/site-packages/airflow/example_dags/tutorial.py took 0.111 seconds
[2024-07-11T18:04:54.645+0000] {processor.py:161} INFO - Started process (PID=891) to work on /home/airflow/.local/lib/python3.12/site-packages/airflow/example_dags/tutorial.py
[2024-07-11T18:04:54.646+0000] {processor.py:830} INFO - Processing file /home/airflow/.local/lib/python3.12/site-packages/airflow/example_dags/tutorial.py for tasks to queue
[2024-07-11T18:04:54.649+0000] {logging_mixin.py:188} INFO - [2024-07-11T18:04:54.648+0000] {dagbag.py:545} INFO - Filling up the DagBag from /home/airflow/.local/lib/python3.12/site-packages/airflow/example_dags/tutorial.py
[2024-07-11T18:04:54.659+0000] {processor.py:840} INFO - DAG(s) 'tutorial' retrieved from /home/airflow/.local/lib/python3.12/site-packages/airflow/example_dags/tutorial.py
[2024-07-11T18:04:54.689+0000] {logging_mixin.py:188} INFO - [2024-07-11T18:04:54.689+0000] {dag.py:3096} INFO - Sync 1 DAGs
[2024-07-11T18:04:54.723+0000] {logging_mixin.py:188} INFO - [2024-07-11T18:04:54.723+0000] {dag.py:3954} INFO - Setting next_dagrun for tutorial to 2024-07-10 00:00:00+00:00, run_after=2024-07-11 00:00:00+00:00
[2024-07-11T18:04:54.754+0000] {processor.py:183} INFO - Processing /home/airflow/.local/lib/python3.12/site-packages/airflow/example_dags/tutorial.py took 0.119 seconds
[2024-07-11T18:05:25.640+0000] {processor.py:161} INFO - Started process (PID=950) to work on /home/airflow/.local/lib/python3.12/site-packages/airflow/example_dags/tutorial.py
[2024-07-11T18:05:25.641+0000] {processor.py:830} INFO - Processing file /home/airflow/.local/lib/python3.12/site-packages/airflow/example_dags/tutorial.py for tasks to queue
[2024-07-11T18:05:25.644+0000] {logging_mixin.py:188} INFO - [2024-07-11T18:05:25.643+0000] {dagbag.py:545} INFO - Filling up the DagBag from /home/airflow/.local/lib/python3.12/site-packages/airflow/example_dags/tutorial.py
[2024-07-11T18:05:25.652+0000] {processor.py:840} INFO - DAG(s) 'tutorial' retrieved from /home/airflow/.local/lib/python3.12/site-packages/airflow/example_dags/tutorial.py
[2024-07-11T18:05:25.682+0000] {logging_mixin.py:188} INFO - [2024-07-11T18:05:25.682+0000] {dag.py:3096} INFO - Sync 1 DAGs
[2024-07-11T18:05:25.720+0000] {logging_mixin.py:188} INFO - [2024-07-11T18:05:25.719+0000] {dag.py:3954} INFO - Setting next_dagrun for tutorial to 2024-07-10 00:00:00+00:00, run_after=2024-07-11 00:00:00+00:00
[2024-07-11T18:05:25.749+0000] {processor.py:183} INFO - Processing /home/airflow/.local/lib/python3.12/site-packages/airflow/example_dags/tutorial.py took 0.117 seconds
[2024-07-11T18:05:56.217+0000] {processor.py:161} INFO - Started process (PID=1008) to work on /home/airflow/.local/lib/python3.12/site-packages/airflow/example_dags/tutorial.py
[2024-07-11T18:05:56.218+0000] {processor.py:830} INFO - Processing file /home/airflow/.local/lib/python3.12/site-packages/airflow/example_dags/tutorial.py for tasks to queue
[2024-07-11T18:05:56.222+0000] {logging_mixin.py:188} INFO - [2024-07-11T18:05:56.221+0000] {dagbag.py:545} INFO - Filling up the DagBag from /home/airflow/.local/lib/python3.12/site-packages/airflow/example_dags/tutorial.py
[2024-07-11T18:05:56.239+0000] {processor.py:840} INFO - DAG(s) 'tutorial' retrieved from /home/airflow/.local/lib/python3.12/site-packages/airflow/example_dags/tutorial.py
[2024-07-11T18:05:56.284+0000] {logging_mixin.py:188} INFO - [2024-07-11T18:05:56.283+0000] {dag.py:3096} INFO - Sync 1 DAGs
[2024-07-11T18:05:56.335+0000] {logging_mixin.py:188} INFO - [2024-07-11T18:05:56.334+0000] {dag.py:3954} INFO - Setting next_dagrun for tutorial to 2024-07-10 00:00:00+00:00, run_after=2024-07-11 00:00:00+00:00
[2024-07-11T18:05:56.368+0000] {processor.py:183} INFO - Processing /home/airflow/.local/lib/python3.12/site-packages/airflow/example_dags/tutorial.py took 0.166 seconds
[2024-07-11T18:06:27.177+0000] {processor.py:161} INFO - Started process (PID=1066) to work on /home/airflow/.local/lib/python3.12/site-packages/airflow/example_dags/tutorial.py
[2024-07-11T18:06:27.178+0000] {processor.py:830} INFO - Processing file /home/airflow/.local/lib/python3.12/site-packages/airflow/example_dags/tutorial.py for tasks to queue
[2024-07-11T18:06:27.181+0000] {logging_mixin.py:188} INFO - [2024-07-11T18:06:27.180+0000] {dagbag.py:545} INFO - Filling up the DagBag from /home/airflow/.local/lib/python3.12/site-packages/airflow/example_dags/tutorial.py
[2024-07-11T18:06:27.188+0000] {processor.py:840} INFO - DAG(s) 'tutorial' retrieved from /home/airflow/.local/lib/python3.12/site-packages/airflow/example_dags/tutorial.py
[2024-07-11T18:06:27.214+0000] {logging_mixin.py:188} INFO - [2024-07-11T18:06:27.213+0000] {dag.py:3096} INFO - Sync 1 DAGs
[2024-07-11T18:06:27.243+0000] {logging_mixin.py:188} INFO - [2024-07-11T18:06:27.243+0000] {dag.py:3954} INFO - Setting next_dagrun for tutorial to 2024-07-10 00:00:00+00:00, run_after=2024-07-11 00:00:00+00:00
[2024-07-11T18:06:27.269+0000] {processor.py:183} INFO - Processing /home/airflow/.local/lib/python3.12/site-packages/airflow/example_dags/tutorial.py took 0.098 seconds
[2024-07-11T18:06:57.357+0000] {processor.py:161} INFO - Started process (PID=1124) to work on /home/airflow/.local/lib/python3.12/site-packages/airflow/example_dags/tutorial.py
[2024-07-11T18:06:57.359+0000] {processor.py:830} INFO - Processing file /home/airflow/.local/lib/python3.12/site-packages/airflow/example_dags/tutorial.py for tasks to queue
[2024-07-11T18:06:57.361+0000] {logging_mixin.py:188} INFO - [2024-07-11T18:06:57.360+0000] {dagbag.py:545} INFO - Filling up the DagBag from /home/airflow/.local/lib/python3.12/site-packages/airflow/example_dags/tutorial.py
[2024-07-11T18:06:57.368+0000] {processor.py:840} INFO - DAG(s) 'tutorial' retrieved from /home/airflow/.local/lib/python3.12/site-packages/airflow/example_dags/tutorial.py
[2024-07-11T18:06:57.392+0000] {logging_mixin.py:188} INFO - [2024-07-11T18:06:57.392+0000] {dag.py:3096} INFO - Sync 1 DAGs
[2024-07-11T18:06:57.421+0000] {logging_mixin.py:188} INFO - [2024-07-11T18:06:57.421+0000] {dag.py:3954} INFO - Setting next_dagrun for tutorial to 2024-07-10 00:00:00+00:00, run_after=2024-07-11 00:00:00+00:00
[2024-07-11T18:06:57.449+0000] {processor.py:183} INFO - Processing /home/airflow/.local/lib/python3.12/site-packages/airflow/example_dags/tutorial.py took 0.098 seconds
[2024-07-11T18:07:27.607+0000] {processor.py:161} INFO - Started process (PID=1183) to work on /home/airflow/.local/lib/python3.12/site-packages/airflow/example_dags/tutorial.py
[2024-07-11T18:07:27.608+0000] {processor.py:830} INFO - Processing file /home/airflow/.local/lib/python3.12/site-packages/airflow/example_dags/tutorial.py for tasks to queue
[2024-07-11T18:07:27.610+0000] {logging_mixin.py:188} INFO - [2024-07-11T18:07:27.610+0000] {dagbag.py:545} INFO - Filling up the DagBag from /home/airflow/.local/lib/python3.12/site-packages/airflow/example_dags/tutorial.py
[2024-07-11T18:07:27.616+0000] {processor.py:840} INFO - DAG(s) 'tutorial' retrieved from /home/airflow/.local/lib/python3.12/site-packages/airflow/example_dags/tutorial.py
[2024-07-11T18:07:27.636+0000] {logging_mixin.py:188} INFO - [2024-07-11T18:07:27.636+0000] {dag.py:3096} INFO - Sync 1 DAGs
[2024-07-11T18:07:27.665+0000] {logging_mixin.py:188} INFO - [2024-07-11T18:07:27.664+0000] {dag.py:3954} INFO - Setting next_dagrun for tutorial to 2024-07-10 00:00:00+00:00, run_after=2024-07-11 00:00:00+00:00
[2024-07-11T18:07:27.690+0000] {processor.py:183} INFO - Processing /home/airflow/.local/lib/python3.12/site-packages/airflow/example_dags/tutorial.py took 0.088 seconds
[2024-07-11T18:07:58.055+0000] {processor.py:161} INFO - Started process (PID=1241) to work on /home/airflow/.local/lib/python3.12/site-packages/airflow/example_dags/tutorial.py
[2024-07-11T18:07:58.056+0000] {processor.py:830} INFO - Processing file /home/airflow/.local/lib/python3.12/site-packages/airflow/example_dags/tutorial.py for tasks to queue
[2024-07-11T18:07:58.058+0000] {logging_mixin.py:188} INFO - [2024-07-11T18:07:58.058+0000] {dagbag.py:545} INFO - Filling up the DagBag from /home/airflow/.local/lib/python3.12/site-packages/airflow/example_dags/tutorial.py
[2024-07-11T18:07:58.065+0000] {processor.py:840} INFO - DAG(s) 'tutorial' retrieved from /home/airflow/.local/lib/python3.12/site-packages/airflow/example_dags/tutorial.py
[2024-07-11T18:07:58.090+0000] {logging_mixin.py:188} INFO - [2024-07-11T18:07:58.090+0000] {dag.py:3096} INFO - Sync 1 DAGs
[2024-07-11T18:07:58.119+0000] {logging_mixin.py:188} INFO - [2024-07-11T18:07:58.118+0000] {dag.py:3954} INFO - Setting next_dagrun for tutorial to 2024-07-10 00:00:00+00:00, run_after=2024-07-11 00:00:00+00:00
[2024-07-11T18:07:58.148+0000] {processor.py:183} INFO - Processing /home/airflow/.local/lib/python3.12/site-packages/airflow/example_dags/tutorial.py took 0.100 seconds
[2024-07-11T18:08:28.512+0000] {processor.py:161} INFO - Started process (PID=1299) to work on /home/airflow/.local/lib/python3.12/site-packages/airflow/example_dags/tutorial.py
[2024-07-11T18:08:28.513+0000] {processor.py:830} INFO - Processing file /home/airflow/.local/lib/python3.12/site-packages/airflow/example_dags/tutorial.py for tasks to queue
[2024-07-11T18:08:28.516+0000] {logging_mixin.py:188} INFO - [2024-07-11T18:08:28.516+0000] {dagbag.py:545} INFO - Filling up the DagBag from /home/airflow/.local/lib/python3.12/site-packages/airflow/example_dags/tutorial.py
[2024-07-11T18:08:28.524+0000] {processor.py:840} INFO - DAG(s) 'tutorial' retrieved from /home/airflow/.local/lib/python3.12/site-packages/airflow/example_dags/tutorial.py
[2024-07-11T18:08:28.549+0000] {logging_mixin.py:188} INFO - [2024-07-11T18:08:28.548+0000] {dag.py:3096} INFO - Sync 1 DAGs
[2024-07-11T18:08:28.576+0000] {logging_mixin.py:188} INFO - [2024-07-11T18:08:28.575+0000] {dag.py:3954} INFO - Setting next_dagrun for tutorial to 2024-07-10 00:00:00+00:00, run_after=2024-07-11 00:00:00+00:00
[2024-07-11T18:08:28.603+0000] {processor.py:183} INFO - Processing /home/airflow/.local/lib/python3.12/site-packages/airflow/example_dags/tutorial.py took 0.098 seconds
[2024-07-11T18:08:58.970+0000] {processor.py:161} INFO - Started process (PID=1357) to work on /home/airflow/.local/lib/python3.12/site-packages/airflow/example_dags/tutorial.py
[2024-07-11T18:08:58.971+0000] {processor.py:830} INFO - Processing file /home/airflow/.local/lib/python3.12/site-packages/airflow/example_dags/tutorial.py for tasks to queue
[2024-07-11T18:08:58.974+0000] {logging_mixin.py:188} INFO - [2024-07-11T18:08:58.974+0000] {dagbag.py:545} INFO - Filling up the DagBag from /home/airflow/.local/lib/python3.12/site-packages/airflow/example_dags/tutorial.py
[2024-07-11T18:08:58.982+0000] {processor.py:840} INFO - DAG(s) 'tutorial' retrieved from /home/airflow/.local/lib/python3.12/site-packages/airflow/example_dags/tutorial.py
[2024-07-11T18:08:59.018+0000] {logging_mixin.py:188} INFO - [2024-07-11T18:08:59.017+0000] {dag.py:3096} INFO - Sync 1 DAGs
[2024-07-11T18:08:59.065+0000] {logging_mixin.py:188} INFO - [2024-07-11T18:08:59.064+0000] {dag.py:3954} INFO - Setting next_dagrun for tutorial to 2024-07-10 00:00:00+00:00, run_after=2024-07-11 00:00:00+00:00
[2024-07-11T18:08:59.108+0000] {processor.py:183} INFO - Processing /home/airflow/.local/lib/python3.12/site-packages/airflow/example_dags/tutorial.py took 0.146 seconds
